Scanning dependencies of target truck
[ 16%] Building CXX object CMakeFiles/truck.dir/src/src/Leader.cpp.o
[ 50%] Building CXX object CMakeFiles/truck.dir/src/truck.cpp.o
[ 50%] Building CXX object CMakeFiles/truck.dir/src/src/Communication.cpp.o
[ 66%] Building CXX object CMakeFiles/truck.dir/src/src/Truck.cpp.o
In file included from /Users/brodie/ros2_truckplatoon/src/truck/src/truck.cpp:2:
In file included from /Users/brodie/ros2_truckplatoon/src/truck/src/Platoon.hpp:4:
In file included from /Users/brodie/ros2_truckplatoon/src/truck/src/src/Leader.hpp:4:
/Users/brodie/ros2_truckplatoon/src/truck/src/src/Truck.hpp:4:10: warning: non-portable path to file '"utils/include.hpp"'; specified path differs in case from file name on disk [-Wnonportable-include-path]
#include "utils/Include.hpp"
         ^~~~~~~~~~~~~~~~~~~
         "utils/include.hpp"
In file included from /Users/brodie/ros2_truckplatoon/src/truck/src/src/Communication.cpp:1:
In file included from /Users/brodie/ros2_truckplatoon/src/truck/src/src/Communication.hpp:3:
/Users/brodie/ros2_truckplatoon/src/truck/src/src/Truck.hpp:4:10: warning: non-portable path to file '"utils/include.hpp"'; specified path differs in case from file name on disk [-Wnonportable-include-path]
#include "utils/Include.hpp"
         ^~~~~~~~~~~~~~~~~~~
         "utils/include.hpp"
In file included from /Users/brodie/ros2_truckplatoon/src/truck/src/src/Truck.cpp:1:
/Users/brodie/ros2_truckplatoon/src/truck/src/src/Truck.hpp:4:10: warning: non-portable path to file '"utils/include.hpp"'; specified path differs in case from file name on disk [-Wnonportable-include-path]
#include "utils/Include.hpp"
         ^~~~~~~~~~~~~~~~~~~
         "utils/include.hpp"
In file included from /Users/brodie/ros2_truckplatoon/src/truck/src/src/Leader.cpp:1:
In file included from /Users/brodie/ros2_truckplatoon/src/truck/src/src/Leader.hpp:4:
/Users/brodie/ros2_truckplatoon/src/truck/src/src/Truck.hpp:4:10: warning: non-portable path to file '"utils/include.hpp"'; specified path differs in case from file name on disk [-Wnonportable-include-path]
#include "utils/Include.hpp"
         ^~~~~~~~~~~~~~~~~~~
         "utils/include.hpp"
In file included from /Users/brodie/ros2_truckplatoon/src/truck/src/src/Truck.cpp:1:
In file included from /Users/brodie/ros2_truckplatoon/src/truck/src/src/Truck.hpp:7:
In file included from /Users/brodie/ros2_truckplatoon/src/truck/src/src/Subscriber.hpp:5:
In file included from /Applications/Xcode.app/Contents/Developer/Platforms/MacOSX.platform/Developer/SDKs/MacOSX12.3.sdk/usr/include/c++/v1/memory:974:
In file included from /Applications/Xcode.app/Contents/Developer/Platforms/MacOSX.platform/Developer/SDKs/MacOSX12.3.sdk/usr/include/c++/v1/cassert:20:
/Applications/Xcode.app/Contents/Developer/Platforms/MacOSX.platform/Developer/SDKs/MacOSX12.3.sdk/usr/include/assert.h:81:1: error: expected member name or ';' after declaration specifiers
__BEGIN_DECLS
^~~~~~~~~~~~~
/Applications/Xcode.app/Contents/Developer/Platforms/MacOSX.platform/Developer/SDKs/MacOSX12.3.sdk/usr/include/sys/cdefs.h:71:32: note: expanded from macro '__BEGIN_DECLS'
#define __BEGIN_DECLS   extern "C" {
                        ~~~~~~ ^
In file included from /Users/brodie/ros2_truckplatoon/src/truck/src/src/Truck.cpp:1:
In file included from /Users/brodie/ros2_truckplatoon/src/truck/src/src/Truck.hpp:7:
/Users/brodie/ros2_truckplatoon/src/truck/src/src/Subscriber.hpp:15:7: error: using declaration in class refers into 'std::placeholders::', which is not a class
using std::placeholders::_1;
      ^~~~~~~~~~~~~~~~~~~
In file included from /Users/brodie/ros2_truckplatoon/src/truck/src/src/Communication.cpp:1:
In file included from /Users/brodie/ros2_truckplatoon/src/truck/src/src/Communication.hpp:3:
In file included from /Users/brodie/ros2_truckplatoon/src/truck/src/src/Truck.hpp:7:
In file included from /Users/brodie/ros2_truckplatoon/src/truck/src/src/Subscriber.hpp:5:
In file included from /Applications/Xcode.app/Contents/Developer/Platforms/MacOSX.platform/Developer/SDKs/MacOSX12.3.sdk/usr/include/c++/v1/memory:974:
In file included from /Applications/Xcode.app/Contents/Developer/Platforms/MacOSX.platform/Developer/SDKs/MacOSX12.3.sdk/usr/include/c++/v1/cassert:20:
/Applications/Xcode.app/Contents/Developer/Platforms/MacOSX.platform/Developer/SDKs/MacOSX12.3.sdk/usr/include/assert.h:81:1: error: expected member name or ';' after declaration specifiers
__BEGIN_DECLS
^~~~~~~~~~~~~
/Applications/Xcode.app/Contents/Developer/Platforms/MacOSX.platform/Developer/SDKs/MacOSX12.3.sdk/usr/include/sys/cdefs.h:71:32: note: expanded from macro '__BEGIN_DECLS'
#define __BEGIN_DECLS   extern "C" {
                        ~~~~~~ ^
In file included from /Users/brodie/ros2_truckplatoon/src/truck/src/src/Communication.cpp:1:
In file included from /Users/brodie/ros2_truckplatoon/src/truck/src/src/Communication.hpp:3:
In file included from /Users/brodie/ros2_truckplatoon/src/truck/src/src/Truck.hpp:7:
/Users/brodie/ros2_truckplatoon/src/truck/src/src/Subscriber.hpp:15:7: error: using declaration in class refers into 'std::placeholders::', which is not a class
using std::placeholders::_1;
      ^~~~~~~~~~~~~~~~~~~
In file included from /Users/brodie/ros2_truckplatoon/src/truck/src/truck.cpp:2:
In file included from /Users/brodie/ros2_truckplatoon/src/truck/src/Platoon.hpp:4:
In file included from /Users/brodie/ros2_truckplatoon/src/truck/src/src/Leader.hpp:4:
In file included from /Users/brodie/ros2_truckplatoon/src/truck/src/src/Truck.hpp:7:
In file included from /Users/brodie/ros2_truckplatoon/src/truck/src/src/Subscriber.hpp:5:
In file included from /Applications/Xcode.app/Contents/Developer/Platforms/MacOSX.platform/Developer/SDKs/MacOSX12.3.sdk/usr/include/c++/v1/memory:974:
In file included from /Applications/Xcode.app/Contents/Developer/Platforms/MacOSX.platform/Developer/SDKs/MacOSX12.3.sdk/usr/include/c++/v1/cassert:20:
/Applications/Xcode.app/Contents/Developer/Platforms/MacOSX.platform/Developer/SDKs/MacOSX12.3.sdk/usr/include/assert.h:81:1: error: expected member name or ';' after declaration specifiers
__BEGIN_DECLS
^~~~~~~~~~~~~
/Applications/Xcode.app/Contents/Developer/Platforms/MacOSX.platform/Developer/SDKs/MacOSX12.3.sdk/usr/include/sys/cdefs.h:71:32: note: expanded from macro '__BEGIN_DECLS'
#define __BEGIN_DECLS   extern "C" {
                        ~~~~~~ ^
In file included from /Users/brodie/ros2_truckplatoon/src/truck/src/truck.cpp:2:
In file included from /Users/brodie/ros2_truckplatoon/src/truck/src/Platoon.hpp:4:
In file included from /Users/brodie/ros2_truckplatoon/src/truck/src/src/Leader.hpp:4:
In file included from /Users/brodie/ros2_truckplatoon/src/truck/src/src/Truck.hpp:7:
/Users/brodie/ros2_truckplatoon/src/truck/src/src/Subscriber.hpp:15:7: error: using declaration in class refers into 'std::placeholders::', which is not a class
using std::placeholders::_1;
      ^~~~~~~~~~~~~~~~~~~
In file included from /Users/brodie/ros2_truckplatoon/src/truck/src/src/Truck.cpp:1:
In file included from /Users/brodie/ros2_truckplatoon/src/truck/src/src/Truck.hpp:6:
/Users/brodie/ros2_truckplatoon/src/truck/src/src/Publisher.hpp:16:7: error: missing '}' at end of definition of 'Publisher'
class Publisher : public rclcpp::Node
      ^
/Users/brodie/ros2_truckplatoon/src/truck/src/src/utils/JsonHandler.hpp:7:1: note: still within definition of 'Publisher' here
namespace StupidJSON
^
In file included from /Users/brodie/ros2_truckplatoon/src/truck/src/src/Communication.cpp:1:
In file included from /Users/brodie/ros2_truckplatoon/src/truck/src/src/Communication.hpp:3:
In file included from /Users/brodie/ros2_truckplatoon/src/truck/src/src/Truck.hpp:6:
/Users/brodie/ros2_truckplatoon/src/truck/src/src/Publisher.hpp:16:7: error: missing '}' at end of definition of 'Publisher'
class Publisher : public rclcpp::Node
      ^
/Users/brodie/ros2_truckplatoon/src/truck/src/src/utils/JsonHandler.hpp:7:1: note: still within definition of 'Publisher' here
namespace StupidJSON
^
In file included from /Users/brodie/ros2_truckplatoon/src/truck/src/truck.cpp:2:
In file included from /Users/brodie/ros2_truckplatoon/src/truck/src/Platoon.hpp:4:
In file included from /Users/brodie/ros2_truckplatoon/src/truck/src/src/Leader.hpp:4:
In file included from /Users/brodie/ros2_truckplatoon/src/truck/src/src/Truck.hpp:6:
/Users/brodie/ros2_truckplatoon/src/truck/src/src/Publisher.hpp:16:7: error: missing '}' at end of definition of 'Publisher'
class Publisher : public rclcpp::Node
      ^
/Users/brodie/ros2_truckplatoon/src/truck/src/src/utils/JsonHandler.hpp:7:1: note: still within definition of 'Publisher' here
namespace StupidJSON
^
In file included from /Users/brodie/ros2_truckplatoon/src/truck/src/src/Truck.cpp:1:
In file included from /Users/brodie/ros2_truckplatoon/src/truck/src/src/Truck.hpp:6:
/Users/brodie/ros2_truckplatoon/src/truck/src/src/Publisher.hpp:24:3: error: unknown type name 'publishers_'; did you mean 'Publisher'?
  publishers_[TopicName] = this->create_publisher<message::msg::Message>(TopicName, 10);
  ^~~~~~~~~~~
  Publisher
/Users/brodie/ros2_truckplatoon/src/truck/src/src/Publisher.hpp:16:7: note: 'Publisher' declared here
class Publisher : public rclcpp::Node
      ^
/Users/brodie/ros2_truckplatoon/src/truck/src/src/Publisher.hpp:24:14: warning: decomposition declarations are a C++17 extension [-Wc++17-extensions]
  publishers_[TopicName] = this->create_publisher<message::msg::Message>(TopicName, 10);
             ^~~~~~~~~~~
/Users/brodie/ros2_truckplatoon/src/truck/src/src/Publisher.hpp:24:14: error: decomposition declaration cannot be declared with type 'Publisher'; declared type must be 'auto' or reference to 'auto'
/Users/brodie/ros2_truckplatoon/src/truck/src/src/Publisher.hpp:24:15: error: redefinition of 'TopicName'
  publishers_[TopicName] = this->create_publisher<message::msg::Message>(TopicName, 10);
              ^
/Users/brodie/ros2_truckplatoon/src/truck/src/src/Publisher.hpp:23:15: note: previous definition is here
  std::string TopicName = "Platoon";
              ^
/Users/brodie/ros2_truckplatoon/src/truck/src/src/Publisher.hpp:24:74: error: reference to 'TopicName' is ambiguous
  publishers_[TopicName] = this->create_publisher<message::msg::Message>(TopicName, 10);
                                                                         ^
/Users/brodie/ros2_truckplatoon/src/truck/src/src/Publisher.hpp:24:15: note: candidate found by name lookup is 'TopicName'
  publishers_[TopicName] = this->create_publisher<message::msg::Message>(TopicName, 10);
              ^
/Users/brodie/ros2_truckplatoon/src/truck/src/src/Publisher.hpp:23:15: note: candidate found by name lookup is 'TopicName'
  std::string TopicName = "Platoon";
              ^
/Users/brodie/ros2_truckplatoon/src/truck/src/src/Publisher.hpp:27:1: error: function definition is not allowed here
{
^
/Users/brodie/ros2_truckplatoon/src/truck/src/src/Publisher.hpp:37:1: error: function definition is not allowed here
{
^
/Users/brodie/ros2_truckplatoon/src/truck/src/src/Publisher.hpp:49:1: error: expected expression
private:
^
In file included from /Users/brodie/ros2_truckplatoon/src/truck/src/src/Leader.cpp:1:
In file included from /Users/brodie/ros2_truckplatoon/src/truck/src/src/Leader.hpp:4:
In file included from /Users/brodie/ros2_truckplatoon/src/truck/src/src/Truck.hpp:7:
In file included from /Users/brodie/ros2_truckplatoon/src/truck/src/src/Subscriber.hpp:5:
In file included from /Applications/Xcode.app/Contents/Developer/Platforms/MacOSX.platform/Developer/SDKs/MacOSX12.3.sdk/usr/include/c++/v1/memory:974:
In file included from /Applications/Xcode.app/Contents/Developer/Platforms/MacOSX.platform/Developer/SDKs/MacOSX12.3.sdk/usr/include/c++/v1/cassert:20:
/Applications/Xcode.app/Contents/Developer/Platforms/MacOSX.platform/Developer/SDKs/MacOSX12.3.sdk/usr/include/assert.h:81:1: error: expected member name or ';' after declaration specifiers
__BEGIN_DECLS
^~~~~~~~~~~~~
/Applications/Xcode.app/Contents/Developer/Platforms/MacOSX.platform/Developer/SDKs/MacOSX12.3.sdk/usr/include/sys/cdefs.h:71:32: note: expanded from macro '__BEGIN_DECLS'
#define __BEGIN_DECLS   extern "C" {
                        ~~~~~~ ^
In file included from /Users/brodie/ros2_truckplatoon/src/truck/src/src/Leader.cpp:1:
In file included from /Users/brodie/ros2_truckplatoon/src/truck/src/src/Leader.hpp:4:
In file included from /Users/brodie/ros2_truckplatoon/src/truck/src/src/Truck.hpp:7:
/Users/brodie/ros2_truckplatoon/src/truck/src/src/Subscriber.hpp:15:7: error: using declaration in class refers into 'std::placeholders::', which is not a class
using std::placeholders::_1;
      ^~~~~~~~~~~~~~~~~~~
In file included from /Users/brodie/ros2_truckplatoon/src/truck/src/src/Communication.cpp:1:
In file included from /Users/brodie/ros2_truckplatoon/src/truck/src/src/Communication.hpp:3:
In file included from /Users/brodie/ros2_truckplatoon/src/truck/src/src/Truck.hpp:6:
/Users/brodie/ros2_truckplatoon/src/truck/src/src/Publisher.hpp:24:3: error: unknown type name 'publishers_'; did you mean 'Publisher'?
  publishers_[TopicName] = this->create_publisher<message::msg::Message>(TopicName, 10);
  ^~~~~~~~~~~
  Publisher
/Users/brodie/ros2_truckplatoon/src/truck/src/src/Publisher.hpp:16:7: note: 'Publisher' declared here
class Publisher : public rclcpp::Node
      ^
/Users/brodie/ros2_truckplatoon/src/truck/src/src/Publisher.hpp:24:14: warning: decomposition declarations are a C++17 extension [-Wc++17-extensions]
  publishers_[TopicName] = this->create_publisher<message::msg::Message>(TopicName, 10);
             ^~~~~~~~~~~
/Users/brodie/ros2_truckplatoon/src/truck/src/src/Publisher.hpp:24:14: error: decomposition declaration cannot be declared with type 'Publisher'; declared type must be 'auto' or reference to 'auto'
/Users/brodie/ros2_truckplatoon/src/truck/src/src/Publisher.hpp:24:15: error: redefinition of 'TopicName'
  publishers_[TopicName] = this->create_publisher<message::msg::Message>(TopicName, 10);
              ^
/Users/brodie/ros2_truckplatoon/src/truck/src/src/Publisher.hpp:23:15: note: previous definition is here
  std::string TopicName = "Platoon";
              ^
/Users/brodie/ros2_truckplatoon/src/truck/src/src/Publisher.hpp:24:74: error: reference to 'TopicName' is ambiguous
  publishers_[TopicName] = this->create_publisher<message::msg::Message>(TopicName, 10);
                                                                         ^
/Users/brodie/ros2_truckplatoon/src/truck/src/src/Publisher.hpp:24:15: note: candidate found by name lookup is 'TopicName'
  publishers_[TopicName] = this->create_publisher<message::msg::Message>(TopicName, 10);
              ^
/Users/brodie/ros2_truckplatoon/src/truck/src/src/Publisher.hpp:23:15: note: candidate found by name lookup is 'TopicName'
  std::string TopicName = "Platoon";
              ^
/Users/brodie/ros2_truckplatoon/src/truck/src/src/Publisher.hpp:27:1: error: function definition is not allowed here
{
^
/Users/brodie/ros2_truckplatoon/src/truck/src/src/Publisher.hpp:37:1: error: function definition is not allowed here
{
^
/Users/brodie/ros2_truckplatoon/src/truck/src/src/Publisher.hpp:49:1: error: expected expression
private:
^
In file included from /Users/brodie/ros2_truckplatoon/src/truck/src/truck.cpp:2:
In file included from /Users/brodie/ros2_truckplatoon/src/truck/src/Platoon.hpp:4:
In file included from /Users/brodie/ros2_truckplatoon/src/truck/src/src/Leader.hpp:4:
In file included from /Users/brodie/ros2_truckplatoon/src/truck/src/src/Truck.hpp:6:
/Users/brodie/ros2_truckplatoon/src/truck/src/src/Publisher.hpp:24:3: error: unknown type name 'publishers_'; did you mean 'Publisher'?
  publishers_[TopicName] = this->create_publisher<message::msg::Message>(TopicName, 10);
  ^~~~~~~~~~~
  Publisher
/Users/brodie/ros2_truckplatoon/src/truck/src/src/Publisher.hpp:16:7: note: 'Publisher' declared here
class Publisher : public rclcpp::Node
      ^
/Users/brodie/ros2_truckplatoon/src/truck/src/src/Publisher.hpp:24:14: warning: decomposition declarations are a C++17 extension [-Wc++17-extensions]
  publishers_[TopicName] = this->create_publisher<message::msg::Message>(TopicName, 10);
             ^~~~~~~~~~~
/Users/brodie/ros2_truckplatoon/src/truck/src/src/Publisher.hpp:24:14: error: decomposition declaration cannot be declared with type 'Publisher'; declared type must be 'auto' or reference to 'auto'
/Users/brodie/ros2_truckplatoon/src/truck/src/src/Publisher.hpp:24:15: error: redefinition of 'TopicName'
  publishers_[TopicName] = this->create_publisher<message::msg::Message>(TopicName, 10);
              ^
/Users/brodie/ros2_truckplatoon/src/truck/src/src/Publisher.hpp:23:15: note: previous definition is here
  std::string TopicName = "Platoon";
              ^
/Users/brodie/ros2_truckplatoon/src/truck/src/src/Publisher.hpp:24:74: error: reference to 'TopicName' is ambiguous
  publishers_[TopicName] = this->create_publisher<message::msg::Message>(TopicName, 10);
                                                                         ^
/Users/brodie/ros2_truckplatoon/src/truck/src/src/Publisher.hpp:24:15: note: candidate found by name lookup is 'TopicName'
  publishers_[TopicName] = this->create_publisher<message::msg::Message>(TopicName, 10);
              ^
/Users/brodie/ros2_truckplatoon/src/truck/src/src/Publisher.hpp:23:15: note: candidate found by name lookup is 'TopicName'
  std::string TopicName = "Platoon";
              ^
/Users/brodie/ros2_truckplatoon/src/truck/src/src/Publisher.hpp:27:1: error: function definition is not allowed here
{
^
/Users/brodie/ros2_truckplatoon/src/truck/src/src/Publisher.hpp:37:1: error: function definition is not allowed here
{
^
/Users/brodie/ros2_truckplatoon/src/truck/src/src/Publisher.hpp:49:1: error: expected expression
private:
^
In file included from /Users/brodie/ros2_truckplatoon/src/truck/src/src/Leader.cpp:1:
In file included from /Users/brodie/ros2_truckplatoon/src/truck/src/src/Leader.hpp:4:
In file included from /Users/brodie/ros2_truckplatoon/src/truck/src/src/Truck.hpp:6:
/Users/brodie/ros2_truckplatoon/src/truck/src/src/Publisher.hpp:16:7: error: missing '}' at end of definition of 'Publisher'
class Publisher : public rclcpp::Node
      ^
/Users/brodie/ros2_truckplatoon/src/truck/src/src/utils/JsonHandler.hpp:7:1: note: still within definition of 'Publisher' here
namespace StupidJSON
^
In file included from /Users/brodie/ros2_truckplatoon/src/truck/src/src/Truck.cpp:1:
In file included from /Users/brodie/ros2_truckplatoon/src/truck/src/src/Truck.hpp:7:
/Users/brodie/ros2_truckplatoon/src/truck/src/src/Subscriber.hpp:27:69: error: use of undeclared identifier '_1'; did you mean 'std::placeholders::_1'?
        "Platoon", 10, std::bind(&Subscriber::topic_callback, this, _1));
                                                                    ^~
                                                                    std::placeholders::_1
/Applications/Xcode.app/Contents/Developer/Platforms/MacOSX.platform/Developer/SDKs/MacOSX12.3.sdk/usr/include/c++/v1/__functional/bind.h:61:46: note: 'std::placeholders::_1' declared here
/* _LIBCPP_INLINE_VAR */ constexpr __ph<1>   _1{};
                                             ^
In file included from /Users/brodie/ros2_truckplatoon/src/truck/src/src/Leader.cpp:1:
In file included from /Users/brodie/ros2_truckplatoon/src/truck/src/src/Leader.hpp:4:
In file included from /Users/brodie/ros2_truckplatoon/src/truck/src/src/Truck.hpp:6:
/Users/brodie/ros2_truckplatoon/src/truck/src/src/Publisher.hpp:24:3: error: unknown type name 'publishers_'; did you mean 'Publisher'?
  publishers_[TopicName] = this->create_publisher<message::msg::Message>(TopicName, 10);
  ^~~~~~~~~~~
  Publisher
/Users/brodie/ros2_truckplatoon/src/truck/src/src/Publisher.hpp:16:7: note: 'Publisher' declared here
class Publisher : public rclcpp::Node
      ^
/Users/brodie/ros2_truckplatoon/src/truck/src/src/Publisher.hpp:24:14: warning: decomposition declarations are a C++17 extension [-Wc++17-extensions]
  publishers_[TopicName] = this->create_publisher<message::msg::Message>(TopicName, 10);
             ^~~~~~~~~~~
/Users/brodie/ros2_truckplatoon/src/truck/src/src/Publisher.hpp:24:14: error: decomposition declaration cannot be declared with type 'Publisher'; declared type must be 'auto' or reference to 'auto'
/Users/brodie/ros2_truckplatoon/src/truck/src/src/Publisher.hpp:24:15: error: redefinition of 'TopicName'
  publishers_[TopicName] = this->create_publisher<message::msg::Message>(TopicName, 10);
              ^
/Users/brodie/ros2_truckplatoon/src/truck/src/src/Publisher.hpp:23:15: note: previous definition is here
  std::string TopicName = "Platoon";
              ^
/Users/brodie/ros2_truckplatoon/src/truck/src/src/Publisher.hpp:24:74: error: reference to 'TopicName' is ambiguous
  publishers_[TopicName] = this->create_publisher<message::msg::Message>(TopicName, 10);
                                                                         ^
/Users/brodie/ros2_truckplatoon/src/truck/src/src/Publisher.hpp:24:15: note: candidate found by name lookup is 'TopicName'
  publishers_[TopicName] = this->create_publisher<message::msg::Message>(TopicName, 10);
              ^
/Users/brodie/ros2_truckplatoon/src/truck/src/src/Publisher.hpp:23:15: note: candidate found by name lookup is 'TopicName'
  std::string TopicName = "Platoon";
              ^
/Users/brodie/ros2_truckplatoon/src/truck/src/src/Publisher.hpp:27:1: error: function definition is not allowed here
{
^
/Users/brodie/ros2_truckplatoon/src/truck/src/src/Publisher.hpp:37:1: error: function definition is not allowed here
{
^
/Users/brodie/ros2_truckplatoon/src/truck/src/src/Publisher.hpp:49:1: error: expected expression
private:
^
In file included from /Users/brodie/ros2_truckplatoon/src/truck/src/src/Communication.cpp:1:
In file included from /Users/brodie/ros2_truckplatoon/src/truck/src/src/Communication.hpp:3:
In file included from /Users/brodie/ros2_truckplatoon/src/truck/src/src/Truck.hpp:7:
/Users/brodie/ros2_truckplatoon/src/truck/src/src/Subscriber.hpp:27:69: error: use of undeclared identifier '_1'; did you mean 'std::placeholders::_1'?
        "Platoon", 10, std::bind(&Subscriber::topic_callback, this, _1));
                                                                    ^~
                                                                    std::placeholders::_1
/Applications/Xcode.app/Contents/Developer/Platforms/MacOSX.platform/Developer/SDKs/MacOSX12.3.sdk/usr/include/c++/v1/__functional/bind.h:61:46: note: 'std::placeholders::_1' declared here
/* _LIBCPP_INLINE_VAR */ constexpr __ph<1>   _1{};
                                             ^
In file included from /Users/brodie/ros2_truckplatoon/src/truck/src/truck.cpp:2:
In file included from /Users/brodie/ros2_truckplatoon/src/truck/src/Platoon.hpp:4:
In file included from /Users/brodie/ros2_truckplatoon/src/truck/src/src/Leader.hpp:4:
In file included from /Users/brodie/ros2_truckplatoon/src/truck/src/src/Truck.hpp:7:
/Users/brodie/ros2_truckplatoon/src/truck/src/src/Subscriber.hpp:27:69: error: use of undeclared identifier '_1'; did you mean 'std::placeholders::_1'?
        "Platoon", 10, std::bind(&Subscriber::topic_callback, this, _1));
                                                                    ^~
                                                                    std::placeholders::_1
/Applications/Xcode.app/Contents/Developer/Platforms/MacOSX.platform/Developer/SDKs/MacOSX12.3.sdk/usr/include/c++/v1/__functional/bind.h:61:46: note: 'std::placeholders::_1' declared here
/* _LIBCPP_INLINE_VAR */ constexpr __ph<1>   _1{};
                                             ^
In file included from /Users/brodie/ros2_truckplatoon/src/truck/src/src/Truck.cpp:1:
In file included from /Users/brodie/ros2_truckplatoon/src/truck/src/src/Truck.hpp:7:
/Users/brodie/ros2_truckplatoon/src/truck/src/src/Subscriber.hpp:34:69: error: use of undeclared identifier '_1'; did you mean 'std::placeholders::_1'?
        TopicName, 10, std::bind(&Subscriber::topic_callback, this, _1));
                                                                    ^~
                                                                    std::placeholders::_1
/Applications/Xcode.app/Contents/Developer/Platforms/MacOSX.platform/Developer/SDKs/MacOSX12.3.sdk/usr/include/c++/v1/__functional/bind.h:61:46: note: 'std::placeholders::_1' declared here
/* _LIBCPP_INLINE_VAR */ constexpr __ph<1>   _1{};
                                             ^
In file included from /Users/brodie/ros2_truckplatoon/src/truck/src/src/Truck.cpp:1:
In file included from /Users/brodie/ros2_truckplatoon/src/truck/src/src/Truck.hpp:7:
/Users/brodie/ros2_truckplatoon/src/truck/src/src/Subscriber.hpp:37:64: warning: unused parameter 'msg' [-Wunused-parameter]
    void topic_callback(const message::msg::Message::SharedPtr msg) const
                                                               ^
In file included from /Users/brodie/ros2_truckplatoon/src/truck/src/src/Communication.cpp:1:
In file included from /Users/brodie/ros2_truckplatoon/src/truck/src/src/Communication.hpp:3:
In file included from /Users/brodie/ros2_truckplatoon/src/truck/src/src/Truck.hpp:7:
/Users/brodie/ros2_truckplatoon/src/truck/src/src/Subscriber.hpp:34:69: error: use of undeclared identifier '_1'; did you mean 'std::placeholders::_1'?
        TopicName, 10, std::bind(&Subscriber::topic_callback, this, _1));
                                                                    ^~
                                                                    std::placeholders::_1
/Applications/Xcode.app/Contents/Developer/Platforms/MacOSX.platform/Developer/SDKs/MacOSX12.3.sdk/usr/include/c++/v1/__functional/bind.h:61:46: note: 'std::placeholders::_1' declared here
/* _LIBCPP_INLINE_VAR */ constexpr __ph<1>   _1{};
                                             ^
In file included from /Users/brodie/ros2_truckplatoon/src/truck/src/src/Communication.cpp:1:
In file included from /Users/brodie/ros2_truckplatoon/src/truck/src/src/Communication.hpp:3:
In file included from /Users/brodie/ros2_truckplatoon/src/truck/src/src/Truck.hpp:7:
/Users/brodie/ros2_truckplatoon/src/truck/src/src/Subscriber.hpp:37:64: warning: unused parameter 'msg' [-Wunused-parameter]
    void topic_callback(const message::msg::Message::SharedPtr msg) const
                                                               ^
In file included from /Users/brodie/ros2_truckplatoon/src/truck/src/truck.cpp:2:
In file included from /Users/brodie/ros2_truckplatoon/src/truck/src/Platoon.hpp:4:
In file included from /Users/brodie/ros2_truckplatoon/src/truck/src/src/Leader.hpp:4:
In file included from /Users/brodie/ros2_truckplatoon/src/truck/src/src/Truck.hpp:7:
/Users/brodie/ros2_truckplatoon/src/truck/src/src/Subscriber.hpp:34:69: error: use of undeclared identifier '_1'; did you mean 'std::placeholders::_1'?
        TopicName, 10, std::bind(&Subscriber::topic_callback, this, _1));
                                                                    ^~
                                                                    std::placeholders::_1
/Applications/Xcode.app/Contents/Developer/Platforms/MacOSX.platform/Developer/SDKs/MacOSX12.3.sdk/usr/include/c++/v1/__functional/bind.h:61:46: note: 'std::placeholders::_1' declared here
/* _LIBCPP_INLINE_VAR */ constexpr __ph<1>   _1{};
                                             ^
In file included from /Users/brodie/ros2_truckplatoon/src/truck/src/truck.cpp:2:
In file included from /Users/brodie/ros2_truckplatoon/src/truck/src/Platoon.hpp:4:
In file included from /Users/brodie/ros2_truckplatoon/src/truck/src/src/Leader.hpp:4:
In file included from /Users/brodie/ros2_truckplatoon/src/truck/src/src/Truck.hpp:7:
/Users/brodie/ros2_truckplatoon/src/truck/src/src/Subscriber.hpp:37:64: warning: unused parameter 'msg' [-Wunused-parameter]
    void topic_callback(const message::msg::Message::SharedPtr msg) const
                                                               ^
In file included from /Users/brodie/ros2_truckplatoon/src/truck/src/src/Truck.cpp:1:
/Users/brodie/ros2_truckplatoon/src/truck/src/src/Truck.hpp:78:21: error: unknown type name 'Subscriber'; did you mean 'Publisher::Subscriber'?
    std::shared_ptr<Subscriber> _subscriber;
                    ^~~~~~~~~~
                    Publisher::Subscriber
/Users/brodie/ros2_truckplatoon/src/truck/src/src/Subscriber.hpp:19:7: note: 'Publisher::Subscriber' declared here
class Subscriber : public rclcpp::Node
      ^
In file included from /Users/brodie/ros2_truckplatoon/src/truck/src/src/Leader.cpp:1:
In file included from /Users/brodie/ros2_truckplatoon/src/truck/src/src/Leader.hpp:4:
In file included from /Users/brodie/ros2_truckplatoon/src/truck/src/src/Truck.hpp:7:
/Users/brodie/ros2_truckplatoon/src/truck/src/src/Subscriber.hpp:27:69: error: use of undeclared identifier '_1'; did you mean 'std::placeholders::_1'?
        "Platoon", 10, std::bind(&Subscriber::topic_callback, this, _1));
                                                                    ^~
                                                                    std::placeholders::_1
/Applications/Xcode.app/Contents/Developer/Platforms/MacOSX.platform/Developer/SDKs/MacOSX12.3.sdk/usr/include/c++/v1/__functional/bind.h:61:46: note: 'std::placeholders::_1' declared here
/* _LIBCPP_INLINE_VAR */ constexpr __ph<1>   _1{};
                                             ^
In file included from /Users/brodie/ros2_truckplatoon/src/truck/src/truck.cpp:2:
In file included from /Users/brodie/ros2_truckplatoon/src/truck/src/Platoon.hpp:4:
In file included from /Users/brodie/ros2_truckplatoon/src/truck/src/src/Leader.hpp:4:
/Users/brodie/ros2_truckplatoon/src/truck/src/src/Truck.hpp:78:21: error: unknown type name 'Subscriber'; did you mean 'Publisher::Subscriber'?
    std::shared_ptr<Subscriber> _subscriber;
                    ^~~~~~~~~~
                    Publisher::Subscriber
/Users/brodie/ros2_truckplatoon/src/truck/src/src/Subscriber.hpp:19:7: note: 'Publisher::Subscriber' declared here
class Subscriber : public rclcpp::Node
      ^
In file included from /Users/brodie/ros2_truckplatoon/src/truck/src/src/Communication.cpp:1:
In file included from /Users/brodie/ros2_truckplatoon/src/truck/src/src/Communication.hpp:3:
/Users/brodie/ros2_truckplatoon/src/truck/src/src/Truck.hpp:78:21: error: unknown type name 'Subscriber'; did you mean 'Publisher::Subscriber'?
    std::shared_ptr<Subscriber> _subscriber;
                    ^~~~~~~~~~
                    Publisher::Subscriber
/Users/brodie/ros2_truckplatoon/src/truck/src/src/Subscriber.hpp:19:7: note: 'Publisher::Subscriber' declared here
class Subscriber : public rclcpp::Node
      ^
In file included from /Users/brodie/ros2_truckplatoon/src/truck/src/truck.cpp:2:
/Users/brodie/ros2_truckplatoon/src/truck/src/Platoon.hpp:8:10: warning: non-portable path to file '"src/utils/include.hpp"'; specified path differs in case from file name on disk [-Wnonportable-include-path]
#include "src/utils/Include.hpp"
         ^~~~~~~~~~~~~~~~~~~~~~~
         "src/utils/include.hpp"
In file included from /Users/brodie/ros2_truckplatoon/src/truck/src/src/Leader.cpp:1:
In file included from /Users/brodie/ros2_truckplatoon/src/truck/src/src/Leader.hpp:4:
In file included from /Users/brodie/ros2_truckplatoon/src/truck/src/src/Truck.hpp:7:
/Users/brodie/ros2_truckplatoon/src/truck/src/src/Subscriber.hpp:34:69: error: use of undeclared identifier '_1'; did you mean 'std::placeholders::_1'?
        TopicName, 10, std::bind(&Subscriber::topic_callback, this, _1));
                                                                    ^~
                                                                    std::placeholders::_1
/Applications/Xcode.app/Contents/Developer/Platforms/MacOSX.platform/Developer/SDKs/MacOSX12.3.sdk/usr/include/c++/v1/__functional/bind.h:61:46: note: 'std::placeholders::_1' declared here
/* _LIBCPP_INLINE_VAR */ constexpr __ph<1>   _1{};
                                             ^
In file included from /Users/brodie/ros2_truckplatoon/src/truck/src/src/Leader.cpp:1:
In file included from /Users/brodie/ros2_truckplatoon/src/truck/src/src/Leader.hpp:4:
In file included from /Users/brodie/ros2_truckplatoon/src/truck/src/src/Truck.hpp:7:
/Users/brodie/ros2_truckplatoon/src/truck/src/src/Subscriber.hpp:37:64: warning: unused parameter 'msg' [-Wunused-parameter]
    void topic_callback(const message::msg::Message::SharedPtr msg) const
                                                               ^
In file included from /Users/brodie/ros2_truckplatoon/src/truck/src/src/Leader.cpp:1:
In file included from /Users/brodie/ros2_truckplatoon/src/truck/src/src/Leader.hpp:4:
/Users/brodie/ros2_truckplatoon/src/truck/src/src/Truck.hpp:78:21: error: unknown type name 'Subscriber'; did you mean 'Publisher::Subscriber'?
    std::shared_ptr<Subscriber> _subscriber;
                    ^~~~~~~~~~
                    Publisher::Subscriber
/Users/brodie/ros2_truckplatoon/src/truck/src/src/Subscriber.hpp:19:7: note: 'Publisher::Subscriber' declared here
class Subscriber : public rclcpp::Node
      ^
In file included from /Users/brodie/ros2_truckplatoon/src/truck/src/truck.cpp:2:
In file included from /Users/brodie/ros2_truckplatoon/src/truck/src/Platoon.hpp:11:
/Users/brodie/ros2_truckplatoon/src/truck/src/src/DrivingEvent.hpp:9:15: warning: private field '_speed' is not used [-Wunused-private-field]
    speedType _speed;
              ^
/Users/brodie/ros2_truckplatoon/src/truck/src/src/DrivingEvent.hpp:10:23: warning: private field '_stearingAngle' is not used [-Wunused-private-field]
    stearingAngleType _stearingAngle;
                      ^
/Users/brodie/ros2_truckplatoon/src/truck/src/src/DrivingEvent.hpp:11:18: warning: private field '_distance' is not used [-Wunused-private-field]
    distanceType _distance;
                 ^
7 warnings and 13 errors generated.
3 warnings and 13 errors generated.
gmake[2]: *** [CMakeFiles/truck.dir/build.make:82: CMakeFiles/truck.dir/src/truck.cpp.o] Error 1
gmake[2]: *** Waiting for unfinished jobs....
gmake[2]: *** [CMakeFiles/truck.dir/build.make:121: CMakeFiles/truck.dir/src/src/Communication.cpp.o] Error 1
3 warnings and 13 errors generated.
3 warnings and 13 errors generated.
gmake[2]: *** [CMakeFiles/truck.dir/build.make:108: CMakeFiles/truck.dir/src/src/Leader.cpp.o] Error 1
gmake[2]: *** [CMakeFiles/truck.dir/build.make:95: CMakeFiles/truck.dir/src/src/Truck.cpp.o] Error 1
gmake[1]: *** [CMakeFiles/Makefile2:97: CMakeFiles/truck.dir/all] Error 2
gmake: *** [Makefile:160: all] Error 2
