[0.082s] Invoking command in '/Users/brodie/ros2_truckplatoon/build/truck': CMAKE_PREFIX_PATH=${CMAKE_PREFIX_PATH}:/Users/brodie/my_workspace/install/my_package SHLVL=2 _=/usr/bin/env /usr/local/bin/cmake --build /Users/brodie/ros2_truckplatoon/build/truck -- -j8 -l8
[0.199s] Scanning dependencies of target truck
[0.237s] [ 16%] Building CXX object CMakeFiles/truck.dir/src/truck.cpp.o
[0.238s] [ 33%] Building CXX object CMakeFiles/truck.dir/src/src/Truck.cpp.o
[0.243s] [ 50%] Building CXX object CMakeFiles/truck.dir/src/src/Leader.cpp.o
[0.244s] [ 66%] Building CXX object CMakeFiles/truck.dir/src/src/Communication.cpp.o
[0.836s] In file included from /Users/brodie/ros2_truckplatoon/src/truck/src/src/Leader.cpp:1:
[0.836s] In file included from /Users/brodie/ros2_truckplatoon/src/truck/src/src/Leader.hpp:4:
[0.836s] /Users/brodie/ros2_truckplatoon/src/truck/src/src/Truck.hpp:4:10: warning: non-portable path to file '"utils/include.hpp"'; specified path differs in case from file name on disk [-Wnonportable-include-path]
[0.836s] #include "utils/Include.hpp"
[0.836s]          ^~~~~~~~~~~~~~~~~~~
[0.836s]          "utils/include.hpp"
[0.848s] In file included from /Users/brodie/ros2_truckplatoon/src/truck/src/truck.cpp:2:
[0.848s] In file included from /Users/brodie/ros2_truckplatoon/src/truck/src/Platoon.hpp:4:
[0.848s] In file included from /Users/brodie/ros2_truckplatoon/src/truck/src/src/Leader.hpp:4:
[0.848s] /Users/brodie/ros2_truckplatoon/src/truck/src/src/Truck.hpp:4:10: warning: non-portable path to file '"utils/include.hpp"'; specified path differs in case from file name on disk [-Wnonportable-include-path]
[0.848s] #include "utils/Include.hpp"
[0.849s]          ^~~~~~~~~~~~~~~~~~~
[0.849s]          "utils/include.hpp"
[0.849s] In file included from /Users/brodie/ros2_truckplatoon/src/truck/src/src/Communication.cpp:1:
[0.849s] In file included from /Users/brodie/ros2_truckplatoon/src/truck/src/src/Communication.hpp:3:
[0.849s] /Users/brodie/ros2_truckplatoon/src/truck/src/src/Truck.hpp:4:10: warning: non-portable path to file '"utils/include.hpp"'; specified path differs in case from file name on disk [-Wnonportable-include-path]
[0.849s] #include "utils/Include.hpp"
[0.850s]          ^~~~~~~~~~~~~~~~~~~
[0.850s]          "utils/include.hpp"
[0.862s] In file included from /Users/brodie/ros2_truckplatoon/src/truck/src/src/Truck.cpp:1:
[0.862s] /Users/brodie/ros2_truckplatoon/src/truck/src/src/Truck.hpp:4:10: warning: non-portable path to file '"utils/include.hpp"'; specified path differs in case from file name on disk [-Wnonportable-include-path]
[0.862s] #include "utils/Include.hpp"
[0.863s]          ^~~~~~~~~~~~~~~~~~~
[0.863s]          "utils/include.hpp"
[1.673s] In file included from /Users/brodie/ros2_truckplatoon/src/truck/src/truck.cpp:2:
[1.674s] In file included from /Users/brodie/ros2_truckplatoon/src/truck/src/Platoon.hpp:4:
[1.674s] In file included from /Users/brodie/ros2_truckplatoon/src/truck/src/src/Leader.hpp:4:
[1.674s] In file included from /Users/brodie/ros2_truckplatoon/src/truck/src/src/Truck.hpp:6:
[1.674s] /Users/brodie/ros2_truckplatoon/src/truck/src/src/NodePublisher.hpp:26:18: error: no matching member function for call to 'create_wall_timer'
[1.674s]   timer_ = this->create_wall_timer(
[1.674s]            ~~~~~~^~~~~~~~~~~~~~~~~
[1.675s] /Users/brodie/ros2_foxy/ros2-osx/include/rclcpp/node_impl.hpp:109:7: note: candidate template ignored: requirement 'rclcpp::function_traits::same_arguments<std::__bind<void (Publisher::*)(const std::string &), Publisher *, const std::string &>, std::function<void ()>>::value || rclcpp::function_traits::same_arguments<std::__bind<void (Publisher::*)(const std::string &), Publisher *, const std::string &>, std::function<void (rclcpp::TimerBase &)>>::value' was not satisfied [with DurationRepT = long long, DurationT = std::ratio<1, 1000>, CallbackT = std::__bind<void (Publisher::*)(const std::string &), Publisher *, const std::string &>]
[1.675s] Node::create_wall_timer(
[1.675s]       ^
[1.675s] In file included from /Users/brodie/ros2_truckplatoon/src/truck/src/src/Leader.cpp:1:
[1.675s] In file included from /Users/brodie/ros2_truckplatoon/src/truck/src/src/Leader.hpp:4:
[1.676s] In file included from /Users/brodie/ros2_truckplatoon/src/truck/src/src/Truck.hpp:6:
[1.676s] /Users/brodie/ros2_truckplatoon/src/truck/src/src/NodePublisher.hpp:26:18: error: no matching member function for call to 'create_wall_timer'
[1.676s]   timer_ = this->create_wall_timer(
[1.676s]            ~~~~~~^~~~~~~~~~~~~~~~~
[1.677s] /Users/brodie/ros2_foxy/ros2-osx/include/rclcpp/node_impl.hpp:109:7: note: candidate template ignored: requirement 'rclcpp::function_traits::same_arguments<std::__bind<void (Publisher::*)(const std::string &), Publisher *, const std::string &>, std::function<void ()>>::value || rclcpp::function_traits::same_arguments<std::__bind<void (Publisher::*)(const std::string &), Publisher *, const std::string &>, std::function<void (rclcpp::TimerBase &)>>::value' was not satisfied [with DurationRepT = long long, DurationT = std::ratio<1, 1000>, CallbackT = std::__bind<void (Publisher::*)(const std::string &), Publisher *, const std::string &>]
[1.677s] Node::create_wall_timer(
[1.677s]       ^
[1.677s] In file included from /Users/brodie/ros2_truckplatoon/src/truck/src/truck.cpp:2:
[1.677s] /Users/brodie/ros2_truckplatoon/src/truck/src/Platoon.hpp:8:10: warning: non-portable path to file '"src/utils/include.hpp"'; specified path differs in case from file name on disk [-Wnonportable-include-path]
[1.677s] #include "src/utils/Include.hpp"
[1.677s]          ^~~~~~~~~~~~~~~~~~~~~~~
[1.678s]          "src/utils/include.hpp"
[1.678s] In file included from /Users/brodie/ros2_truckplatoon/src/truck/src/src/Communication.cpp:1:
[1.678s] In file included from /Users/brodie/ros2_truckplatoon/src/truck/src/src/Communication.hpp:3:
[1.678s] In file included from /Users/brodie/ros2_truckplatoon/src/truck/src/src/Truck.hpp:6:
[1.678s] /Users/brodie/ros2_truckplatoon/src/truck/src/src/NodePublisher.hpp:26:18: error: no matching member function for call to 'create_wall_timer'
[1.678s]   timer_ = this->create_wall_timer(
[1.678s]            ~~~~~~^~~~~~~~~~~~~~~~~
[1.678s] /Users/brodie/ros2_foxy/ros2-osx/include/rclcpp/node_impl.hpp:109:7: note: candidate template ignored: requirement 'rclcpp::function_traits::same_arguments<std::__bind<void (Publisher::*)(const std::string &), Publisher *, const std::string &>, std::function<void ()>>::value || rclcpp::function_traits::same_arguments<std::__bind<void (Publisher::*)(const std::string &), Publisher *, const std::string &>, std::function<void (rclcpp::TimerBase &)>>::value' was not satisfied [with DurationRepT = long long, DurationT = std::ratio<1, 1000>, CallbackT = std::__bind<void (Publisher::*)(const std::string &), Publisher *, const std::string &>]
[1.679s] Node::create_wall_timer(
[1.679s]       ^
[1.679s] In file included from /Users/brodie/ros2_truckplatoon/src/truck/src/src/Truck.cpp:1:
[1.679s] In file included from /Users/brodie/ros2_truckplatoon/src/truck/src/src/Truck.hpp:6:
[1.679s] /Users/brodie/ros2_truckplatoon/src/truck/src/src/NodePublisher.hpp:26:18: error: no matching member function for call to 'create_wall_timer'
[1.679s]   timer_ = this->create_wall_timer(
[1.679s]            ~~~~~~^~~~~~~~~~~~~~~~~
[1.680s] /Users/brodie/ros2_foxy/ros2-osx/include/rclcpp/node_impl.hpp:109:7: note: candidate template ignored: requirement 'rclcpp::function_traits::same_arguments<std::__bind<void (Publisher::*)(const std::string &), Publisher *, const std::string &>, std::function<void ()>>::value || rclcpp::function_traits::same_arguments<std::__bind<void (Publisher::*)(const std::string &), Publisher *, const std::string &>, std::function<void (rclcpp::TimerBase &)>>::value' was not satisfied [with DurationRepT = long long, DurationT = std::ratio<1, 1000>, CallbackT = std::__bind<void (Publisher::*)(const std::string &), Publisher *, const std::string &>]
[1.680s] Node::create_wall_timer(
[1.680s]       ^
[2.099s] 1 warning and 1 error generated.
[2.105s] In file included from /Users/brodie/ros2_truckplatoon/src/truck/src/truck.cpp:2:
[2.105s] In file included from /Users/brodie/ros2_truckplatoon/src/truck/src/Platoon.hpp:11:
[2.106s] /Users/brodie/ros2_truckplatoon/src/truck/src/src/DrivingEvent.hpp:9:15: warning: private field '_speed' is not used [-Wunused-private-field]
[2.106s]     speedType _speed;
[2.106s]               ^
[2.106s] /Users/brodie/ros2_truckplatoon/src/truck/src/src/DrivingEvent.hpp:10:23: warning: private field '_stearingAngle' is not used [-Wunused-private-field]
[2.106s]     stearingAngleType _stearingAngle;
[2.106s]                       ^
[2.106s] /Users/brodie/ros2_truckplatoon/src/truck/src/src/DrivingEvent.hpp:11:18: warning: private field '_distance' is not used [-Wunused-private-field]
[2.106s]     distanceType _distance;
[2.107s]                  ^
[2.107s] 5 warnings and 1 error generated.
[2.114s] gmake[2]: *** [CMakeFiles/truck.dir/build.make:108: CMakeFiles/truck.dir/src/src/Leader.cpp.o] Error 1
[2.114s] gmake[2]: *** Waiting for unfinished jobs....
[2.117s] 1 warning and 1 error generated.
[2.121s] gmake[2]: *** [CMakeFiles/truck.dir/build.make:82: CMakeFiles/truck.dir/src/truck.cpp.o] Error 1
[2.130s] gmake[2]: *** [CMakeFiles/truck.dir/build.make:121: CMakeFiles/truck.dir/src/src/Communication.cpp.o] Error 1
[2.174s] 1 warning and 1 error generated.
[2.185s] gmake[2]: *** [CMakeFiles/truck.dir/build.make:95: CMakeFiles/truck.dir/src/src/Truck.cpp.o] Error 1
[2.185s] gmake[1]: *** [CMakeFiles/Makefile2:97: CMakeFiles/truck.dir/all] Error 2
[2.186s] gmake: *** [Makefile:160: all] Error 2
[2.187s] Invoked command in '/Users/brodie/ros2_truckplatoon/build/truck' returned '2': CMAKE_PREFIX_PATH=${CMAKE_PREFIX_PATH}:/Users/brodie/my_workspace/install/my_package SHLVL=2 _=/usr/bin/env /usr/local/bin/cmake --build /Users/brodie/ros2_truckplatoon/build/truck -- -j8 -l8
