[0.151s] Invoking command in '/Users/brodie/ros2_truckplatoon/build/truck': CMAKE_PREFIX_PATH=${CMAKE_PREFIX_PATH}:/Users/brodie/my_workspace/install/my_package SHLVL=2 _=/usr/bin/env /usr/local/bin/cmake --build /Users/brodie/ros2_truckplatoon/build/truck -- -j8 -l8
[0.390s] Scanning dependencies of target truck
[0.460s] [ 33%] Building CXX object CMakeFiles/truck.dir/src/truck.cpp.o
[0.461s] [ 33%] Building CXX object CMakeFiles/truck.dir/src/src/Truck.cpp.o
[0.463s] [ 50%] Building CXX object CMakeFiles/truck.dir/src/src/Leader.cpp.o
[0.468s] [ 66%] Building CXX object CMakeFiles/truck.dir/src/src/Communication.cpp.o
[2.000s] In file included from /Users/brodie/ros2_truckplatoon/src/truck/src/src/Leader.cpp:1:
[2.000s] In file included from /Users/brodie/ros2_truckplatoon/src/truck/src/src/Leader.hpp:4:
[2.001s] /Users/brodie/ros2_truckplatoon/src/truck/src/src/Truck.hpp:4:10: warning: non-portable path to file '"utils/include.hpp"'; specified path differs in case from file name on disk [-Wnonportable-include-path]
[2.001s] #include "utils/Include.hpp"
[2.001s]          ^~~~~~~~~~~~~~~~~~~
[2.002s]          "utils/include.hpp"
[2.002s] In file included from /Users/brodie/ros2_truckplatoon/src/truck/src/truck.cpp:2:
[2.003s] In file included from /Users/brodie/ros2_truckplatoon/src/truck/src/Platoon.hpp:4:
[2.003s] In file included from /Users/brodie/ros2_truckplatoon/src/truck/src/src/Leader.hpp:4:
[2.003s] /Users/brodie/ros2_truckplatoon/src/truck/src/src/Truck.hpp:4:10: warning: non-portable path to file '"utils/include.hpp"'; specified path differs in case from file name on disk [-Wnonportable-include-path]
[2.004s] #include "utils/Include.hpp"
[2.004s]          ^~~~~~~~~~~~~~~~~~~
[2.005s]          "utils/include.hpp"
[2.008s] In file included from /Users/brodie/ros2_truckplatoon/src/truck/src/src/Communication.cpp:1:
[2.009s] In file included from /Users/brodie/ros2_truckplatoon/src/truck/src/src/Communication.hpp:3:
[2.009s] /Users/brodie/ros2_truckplatoon/src/truck/src/src/Truck.hpp:4:10: warning: non-portable path to file '"utils/include.hpp"'; specified path differs in case from file name on disk [-Wnonportable-include-path]
[2.009s] #include "utils/Include.hpp"
[2.010s]          ^~~~~~~~~~~~~~~~~~~
[2.010s]          "utils/include.hpp"
[2.010s] In file included from /Users/brodie/ros2_truckplatoon/src/truck/src/src/Truck.cpp:1:
[2.011s] /Users/brodie/ros2_truckplatoon/src/truck/src/src/Truck.hpp:4:10: warning: non-portable path to file '"utils/include.hpp"'; specified path differs in case from file name on disk [-Wnonportable-include-path]
[2.011s] #include "utils/Include.hpp"
[2.011s]          ^~~~~~~~~~~~~~~~~~~
[2.012s]          "utils/include.hpp"
[3.806s] In file included from /Users/brodie/ros2_truckplatoon/src/truck/src/src/Truck.cpp:1:
[3.807s] In file included from /Users/brodie/ros2_truckplatoon/src/truck/src/src/Truck.hpp:6:
[3.807s] /Users/brodie/ros2_truckplatoon/src/truck/src/src/NodePublisher.hpp:17:3: error: C++ requires a type specifier for all declarations
[3.808s]   MinimalPublisher()
[3.808s]   ^
[3.809s] In file included from /Users/brodie/ros2_truckplatoon/src/truck/src/src/Leader.cpp:1:
[3.809s] In file included from /Users/brodie/ros2_truckplatoon/src/truck/src/src/Leader.hpp:4:
[3.809s] In file included from /Users/brodie/ros2_truckplatoon/src/truck/src/src/Truck.hpp:6:
[3.810s] /Users/brodie/ros2_truckplatoon/src/truck/src/src/NodePublisher.hpp:17:3: error: C++ requires a type specifier for all declarations
[3.810s]   MinimalPublisher()
[3.811s]   ^
[3.811s] In file included from /Users/brodie/ros2_truckplatoon/src/truck/src/truck.cpp:2:
[3.811s] In file included from /Users/brodie/ros2_truckplatoon/src/truck/src/Platoon.hpp:4:
[3.812s] In file included from /Users/brodie/ros2_truckplatoon/src/truck/src/src/Leader.hpp:4:
[3.812s] In file included from /Users/brodie/ros2_truckplatoon/src/truck/src/src/Truck.hpp:6:
[3.812s] /Users/brodie/ros2_truckplatoon/src/truck/src/src/NodePublisher.hpp:17:3: error: C++ requires a type specifier for all declarations
[3.813s]   MinimalPublisher()
[3.813s]   ^
[3.839s] /Users/brodie/ros2_truckplatoon/src/truck/src/src/NodePublisher.hpp:32:58: error: use of undeclared identifier 'tutorial_interfaces'
[3.840s] void PublishMessage (const std::string& TopicName, const tutorial_interfaces::msg::Message& message)
[3.840s]                                                          ^
[3.841s] /Users/brodie/ros2_truckplatoon/src/truck/src/src/NodePublisher.hpp:32:58: error: use of undeclared identifier 'tutorial_interfaces'
[3.841s] void PublishMessage (const std::string& TopicName, const tutorial_interfaces::msg::Message& message)
[3.841s]                                                          ^
[3.843s] /Users/brodie/ros2_truckplatoon/src/truck/src/src/NodePublisher.hpp:32:58: error: use of undeclared identifier 'tutorial_interfaces'
[3.843s] void PublishMessage (const std::string& TopicName, const tutorial_interfaces::msg::Message& message)
[3.843s]                                                          ^
[3.854s] In file included from /Users/brodie/ros2_truckplatoon/src/truck/src/src/Communication.cpp:1:
[3.854s] In file included from /Users/brodie/ros2_truckplatoon/src/truck/src/src/Communication.hpp:3:
[3.854s] In file included from /Users/brodie/ros2_truckplatoon/src/truck/src/src/Truck.hpp:6:
[3.855s] /Users/brodie/ros2_truckplatoon/src/truck/src/src/NodePublisher.hpp:17:3: error: C++ requires a type specifier for all declarations
[3.855s]   MinimalPublisher()
[3.855s]   ^
[3.867s] /Users/brodie/ros2_truckplatoon/src/truck/src/src/NodePublisher.hpp:46:43: error: use of undeclared identifier 'tutorial_interfaces'
[3.868s]   std::map<std::string, rclcpp::Publisher<tutorial_interfaces::msg::Num>::SharedPtr> publishers_;
[3.868s]                                           ^
[3.868s] /Users/brodie/ros2_truckplatoon/src/truck/src/src/NodePublisher.hpp:18:3: error: only constructors take base initializers
[3.868s]   : Node("minimal_publisher"), count_(0)
[3.869s]   ^
[3.870s] /Users/brodie/ros2_truckplatoon/src/truck/src/src/NodePublisher.hpp:46:43: error: use of undeclared identifier 'tutorial_interfaces'
[3.871s]   std::map<std::string, rclcpp::Publisher<tutorial_interfaces::msg::Num>::SharedPtr> publishers_;
[3.871s]                                           ^
[3.871s] /Users/brodie/ros2_truckplatoon/src/truck/src/src/NodePublisher.hpp:18:3: error: only constructors take base initializers
[3.871s]   : Node("minimal_publisher"), count_(0)
[3.872s]   ^
[3.872s] /Users/brodie/ros2_truckplatoon/src/truck/src/src/NodePublisher.hpp:46:43: error: use of undeclared identifier 'tutorial_interfaces'
[3.872s]   std::map<std::string, rclcpp::Publisher<tutorial_interfaces::msg::Num>::SharedPtr> publishers_;
[3.873s]                                           ^
[3.873s] /Users/brodie/ros2_truckplatoon/src/truck/src/src/NodePublisher.hpp:18:3: error: only constructors take base initializers
[3.873s]   : Node("minimal_publisher"), count_(0)
[3.873s]   ^
[3.879s] /Users/brodie/ros2_truckplatoon/src/truck/src/src/NodePublisher.hpp:32:58: error: use of undeclared identifier 'tutorial_interfaces'
[3.880s] void PublishMessage (const std::string& TopicName, const tutorial_interfaces::msg::Message& message)
[3.880s]                                                          ^
[3.894s] /Users/brodie/ros2_truckplatoon/src/truck/src/src/NodePublisher.hpp:28:51: error: use of undeclared identifier 'tutorial_interfaces'
[3.895s]   publishers_[TopicName] = this->create_publisher<tutorial_interfaces::msg::Message>(TopicName, 10);
[3.895s]                                                   ^
[3.896s] /Users/brodie/ros2_truckplatoon/src/truck/src/src/NodePublisher.hpp:28:51: error: use of undeclared identifier 'tutorial_interfaces'
[3.896s]   publishers_[TopicName] = this->create_publisher<tutorial_interfaces::msg::Message>(TopicName, 10);
[3.896s]                                                   ^
[3.897s] /Users/brodie/ros2_truckplatoon/src/truck/src/src/NodePublisher.hpp:28:51: error: use of undeclared identifier 'tutorial_interfaces'
[3.898s]   publishers_[TopicName] = this->create_publisher<tutorial_interfaces::msg::Message>(TopicName, 10);
[3.898s]                                                   ^
[3.904s] /Users/brodie/ros2_truckplatoon/src/truck/src/src/NodePublisher.hpp:46:43: error: use of undeclared identifier 'tutorial_interfaces'
[3.904s]   std::map<std::string, rclcpp::Publisher<tutorial_interfaces::msg::Num>::SharedPtr> publishers_;
[3.905s]                                           ^
[3.905s] /Users/brodie/ros2_truckplatoon/src/truck/src/src/NodePublisher.hpp:18:3: error: only constructors take base initializers
[3.905s]   : Node("minimal_publisher"), count_(0)
[3.905s]   ^
[3.915s] In file included from /Users/brodie/ros2_truckplatoon/src/truck/src/truck.cpp:2:
[3.916s] In file included from /Users/brodie/ros2_truckplatoon/src/truck/src/Platoon.hpp:4:
[3.916s] In file included from /Users/brodie/ros2_truckplatoon/src/truck/src/src/Leader.hpp:4:
[3.917s] /Users/brodie/ros2_truckplatoon/src/truck/src/src/Truck.hpp:76:21: error: unknown type name 'NodePublisher'; did you mean 'Publisher'?
[3.918s]     std::shared_ptr<NodePublisher> _publisher;
[3.918s]                     ^~~~~~~~~~~~~
[3.919s]                     Publisher
[3.919s] /Users/brodie/ros2_truckplatoon/src/truck/src/src/NodePublisher.hpp:14:7: note: 'Publisher' declared here
[3.919s] class Publisher : public rclcpp::Node
[3.919s]       ^
[3.919s] In file included from /Users/brodie/ros2_truckplatoon/src/truck/src/src/Truck.cpp:1:
[3.920s] /Users/brodie/ros2_truckplatoon/src/truck/src/src/Truck.hpp:76:21: error: unknown type name 'NodePublisher'; did you mean 'Publisher'?
[3.920s]     std::shared_ptr<NodePublisher> _publisher;
[3.920s]                     ^~~~~~~~~~~~~
[3.920s]                     Publisher
[3.920s] /Users/brodie/ros2_truckplatoon/src/truck/src/src/NodePublisher.hpp:14:7: note: 'Publisher' declared here
[3.921s] class Publisher : public rclcpp::Node
[3.921s]       ^
[3.921s] In file included from /Users/brodie/ros2_truckplatoon/src/truck/src/truck.cpp:2:
[3.921s] /Users/brodie/ros2_truckplatoon/src/truck/src/Platoon.hpp:8:10: warning: non-portable path to file '"src/utils/include.hpp"'; specified path differs in case from file name on disk [-Wnonportable-include-path]
[3.921s] #include "src/utils/Include.hpp"
[3.921s]          ^~~~~~~~~~~~~~~~~~~~~~~
[3.922s]          "src/utils/include.hpp"
[3.922s] In file included from /Users/brodie/ros2_truckplatoon/src/truck/src/src/Leader.cpp:1:
[3.922s] In file included from /Users/brodie/ros2_truckplatoon/src/truck/src/src/Leader.hpp:4:
[3.922s] /Users/brodie/ros2_truckplatoon/src/truck/src/src/Truck.hpp:76:21: error: unknown type name 'NodePublisher'; did you mean 'Publisher'?
[3.922s]     std::shared_ptr<NodePublisher> _publisher;
[3.922s]                     ^~~~~~~~~~~~~
[3.923s]                     Publisher
[3.923s] /Users/brodie/ros2_truckplatoon/src/truck/src/src/NodePublisher.hpp:14:7: note: 'Publisher' declared here
[3.923s] class Publisher : public rclcpp::Node
[3.923s]       ^
[3.930s] /Users/brodie/ros2_truckplatoon/src/truck/src/src/NodePublisher.hpp:28:51: error: use of undeclared identifier 'tutorial_interfaces'
[3.930s]   publishers_[TopicName] = this->create_publisher<tutorial_interfaces::msg::Message>(TopicName, 10);
[3.931s]                                                   ^
[3.945s] /Users/brodie/ros2_truckplatoon/src/truck/src/src/Truck.cpp:13:42: error: unknown type name 'NodePublisher'; did you mean 'Publisher'?
[3.946s]     this ->_publisher = std::make_shared<NodePublisher>()
[3.946s]                                          ^~~~~~~~~~~~~
[3.946s]                                          Publisher
[3.947s] /Users/brodie/ros2_truckplatoon/src/truck/src/src/NodePublisher.hpp:14:7: note: 'Publisher' declared here
[3.947s] class Publisher : public rclcpp::Node
[3.947s]       ^
[3.948s] /Users/brodie/ros2_truckplatoon/src/truck/src/src/Truck.cpp:13:58: error: expected ';' after expression
[3.948s]     this ->_publisher = std::make_shared<NodePublisher>()
[3.948s]                                                          ^
[3.949s]                                                          ;
[3.949s] /Users/brodie/ros2_truckplatoon/src/truck/src/src/Truck.cpp:14:5: error: no matching function for call to 'spin'
[3.949s]     rclcpp::spin(_publisher)
[3.950s]     ^~~~~~~~~~~~
[3.950s] /Users/brodie/ros2_foxy/ros2-osx/include/rclcpp/executors.hpp:45:1: note: candidate function not viable: no known conversion from 'shared_ptr<Publisher>' to 'shared_ptr<rclcpp::node_interfaces::NodeBaseInterface>' for 1st argument
[3.950s] spin(rclcpp::node_interfaces::NodeBaseInterface::SharedPtr node_ptr);
[3.951s] ^
[3.951s] /Users/brodie/ros2_foxy/ros2-osx/include/rclcpp/executors.hpp:49:1: note: candidate function not viable: no known conversion from 'shared_ptr<Publisher>' to 'shared_ptr<rclcpp::Node>' for 1st argument
[3.952s] spin(rclcpp::Node::SharedPtr node_ptr);
[3.952s] ^
[3.952s] /Users/brodie/ros2_truckplatoon/src/truck/src/src/Truck.cpp:14:29: error: expected ';' after expression
[3.953s]     rclcpp::spin(_publisher)
[3.953s]                             ^
[3.953s]                             ;
[3.955s] In file included from /Users/brodie/ros2_truckplatoon/src/truck/src/src/Communication.cpp:1:
[3.955s] In file included from /Users/brodie/ros2_truckplatoon/src/truck/src/src/Communication.hpp:3:
[3.956s] /Users/brodie/ros2_truckplatoon/src/truck/src/src/Truck.hpp:76:21: error: unknown type name 'NodePublisher'; did you mean 'Publisher'?
[3.956s]     std::shared_ptr<NodePublisher> _publisher;
[3.956s]                     ^~~~~~~~~~~~~
[3.957s]                     Publisher
[3.957s] /Users/brodie/ros2_truckplatoon/src/truck/src/src/NodePublisher.hpp:14:7: note: 'Publisher' declared here
[3.957s] class Publisher : public rclcpp::Node
[3.958s]       ^
[4.559s] In file included from /Users/brodie/ros2_truckplatoon/src/truck/src/truck.cpp:2:
[4.559s] In file included from /Users/brodie/ros2_truckplatoon/src/truck/src/Platoon.hpp:4:
[4.560s] In file included from /Users/brodie/ros2_truckplatoon/src/truck/src/src/Leader.hpp:4:
[4.560s] In file included from /Users/brodie/ros2_truckplatoon/src/truck/src/src/Truck.hpp:6:
[4.560s] /Users/brodie/ros2_truckplatoon/src/truck/src/src/NodePublisher.hpp:46:86: warning: private field 'publishers_' is not used [-Wunused-private-field]
[4.561s]   std::map<std::string, rclcpp::Publisher<tutorial_interfaces::msg::Num>::SharedPtr> publishers_;
[4.561s]                                                                                      ^
[4.561s] In file included from /Users/brodie/ros2_truckplatoon/src/truck/src/truck.cpp:2:
[4.562s] In file included from /Users/brodie/ros2_truckplatoon/src/truck/src/Platoon.hpp:11:
[4.562s] /Users/brodie/ros2_truckplatoon/src/truck/src/src/DrivingEvent.hpp:9:15: warning: private field '_speed' is not used [-Wunused-private-field]
[4.562s]     speedType _speed;
[4.563s]               ^
[4.563s] /Users/brodie/ros2_truckplatoon/src/truck/src/src/DrivingEvent.hpp:10:23: warning: private field '_stearingAngle' is not used [-Wunused-private-field]
[4.563s]     stearingAngleType _stearingAngle;
[4.564s]                       ^
[4.564s] /Users/brodie/ros2_truckplatoon/src/truck/src/src/DrivingEvent.hpp:11:18: warning: private field '_distance' is not used [-Wunused-private-field]
[4.565s]     distanceType _distance;
[4.565s]                  ^
[4.565s] 6 warnings and 6 errors generated.
[4.577s] /Users/brodie/ros2_truckplatoon/src/truck/src/src/NodePublisher.hpp:46:86: warning: private field 'publishers_' is not used [-Wunused-private-field]
[4.577s]   std::map<std::string, rclcpp::Publisher<tutorial_interfaces::msg::Num>::SharedPtr> publishers_;
[4.577s]                                                                                      ^
[4.578s] 2 warnings and 6 errors generated.
[4.579s] gmake[2]: *** [CMakeFiles/truck.dir/build.make:82: CMakeFiles/truck.dir/src/truck.cpp.o] Error 1
[4.579s] gmake[2]: *** Waiting for unfinished jobs....
[4.600s] gmake[2]: *** [CMakeFiles/truck.dir/build.make:108: CMakeFiles/truck.dir/src/src/Leader.cpp.o] Error 1
[4.609s] /Users/brodie/ros2_truckplatoon/src/truck/src/src/NodePublisher.hpp:46:86: warning: private field 'publishers_' is not used [-Wunused-private-field]
[4.609s]   std::map<std::string, rclcpp::Publisher<tutorial_interfaces::msg::Num>::SharedPtr> publishers_;
[4.609s]                                                                                      ^
[4.610s] 2 warnings and 6 errors generated.
[4.621s] In file included from /Users/brodie/ros2_truckplatoon/src/truck/src/src/Truck.cpp:1:
[4.621s] In file included from /Users/brodie/ros2_truckplatoon/src/truck/src/src/Truck.hpp:6:
[4.621s] /Users/brodie/ros2_truckplatoon/src/truck/src/src/NodePublisher.hpp:14:7: error: implicit default constructor for 'Publisher' must explicitly initialize the base class 'rclcpp::Node' which does not have a default constructor
[4.621s] class Publisher : public rclcpp::Node
[4.622s]       ^
[4.622s] /Applications/Xcode.app/Contents/Developer/Platforms/MacOSX.platform/Developer/SDKs/MacOSX12.3.sdk/usr/include/c++/v1/__memory/shared_ptr.h:298:37: note: in implicit default constructor for 'Publisher' first required here
[4.622s]         ::new ((void*)__get_elem()) _Tp(_VSTD::forward<_Args>(__args)...);
[4.623s]                                     ^
[4.623s] /Applications/Xcode.app/Contents/Developer/Platforms/MacOSX.platform/Developer/SDKs/MacOSX12.3.sdk/usr/include/c++/v1/__memory/shared_ptr.h:1106:55: note: in instantiation of function template specialization 'std::__shared_ptr_emplace<Publisher, std::allocator<Publisher>>::__shared_ptr_emplace<>' requested here
[4.623s]     ::new ((void*)_VSTD::addressof(*__guard.__get())) _ControlBlock(__a, _VSTD::forward<_Args>(__args)...);
[4.624s]                                                       ^
[4.624s] /Applications/Xcode.app/Contents/Developer/Platforms/MacOSX.platform/Developer/SDKs/MacOSX12.3.sdk/usr/include/c++/v1/__memory/shared_ptr.h:1115:19: note: in instantiation of function template specialization 'std::allocate_shared<Publisher, std::allocator<Publisher>, void>' requested here
[4.624s]     return _VSTD::allocate_shared<_Tp>(allocator<_Tp>(), _VSTD::forward<_Args>(__args)...);
[4.625s]                   ^
[4.625s] /Users/brodie/ros2_truckplatoon/src/truck/src/src/Truck.cpp:13:30: note: in instantiation of function template specialization 'std::make_shared<Publisher, void>' requested here
[4.626s]     this ->_publisher = std::make_shared<NodePublisher>()
[4.626s]                              ^
[4.627s] /Users/brodie/ros2_foxy/ros2-osx/include/rclcpp/node.hpp:74:7: note: 'rclcpp::Node' declared here
[4.627s] class Node : public std::enable_shared_from_this<Node>
[4.627s]       ^
[4.627s] In file included from /Users/brodie/ros2_truckplatoon/src/truck/src/src/Truck.cpp:1:
[4.628s] In file included from /Users/brodie/ros2_truckplatoon/src/truck/src/src/Truck.hpp:3:
[4.628s] In file included from /Users/brodie/ros2_truckplatoon/src/truck/src/src/utils/PlatoonTypes.hpp:5:
[4.628s] In file included from /Users/brodie/ros2_truckplatoon/src/truck/src/src/utils/Include.hpp:3:
[4.628s] In file included from /Applications/Xcode.app/Contents/Developer/Platforms/MacOSX.platform/Developer/SDKs/MacOSX12.3.sdk/usr/include/c++/v1/iostream:37:
[4.629s] In file included from /Applications/Xcode.app/Contents/Developer/Platforms/MacOSX.platform/Developer/SDKs/MacOSX12.3.sdk/usr/include/c++/v1/ios:214:
[4.629s] In file included from /Applications/Xcode.app/Contents/Developer/Platforms/MacOSX.platform/Developer/SDKs/MacOSX12.3.sdk/usr/include/c++/v1/__locale:15:
[4.629s] In file included from /Applications/Xcode.app/Contents/Developer/Platforms/MacOSX.platform/Developer/SDKs/MacOSX12.3.sdk/usr/include/c++/v1/string:522:
[4.629s] In file included from /Applications/Xcode.app/Contents/Developer/Platforms/MacOSX.platform/Developer/SDKs/MacOSX12.3.sdk/usr/include/c++/v1/algorithm:653:
[4.629s] In file included from /Applications/Xcode.app/Contents/Developer/Platforms/MacOSX.platform/Developer/SDKs/MacOSX12.3.sdk/usr/include/c++/v1/functional:500:
[4.629s] In file included from /Applications/Xcode.app/Contents/Developer/Platforms/MacOSX.platform/Developer/SDKs/MacOSX12.3.sdk/usr/include/c++/v1/__functional/function.h:19:
[4.630s] /Applications/Xcode.app/Contents/Developer/Platforms/MacOSX.platform/Developer/SDKs/MacOSX12.3.sdk/usr/include/c++/v1/__memory/compressed_pair.h:171:12: error: static_cast from 'std::__compressed_pair<std::allocator<Publisher>, Publisher> *' to 'std::__compressed_pair<std::allocator<Publisher>, Publisher>::_Base1 *' (aka '__compressed_pair_elem<std::allocator<Publisher>, 0> *'), which are not related by inheritance, is not allowed
[4.630s]     return static_cast<_Base1*>(__pair);
[4.630s]            ^~~~~~~~~~~~~~~~~~~~~~~~~~~~
[4.631s] /Applications/Xcode.app/Contents/Developer/Platforms/MacOSX.platform/Developer/SDKs/MacOSX12.3.sdk/usr/include/c++/v1/__memory/shared_ptr.h:348:74: note: in instantiation of member function 'std::__compressed_pair<std::allocator<Publisher>, Publisher>::__get_first_base' requested here
[4.631s]             typename _CompressedPair::_Base1* __first = _CompressedPair::__get_first_base(__as_pair);
[4.632s]                                                                          ^
[4.632s] /Applications/Xcode.app/Contents/Developer/Platforms/MacOSX.platform/Developer/SDKs/MacOSX12.3.sdk/usr/include/c++/v1/__memory/shared_ptr.h:341:27: note: in instantiation of member function 'std::__shared_ptr_emplace<Publisher, std::allocator<Publisher>>::_Storage::__get_alloc' requested here
[4.632s]             ::new ((void*)__get_alloc()) _Alloc(_VSTD::move(__a));
[4.632s]                           ^
[4.632s] /Applications/Xcode.app/Contents/Developer/Platforms/MacOSX.platform/Developer/SDKs/MacOSX12.3.sdk/usr/include/c++/v1/__memory/shared_ptr.h:291:11: note: in instantiation of member function 'std::__shared_ptr_emplace<Publisher, std::allocator<Publisher>>::_Storage::_Storage' requested here
[4.632s]         : __storage_(_VSTD::move(__a))
[4.633s]           ^
[4.633s] /Applications/Xcode.app/Contents/Developer/Platforms/MacOSX.platform/Developer/SDKs/MacOSX12.3.sdk/usr/include/c++/v1/__memory/shared_ptr.h:1106:55: note: in instantiation of function template specialization 'std::__shared_ptr_emplace<Publisher, std::allocator<Publisher>>::__shared_ptr_emplace<>' requested here
[4.633s]     ::new ((void*)_VSTD::addressof(*__guard.__get())) _ControlBlock(__a, _VSTD::forward<_Args>(__args)...);
[4.633s]                                                       ^
[4.633s] /Applications/Xcode.app/Contents/Developer/Platforms/MacOSX.platform/Developer/SDKs/MacOSX12.3.sdk/usr/include/c++/v1/__memory/shared_ptr.h:1115:19: note: in instantiation of function template specialization 'std::allocate_shared<Publisher, std::allocator<Publisher>, void>' requested here
[4.634s]     return _VSTD::allocate_shared<_Tp>(allocator<_Tp>(), _VSTD::forward<_Args>(__args)...);
[4.634s]                   ^
[4.634s] /Users/brodie/ros2_truckplatoon/src/truck/src/src/Truck.cpp:13:30: note: in instantiation of function template specialization 'std::make_shared<Publisher, void>' requested here
[4.634s]     this ->_publisher = std::make_shared<NodePublisher>()
[4.634s]                              ^
[4.635s] In file included from /Users/brodie/ros2_truckplatoon/src/truck/src/src/Truck.cpp:1:
[4.635s] In file included from /Users/brodie/ros2_truckplatoon/src/truck/src/src/Truck.hpp:3:
[4.635s] In file included from /Users/brodie/ros2_truckplatoon/src/truck/src/src/utils/PlatoonTypes.hpp:5:
[4.635s] In file included from /Users/brodie/ros2_truckplatoon/src/truck/src/src/utils/Include.hpp:3:
[4.635s] In file included from /Applications/Xcode.app/Contents/Developer/Platforms/MacOSX.platform/Developer/SDKs/MacOSX12.3.sdk/usr/include/c++/v1/iostream:37:
[4.635s] In file included from /Applications/Xcode.app/Contents/Developer/Platforms/MacOSX.platform/Developer/SDKs/MacOSX12.3.sdk/usr/include/c++/v1/ios:214:
[4.636s] In file included from /Applications/Xcode.app/Contents/Developer/Platforms/MacOSX.platform/Developer/SDKs/MacOSX12.3.sdk/usr/include/c++/v1/__locale:15:
[4.636s] In file included from /Applications/Xcode.app/Contents/Developer/Platforms/MacOSX.platform/Developer/SDKs/MacOSX12.3.sdk/usr/include/c++/v1/string:522:
[4.636s] In file included from /Applications/Xcode.app/Contents/Developer/Platforms/MacOSX.platform/Developer/SDKs/MacOSX12.3.sdk/usr/include/c++/v1/algorithm:653:
[4.636s] In file included from /Applications/Xcode.app/Contents/Developer/Platforms/MacOSX.platform/Developer/SDKs/MacOSX12.3.sdk/usr/include/c++/v1/functional:500:
[4.636s] In file included from /Applications/Xcode.app/Contents/Developer/Platforms/MacOSX.platform/Developer/SDKs/MacOSX12.3.sdk/usr/include/c++/v1/__functional/function.h:19:
[4.636s] /Applications/Xcode.app/Contents/Developer/Platforms/MacOSX.platform/Developer/SDKs/MacOSX12.3.sdk/usr/include/c++/v1/__memory/compressed_pair.h:175:12: error: static_cast from 'std::__compressed_pair<std::allocator<Publisher>, Publisher> *' to 'std::__compressed_pair<std::allocator<Publisher>, Publisher>::_Base2 *' (aka '__compressed_pair_elem<Publisher, 1> *'), which are not related by inheritance, is not allowed
[4.637s]     return static_cast<_Base2*>(__pair);
[4.637s]            ^~~~~~~~~~~~~~~~~~~~~~~~~~~~
[4.637s] /Applications/Xcode.app/Contents/Developer/Platforms/MacOSX.platform/Developer/SDKs/MacOSX12.3.sdk/usr/include/c++/v1/__memory/shared_ptr.h:354:75: note: in instantiation of member function 'std::__compressed_pair<std::allocator<Publisher>, Publisher>::__get_second_base' requested here
[4.637s]             typename _CompressedPair::_Base2* __second = _CompressedPair::__get_second_base(__as_pair);
[4.637s]                                                                           ^
[4.638s] /Applications/Xcode.app/Contents/Developer/Platforms/MacOSX.platform/Developer/SDKs/MacOSX12.3.sdk/usr/include/c++/v1/__memory/shared_ptr.h:306:53: note: in instantiation of member function 'std::__shared_ptr_emplace<Publisher, std::allocator<Publisher>>::_Storage::__get_elem' requested here
[4.638s]     _Tp* __get_elem() _NOEXCEPT { return __storage_.__get_elem(); }
[4.638s]                                                     ^
[4.638s] /Applications/Xcode.app/Contents/Developer/Platforms/MacOSX.platform/Developer/SDKs/MacOSX12.3.sdk/usr/include/c++/v1/__memory/shared_ptr.h:1108:76: note: in instantiation of member function 'std::__shared_ptr_emplace<Publisher, std::allocator<Publisher>>::__get_elem' requested here
[4.638s]     return shared_ptr<_Tp>::__create_with_control_block((*__control_block).__get_elem(), _VSTD::addressof(*__control_block));
[4.638s]                                                                            ^
[4.639s] /Applications/Xcode.app/Contents/Developer/Platforms/MacOSX.platform/Developer/SDKs/MacOSX12.3.sdk/usr/include/c++/v1/__memory/shared_ptr.h:1115:19: note: in instantiation of function template specialization 'std::allocate_shared<Publisher, std::allocator<Publisher>, void>' requested here
[4.639s]     return _VSTD::allocate_shared<_Tp>(allocator<_Tp>(), _VSTD::forward<_Args>(__args)...);
[4.639s]                   ^
[4.640s] /Users/brodie/ros2_truckplatoon/src/truck/src/src/Truck.cpp:13:30: note: in instantiation of function template specialization 'std::make_shared<Publisher, void>' requested here
[4.640s]     this ->_publisher = std::make_shared<NodePublisher>()
[4.640s]                              ^
[4.640s] gmake[2]: *** [CMakeFiles/truck.dir/build.make:121: CMakeFiles/truck.dir/src/src/Communication.cpp.o] Error 1
[4.674s] In file included from /Users/brodie/ros2_truckplatoon/src/truck/src/src/Truck.cpp:1:
[4.674s] In file included from /Users/brodie/ros2_truckplatoon/src/truck/src/src/Truck.hpp:6:
[4.675s] /Users/brodie/ros2_truckplatoon/src/truck/src/src/NodePublisher.hpp:46:86: warning: private field 'publishers_' is not used [-Wunused-private-field]
[4.675s]   std::map<std::string, rclcpp::Publisher<tutorial_interfaces::msg::Num>::SharedPtr> publishers_;
[4.675s]                                                                                      ^
[4.675s] 2 warnings and 13 errors generated.
[4.698s] gmake[2]: *** [CMakeFiles/truck.dir/build.make:95: CMakeFiles/truck.dir/src/src/Truck.cpp.o] Error 1
[4.700s] gmake[1]: *** [CMakeFiles/Makefile2:97: CMakeFiles/truck.dir/all] Error 2
[4.700s] gmake: *** [Makefile:160: all] Error 2
[4.703s] Invoked command in '/Users/brodie/ros2_truckplatoon/build/truck' returned '2': CMAKE_PREFIX_PATH=${CMAKE_PREFIX_PATH}:/Users/brodie/my_workspace/install/my_package SHLVL=2 _=/usr/bin/env /usr/local/bin/cmake --build /Users/brodie/ros2_truckplatoon/build/truck -- -j8 -l8
