[0.048s] Invoking command in '/Users/brodie/ros2_truckplatoon/build/truck': CMAKE_PREFIX_PATH=${CMAKE_PREFIX_PATH}:/Users/brodie/my_workspace/install/my_package SHLVL=2 _=/usr/bin/env /usr/local/bin/cmake --build /Users/brodie/ros2_truckplatoon/build/truck -- -j8 -l8
[0.136s] Scanning dependencies of target truck
[0.156s] [ 50%] Building CXX object CMakeFiles/truck.dir/src/truck.cpp.o
[0.156s] [ 50%] Building CXX object CMakeFiles/truck.dir/src/src/Leader.cpp.o
[0.157s] [ 50%] Building CXX object CMakeFiles/truck.dir/src/src/Truck.cpp.o
[0.158s] [ 66%] Building CXX object CMakeFiles/truck.dir/src/src/Communication.cpp.o
[0.616s] In file included from /Users/brodie/ros2_truckplatoon/src/truck/src/src/Communication.cpp:1:
[0.617s] In file included from /Users/brodie/ros2_truckplatoon/src/truck/src/src/Communication.hpp:3:
[0.617s] /Users/brodie/ros2_truckplatoon/src/truck/src/src/Truck.hpp:4:10: warning: non-portable path to file '"utils/include.hpp"'; specified path differs in case from file name on disk [-Wnonportable-include-path]
[0.617s] #include "utils/Include.hpp"
[0.617s]          ^~~~~~~~~~~~~~~~~~~
[0.617s]          "utils/include.hpp"
[0.617s] In file included from /Users/brodie/ros2_truckplatoon/src/truck/src/truck.cpp:2:
[0.618s] In file included from /Users/brodie/ros2_truckplatoon/src/truck/src/Platoon.hpp:4:
[0.618s] In file included from /Users/brodie/ros2_truckplatoon/src/truck/src/src/Leader.hpp:4:
[0.618s] /Users/brodie/ros2_truckplatoon/src/truck/src/src/Truck.hpp:4:10: warning: non-portable path to file '"utils/include.hpp"'; specified path differs in case from file name on disk [-Wnonportable-include-path]
[0.618s] #include "utils/Include.hpp"
[0.618s]          ^~~~~~~~~~~~~~~~~~~
[0.618s]          "utils/include.hpp"
[0.618s] In file included from /Users/brodie/ros2_truckplatoon/src/truck/src/src/Leader.cpp:1:
[0.618s] In file included from /Users/brodie/ros2_truckplatoon/src/truck/src/src/Leader.hpp:4:
[0.618s] /Users/brodie/ros2_truckplatoon/src/truck/src/src/Truck.hpp:4:10: warning: non-portable path to file '"utils/include.hpp"'; specified path differs in case from file name on disk [-Wnonportable-include-path]
[0.619s] #include "utils/Include.hpp"
[0.619s]          ^~~~~~~~~~~~~~~~~~~
[0.619s]          "utils/include.hpp"
[0.621s] In file included from /Users/brodie/ros2_truckplatoon/src/truck/src/src/Truck.cpp:1:
[0.621s] /Users/brodie/ros2_truckplatoon/src/truck/src/src/Truck.hpp:4:10: warning: non-portable path to file '"utils/include.hpp"'; specified path differs in case from file name on disk [-Wnonportable-include-path]
[0.621s] #include "utils/Include.hpp"
[0.621s]          ^~~~~~~~~~~~~~~~~~~
[0.621s]          "utils/include.hpp"
[1.278s] In file included from /Users/brodie/ros2_truckplatoon/src/truck/src/src/Communication.cpp:1:
[1.279s] In file included from /Users/brodie/ros2_truckplatoon/src/truck/src/src/Communication.hpp:3:
[1.279s] In file included from /Users/brodie/ros2_truckplatoon/src/truck/src/src/Truck.hpp:7:
[1.279s] /Users/brodie/ros2_truckplatoon/src/truck/src/src/Subscriber.hpp:25:67: error: use of undeclared identifier 'TopicName'
[1.279s]         RCLCPP_INFO(this->get_logger(), "Subscribing to node: " + TopicName);    
[1.279s]                                                                   ^
[1.279s] In file included from /Users/brodie/ros2_truckplatoon/src/truck/src/src/Truck.cpp:1:
[1.280s] In file included from /Users/brodie/ros2_truckplatoon/src/truck/src/src/Truck.hpp:7:
[1.280s] /Users/brodie/ros2_truckplatoon/src/truck/src/src/Subscriber.hpp:25:67: error: use of undeclared identifier 'TopicName'
[1.280s]         RCLCPP_INFO(this->get_logger(), "Subscribing to node: " + TopicName);    
[1.280s]                                                                   ^
[1.282s] In file included from /Users/brodie/ros2_truckplatoon/src/truck/src/src/Leader.cpp:1:
[1.282s] In file included from /Users/brodie/ros2_truckplatoon/src/truck/src/src/Leader.hpp:4:
[1.282s] In file included from /Users/brodie/ros2_truckplatoon/src/truck/src/src/Truck.hpp:7:
[1.282s] /Users/brodie/ros2_truckplatoon/src/truck/src/src/Subscriber.hpp:25:67: error: use of undeclared identifier 'TopicName'
[1.282s]         RCLCPP_INFO(this->get_logger(), "Subscribing to node: " + TopicName);    
[1.283s]                                                                   ^
[1.286s] /Users/brodie/ros2_truckplatoon/src/truck/src/src/Subscriber.hpp:37:64: warning: unused parameter 'msg' [-Wunused-parameter]
[1.286s]     void topic_callback(const message::msg::Message::SharedPtr msg) const
[1.286s]                                                                ^
[1.286s] /Users/brodie/ros2_truckplatoon/src/truck/src/src/Subscriber.hpp:37:64: warning: unused parameter 'msg' [-Wunused-parameter]
[1.286s]     void topic_callback(const message::msg::Message::SharedPtr msg) const
[1.286s]                                                                ^
[1.289s] /Users/brodie/ros2_truckplatoon/src/truck/src/src/Subscriber.hpp:37:64: warning: unused parameter 'msg' [-Wunused-parameter]
[1.289s]     void topic_callback(const message::msg::Message::SharedPtr msg) const
[1.289s]                                                                ^
[1.290s] In file included from /Users/brodie/ros2_truckplatoon/src/truck/src/truck.cpp:2:
[1.290s] In file included from /Users/brodie/ros2_truckplatoon/src/truck/src/Platoon.hpp:4:
[1.290s] In file included from /Users/brodie/ros2_truckplatoon/src/truck/src/src/Leader.hpp:4:
[1.290s] In file included from /Users/brodie/ros2_truckplatoon/src/truck/src/src/Truck.hpp:7:
[1.290s] /Users/brodie/ros2_truckplatoon/src/truck/src/src/Subscriber.hpp:25:67: error: use of undeclared identifier 'TopicName'
[1.290s]         RCLCPP_INFO(this->get_logger(), "Subscribing to node: " + TopicName);    
[1.291s]                                                                   ^
[1.296s] /Users/brodie/ros2_truckplatoon/src/truck/src/src/Subscriber.hpp:37:64: warning: unused parameter 'msg' [-Wunused-parameter]
[1.296s]     void topic_callback(const message::msg::Message::SharedPtr msg) const
[1.296s]                                                                ^
[1.298s] In file included from /Users/brodie/ros2_truckplatoon/src/truck/src/truck.cpp:2:
[1.298s] /Users/brodie/ros2_truckplatoon/src/truck/src/Platoon.hpp:8:10: warning: non-portable path to file '"src/utils/include.hpp"'; specified path differs in case from file name on disk [-Wnonportable-include-path]
[1.298s] #include "src/utils/Include.hpp"
[1.299s]          ^~~~~~~~~~~~~~~~~~~~~~~
[1.299s]          "src/utils/include.hpp"
[2.108s] 2 warnings and 1 error generated.
[2.111s] 2 warnings and 1 error generated.
[2.116s] In file included from /Users/brodie/ros2_truckplatoon/src/truck/src/truck.cpp:2:
[2.116s] In file included from /Users/brodie/ros2_truckplatoon/src/truck/src/Platoon.hpp:11:
[2.116s] /Users/brodie/ros2_truckplatoon/src/truck/src/src/DrivingEvent.hpp:9:15: warning: private field '_speed' is not used [-Wunused-private-field]
[2.116s]     speedType _speed;
[2.116s]               ^
[2.117s] /Users/brodie/ros2_truckplatoon/src/truck/src/src/DrivingEvent.hpp:10:23: warning: private field '_stearingAngle' is not used [-Wunused-private-field]
[2.117s]     stearingAngleType _stearingAngle;
[2.117s]                       ^
[2.117s] /Users/brodie/ros2_truckplatoon/src/truck/src/src/DrivingEvent.hpp:11:18: warning: private field '_distance' is not used [-Wunused-private-field]
[2.117s]     distanceType _distance;
[2.117s]                  ^
[2.117s] 6 warnings and 1 error generated.
[2.125s] gmake[2]: *** [CMakeFiles/truck.dir/build.make:108: CMakeFiles/truck.dir/src/src/Leader.cpp.o] Error 1
[2.125s] gmake[2]: *** Waiting for unfinished jobs....
[2.129s] gmake[2]: *** [CMakeFiles/truck.dir/build.make:121: CMakeFiles/truck.dir/src/src/Communication.cpp.o] Error 1
[2.135s] gmake[2]: *** [CMakeFiles/truck.dir/build.make:82: CMakeFiles/truck.dir/src/truck.cpp.o] Error 1
[2.158s] 2 warnings and 1 error generated.
[2.173s] gmake[2]: *** [CMakeFiles/truck.dir/build.make:95: CMakeFiles/truck.dir/src/src/Truck.cpp.o] Error 1
[2.173s] gmake[1]: *** [CMakeFiles/Makefile2:97: CMakeFiles/truck.dir/all] Error 2
[2.174s] gmake: *** [Makefile:160: all] Error 2
[2.175s] Invoked command in '/Users/brodie/ros2_truckplatoon/build/truck' returned '2': CMAKE_PREFIX_PATH=${CMAKE_PREFIX_PATH}:/Users/brodie/my_workspace/install/my_package SHLVL=2 _=/usr/bin/env /usr/local/bin/cmake --build /Users/brodie/ros2_truckplatoon/build/truck -- -j8 -l8
