[0.129s] Invoking command in '/Users/brodie/ros2_truckplatoon/build/truck': CMAKE_PREFIX_PATH=${CMAKE_PREFIX_PATH}:/Users/brodie/my_workspace/install/my_package SHLVL=2 _=/usr/bin/env /usr/local/bin/cmake --build /Users/brodie/ros2_truckplatoon/build/truck -- -j8 -l8
[0.394s] Scanning dependencies of target truck
[0.461s] [ 16%] Building CXX object CMakeFiles/truck.dir/src/truck.cpp.o
[0.463s] [ 33%] Building CXX object CMakeFiles/truck.dir/src/src/Truck.cpp.o
[0.466s] [ 50%] Building CXX object CMakeFiles/truck.dir/src/src/Leader.cpp.o
[0.469s] [ 66%] Building CXX object CMakeFiles/truck.dir/src/src/Communication.cpp.o
[2.050s] In file included from /Users/brodie/ros2_truckplatoon/src/truck/src/src/Leader.cpp:1:
[2.051s] In file included from /Users/brodie/ros2_truckplatoon/src/truck/src/src/Leader.hpp:4:
[2.051s] /Users/brodie/ros2_truckplatoon/src/truck/src/src/Truck.hpp:4:10: warning: non-portable path to file '"utils/include.hpp"'; specified path differs in case from file name on disk [-Wnonportable-include-path]
[2.051s] #include "utils/Include.hpp"
[2.052s]          ^~~~~~~~~~~~~~~~~~~
[2.052s]          "utils/include.hpp"
[2.052s] In file included from /Users/brodie/ros2_truckplatoon/src/truck/src/truck.cpp:2:
[2.053s] In file included from /Users/brodie/ros2_truckplatoon/src/truck/src/Platoon.hpp:4:
[2.053s] In file included from /Users/brodie/ros2_truckplatoon/src/truck/src/src/Leader.hpp:4:
[2.053s] /Users/brodie/ros2_truckplatoon/src/truck/src/src/Truck.hpp:4:10: warning: non-portable path to file '"utils/include.hpp"'; specified path differs in case from file name on disk [-Wnonportable-include-path]
[2.053s] #include "utils/Include.hpp"
[2.053s]          ^~~~~~~~~~~~~~~~~~~
[2.054s]          "utils/include.hpp"
[2.062s] In file included from /Users/brodie/ros2_truckplatoon/src/truck/src/src/Truck.cpp:1:
[2.062s] /Users/brodie/ros2_truckplatoon/src/truck/src/src/Truck.hpp:4:10: In file included from /Users/brodie/ros2_truckplatoon/src/truck/src/src/Communication.cpp:1:
[2.063s] warning: non-portable path to file '"utils/include.hpp"'; specified path differs in case from file name on disk [-Wnonportable-include-path]
[2.063s] In file included from /Users/brodie/ros2_truckplatoon/src/truck/src/src/Communication.hpp:3:
[2.063s] /Users/brodie/ros2_truckplatoon/src/truck/src/src/Truck.hpp:4:10: warning: non-portable path to file '"utils/include.hpp"'; specified path differs in case from file name on disk [-Wnonportable-include-path]
[2.064s] #include "utils/Include.hpp"
[2.064s]          ^~~~~~~~~~~~~~~~~~~
[2.065s]          "utils/include.hpp"
[2.065s] #include "utils/Include.hpp"
[2.066s]          ^~~~~~~~~~~~~~~~~~~
[2.066s]          "utils/include.hpp"
[4.008s] In file included from /Users/brodie/ros2_truckplatoon/src/truck/src/src/Leader.cpp:1:
[4.009s] In file included from /Users/brodie/ros2_truckplatoon/src/truck/src/src/Leader.hpp:4:
[4.011s] In file included from /Users/brodie/ros2_truckplatoon/src/truck/src/src/Truck.hpp:6:
[4.011s] /Users/brodie/ros2_truckplatoon/src/truck/src/src/NodePublisher.hpp:44:57: error: no member named 'Num' in namespace 'message::msg'
[4.012s]   std::map<std::string, rclcpp::Publisher<message::msg::Num>::SharedPtr> publishers_;
[4.012s]                                           ~~~~~~~~~~~~~~^
[4.013s] /Users/brodie/ros2_truckplatoon/src/truck/src/src/NodePublisher.hpp:18:32: error: member initializer 'count_' does not name a non-static data member or base class
[4.013s]   : Node("minimal_publisher"), count_(0)
[4.014s]                                ^~~~~~~~~
[4.016s] /Users/brodie/ros2_truckplatoon/src/truck/src/src/NodePublisher.hpp:26:34: error: no matching member function for call to 'create_publisher'
[4.018s]   publishers_[TopicName] = this->create_publisher<message::msg::Message>(TopicName, 10);
[4.019s]                            ~~~~~~^~~~~~~~~~~~~~~~~~~~~~~~~~~~~~~~~~~~~~~
[4.020s] /Users/brodie/ros2_foxy/ros2-osx/include/rclcpp/node_impl.hpp:71:7: note: candidate function template not viable: no known conversion from 'Publisher' to 'rclcpp::Node' for object argument
[4.020s] Node::create_publisher(
[4.021s]       ^
[4.021s] In file included from /Users/brodie/ros2_truckplatoon/src/truck/src/truck.cpp:2:
[4.021s] In file included from /Users/brodie/ros2_truckplatoon/src/truck/src/Platoon.hpp:4:
[4.022s] In file included from /Users/brodie/ros2_truckplatoon/src/truck/src/src/Leader.hpp:4:
[4.022s] In file included from /Users/brodie/ros2_truckplatoon/src/truck/src/src/Truck.hpp:6:
[4.023s] /Users/brodie/ros2_truckplatoon/src/truck/src/src/NodePublisher.hpp:44:57: error: no member named 'Num' in namespace 'message::msg'
[4.023s] In file included from /Users/brodie/ros2_truckplatoon/src/truck/src/src/Leader.cpp:  std::map<std::string, rclcpp::Publisher<message::msg::Num>::SharedPtr> publishers_;1
[4.023s] :
[4.024s]                                           ~~~~~~~~~~~~~~^In file included from 
[4.024s] /Users/brodie/ros2_truckplatoon/src/truck/src/src/Leader.hpp:4:
[4.024s] In file included from /Users/brodie/ros2_truckplatoon/src/truck/src/src/Truck.hpp:6:
[4.025s] /Users/brodie/ros2_truckplatoon/src/truck/src/src/NodePublisher.hpp:32:27: error: cannot assign to variable 'message' with const-qualified type 'const message::msg::Message &' (aka 'const Message_<std::allocator<void>> &')
[4.025s]   message.sender_position = 0;
[4.025s]   ~~~~~~~~~~~~~~~~~~~~~~~ ^
[4.026s] /Users/brodie/ros2_truckplatoon/src/truck/src/src/NodePublisher.hpp:30:81: note: variable 'message' declared const here
[4.026s] void PublishMessage (const std::string& TopicName, const message::msg::Message& message)
[4.026s]                                                    ~~~~~~~~~~~~~~~~~~~~~~~~~~~~~^~~~~~~
[4.027s] /Users/brodie/ros2_truckplatoon/src/truck/src/src/NodePublisher.hpp:33:29: error: cannot assign to variable 'message' with const-qualified type 'const message::msg::Message &' (aka 'const Message_<std::allocator<void>> &')
[4.027s]   message.receiver_position = 0;
[4.027s]   ~~~~~~~~~~~~~~~~~~~~~~~~~ ^
[4.027s] /Users/brodie/ros2_truckplatoon/src/truck/src/src/NodePublisher.hpp:30:81: note: variable 'message' declared const here
[4.028s] void PublishMessage (const std::string& TopicName, const message::msg::Message& message)
[4.028s]                                                    ~~~~~~~~~~~~~~~~~~~~~~~~~~~~~^~~~~~~
[4.029s] /Users/brodie/ros2_truckplatoon/src/truck/src/src/NodePublisher.hpp:34:21: error: cannot assign to variable 'message' with const-qualified type 'const message::msg::Message &' (aka 'const Message_<std::allocator<void>> &')
[4.029s]   message.sender_id =0;
[4.029s]   ~~~~~~~~~~~~~~~~~ ^
[4.030s] /Users/brodie/ros2_truckplatoon/src/truck/src/src/NodePublisher.hpp:30:81: note: variable 'message' declared const here
[4.031s] void PublishMessage (const std::string& TopicName, const message::msg::Message& message)
[4.034s]                                                    ~~~~~~~~~~~~~~~~~~~~~~~~~~~~~^~~~~~~
[4.035s] /Users/brodie/ros2_truckplatoon/src/truck/src/src/NodePublisher.hpp:35:23: error: cannot assign to variable 'message' with const-qualified type 'const message::msg::Message &' (aka 'const Message_<std::allocator<void>> &')
[4.036s]   message.receiver_id = 0;
[4.037s]   ~~~~~~~~~~~~~~~~~~~ ^
[4.037s] /Users/brodie/ros2_truckplatoon/src/truck/src/src/NodePublisher.hpp:30:81: note: variable 'message' declared const here/Users/brodie/ros2_truckplatoon/src/truck/src/src/NodePublisher.hpp
[4.037s] :18:32: error: member initializer 'count_' does not name a non-static data member or base class
[4.039s]   : Node("minimal_publisher"), count_(0)
[4.042s]                                ^~~~~~~~~
[4.044s] void PublishMessage (const std::string& TopicName, const message::msg::Message& message)
[4.044s]                                                    ~~~~~~~~~~~~~~~~~~~~~~~~~~~~~^~~~~~~
[4.045s] /Users/brodie/ros2_truckplatoon/src/truck/src/src/NodePublisher.hpp:26:34: error: no matching member function for call to 'create_publisher'
[4.045s]   publishers_[TopicName] = this->create_publisher<message::msg::Message>(TopicName, 10);
[4.045s]                            ~~~~~~^~~~~~~~~~~~~~~~~~~~~~~~~~~~~~~~~~~~~~~
[4.046s] /Users/brodie/ros2_foxy/ros2-osx/include/rclcpp/node_impl.hpp:71:7: note: candidate function template not viable: no known conversion from 'Publisher' to 'rclcpp::Node' for object argument
[4.046s] Node::create_publisher(
[4.046s]       ^
[4.047s] In file included from /Users/brodie/ros2_truckplatoon/src/truck/src/truck.cpp/Users/brodie/ros2_truckplatoon/src/truck/src/src/NodePublisher.hpp:36:17: error: no viable overloaded '='
[4.047s]   message.event = "PlatoonNotFound"
[4.047s]   ~~~~~~~~~~~~~ ^ ~~~~~~~~~~~~~~~~~
[4.048s] :2:
[4.049s] In file included from /Users/brodie/ros2_truckplatoon/src/truck/src/Platoon.hpp:4:
[4.049s] In file included from /Users/brodie/ros2_truckplatoon/src/truck/src/src/Leader.hpp:4:
[4.050s] In file included from /Users/brodie/ros2_truckplatoon/src/truck/src/src/Truck.hpp:6:
[4.050s] /Users/brodie/ros2_truckplatoon/src/truck/src/src/NodePublisher.hpp:32:27: error: cannot assign to variable 'message' with const-qualified type 'const message::msg::Message &' (aka 'const Message_<std::allocator<void>> &')
[4.051s]   message.sender_position = 0;
[4.051s]   ~~~~~~~~~~~~~~~~~~~~~~~ ^
[4.051s] /Users/brodie/ros2_truckplatoon/src/truck/src/src/NodePublisher.hpp:30:81: note: variable 'message' declared const here
[4.052s] void PublishMessage (const std::string& TopicName, const message::msg::Message& message)
[4.052s]                                                    ~~~~~~~~~~~~~~~~~~~~~~~~~~~~~^~~~~~~
[4.052s] /Users/brodie/ros2_truckplatoon/src/truck/src/src/NodePublisher.hpp:33:29: error: cannot assign to variable 'message' with const-qualified type 'const message::msg::Message &' (aka 'const Message_<std::allocator<void>> &')
[4.053s]   message.receiver_position = 0;
[4.053s]   ~~~~~~~~~~~~~~~~~~~~~~~~~ ^
[4.053s] /Users/brodie/ros2_truckplatoon/src/truck/src/src/NodePublisher.hpp:30:81: note: variable 'message' declared const here
[4.054s] void PublishMessage (const std::string& TopicName, const message::msg::Message& message)
[4.054s]                                                    ~~~~~~~~~~~~~~~~~~~~~~~~~~~~~^~~~~~~
[4.054s] /Users/brodie/ros2_truckplatoon/src/truck/src/src/NodePublisher.hpp:34:21: error: cannot assign to variable 'message' with const-qualified type 'const message::msg::Message &' (aka 'const Message_<std::allocator<void>> &')
[4.055s]   message.sender_id =0;
[4.055s]   ~~~~~~~~~~~~~~~~~ ^
[4.055s] /Users/brodie/ros2_truckplatoon/src/truck/src/src/NodePublisher.hpp:30:81: note: variable 'message' declared const here
[4.056s] /Applications/Xcode.app/Contents/Developer/Platforms/MacOSX.platform/Developer/SDKs/MacOSX12.3.sdk/usr/include/c++/v1/string:905:19: note: candidate function not viable: 'this' argument has type 'const message::msg::Message_<std::allocator<void>>::_event_type' (aka 'const basic_string<char, char_traits<char>, allocator<char>>'), but method is not marked const
[4.056s] void PublishMessage (const std::string& TopicName, const message::msg::Message& message)
[4.057s]                                                    ~~~~~~~~~~~~~~~~~~~~~~~~~~~~~^~~~~~~
[4.057s]     basic_string& operator=(const basic_string& __str);
[4.057s]                   ^
[4.058s] /Users/brodie/ros2_truckplatoon/src/truck/src/src/NodePublisher.hpp:35:23: error: cannot assign to variable 'message' with const-qualified type 'const message::msg::Message &' (aka 'const Message_<std::allocator<void>> &')
[4.058s] /Applications/Xcode.app/Contents/Developer/Platforms/MacOSX.platform/Developer/SDKs/MacOSX12.3.sdk/usr/include/c++/v1/string:  message.receiver_id = 0;908
[4.058s] :  ~~~~~~~~~~~~~~~~~~~ ^19
[4.058s] : note: /Users/brodie/ros2_truckplatoon/src/truck/src/src/NodePublisher.hppcandidate template ignored: substitution failure [with _Tp = char[16]]: no member named '_EnableIfImpl' in 'std::_MetaBase<false>':
[4.059s] 30:81: note: variable 'message' declared const here
[4.059s]     basic_string& operator=(const _Tp& __t)
[4.059s]                   ^
[4.060s] /Applications/Xcode.app/Contents/Developer/Platforms/MacOSX.platform/Developer/SDKs/MacOSX12.3.sdk/usr/include/c++/v1/stringvoid PublishMessage (const std::string& TopicName, const message::msg::Message& message)
[4.060s]                                                    ~~~~~~~~~~~~~~~~~~~~~~~~~~~~~^~~~~~~
[4.060s] :913:19: note: candidate function not viable: 'this' argument has type 'const message::msg::Message_<std::allocator<void>>::_event_type' (aka 'const basic_string<char, char_traits<char>, allocator<char>>'), but method is not marked const
[4.061s]     basic_string& operator=(basic_string&& __str)
[4.061s]                   ^
[4.061s] /Applications/Xcode.app/Contents/Developer/Platforms/MacOSX.platform/Developer/SDKs/MacOSX12.3.sdk/usr/include/c++/v1/string:916:19: note: candidate function not viable: 'this' argument has type 'const message::msg::Message_<std::allocator<void>>::_event_type' (aka 'const basic_string<char, char_traits<char>, allocator<char>>'), but method is not marked const
[4.062s]     basic_string& operator=(initializer_list<value_type> __il) {return assign(__il.begin(), __il.size());}
[4.062s]                   ^
[4.062s] /Applications/Xcode.app/Contents/Developer/Platforms/MacOSX.platform/Developer/SDKs/MacOSX12.3.sdk/usr/include/c++/v1/string:918:45: note: candidate function not viable: 'this' argument has type 'const message::msg::Message_<std::allocator<void>>::_event_type' (aka 'const basic_string<char, char_traits<char>, allocator<char>>'), but method is not marked const
[4.063s]     _LIBCPP_INLINE_VISIBILITY basic_string& operator=(const value_type* __s) {return assign(__s);}
[4.063s]                                             ^
[4.063s] /Applications/Xcode.app/Contents/Developer/Platforms/MacOSX.platform/Developer/SDKs/MacOSX12.3.sdk/usr/include/c++/v1/string:922:19: note: candidate function not viable: 'this' argument has type 'const message::msg::Message_<std::allocator<void>>::_event_type' (aka 'const basic_string<char, char_traits<char>, allocator<char>>'), but method is not marked const
[4.064s] /Users/brodie/ros2_truckplatoon/src/truck/src/src/NodePublisher.hpp:36:17: error: no viable overloaded '='
[4.064s]     basic_string& operator=(value_type __c);
[4.064s]                   ^
[4.065s]   message.event = "PlatoonNotFound"
[4.065s]   ~~~~~~~~~~~~~ ^ ~~~~~~~~~~~~~~~~~
[4.065s] /Applications/Xcode.app/Contents/Developer/Platforms/MacOSX.platform/Developer/SDKs/MacOSX12.3.sdk/usr/include/c++/v1/string:905:19: note: candidate function not viable: 'this' argument has type 'const message::msg::Message_<std::allocator<void>>::_event_type' (aka 'const basic_string<char, char_traits<char>, allocator<char>>'), but method is not marked const
[4.066s]     basic_string& operator=(const basic_string& __str);
[4.066s]                   ^
[4.066s] /Applications/Xcode.app/Contents/Developer/Platforms/MacOSX.platform/Developer/SDKs/MacOSX12.3.sdk/usr/include/c++/v1/string:908:19: note: candidate template ignored: substitution failure [with _Tp = char[16]]: no member named '_EnableIfImpl' in 'std::_MetaBase<false>'
[4.067s]     basic_string& operator=(const _Tp& __t)
[4.067s]                   ^
[4.067s] /Applications/Xcode.app/Contents/Developer/Platforms/MacOSX.platform/Developer/SDKs/MacOSX12.3.sdk/usr/include/c++/v1/string:913:19: note: candidate function not viable: 'this' argument has type 'const message::msg::Message_<std::allocator<void>>::_event_type' (aka 'const basic_string<char, char_traits<char>, allocator<char>>'), but method is not marked const
[4.067s]     basic_string& operator=(basic_string&& __str)
[4.068s]                   ^
[4.068s] In file included from /Users/brodie/ros2_truckplatoon/src/truck/src/src/Leader.cpp:1:
[4.068s] In file included from /Applications/Xcode.app/Contents/Developer/Platforms/MacOSX.platform/Developer/SDKs/MacOSX12.3.sdk/usr/include/c++/v1/string:916:19: note: candidate function not viable: 'this' argument has type 'const message::msg::Message_<std::allocator<void>>::_event_type' (aka 'const basic_string<char, char_traits<char>, allocator<char>>'), but method is not marked const
[4.069s]     basic_string& operator=(initializer_list<value_type> __il) {return assign(__il.begin(), __il.size());}
[4.069s]                   ^
[4.069s] /Applications/Xcode.app/Contents/Developer/Platforms/MacOSX.platform/Developer/SDKs/MacOSX12.3.sdk/usr/include/c++/v1/string:918:45: note: candidate function not viable: 'this' argument has type 'const message::msg::Message_<std::allocator<void>>::_event_type' (aka 'const basic_string<char, char_traits<char>, allocator<char>>'), but method is not marked const
[4.070s]     _LIBCPP_INLINE_VISIBILITY basic_string& operator=(const value_type* __s) {return assign(__s);}
[4.070s]                                             ^
[4.070s] /Applications/Xcode.app/Contents/Developer/Platforms/MacOSX.platform/Developer/SDKs/MacOSX12.3.sdk/usr/include/c++/v1/string:922:19: note: candidate function not viable: 'this' argument has type 'const message::msg::Message_<std::allocator<void>>::_event_type' (aka 'const basic_string<char, char_traits<char>, allocator<char>>'), but method is not marked const
[4.071s]     basic_string& operator=(value_type __c);
[4.071s]                   ^
[4.071s] In file included from /Users/brodie/ros2_truckplatoon/src/truck/src/truck.cpp:2:
[4.072s] In file included from /Users/brodie/ros2_truckplatoon/src/truck/src/Platoon.hpp:4:
[4.072s] In file included from /Users/brodie/ros2_truckplatoon/src/truck/src/src/Leader.hpp:4:
[4.072s] In file included from /Users/brodie/ros2_truckplatoon/src/truck/src/src/Truck.hpp:6:
[4.072s] /Users/brodie/ros2_truckplatoon/src/truck/src/src/NodePublisher.hpp:36:36: error: expected ';' after expression
[4.073s]   message.event = "PlatoonNotFound"
[4.073s]                                    ^
[4.073s]                                    ;
[4.074s] /Users/brodie/ros2_truckplatoon/src/truck/src/src/NodePublisher.hpp:37:15: error: cannot initialize object parameter of type 'const rclcpp::Node' with an expression of type 'Publisher'
[4.074s]   RCLCPP_INFO(this->get_logger(), "Publishing: '%d'", message.sender_position);    // CHANGE
[4.074s]               ^~~~
[4.075s] /Users/brodie/ros2_foxy/ros2-osx/include/rclcpp/logging.hpp:538:86: note: expanded from macro 'RCLCPP_INFO'
[4.075s]       ::std::is_same<typename std::remove_cv<typename std::remove_reference<decltype(logger)>::type>::type, \
[4.076s]                                                                                      ^~~~~~
[4.076s] /Users/brodie/ros2_truckplatoon/src/truck/src/src/Leader.hpp:4:
[4.076s] In file included from /Users/brodie/ros2_truckplatoon/src/truck/src/src/Truck.hpp:6:
[4.077s] /Users/brodie/ros2_truckplatoon/src/truck/src/src/NodePublisher.hpp:36:36: error: expected ';' after expression
[4.077s]   message.event = "PlatoonNotFound"
[4.077s]                                    ^
[4.077s]                                    ;
[4.078s] In file included from /Users/brodie/ros2_truckplatoon/src/truck/src/truck.cpp:2:
[4.078s] In file included from /Users/brodie/ros2_truckplatoon/src/truck/src/Platoon.hpp:4:
[4.078s] In file included from /Users/brodie/ros2_truckplatoon/src/truck/src/src/Leader.hpp:4:
[4.079s] In file included from /Users/brodie/ros2_truckplatoon/src/truck/src/src/Truck.hpp:6:
[4.079s] /Users/brodie/ros2_truckplatoon/src/truck/src/src/NodePublisher.hpp:37:15: error: cannot initialize object parameter of type 'const rclcpp::Node' with an expression of type 'Publisher'
[4.079s]   RCLCPP_INFO(this->get_logger(), "Publishing: '%d'", message.sender_position);    // CHANGE
[4.080s]               ^~~~
[4.080s] /Users/brodie/ros2_foxy/ros2-osx/include/rclcpp/logging.hpp:543:7: note: expanded from macro 'RCLCPP_INFO'
[4.080s]       logger.get_name(), \
[4.081s]       ^~~~~~
[4.081s] /Users/brodie/ros2_foxy/ros2-osx/include/rcutils/logging_macros.h:502:63: note: expanded from macro 'RCUTILS_LOG_INFO_NAMED'
[4.081s]     RCUTILS_LOG_CONDITION_EMPTY, RCUTILS_LOG_CONDITION_EMPTY, name, \
[4.082s]                                                               ^~~~
[4.082s] /Users/brodie/ros2_foxy/ros2-osx/include/rcutils/logging_macros.h:70:47: note: expanded from macro 'RCUTILS_LOG_COND_NAMED'
[4.082s]     if (rcutils_logging_logger_is_enabled_for(name, severity)) { \
[4.083s]                                               ^~~~
[4.083s] /Users/brodie/ros2_truckplatoon/src/truck/src/src/NodePublisher.hpp:37:15: error: cannot initialize object parameter of type 'const rclcpp::Node' with an expression of type 'Publisher'
[4.083s] In file included from /Users/brodie/ros2_truckplatoon/src/truck/src/truck.cpp:2:
[4.084s] In file included from /Users/brodie/ros2_truckplatoon/src/truck/src/Platoon.hpp:4:
[4.084s] In file included from /Users/brodie/ros2_truckplatoon/src/truck/src/src/Leader.hpp:4:
[4.084s] In file included from /Users/brodie/ros2_truckplatoon/src/truck/src/src/Truck.hpp:6:
[4.084s] /Users/brodie/ros2_truckplatoon/src/truck/src/src/NodePublisher.hpp:37:15: error: cannot initialize object parameter of type 'const rclcpp::Node' with an expression of type 'Publisher'
[4.085s]   RCLCPP_INFO(this->get_logger(), "Publishing: '%d'", message.sender_position);    // CHANGE
[4.085s]               ^~~~
[4.085s]   RCLCPP_INFO(this->get_logger(), "Publishing: '%d'", message.sender_position);    // CHANGE
[4.086s]               ^~~~
[4.086s] /Users/brodie/ros2_foxy/ros2-osx/include/rclcpp/logging.hpp:543:7: note: expanded from macro 'RCLCPP_INFO'
[4.086s]       logger.get_name(), \
[4.087s] /Users/brodie/ros2_foxy/ros2-osx/include/rclcpp/logging.hpp:538:86: note: expanded from macro 'RCLCPP_INFO'
[4.087s]       ::std::is_same<typename std::remove_cv<typename std::remove_reference<decltype(logger)>::type>::type, \
[4.087s]                                                                                      ^~~~~~
[4.087s]       ^~~~~~
[4.088s] /Users/brodie/ros2_foxy/ros2-osx/include/rcutils/logging_macros.h:502:63: note: expanded from macro 'RCUTILS_LOG_INFO_NAMED'
[4.088s]     RCUTILS_LOG_CONDITION_EMPTY, RCUTILS_LOG_CONDITION_EMPTY, name, \
[4.088s]                                                               ^~~~
[4.089s] /Users/brodie/ros2_foxy/ros2-osx/include/rcutils/logging_macros.h:72:58: note: expanded from macro 'RCUTILS_LOG_COND_NAMED'
[4.089s]       rcutils_log(&__rcutils_logging_location, severity, name, __VA_ARGS__); \
[4.090s]                                                          ^~~~
[4.090s] In file included from /Users/brodie/ros2_truckplatoon/src/truck/src/src/Leader.cpp:1:
[4.090s] In file included from /Users/brodie/ros2_truckplatoon/src/truck/src/src/Leader.hpp:4:
[4.091s] In file included from /Users/brodie/ros2_truckplatoon/src/truck/src/src/Truck.hpp:6:
[4.091s] /Users/brodie/ros2_truckplatoon/src/truck/src/src/NodePublisher.hpp:37:15: error: cannot initialize object parameter of type 'const rclcpp::Node' with an expression of type 'Publisher'
[4.092s]   RCLCPP_INFO(this->get_logger(), "Publishing: '%d'", message.sender_position);    // CHANGE
[4.092s]               ^~~~
[4.092s] /Users/brodie/ros2_foxy/ros2-osx/include/rclcpp/logging.hpp:543:7: note: expanded from macro 'RCLCPP_INFO'
[4.093s]       logger.get_name(), \
[4.093s]       ^~~~~~
[4.093s] /Users/brodie/ros2_foxy/ros2-osx/include/rcutils/logging_macros.h:502:63: note: expanded from macro 'RCUTILS_LOG_INFO_NAMED'
[4.094s]     RCUTILS_LOG_CONDITION_EMPTY, RCUTILS_LOG_CONDITION_EMPTY, name, \
[4.095s]                                                               ^~~~
[4.095s] /Users/brodie/ros2_foxy/ros2-osx/include/rcutils/logging_macros.h:70:47: note: expanded from macro 'RCUTILS_LOG_COND_NAMED'
[4.095s]     if (rcutils_logging_logger_is_enabled_for(name, severity)) { \
[4.096s]                                               ^~~~
[4.096s] In file included from /Users/brodie/ros2_truckplatoon/src/truck/src/src/Leader.cpp:1:
[4.096s] In file included from /Users/brodie/ros2_truckplatoon/src/truck/src/src/Leader.hpp:4:
[4.097s] In file included from /Users/brodie/ros2_truckplatoon/src/truck/src/src/Truck.hpp:6:
[4.097s] /Users/brodie/ros2_truckplatoon/src/truck/src/src/NodePublisher.hpp:37:15: error: cannot initialize object parameter of type 'const rclcpp::Node' with an expression of type 'Publisher'
[4.098s]   RCLCPP_INFO(this->get_logger(), "Publishing: '%d'", message.sender_position);    // CHANGE
[4.098s]               ^~~~
[4.098s] /Users/brodie/ros2_foxy/ros2-osx/include/rclcpp/logging.hpp:543:7: note: expanded from macro 'RCLCPP_INFO'
[4.099s]       logger.get_name(), \
[4.099s]       ^~~~~~
[4.099s] /Users/brodie/ros2_foxy/ros2-osx/include/rcutils/logging_macros.h:502:63: note: expanded from macro 'RCUTILS_LOG_INFO_NAMED'
[4.100s]     RCUTILS_LOG_CONDITION_EMPTY, RCUTILS_LOG_CONDITION_EMPTY, name, \
[4.100s]                                                               ^~~~
[4.100s] /Users/brodie/ros2_foxy/ros2-osx/include/rcutils/logging_macros.h:72:58: note: expanded from macro 'RCUTILS_LOG_COND_NAMED'
[4.101s]       rcutils_log(&__rcutils_logging_location, severity, name, __VA_ARGS__); \
[4.101s]                                                          ^~~~
[4.102s] In file included from /Users/brodie/ros2_truckplatoon/src/truck/src/truck.cpp:2:
[4.102s] /Users/brodie/ros2_truckplatoon/src/truck/src/Platoon.hpp:8:10: warning: non-portable path to file '"src/utils/include.hpp"'; specified path differs in case from file name on disk [-Wnonportable-include-path]
[4.102s] #include "src/utils/Include.hpp"
[4.103s]          ^~~~~~~~~~~~~~~~~~~~~~~
[4.103s]          "src/utils/include.hpp"
[4.103s] In file included from /Users/brodie/ros2_truckplatoon/src/truck/src/src/Communication.cpp:1:
[4.104s] In file included from /Users/brodie/ros2_truckplatoon/src/truck/src/src/Communication.hpp:3:
[4.104s] In file included from /Users/brodie/ros2_truckplatoon/src/truck/src/src/Truck.hpp:6:
[4.104s] /Users/brodie/ros2_truckplatoon/src/truck/src/src/NodePublisher.hpp:44:57: error: no member named 'Num' in namespace 'message::msg'
[4.104s]   std::map<std::string, rclcpp::Publisher<message::msg::Num>::SharedPtr> publishers_;
[4.105s]                                           ~~~~~~~~~~~~~~^
[4.105s] /Users/brodie/ros2_truckplatoon/src/truck/src/src/NodePublisher.hpp:18:32: error: member initializer 'count_' does not name a non-static data member or base class
[4.105s]   : Node("minimal_publisher"), count_(0)
[4.105s]                                ^~~~~~~~~
[4.105s] /Users/brodie/ros2_truckplatoon/src/truck/src/src/NodePublisher.hpp:26:34: error: no matching member function for call to 'create_publisher'
[4.105s]   publishers_[TopicName] = this->create_publisher<message::msg::Message>(TopicName, 10);
[4.106s]                            ~~~~~~^~~~~~~~~~~~~~~~~~~~~~~~~~~~~~~~~~~~~~~
[4.106s] /Users/brodie/ros2_foxy/ros2-osx/include/rclcpp/node_impl.hpp:71:7: note: candidate function template not viable: no known conversion from 'Publisher' to 'rclcpp::Node' for object argument
[4.106s] Node::create_publisher(
[4.106s]       ^
[4.106s] In file included from /Users/brodie/ros2_truckplatoon/src/truck/src/src/Communication.cpp:1:
[4.107s] In file included from /Users/brodie/ros2_truckplatoon/src/truck/src/src/Communication.hpp:3:
[4.107s] In file included from /Users/brodie/ros2_truckplatoon/src/truck/src/src/Truck.hpp:6:
[4.107s] /Users/brodie/ros2_truckplatoon/src/truck/src/src/NodePublisher.hpp:32:27: error: cannot assign to variable 'message' with const-qualified type 'const message::msg::Message &' (aka 'const Message_<std::allocator<void>> &')
[4.107s]   message.sender_position = 0;
[4.107s]   ~~~~~~~~~~~~~~~~~~~~~~~ ^
[4.107s] /Users/brodie/ros2_truckplatoon/src/truck/src/src/NodePublisher.hpp:30:81: note: variable 'message' declared const here
[4.108s] void PublishMessage (const std::string& TopicName, const message::msg::Message& message)
[4.108s]                                                    ~~~~~~~~~~~~~~~~~~~~~~~~~~~~~^~~~~~~
[4.108s] /Users/brodie/ros2_truckplatoon/src/truck/src/src/NodePublisher.hpp:33:29: error: cannot assign to variable 'message' with const-qualified type 'const message::msg::Message &' (aka 'const Message_<std::allocator<void>> &')
[4.108s]   message.receiver_position = 0;
[4.108s]   ~~~~~~~~~~~~~~~~~~~~~~~~~ ^
[4.109s] /Users/brodie/ros2_truckplatoon/src/truck/src/src/NodePublisher.hpp:30:81: note: variable 'message' declared const here
[4.109s] void PublishMessage (const std::string& TopicName, const message::msg::Message& message)
[4.110s]                                                    ~~~~~~~~~~~~~~~~~~~~~~~~~~~~~^~~~~~~
[4.110s] /Users/brodie/ros2_truckplatoon/src/truck/src/src/NodePublisher.hpp:34:21: error: cannot assign to variable 'message' with const-qualified type 'const message::msg::Message &' (aka 'const Message_<std::allocator<void>> &')
[4.110s]   message.sender_id =0;
[4.111s]   ~~~~~~~~~~~~~~~~~ ^
[4.111s] /Users/brodie/ros2_truckplatoon/src/truck/src/src/NodePublisher.hpp:30:81: note: variable 'message' declared const here
[4.112s] void PublishMessage (const std::string& TopicName, const message::msg::Message& message)
[4.112s]                                                    ~~~~~~~~~~~~~~~~~~~~~~~~~~~~~^~~~~~~
[4.112s] /Users/brodie/ros2_truckplatoon/src/truck/src/src/NodePublisher.hpp:35:23: error: cannot assign to variable 'message' with const-qualified type 'const message::msg::Message &' (aka 'const Message_<std::allocator<void>> &')
[4.112s]   message.receiver_id = 0;
[4.113s]   ~~~~~~~~~~~~~~~~~~~ ^
[4.113s] /Users/brodie/ros2_truckplatoon/src/truck/src/src/NodePublisher.hpp:30:81: note: variable 'message' declared const here
[4.113s] void PublishMessage (const std::string& TopicName, const message::msg::Message& message)
[4.113s]                                                    ~~~~~~~~~~~~~~~~~~~~~~~~~~~~~^~~~~~~
[4.113s] /Users/brodie/ros2_truckplatoon/src/truck/src/src/NodePublisher.hpp:36:17: error: no viable overloaded '='
[4.114s]   message.event = "PlatoonNotFound"
[4.114s]   ~~~~~~~~~~~~~ ^ ~~~~~~~~~~~~~~~~~
[4.114s] /Applications/Xcode.app/Contents/Developer/Platforms/MacOSX.platform/Developer/SDKs/MacOSX12.3.sdk/usr/include/c++/v1/string:905:19: note: candidate function not viable: 'this' argument has type 'const message::msg::Message_<std::allocator<void>>::_event_type' (aka 'const basic_string<char, char_traits<char>, allocator<char>>'), but method is not marked const
[4.114s]     basic_string& operator=(const basic_string& __str);
[4.114s]                   ^
[4.115s] /Applications/Xcode.app/Contents/Developer/Platforms/MacOSX.platform/Developer/SDKs/MacOSX12.3.sdk/usr/include/c++/v1/string:908:19: note: candidate template ignored: substitution failure [with _Tp = char[16]]: no member named '_EnableIfImpl' in 'std::_MetaBase<false>'
[4.115s]     basic_string& operator=(const _Tp& __t)
[4.115s]                   ^
[4.115s] /Applications/Xcode.app/Contents/Developer/Platforms/MacOSX.platform/Developer/SDKs/MacOSX12.3.sdk/usr/include/c++/v1/string:913:19: note: candidate function not viable: 'this' argument has type 'const message::msg::Message_<std::allocator<void>>::_event_type' (aka 'const basic_string<char, char_traits<char>, allocator<char>>'), but method is not marked const
[4.115s]     basic_string& operator=(basic_string&& __str)
[4.115s]                   ^
[4.116s] /Applications/Xcode.app/Contents/Developer/Platforms/MacOSX.platform/Developer/SDKs/MacOSX12.3.sdk/usr/include/c++/v1/string:916:19: note: candidate function not viable: 'this' argument has type 'const message::msg::Message_<std::allocator<void>>::_event_type' (aka 'const basic_string<char, char_traits<char>, allocator<char>>'), but method is not marked const
[4.116s]     basic_string& operator=(initializer_list<value_type> __il) {return assign(__il.begin(), __il.size());}
[4.116s]                   ^
[4.116s] /Applications/Xcode.app/Contents/Developer/Platforms/MacOSX.platform/Developer/SDKs/MacOSX12.3.sdk/usr/include/c++/v1/string:918:45: note: candidate function not viable: 'this' argument has type 'const message::msg::Message_<std::allocator<void>>::_event_type' (aka 'const basic_string<char, char_traits<char>, allocator<char>>'), but method is not marked const
[4.116s]     _LIBCPP_INLINE_VISIBILITY basic_string& operator=(const value_type* __s) {return assign(__s);}
[4.117s]                                             ^
[4.117s] /Applications/Xcode.app/Contents/Developer/Platforms/MacOSX.platform/Developer/SDKs/MacOSX12.3.sdk/usr/include/c++/v1/string:922:19: note: candidate function not viable: 'this' argument has type 'const message::msg::Message_<std::allocator<void>>::_event_type' (aka 'const basic_string<char, char_traits<char>, allocator<char>>'), but method is not marked const
[4.117s]     basic_string& operator=(value_type __c);
[4.117s]                   ^
[4.117s] In file included from /Users/brodie/ros2_truckplatoon/src/truck/src/src/Communication.cpp:1:
[4.118s] In file included from /Users/brodie/ros2_truckplatoon/src/truck/src/src/Communication.hpp:3:
[4.118s] In file included from /Users/brodie/ros2_truckplatoon/src/truck/src/src/Truck.hpp:6:
[4.118s] /Users/brodie/ros2_truckplatoon/src/truck/src/src/NodePublisher.hpp:36:36: error: expected ';' after expression
[4.118s]   message.event = "PlatoonNotFound"
[4.118s]                                    ^
[4.118s]                                    ;
[4.119s] /Users/brodie/ros2_truckplatoon/src/truck/src/src/NodePublisher.hpp:37:15: error: cannot initialize object parameter of type 'const rclcpp::Node' with an expression of type 'Publisher'
[4.119s]   RCLCPP_INFO(this->get_logger(), "Publishing: '%d'", message.sender_position);    // CHANGE
[4.119s]               ^~~~
[4.119s] /Users/brodie/ros2_foxy/ros2-osx/include/rclcpp/logging.hpp:538:86: note: expanded from macro 'RCLCPP_INFO'
[4.119s]       ::std::is_same<typename std::remove_cv<typename std::remove_reference<decltype(logger)>::type>::type, \
[4.119s]                                                                                      ^~~~~~
[4.120s] In file included from /Users/brodie/ros2_truckplatoon/src/truck/src/src/Communication.cpp:1:
[4.120s] In file included from /Users/brodie/ros2_truckplatoon/src/truck/src/src/Communication.hpp:3:
[4.120s] In file included from /Users/brodie/ros2_truckplatoon/src/truck/src/src/Truck.hpp:6:
[4.120s] /Users/brodie/ros2_truckplatoon/src/truck/src/src/NodePublisher.hpp:37:15: error: cannot initialize object parameter of type 'const rclcpp::Node' with an expression of type 'Publisher'
[4.120s]   RCLCPP_INFO(this->get_logger(), "Publishing: '%d'", message.sender_position);    // CHANGE
[4.121s]               ^~~~
[4.121s] /Users/brodie/ros2_foxy/ros2-osx/include/rclcpp/logging.hpp:543:7: note: expanded from macro 'RCLCPP_INFO'
[4.121s]       logger.get_name(), \
[4.121s]       ^~~~~~
[4.121s] /Users/brodie/ros2_foxy/ros2-osx/include/rcutils/logging_macros.h:502:63: note: expanded from macro 'RCUTILS_LOG_INFO_NAMED'
[4.121s]     RCUTILS_LOG_CONDITION_EMPTY, RCUTILS_LOG_CONDITION_EMPTY, name, \
[4.122s]                                                               ^~~~
[4.122s] /Users/brodie/ros2_foxy/ros2-osx/include/rcutils/logging_macros.h:70:47: note: expanded from macro 'RCUTILS_LOG_COND_NAMED'
[4.122s]     if (rcutils_logging_logger_is_enabled_for(name, severity)) { \
[4.123s]                                               ^~~~
[4.123s] In file included from /Users/brodie/ros2_truckplatoon/src/truck/src/src/Communication.cpp:1:
[4.123s] In file included from /Users/brodie/ros2_truckplatoon/src/truck/src/src/Communication.hpp:3:
[4.124s] In file included from /Users/brodie/ros2_truckplatoon/src/truck/src/src/Truck.hpp:6:
[4.124s] /Users/brodie/ros2_truckplatoon/src/truck/src/src/NodePublisher.hpp:37:15: error: cannot initialize object parameter of type 'const rclcpp::Node' with an expression of type 'Publisher'
[4.124s]   RCLCPP_INFO(this->get_logger(), "Publishing: '%d'", message.sender_position);    // CHANGE
[4.125s]               ^~~~
[4.125s] /Users/brodie/ros2_foxy/ros2-osx/include/rclcpp/logging.hpp:543:7: note: expanded from macro 'RCLCPP_INFO'
[4.125s]       logger.get_name(), \
[4.126s]       ^~~~~~
[4.126s] /Users/brodie/ros2_foxy/ros2-osx/include/rcutils/logging_macros.h:502:63: note: expanded from macro 'RCUTILS_LOG_INFO_NAMED'
[4.126s]     RCUTILS_LOG_CONDITION_EMPTY, RCUTILS_LOG_CONDITION_EMPTY, name, \
[4.127s]                                                               ^~~~
[4.127s] /Users/brodie/ros2_foxy/ros2-osx/include/rcutils/logging_macros.h:72:58: note: expanded from macro 'RCUTILS_LOG_COND_NAMED'
[4.128s]       rcutils_log(&__rcutils_logging_location, severity, name, __VA_ARGS__); \
[4.128s]                                                          ^~~~
[4.128s] In file included from /Users/brodie/ros2_truckplatoon/src/truck/src/src/Truck.cpp:1:
[4.129s] In file included from /Users/brodie/ros2_truckplatoon/src/truck/src/src/Truck.hpp:6:
[4.129s] /Users/brodie/ros2_truckplatoon/src/truck/src/src/NodePublisher.hpp:44:57: error: no member named 'Num' in namespace 'message::msg'
[4.129s]   std::map<std::string, rclcpp::Publisher<message::msg::Num>::SharedPtr> publishers_;
[4.130s]                                           ~~~~~~~~~~~~~~^
[4.130s] /Users/brodie/ros2_truckplatoon/src/truck/src/src/NodePublisher.hpp:18:32: error: member initializer 'count_' does not name a non-static data member or base class
[4.130s]   : Node("minimal_publisher"), count_(0)
[4.131s]                                ^~~~~~~~~
[4.131s] /Users/brodie/ros2_truckplatoon/src/truck/src/src/NodePublisher.hpp:26:34: error: no matching member function for call to 'create_publisher'
[4.131s]   publishers_[TopicName] = this->create_publisher<message::msg::Message>(TopicName, 10);
[4.132s]                            ~~~~~~^~~~~~~~~~~~~~~~~~~~~~~~~~~~~~~~~~~~~~~
[4.132s] /Users/brodie/ros2_foxy/ros2-osx/include/rclcpp/node_impl.hpp:71:7: note: candidate function template not viable: no known conversion from 'Publisher' to 'rclcpp::Node' for object argument
[4.133s] Node::create_publisher(
[4.133s]       ^
[4.133s] In file included from /Users/brodie/ros2_truckplatoon/src/truck/src/src/Truck.cpp:1:
[4.134s] In file included from /Users/brodie/ros2_truckplatoon/src/truck/src/src/Truck.hpp:6:
[4.134s] /Users/brodie/ros2_truckplatoon/src/truck/src/src/NodePublisher.hpp:32:27: error: cannot assign to variable 'message' with const-qualified type 'const message::msg::Message &' (aka 'const Message_<std::allocator<void>> &')
[4.134s]   message.sender_position = 0;
[4.135s]   ~~~~~~~~~~~~~~~~~~~~~~~ ^
[4.136s] /Users/brodie/ros2_truckplatoon/src/truck/src/src/NodePublisher.hpp:30:81: note: variable 'message' declared const here
[4.136s] void PublishMessage (const std::string& TopicName, const message::msg::Message& message)
[4.136s]                                                    ~~~~~~~~~~~~~~~~~~~~~~~~~~~~~^~~~~~~
[4.137s] /Users/brodie/ros2_truckplatoon/src/truck/src/src/NodePublisher.hpp:33:29: error: cannot assign to variable 'message' with const-qualified type 'const message::msg::Message &' (aka 'const Message_<std::allocator<void>> &')
[4.137s]   message.receiver_position = 0;
[4.137s]   ~~~~~~~~~~~~~~~~~~~~~~~~~ ^
[4.138s] /Users/brodie/ros2_truckplatoon/src/truck/src/src/NodePublisher.hpp:30:81: note: variable 'message' declared const here
[4.138s] void PublishMessage (const std::string& TopicName, const message::msg::Message& message)
[4.138s]                                                    ~~~~~~~~~~~~~~~~~~~~~~~~~~~~~^~~~~~~
[4.139s] /Users/brodie/ros2_truckplatoon/src/truck/src/src/NodePublisher.hpp:34:21: error: cannot assign to variable 'message' with const-qualified type 'const message::msg::Message &' (aka 'const Message_<std::allocator<void>> &')
[4.139s]   message.sender_id =0;
[4.139s]   ~~~~~~~~~~~~~~~~~ ^
[4.140s] /Users/brodie/ros2_truckplatoon/src/truck/src/src/NodePublisher.hpp:30:81: note: variable 'message' declared const here
[4.140s] void PublishMessage (const std::string& TopicName, const message::msg::Message& message)
[4.141s]                                                    ~~~~~~~~~~~~~~~~~~~~~~~~~~~~~^~~~~~~
[4.141s] /Users/brodie/ros2_truckplatoon/src/truck/src/src/NodePublisher.hpp:35:23: error: cannot assign to variable 'message' with const-qualified type 'const message::msg::Message &' (aka 'const Message_<std::allocator<void>> &')
[4.141s]   message.receiver_id = 0;
[4.141s]   ~~~~~~~~~~~~~~~~~~~ ^
[4.142s] /Users/brodie/ros2_truckplatoon/src/truck/src/src/NodePublisher.hpp:30:81: note: variable 'message' declared const here
[4.143s] void PublishMessage (const std::string& TopicName, const message::msg::Message& message)
[4.143s]                                                    ~~~~~~~~~~~~~~~~~~~~~~~~~~~~~^~~~~~~
[4.144s] /Users/brodie/ros2_truckplatoon/src/truck/src/src/NodePublisher.hpp:36:17: error: no viable overloaded '='
[4.144s]   message.event = "PlatoonNotFound"
[4.144s]   ~~~~~~~~~~~~~ ^ ~~~~~~~~~~~~~~~~~
[4.145s] /Applications/Xcode.app/Contents/Developer/Platforms/MacOSX.platform/Developer/SDKs/MacOSX12.3.sdk/usr/include/c++/v1/string:905:19: note: candidate function not viable: 'this' argument has type 'const message::msg::Message_<std::allocator<void>>::_event_type' (aka 'const basic_string<char, char_traits<char>, allocator<char>>'), but method is not marked const
[4.145s]     basic_string& operator=(const basic_string& __str);
[4.145s]                   ^
[4.146s] /Applications/Xcode.app/Contents/Developer/Platforms/MacOSX.platform/Developer/SDKs/MacOSX12.3.sdk/usr/include/c++/v1/string:908:19: note: candidate template ignored: substitution failure [with _Tp = char[16]]: no member named '_EnableIfImpl' in 'std::_MetaBase<false>'
[4.146s]     basic_string& operator=(const _Tp& __t)
[4.146s]                   ^
[4.147s] /Applications/Xcode.app/Contents/Developer/Platforms/MacOSX.platform/Developer/SDKs/MacOSX12.3.sdk/usr/include/c++/v1/string:913:19: note: candidate function not viable: 'this' argument has type 'const message::msg::Message_<std::allocator<void>>::_event_type' (aka 'const basic_string<char, char_traits<char>, allocator<char>>'), but method is not marked const
[4.147s]     basic_string& operator=(basic_string&& __str)
[4.147s]                   ^
[4.148s] /Applications/Xcode.app/Contents/Developer/Platforms/MacOSX.platform/Developer/SDKs/MacOSX12.3.sdk/usr/include/c++/v1/string:916:19: note: candidate function not viable: 'this' argument has type 'const message::msg::Message_<std::allocator<void>>::_event_type' (aka 'const basic_string<char, char_traits<char>, allocator<char>>'), but method is not marked const
[4.148s]     basic_string& operator=(initializer_list<value_type> __il) {return assign(__il.begin(), __il.size());}
[4.148s]                   ^
[4.149s] /Applications/Xcode.app/Contents/Developer/Platforms/MacOSX.platform/Developer/SDKs/MacOSX12.3.sdk/usr/include/c++/v1/string:918:45: note: candidate function not viable: 'this' argument has type 'const message::msg::Message_<std::allocator<void>>::_event_type' (aka 'const basic_string<char, char_traits<char>, allocator<char>>'), but method is not marked const
[4.149s]     _LIBCPP_INLINE_VISIBILITY basic_string& operator=(const value_type* __s) {return assign(__s);}
[4.149s]                                             ^
[4.150s] /Applications/Xcode.app/Contents/Developer/Platforms/MacOSX.platform/Developer/SDKs/MacOSX12.3.sdk/usr/include/c++/v1/string:922:19: note: candidate function not viable: 'this' argument has type 'const message::msg::Message_<std::allocator<void>>::_event_type' (aka 'const basic_string<char, char_traits<char>, allocator<char>>'), but method is not marked const
[4.150s]     basic_string& operator=(value_type __c);
[4.150s]                   ^
[4.151s] In file included from /Users/brodie/ros2_truckplatoon/src/truck/src/src/Truck.cpp:1:
[4.151s] In file included from /Users/brodie/ros2_truckplatoon/src/truck/src/src/Truck.hpp:6:
[4.151s] /Users/brodie/ros2_truckplatoon/src/truck/src/src/NodePublisher.hpp:36:36: error: expected ';' after expression
[4.151s]   message.event = "PlatoonNotFound"
[4.152s]                                    ^
[4.152s]                                    ;
[4.152s] /Users/brodie/ros2_truckplatoon/src/truck/src/src/NodePublisher.hpp:37:15: error: cannot initialize object parameter of type 'const rclcpp::Node' with an expression of type 'Publisher'
[4.153s]   RCLCPP_INFO(this->get_logger(), "Publishing: '%d'", message.sender_position);    // CHANGE
[4.153s]               ^~~~
[4.153s] /Users/brodie/ros2_foxy/ros2-osx/include/rclcpp/logging.hpp:538:86: note: expanded from macro 'RCLCPP_INFO'
[4.154s]       ::std::is_same<typename std::remove_cv<typename std::remove_reference<decltype(logger)>::type>::type, \
[4.154s]                                                                                      ^~~~~~
[4.155s] In file included from /Users/brodie/ros2_truckplatoon/src/truck/src/src/Truck.cpp:1:
[4.155s] In file included from /Users/brodie/ros2_truckplatoon/src/truck/src/src/Truck.hpp:6:
[4.155s] /Users/brodie/ros2_truckplatoon/src/truck/src/src/NodePublisher.hpp:37:15: error: cannot initialize object parameter of type 'const rclcpp::Node' with an expression of type 'Publisher'
[4.156s]   RCLCPP_INFO(this->get_logger(), "Publishing: '%d'", message.sender_position);    // CHANGE
[4.156s]               ^~~~
[4.157s] /Users/brodie/ros2_foxy/ros2-osx/include/rclcpp/logging.hpp:543:7: note: expanded from macro 'RCLCPP_INFO'
[4.157s]       logger.get_name(), \
[4.157s]       ^~~~~~
[4.157s] /Users/brodie/ros2_foxy/ros2-osx/include/rcutils/logging_macros.h:502:63: note: expanded from macro 'RCUTILS_LOG_INFO_NAMED'
[4.157s]     RCUTILS_LOG_CONDITION_EMPTY, RCUTILS_LOG_CONDITION_EMPTY, name, \
[4.157s]                                                               ^~~~
[4.158s] /Users/brodie/ros2_foxy/ros2-osx/include/rcutils/logging_macros.h:70:47: note: expanded from macro 'RCUTILS_LOG_COND_NAMED'
[4.158s]     if (rcutils_logging_logger_is_enabled_for(name, severity)) { \
[4.158s]                                               ^~~~
[4.158s] In file included from /Users/brodie/ros2_truckplatoon/src/truck/src/src/Truck.cpp:1:
[4.158s] In file included from /Users/brodie/ros2_truckplatoon/src/truck/src/src/Truck.hpp:6:
[4.159s] /Users/brodie/ros2_truckplatoon/src/truck/src/src/NodePublisher.hpp:37:15: error: cannot initialize object parameter of type 'const rclcpp::Node' with an expression of type 'Publisher'
[4.159s]   RCLCPP_INFO(this->get_logger(), "Publishing: '%d'", message.sender_position);    // CHANGE
[4.159s]               ^~~~
[4.159s] /Users/brodie/ros2_foxy/ros2-osx/include/rclcpp/logging.hpp:543:7: note: expanded from macro 'RCLCPP_INFO'
[4.159s]       logger.get_name(), \
[4.159s]       ^~~~~~
[4.160s] /Users/brodie/ros2_foxy/ros2-osx/include/rcutils/logging_macros.h:502:63: note: expanded from macro 'RCUTILS_LOG_INFO_NAMED'
[4.160s]     RCUTILS_LOG_CONDITION_EMPTY, RCUTILS_LOG_CONDITION_EMPTY, name, \
[4.160s]                                                               ^~~~
[4.160s] /Users/brodie/ros2_foxy/ros2-osx/include/rcutils/logging_macros.h:72:58: note: expanded from macro 'RCUTILS_LOG_COND_NAMED'
[4.160s]       rcutils_log(&__rcutils_logging_location, severity, name, __VA_ARGS__); \
[4.161s]                                                          ^~~~
[4.161s] /Users/brodie/ros2_truckplatoon/src/truck/src/src/Truck.cpp:14:5: error: no matching function for call to 'spin'
[4.161s]     rclcpp::spin(_publisher);
[4.161s]     ^~~~~~~~~~~~
[4.161s] /Users/brodie/ros2_foxy/ros2-osx/include/rclcpp/executors.hpp:45:1: note: candidate function not viable: no known conversion from 'shared_ptr<Publisher>' to 'shared_ptr<rclcpp::node_interfaces::NodeBaseInterface>' for 1st argument
[4.162s] spin(rclcpp::node_interfaces::NodeBaseInterface::SharedPtr node_ptr);
[4.162s] ^
[4.162s] /Users/brodie/ros2_foxy/ros2-osx/include/rclcpp/executors.hpp:49:1: note: candidate function not viable: no known conversion from 'shared_ptr<Publisher>' to 'shared_ptr<rclcpp::Node>' for 1st argument
[4.163s] spin(rclcpp::Node::SharedPtr node_ptr);
[4.163s] ^
[4.787s] In file included from /Users/brodie/ros2_truckplatoon/src/truck/src/src/Leader.cpp:1:
[4.787s] In file included from /Users/brodie/ros2_truckplatoon/src/truck/src/src/Leader.hpp:4:
[4.788s] In file included from /Users/brodie/ros2_truckplatoon/src/truck/src/src/Truck.hpp:6:
[4.788s] /Users/brodie/ros2_truckplatoon/src/truck/src/src/NodePublisher.hpp:44:74: warning: private field 'publishers_' is not used [-Wunused-private-field]
[4.788s]   std::map<std::string, rclcpp::Publisher<message::msg::Num>::SharedPtr> publishers_;
[4.789s]                                                                          ^
[4.789s] 2 warnings and 12 errors generated.
[4.799s] In file included from /Users/brodie/ros2_truckplatoon/src/truck/src/truck.cpp:2:
[4.799s] In file included from /Users/brodie/ros2_truckplatoon/src/truck/src/Platoon.hpp:4:
[4.800s] In file included from /Users/brodie/ros2_truckplatoon/src/truck/src/src/Leader.hpp:4:
[4.800s] In file included from /Users/brodie/ros2_truckplatoon/src/truck/src/src/Truck.hpp:6:
[4.800s] /Users/brodie/ros2_truckplatoon/src/truck/src/src/NodePublisher.hpp:44:74: warning: private field 'publishers_' is not used [-Wunused-private-field]
[4.801s]   std::map<std::string, rclcpp::Publisher<message::msg::Num>::SharedPtr> publishers_;
[4.801s]                                                                          ^
[4.801s] In file included from /Users/brodie/ros2_truckplatoon/src/truck/src/truck.cpp:2:
[4.802s] In file included from /Users/brodie/ros2_truckplatoon/src/truck/src/Platoon.hpp:11:
[4.802s] /Users/brodie/ros2_truckplatoon/src/truck/src/src/DrivingEvent.hpp:9:15: warning: private field '_speed' is not used [-Wunused-private-field]
[4.802s]     speedType _speed;
[4.803s]               ^
[4.803s] /Users/brodie/ros2_truckplatoon/src/truck/src/src/DrivingEvent.hpp:10:23: warning: private field '_stearingAngle' is not used [-Wunused-private-field]
[4.803s]     stearingAngleType _stearingAngle;
[4.803s]                       ^
[4.803s] /Users/brodie/ros2_truckplatoon/src/truck/src/src/DrivingEvent.hpp:11:18: warning: private field '_distance' is not used [-Wunused-private-field]
[4.804s]     distanceType _distance;
[4.804s]                  ^
[4.804s] 6 warnings and 12 errors generated.
[4.816s] gmake[2]: *** [CMakeFiles/truck.dir/build.make:108: CMakeFiles/truck.dir/src/src/Leader.cpp.o] Error 1
[4.817s] gmake[2]: *** Waiting for unfinished jobs....
[4.822s] gmake[2]: *** [CMakeFiles/truck.dir/build.make:82: CMakeFiles/truck.dir/src/truck.cpp.o] Error 1
[4.825s] In file included from /Users/brodie/ros2_truckplatoon/src/truck/src/src/Communication.cpp:1:
[4.826s] In file included from /Users/brodie/ros2_truckplatoon/src/truck/src/src/Communication.hpp:3:
[4.826s] In file included from /Users/brodie/ros2_truckplatoon/src/truck/src/src/Truck.hpp:6:
[4.826s] /Users/brodie/ros2_truckplatoon/src/truck/src/src/NodePublisher.hpp:44:74: warning: private field 'publishers_' is not used [-Wunused-private-field]
[4.827s]   std::map<std::string, rclcpp::Publisher<message::msg::Num>::SharedPtr> publishers_;
[4.827s]                                                                          ^
[4.827s] 2 warnings and 12 errors generated.
[4.837s] In file included from /Users/brodie/ros2_truckplatoon/src/truck/src/src/Truck.cpp:1:
[4.838s] In file included from /Users/brodie/ros2_truckplatoon/src/truck/src/src/Truck.hpp:3:
[4.838s] In file included from /Users/brodie/ros2_truckplatoon/src/truck/src/src/utils/PlatoonTypes.hpp:5:
[4.839s] In file included from /Users/brodie/ros2_truckplatoon/src/truck/src/src/utils/Include.hpp:3:
[4.839s] In file included from /Applications/Xcode.app/Contents/Developer/Platforms/MacOSX.platform/Developer/SDKs/MacOSX12.3.sdk/usr/include/c++/v1/iostream:37:
[4.839s] In file included from /Applications/Xcode.app/Contents/Developer/Platforms/MacOSX.platform/Developer/SDKs/MacOSX12.3.sdk/usr/include/c++/v1/ios:214:
[4.840s] In file included from /Applications/Xcode.app/Contents/Developer/Platforms/MacOSX.platform/Developer/SDKs/MacOSX12.3.sdk/usr/include/c++/v1/__locale:15:
[4.840s] In file included from /Applications/Xcode.app/Contents/Developer/Platforms/MacOSX.platform/Developer/SDKs/MacOSX12.3.sdk/usr/include/c++/v1/string:522:
[4.840s] In file included from /Applications/Xcode.app/Contents/Developer/Platforms/MacOSX.platform/Developer/SDKs/MacOSX12.3.sdk/usr/include/c++/v1/algorithm:653:
[4.840s] In file included from /Applications/Xcode.app/Contents/Developer/Platforms/MacOSX.platform/Developer/SDKs/MacOSX12.3.sdk/usr/include/c++/v1/functional:500:
[4.840s] In file included from /Applications/Xcode.app/Contents/Developer/Platforms/MacOSX.platform/Developer/SDKs/MacOSX12.3.sdk/usr/include/c++/v1/__functional/function.h:19:
[4.841s] /Applications/Xcode.app/Contents/Developer/Platforms/MacOSX.platform/Developer/SDKs/MacOSX12.3.sdk/usr/include/c++/v1/__memory/compressed_pair.h:171:12: error: static_cast from 'std::__compressed_pair<std::allocator<Publisher>, Publisher> *' to 'std::__compressed_pair<std::allocator<Publisher>, Publisher>::_Base1 *' (aka '__compressed_pair_elem<std::allocator<Publisher>, 0> *'), which are not related by inheritance, is not allowed
[4.841s]     return static_cast<_Base1*>(__pair);
[4.841s]            ^~~~~~~~~~~~~~~~~~~~~~~~~~~~
[4.841s] /Applications/Xcode.app/Contents/Developer/Platforms/MacOSX.platform/Developer/SDKs/MacOSX12.3.sdk/usr/include/c++/v1/__memory/shared_ptr.h:348:74: note: in instantiation of member function 'std::__compressed_pair<std::allocator<Publisher>, Publisher>::__get_first_base' requested here
[4.842s]             typename _CompressedPair::_Base1* __first = _CompressedPair::__get_first_base(__as_pair);
[4.842s]                                                                          ^
[4.842s] /Applications/Xcode.app/Contents/Developer/Platforms/MacOSX.platform/Developer/SDKs/MacOSX12.3.sdk/usr/include/c++/v1/__memory/shared_ptr.h:341:27: note: in instantiation of member function 'std::__shared_ptr_emplace<Publisher, std::allocator<Publisher>>::_Storage::__get_alloc' requested here
[4.843s]             ::new ((void*)__get_alloc()) _Alloc(_VSTD::move(__a));
[4.843s]                           ^
[4.843s] /Applications/Xcode.app/Contents/Developer/Platforms/MacOSX.platform/Developer/SDKs/MacOSX12.3.sdk/usr/include/c++/v1/__memory/shared_ptr.h:291:11: note: in instantiation of member function 'std::__shared_ptr_emplace<Publisher, std::allocator<Publisher>>::_Storage::_Storage' requested here
[4.844s]         : __storage_(_VSTD::move(__a))
[4.844s]           ^
[4.844s] /Applications/Xcode.app/Contents/Developer/Platforms/MacOSX.platform/Developer/SDKs/MacOSX12.3.sdk/usr/include/c++/v1/__memory/shared_ptr.h:1106:55: note: in instantiation of function template specialization 'std::__shared_ptr_emplace<Publisher, std::allocator<Publisher>>::__shared_ptr_emplace<>' requested here
[4.844s]     ::new ((void*)_VSTD::addressof(*__guard.__get())) _ControlBlock(__a, _VSTD::forward<_Args>(__args)...);
[4.844s]                                                       ^
[4.845s] /Applications/Xcode.app/Contents/Developer/Platforms/MacOSX.platform/Developer/SDKs/MacOSX12.3.sdk/usr/include/c++/v1/__memory/shared_ptr.h:1115:19: note: in instantiation of function template specialization 'std::allocate_shared<Publisher, std::allocator<Publisher>, void>' requested here
[4.845s]     return _VSTD::allocate_shared<_Tp>(allocator<_Tp>(), _VSTD::forward<_Args>(__args)...);
[4.845s]                   ^
[4.845s] /Users/brodie/ros2_truckplatoon/src/truck/src/src/Truck.cpp:13:30: note: in instantiation of function template specialization 'std::make_shared<Publisher, void>' requested here
[4.846s]     this ->_publisher = std::make_shared<Publisher>();
[4.846s]                              ^
[4.846s] In file included from /Users/brodie/ros2_truckplatoon/src/truck/src/src/Truck.cpp:1:
[4.846s] In file included from /Users/brodie/ros2_truckplatoon/src/truck/src/src/Truck.hpp:3:
[4.847s] In file included from /Users/brodie/ros2_truckplatoon/src/truck/src/src/utils/PlatoonTypes.hpp:5:
[4.847s] In file included from /Users/brodie/ros2_truckplatoon/src/truck/src/src/utils/Include.hpp:3:
[4.847s] In file included from /Applications/Xcode.app/Contents/Developer/Platforms/MacOSX.platform/Developer/SDKs/MacOSX12.3.sdk/usr/include/c++/v1/iostream:37:
[4.847s] In file included from /Applications/Xcode.app/Contents/Developer/Platforms/MacOSX.platform/Developer/SDKs/MacOSX12.3.sdk/usr/include/c++/v1/ios:214:
[4.847s] In file included from /Applications/Xcode.app/Contents/Developer/Platforms/MacOSX.platform/Developer/SDKs/MacOSX12.3.sdk/usr/include/c++/v1/__locale:15:
[4.848s] In file included from /Applications/Xcode.app/Contents/Developer/Platforms/MacOSX.platform/Developer/SDKs/MacOSX12.3.sdk/usr/include/c++/v1/string:522:
[4.848s] In file included from /Applications/Xcode.app/Contents/Developer/Platforms/MacOSX.platform/Developer/SDKs/MacOSX12.3.sdk/usr/include/c++/v1/algorithm:653:
[4.848s] In file included from /Applications/Xcode.app/Contents/Developer/Platforms/MacOSX.platform/Developer/SDKs/MacOSX12.3.sdk/usr/include/c++/v1/functional:500:
[4.848s] In file included from /Applications/Xcode.app/Contents/Developer/Platforms/MacOSX.platform/Developer/SDKs/MacOSX12.3.sdk/usr/include/c++/v1/__functional/function.h:19:
[4.848s] /Applications/Xcode.app/Contents/Developer/Platforms/MacOSX.platform/Developer/SDKs/MacOSX12.3.sdk/usr/include/c++/v1/__memory/compressed_pair.h:175:12: error: static_cast from 'std::__compressed_pair<std::allocator<Publisher>, Publisher> *' to 'std::__compressed_pair<std::allocator<Publisher>, Publisher>::_Base2 *' (aka '__compressed_pair_elem<Publisher, 1> *'), which are not related by inheritance, is not allowed
[4.849s]     return static_cast<_Base2*>(__pair);
[4.849s]            ^~~~~~~~~~~~~~~~~~~~~~~~~~~~
[4.849s] /Applications/Xcode.app/Contents/Developer/Platforms/MacOSX.platform/Developer/SDKs/MacOSX12.3.sdk/usr/include/c++/v1/__memory/shared_ptr.h:354:75: note: in instantiation of member function 'std::__compressed_pair<std::allocator<Publisher>, Publisher>::__get_second_base' requested here
[4.849s]             typename _CompressedPair::_Base2* __second = _CompressedPair::__get_second_base(__as_pair);
[4.849s]                                                                           ^
[4.849s] /Applications/Xcode.app/Contents/Developer/Platforms/MacOSX.platform/Developer/SDKs/MacOSX12.3.sdk/usr/include/c++/v1/__memory/shared_ptr.h:306:53: note: in instantiation of member function 'std::__shared_ptr_emplace<Publisher, std::allocator<Publisher>>::_Storage::__get_elem' requested here
[4.850s]     _Tp* __get_elem() _NOEXCEPT { return __storage_.__get_elem(); }
[4.850s]                                                     ^
[4.850s] /Applications/Xcode.app/Contents/Developer/Platforms/MacOSX.platform/Developer/SDKs/MacOSX12.3.sdk/usr/include/c++/v1/__memory/shared_ptr.h:1108:76: note: in instantiation of member function 'std::__shared_ptr_emplace<Publisher, std::allocator<Publisher>>::__get_elem' requested here
[4.850s]     return shared_ptr<_Tp>::__create_with_control_block((*__control_block).__get_elem(), _VSTD::addressof(*__control_block));
[4.850s]                                                                            ^
[4.851s] /Applications/Xcode.app/Contents/Developer/Platforms/MacOSX.platform/Developer/SDKs/MacOSX12.3.sdk/usr/include/c++/v1/__memory/shared_ptr.h:1115:19: note: in instantiation of function template specialization 'std::allocate_shared<Publisher, std::allocator<Publisher>, void>' requested here
[4.851s]     return _VSTD::allocate_shared<_Tp>(allocator<_Tp>(), _VSTD::forward<_Args>(__args)...);
[4.851s]                   ^
[4.851s] /Users/brodie/ros2_truckplatoon/src/truck/src/src/Truck.cpp:13:30: note: in instantiation of function template specialization 'std::make_shared<Publisher, void>' requested here
[4.851s]     this ->_publisher = std::make_shared<Publisher>();
[4.851s]                              ^
[4.852s] gmake[2]: *** [CMakeFiles/truck.dir/build.make:121: CMakeFiles/truck.dir/src/src/Communication.cpp.o] Error 1
[4.886s] In file included from /Users/brodie/ros2_truckplatoon/src/truck/src/src/Truck.cpp:1:
[4.887s] In file included from /Users/brodie/ros2_truckplatoon/src/truck/src/src/Truck.hpp:6:
[4.887s] /Users/brodie/ros2_truckplatoon/src/truck/src/src/NodePublisher.hpp:44:74: warning: private field 'publishers_' is not used [-Wunused-private-field]
[4.887s]   std::map<std::string, rclcpp::Publisher<message::msg::Num>::SharedPtr> publishers_;
[4.887s]                                                                          ^
[4.888s] 2 warnings and 15 errors generated.
[4.905s] gmake[2]: *** [CMakeFiles/truck.dir/build.make:95: CMakeFiles/truck.dir/src/src/Truck.cpp.o] Error 1
[4.906s] gmake[1]: *** [CMakeFiles/Makefile2:97: CMakeFiles/truck.dir/all] Error 2
[4.906s] gmake: *** [Makefile:160: all] Error 2
[4.909s] Invoked command in '/Users/brodie/ros2_truckplatoon/build/truck' returned '2': CMAKE_PREFIX_PATH=${CMAKE_PREFIX_PATH}:/Users/brodie/my_workspace/install/my_package SHLVL=2 _=/usr/bin/env /usr/local/bin/cmake --build /Users/brodie/ros2_truckplatoon/build/truck -- -j8 -l8
