[0.096s] Invoking command in '/Users/brodie/ros2_truckplatoon/build/truck': CMAKE_PREFIX_PATH=${CMAKE_PREFIX_PATH}:/Users/brodie/my_workspace/install/my_package SHLVL=2 _=/usr/bin/env /usr/local/bin/cmake --build /Users/brodie/ros2_truckplatoon/build/truck -- -j8 -l8
[0.182s] -- Found ament_cmake: 0.9.9 (/Users/brodie/ros2_foxy/ros2-osx/share/ament_cmake/cmake)
[0.257s] -- Using PYTHON_EXECUTABLE: /Library/Frameworks/Python.framework/Versions/3.9/bin/python3
[0.911s] -- Found ament_lint_auto: 0.9.6 (/Users/brodie/ros2_foxy/ros2-osx/share/ament_lint_auto/cmake)
[1.083s] -- Added test 'copyright' to check source files copyright and LICENSE
[1.089s] -- Added test 'cppcheck' to perform static code analysis on C / C++ code
[1.090s] -- Configured cppcheck include dirs: $<BUILD_INTERFACE:/Users/brodie/ros2_truckplatoon/src/truck/include>
[1.091s] -- Configured cppcheck exclude dirs and/or files: 
[1.097s] -- Added test 'cpplint' to check C / C++ code against the Google style
[1.097s] -- Configured cpplint exclude dirs and/or files: 
[1.101s] -- Added test 'lint_cmake' to check CMake code style
[1.108s] -- Added test 'uncrustify' to check C / C++ code style
[1.108s] -- Configured uncrustify additional arguments: 
[1.110s] -- Added test 'xmllint' to check XML markup files
[1.115s] -- Configuring done
[1.152s] -- Generating done
[1.160s] -- Build files have been written to: /Users/brodie/ros2_truckplatoon/build/truck
[1.214s] Scanning dependencies of target truck
[1.239s] [ 16%] Building CXX object CMakeFiles/truck.dir/src/src/Truck.cpp.o
[1.240s] [ 33%] Building CXX object CMakeFiles/truck.dir/src/truck.cpp.o
[1.241s] [ 66%] Building CXX object CMakeFiles/truck.dir/src/src/Leader.cpp.o
[1.241s] [ 66%] Building CXX object CMakeFiles/truck.dir/src/src/Communication.cpp.o
[2.260s] In file included from /Users/brodie/ros2_truckplatoon/src/truck/src/truck.cpp:2:
[2.260s] In file included from /Users/brodie/ros2_truckplatoon/src/truck/src/Platoon.hpp:4:
[2.261s] In file included from /Users/brodie/ros2_truckplatoon/src/truck/src/src/Leader.hpp:4:
[2.261s] /Users/brodie/ros2_truckplatoon/src/truck/src/src/Truck.hpp:4:10: warning: non-portable path to file '"utils/include.hpp"'; specified path differs in case from file name on disk [-Wnonportable-include-path]
[2.261s] #include "utils/Include.hpp"
[2.261s]          ^~~~~~~~~~~~~~~~~~~
[2.262s]          "utils/include.hpp"
[2.262s] /Users/brodie/ros2_truckplatoon/src/truck/src/src/Truck.hpp:9:10: fatal error: 'ros/master.h' file not found
[2.262s] #include <ros/master.h>
[2.262s]          ^~~~~~~~~~~~~~
[2.266s] 1 warning and 1 error generated.
[2.269s] In file included from /Users/brodie/ros2_truckplatoon/src/truck/src/src/Communication.cpp:1:
[2.270s] In file included from /Users/brodie/ros2_truckplatoon/src/truck/src/src/Communication.hpp:3:
[2.270s] /Users/brodie/ros2_truckplatoon/src/truck/src/src/Truck.hpp:4:10: warning: non-portable path to file '"utils/include.hpp"'; specified path differs in case from file name on disk [-Wnonportable-include-path]
[2.270s] #include "utils/Include.hpp"
[2.270s]          ^~~~~~~~~~~~~~~~~~~
[2.271s]          "utils/include.hpp"
[2.271s] /Users/brodie/ros2_truckplatoon/src/truck/src/src/Truck.hpp:9:10: fatal error: 'ros/master.h' file not found
[2.271s] #include <ros/master.h>
[2.272s]          ^~~~~~~~~~~~~~
[2.272s] 1 warning and 1 error generated.
[2.277s] gmake[2]: *** [CMakeFiles/truck.dir/build.make:82: CMakeFiles/truck.dir/src/truck.cpp.o] Error 1
[2.278s] gmake[2]: *** Waiting for unfinished jobs....
[2.282s] gmake[2]: *** [CMakeFiles/truck.dir/build.make:121: CMakeFiles/truck.dir/src/src/Communication.cpp.o] Error 1
[2.294s] In file included from /Users/brodie/ros2_truckplatoon/src/truck/src/src/Leader.cpp:1:
[2.294s] In file included from /Users/brodie/ros2_truckplatoon/src/truck/src/src/Leader.hpp:4:
[2.294s] /Users/brodie/ros2_truckplatoon/src/truck/src/src/Truck.hpp:4:10: warning: non-portable path to file '"utils/include.hpp"'; specified path differs in case from file name on disk [-Wnonportable-include-path]
[2.295s] #include "utils/Include.hpp"
[2.295s]          ^~~~~~~~~~~~~~~~~~~
[2.296s]          "utils/include.hpp"
[2.296s] /Users/brodie/ros2_truckplatoon/src/truck/src/src/Truck.hpp:9:10: fatal error: 'ros/master.h' file not found
[2.296s] #include <ros/master.h>
[2.296s]          ^~~~~~~~~~~~~~
[2.297s] In file included from /Users/brodie/ros2_truckplatoon/src/truck/src/src/Truck.cpp:1:
[2.297s] /Users/brodie/ros2_truckplatoon/src/truck/src/src/Truck.hpp:4:10: warning: non-portable path to file '"utils/include.hpp"'; specified path differs in case from file name on disk [-Wnonportable-include-path]
[2.297s] #include "utils/Include.hpp"
[2.297s]          ^~~~~~~~~~~~~~~~~~~
[2.298s]          "utils/include.hpp"
[2.298s] 1 warning and 1 error generated.
[2.298s] /Users/brodie/ros2_truckplatoon/src/truck/src/src/Truck.hpp:9:10: fatal error: 'ros/master.h' file not found
[2.298s] #include <ros/master.h>
[2.298s]          ^~~~~~~~~~~~~~
[2.305s] 1 warning and 1 error generated.
[2.305s] gmake[2]: *** [CMakeFiles/truck.dir/build.make:108: CMakeFiles/truck.dir/src/src/Leader.cpp.o] Error 1
[2.312s] gmake[2]: *** [CMakeFiles/truck.dir/build.make:95: CMakeFiles/truck.dir/src/src/Truck.cpp.o] Error 1
[2.313s] gmake[1]: *** [CMakeFiles/Makefile2:97: CMakeFiles/truck.dir/all] Error 2
[2.313s] gmake: *** [Makefile:160: all] Error 2
[2.315s] Invoked command in '/Users/brodie/ros2_truckplatoon/build/truck' returned '2': CMAKE_PREFIX_PATH=${CMAKE_PREFIX_PATH}:/Users/brodie/my_workspace/install/my_package SHLVL=2 _=/usr/bin/env /usr/local/bin/cmake --build /Users/brodie/ros2_truckplatoon/build/truck -- -j8 -l8
