[0.051s] Invoking command in '/Users/brodie/ros2_truckplatoon/build/truck': CMAKE_PREFIX_PATH=${CMAKE_PREFIX_PATH}:/Users/brodie/my_workspace/install/my_package SHLVL=2 _=/usr/bin/env /usr/local/bin/cmake --build /Users/brodie/ros2_truckplatoon/build/truck -- -j8 -l8
[0.159s] Scanning dependencies of target truck
[0.193s] [ 16%] Building CXX object CMakeFiles/truck.dir/src/truck.cpp.o
[0.194s] [ 33%] Building CXX object CMakeFiles/truck.dir/src/src/Leader.cpp.o
[0.197s] [ 66%] Building CXX object CMakeFiles/truck.dir/src/src/Communication.cpp.o
[0.197s] [ 50%] Building CXX object CMakeFiles/truck.dir/src/src/Truck.cpp.o
[0.981s] In file included from /Users/brodie/ros2_truckplatoon/src/truck/src/truck.cpp:2:
[0.982s] In file included from /Users/brodie/ros2_truckplatoon/src/truck/src/Platoon.hpp:4:
[0.982s] In file included from /Users/brodie/ros2_truckplatoon/src/truck/src/src/Leader.hpp:4:
[0.982s] /Users/brodie/ros2_truckplatoon/src/truck/src/src/Truck.hpp:4:10: warning: non-portable path to file '"utils/include.hpp"'; specified path differs in case from file name on disk [-Wnonportable-include-path]
[0.982s] #include "utils/Include.hpp"
[0.982s]          ^~~~~~~~~~~~~~~~~~~
[0.983s]          "utils/include.hpp"
[0.983s] In file included from /Users/brodie/ros2_truckplatoon/src/truck/src/src/Leader.cpp:1:
[0.983s] In file included from /Users/brodie/ros2_truckplatoon/src/truck/src/src/Leader.hpp:4:
[0.983s] /Users/brodie/ros2_truckplatoon/src/truck/src/src/Truck.hpp:4:10: warning: non-portable path to file '"utils/include.hpp"'; specified path differs in case from file name on disk [-Wnonportable-include-path]
[0.983s] #include "utils/Include.hpp"
[0.983s]          ^~~~~~~~~~~~~~~~~~~
[0.984s]          "utils/include.hpp"
[0.986s] In file included from /Users/brodie/ros2_truckplatoon/src/truck/src/src/Truck.cpp:1:
[0.986s] /Users/brodie/ros2_truckplatoon/src/truck/src/src/Truck.hpp:4:10: warning: non-portable path to file '"utils/include.hpp"'; specified path differs in case from file name on disk [-Wnonportable-include-path]
[0.986s] #include "utils/Include.hpp"
[0.986s]          ^~~~~~~~~~~~~~~~~~~
[0.986s]          "utils/include.hpp"
[0.986s] In file included from /Users/brodie/ros2_truckplatoon/src/truck/src/src/Communication.cpp:1:
[0.987s] In file included from /Users/brodie/ros2_truckplatoon/src/truck/src/src/Communication.hpp:3:
[0.987s] /Users/brodie/ros2_truckplatoon/src/truck/src/src/Truck.hpp:4:10: warning: non-portable path to file '"utils/include.hpp"'; specified path differs in case from file name on disk [-Wnonportable-include-path]
[0.987s] #include "utils/Include.hpp"
[0.987s]          ^~~~~~~~~~~~~~~~~~~
[0.987s]          "utils/include.hpp"
[1.841s] In file included from /Users/brodie/ros2_truckplatoon/src/truck/src/src/Truck.cpp:1:
[1.841s] In file included from /Users/brodie/ros2_truckplatoon/src/truck/src/src/Truck.hpp:6:
[1.841s] /Users/brodie/ros2_truckplatoon/src/truck/src/src/NodePublisher.hpp:43:17: error: use of undeclared identifier 'TopicName'
[1.841s]     publishers_[TopicName]->publish(message);
[1.841s]                 ^
[1.842s] In file included from /Users/brodie/ros2_truckplatoon/src/truck/src/src/Communication.cpp:1:
[1.842s] In file included from /Users/brodie/ros2_truckplatoon/src/truck/src/src/Communication.hpp:3:
[1.842s] In file included from /Users/brodie/ros2_truckplatoon/src/truck/src/src/Truck.hpp:6:
[1.842s] /Users/brodie/ros2_truckplatoon/src/truck/src/src/NodePublisher.hpp:43:17: error: use of undeclared identifier 'TopicName'
[1.842s]     publishers_[TopicName]->publish(message);
[1.842s]                 ^
[1.843s] In file included from /Users/brodie/ros2_truckplatoon/src/truck/src/src/Leader.cpp:1:
[1.843s] In file included from /Users/brodie/ros2_truckplatoon/src/truck/src/src/Leader.hpp:4:
[1.843s] In file included from /Users/brodie/ros2_truckplatoon/src/truck/src/src/Truck.hpp:6:
[1.843s] /Users/brodie/ros2_truckplatoon/src/truck/src/src/NodePublisher.hpp:43:17: error: use of undeclared identifier 'TopicName'
[1.843s]     publishers_[TopicName]->publish(message);
[1.844s]                 ^
[1.844s] In file included from /Users/brodie/ros2_truckplatoon/src/truck/src/truck.cpp:2:
[1.844s] In file included from /Users/brodie/ros2_truckplatoon/src/truck/src/Platoon.hpp:4:
[1.844s] In file included from /Users/brodie/ros2_truckplatoon/src/truck/src/src/Leader.hpp:4:
[1.844s] In file included from /Users/brodie/ros2_truckplatoon/src/truck/src/src/Truck.hpp:6:
[1.844s] /Users/brodie/ros2_truckplatoon/src/truck/src/src/NodePublisher.hpp:43:17: error: use of undeclared identifier 'TopicName'
[1.845s]     publishers_[TopicName]->publish(message);
[1.845s]                 ^
[1.845s] In file included from /Users/brodie/ros2_truckplatoon/src/truck/src/truck.cpp:2:
[1.845s] /Users/brodie/ros2_truckplatoon/src/truck/src/Platoon.hpp:8:10: warning: non-portable path to file '"src/utils/include.hpp"'; specified path differs in case from file name on disk [-Wnonportable-include-path]
[1.845s] #include "src/utils/Include.hpp"
[1.845s]          ^~~~~~~~~~~~~~~~~~~~~~~
[1.846s]          "src/utils/include.hpp"
[2.293s] In file included from /Users/brodie/ros2_truckplatoon/src/truck/src/src/Communication.cpp:1:
[2.293s] In file included from /Users/brodie/ros2_truckplatoon/src/truck/src/src/Communication.hpp:3:
[2.294s] In file included from /Users/brodie/ros2_truckplatoon/src/truck/src/src/Truck.hpp:6:
[2.294s] In file included from /Users/brodie/ros2_truckplatoon/src/truck/src/src/NodePublisher.hpp:7:
[2.294s] In file included from /Users/brodie/ros2_foxy/ros2-osx/include/rclcpp/rclcpp.hpp:146:
[2.295s] In file included from /Users/brodie/ros2_foxy/ros2-osx/include/rclcpp/executors.hpp:21:
[2.295s] In file included from /Users/brodie/ros2_foxy/ros2-osx/include/rclcpp/executors/multi_threaded_executor.hpp:26:
[2.295s] In file included from /Users/brodie/ros2_foxy/ros2-osx/include/rclcpp/executor.hpp:33:
[2.295s] In file included from /Users/brodie/ros2_foxy/ros2-osx/include/rclcpp/executor_options.hpp:20:
[2.295s] In file included from /Users/brodie/ros2_foxy/ros2-osx/include/rclcpp/memory_strategies.hpp:18:
[2.295s] In file included from /Users/brodie/ros2_foxy/ros2-osx/include/rclcpp/memory_strategy.hpp:24:
[2.295s] In file included from /Users/brodie/ros2_foxy/ros2-osx/include/rclcpp/any_executable.hpp:20:
[2.295s] In file included from /Users/brodie/ros2_foxy/ros2-osx/include/rclcpp/callback_group.hpp:27:
[2.295s] /Users/brodie/ros2_foxy/ros2-osx/include/rclcpp/timer.hpp:223:5: error: no matching function for call to object of type 'std::__bind<void (Publisher::*)(), Publisher *, std::string &>'
[2.296s]     callback_();
[2.296s]     ^~~~~~~~~
[2.296s] /Users/brodie/ros2_foxy/ros2-osx/include/rclcpp/timer.hpp:209:5: note: in instantiation of function template specialization 'rclcpp::GenericTimer<std::__bind<void (Publisher::*)(), Publisher *, std::string &>, nullptr>::execute_callback_delegate<std::__bind<void (Publisher::*)(), Publisher *, std::string &>, nullptr>' requested here
[2.296s]     execute_callback_delegate<>();
[2.296s]     ^
[2.296s] /Users/brodie/ros2_foxy/ros2-osx/include/rclcpp/timer.hpp:270:3: note: in instantiation of member function 'rclcpp::GenericTimer<std::__bind<void (Publisher::*)(), Publisher *, std::string &>, nullptr>::execute_callback' requested here
[2.296s]   WallTimer(
[2.296s]   ^
[2.296s] /Applications/Xcode.app/Contents/Developer/Platforms/MacOSX.platform/Developer/SDKs/MacOSX12.3.sdk/usr/include/c++/v1/__memory/shared_ptr.h:298:37: note: in instantiation of member function 'rclcpp::WallTimer<std::__bind<void (Publisher::*)(), Publisher *, std::string &>, nullptr>::WallTimer' requested here
[2.296s]         ::new ((void*)__get_elem()) _Tp(_VSTD::forward<_Args>(__args)...);
[2.296s]                                     ^
[2.296s] /Applications/Xcode.app/Contents/Developer/Platforms/MacOSX.platform/Developer/SDKs/MacOSX12.3.sdk/usr/include/c++/v1/__memory/shared_ptr.h:1106:55: note: in instantiation of function template specialization 'std::__shared_ptr_emplace<rclcpp::WallTimer<std::__bind<void (Publisher::*)(), Publisher *, std::string &>, nullptr>, std::allocator<rclcpp::WallTimer<std::__bind<void (Publisher::*)(), Publisher *, std::string &>, nullptr>>>::__shared_ptr_emplace<const std::chrono::duration<long long, std::ratio<1, 1000000000>> &, std::__bind<void (Publisher::*)(), Publisher *, std::string &>, std::shared_ptr<rclcpp::Context>>' requested here
[2.297s]     ::new ((void*)_VSTD::addressof(*__guard.__get())) _ControlBlock(__a, _VSTD::forward<_Args>(__args)...);
[2.297s]                                                       ^
[2.297s] /Applications/Xcode.app/Contents/Developer/Platforms/MacOSX.platform/Developer/SDKs/MacOSX12.3.sdk/usr/include/c++/v1/__memory/shared_ptr.h:1115:19: note: in instantiation of function template specialization 'std::allocate_shared<rclcpp::WallTimer<std::__bind<void (Publisher::*)(), Publisher *, std::string &>, nullptr>, std::allocator<rclcpp::WallTimer<std::__bind<void (Publisher::*)(), Publisher *, std::string &>, nullptr>>, const std::chrono::duration<long long, std::ratio<1, 1000000000>> &, std::__bind<void (Publisher::*)(), Publisher *, std::string &>, std::shared_ptr<rclcpp::Context>, void>' requested here
[2.297s]     return _VSTD::allocate_shared<_Tp>(allocator<_Tp>(), _VSTD::forward<_Args>(__args)...);
[2.297s]                   ^
[2.297s] /Users/brodie/ros2_foxy/ros2-osx/include/rclcpp/timer.hpp:262:3: note: in instantiation of function template specialization 'std::make_shared<rclcpp::WallTimer<std::__bind<void (Publisher::*)(), Publisher *, std::string &>, nullptr>, const std::chrono::duration<long long, std::ratio<1, 1000000000>> &, std::__bind<void (Publisher::*)(), Publisher *, std::string &>, std::shared_ptr<rclcpp::Context>, void>' requested here
[2.297s]   RCLCPP_SMART_PTR_DEFINITIONS(WallTimer)
[2.297s]   ^
[2.297s] /Users/brodie/ros2_foxy/ros2-osx/include/rclcpp/macros.hpp:37:3: note: expanded from macro 'RCLCPP_SMART_PTR_DEFINITIONS'
[2.297s]   RCLCPP_SHARED_PTR_DEFINITIONS(__VA_ARGS__) \
[2.297s]   ^
[2.297s] /Users/brodie/ros2_foxy/ros2-osx/include/rclcpp/macros.hpp:87:3: note: expanded from macro 'RCLCPP_SHARED_PTR_DEFINITIONS'
[2.298s]   __RCLCPP_MAKE_SHARED_DEFINITION(__VA_ARGS__)
[2.298s]   ^
[2.298s] /Users/brodie/ros2_foxy/ros2-osx/include/rclcpp/macros.hpp:81:17: note: expanded from macro '__RCLCPP_MAKE_SHARED_DEFINITION'
[2.298s]     return std::make_shared<__VA_ARGS__>(std::forward<Args>(args) ...); \
[2.298s]                 ^
[2.298s] /Users/brodie/ros2_foxy/ros2-osx/include/rclcpp/create_timer.hpp:135:46: note: in instantiation of function template specialization 'rclcpp::WallTimer<std::__bind<void (Publisher::*)(), Publisher *, std::string &>, nullptr>::make_shared<const std::chrono::duration<long long, std::ratio<1, 1000000000>> &, std::__bind<void (Publisher::*)(), Publisher *, std::string &>, std::shared_ptr<rclcpp::Context>>' requested here
[2.298s]   auto timer = rclcpp::WallTimer<CallbackT>::make_shared(
[2.298s]                                              ^
[2.298s] /Users/brodie/ros2_foxy/ros2-osx/include/rclcpp/node_impl.hpp:114:18: note: in instantiation of function template specialization 'rclcpp::create_wall_timer<long long, std::ratio<1, 1000>, std::__bind<void (Publisher::*)(), Publisher *, std::string &>>' requested here
[2.298s]   return rclcpp::create_wall_timer(
[2.298s]                  ^
[2.298s] /Users/brodie/ros2_truckplatoon/src/truck/src/src/NodePublisher.hpp:27:18: note: in instantiation of function template specialization 'rclcpp::Node::create_wall_timer<long long, std::ratio<1, 1000>, std::__bind<void (Publisher::*)(), Publisher *, std::string &>>' requested here
[2.298s]   timer_ = this->create_wall_timer(
[2.299s]                  ^
[2.299s] /Applications/Xcode.app/Contents/Developer/Platforms/MacOSX.platform/Developer/SDKs/MacOSX12.3.sdk/usr/include/c++/v1/__functional/bind.h:290:9: note: candidate template ignored: substitution failure [with _Args = <>]: implicit instantiation of undefined template 'std::__bind_return<void (Publisher::*)(), std::tuple<Publisher *, std::string>, std::tuple<>, false>'
[2.299s]         operator()(_Args&& ...__args)
[2.299s]         ^
[2.299s] /Applications/Xcode.app/Contents/Developer/Platforms/MacOSX.platform/Developer/SDKs/MacOSX12.3.sdk/usr/include/c++/v1/__functional/bind.h:299:9: note: candidate template ignored: substitution failure [with _Args = <>]: implicit instantiation of undefined template 'std::__bind_return<void (Publisher::*const)(), const std::tuple<Publisher *, std::string>, std::tuple<>, false>'
[2.299s]         operator()(_Args&& ...__args) const
[2.299s]         ^
[2.299s] In file included from /Users/brodie/ros2_truckplatoon/src/truck/src/src/Truck.cpp:1:
[2.299s] In file included from /Users/brodie/ros2_truckplatoon/src/truck/src/src/Truck.hpp:6:
[2.299s] In file included from /Users/brodie/ros2_truckplatoon/src/truck/src/src/NodePublisher.hpp:7:
[2.299s] In file included from /Users/brodie/ros2_foxy/ros2-osx/include/rclcpp/rclcpp.hpp:146:
[2.299s] In file included from /Users/brodie/ros2_foxy/ros2-osx/include/rclcpp/executors.hpp:21:
[2.300s] In file included from /Users/brodie/ros2_foxy/ros2-osx/include/rclcpp/executors/multi_threaded_executor.hpp:26:
[2.300s] In file included from /Users/brodie/ros2_foxy/ros2-osx/include/rclcpp/executor.hpp:33:
[2.300s] In file included from /Users/brodie/ros2_foxy/ros2-osx/include/rclcpp/executor_options.hpp:20:
[2.300s] In file included from /Users/brodie/ros2_foxy/ros2-osx/include/rclcpp/memory_strategies.hpp:18:
[2.300s] In file included from /Users/brodie/ros2_foxy/ros2-osx/include/rclcpp/memory_strategy.hpp:24:
[2.300s] In file included from /Users/brodie/ros2_foxy/ros2-osx/include/rclcpp/any_executable.hpp:20:
[2.300s] In file included from /Users/brodie/ros2_foxy/ros2-osx/include/rclcpp/callback_group.hpp:27:
[2.300s] /Users/brodie/ros2_foxy/ros2-osx/include/rclcpp/timer.hpp:223:5: error: no matching function for call to object of type 'std::__bind<void (Publisher::*)(), Publisher *, std::string &>'
[2.300s]     callback_();
[2.300s]     ^~~~~~~~~
[2.300s] /Users/brodie/ros2_foxy/ros2-osx/include/rclcpp/timer.hpp:209:5: note: in instantiation of function template specialization 'rclcpp::GenericTimer<std::__bind<void (Publisher::*)(), Publisher *, std::string &>, nullptr>::execute_callback_delegate<std::__bind<void (Publisher::*)(), Publisher *, std::string &>, nullptr>' requested here
[2.301s]     execute_callback_delegate<>();
[2.301s]     ^
[2.301s] /Users/brodie/ros2_foxy/ros2-osx/include/rclcpp/timer.hpp:270:3: note: in instantiation of member function 'rclcpp::GenericTimer<std::__bind<void (Publisher::*)(), Publisher *, std::string &>, nullptr>::execute_callback' requested here
[2.301s]   WallTimer(
[2.301s]   ^
[2.301s] /Applications/Xcode.app/Contents/Developer/Platforms/MacOSX.platform/Developer/SDKs/MacOSX12.3.sdk/usr/include/c++/v1/__memory/shared_ptr.h:298:37: note: in instantiation of member function 'rclcpp::WallTimer<std::__bind<void (Publisher::*)(), Publisher *, std::string &>, nullptr>::WallTimer' requested here
[2.301s]         ::new ((void*)__get_elem()) _Tp(_VSTD::forward<_Args>(__args)...);
[2.301s]                                     ^
[2.301s] /Applications/Xcode.app/Contents/Developer/Platforms/MacOSX.platform/Developer/SDKs/MacOSX12.3.sdk/usr/include/c++/v1/__memory/shared_ptr.h:1106:55: note: in instantiation of function template specialization 'std::__shared_ptr_emplace<rclcpp::WallTimer<std::__bind<void (Publisher::*)(), Publisher *, std::string &>, nullptr>, std::allocator<rclcpp::WallTimer<std::__bind<void (Publisher::*)(), Publisher *, std::string &>, nullptr>>>::__shared_ptr_emplace<const std::chrono::duration<long long, std::ratio<1, 1000000000>> &, std::__bind<void (Publisher::*)(), Publisher *, std::string &>, std::shared_ptr<rclcpp::Context>>' requested here
[2.302s]     ::new ((void*)_VSTD::addressof(*__guard.__get())) _ControlBlock(__a, _VSTD::forward<_Args>(__args)...);
[2.302s]                                                       ^
[2.302s] /Applications/Xcode.app/Contents/Developer/Platforms/MacOSX.platform/Developer/SDKs/MacOSX12.3.sdk/usr/include/c++/v1/__memory/shared_ptr.h:1115:19: note: in instantiation of function template specialization 'std::allocate_shared<rclcpp::WallTimer<std::__bind<void (Publisher::*)(), Publisher *, std::string &>, nullptr>, std::allocator<rclcpp::WallTimer<std::__bind<void (Publisher::*)(), Publisher *, std::string &>, nullptr>>, const std::chrono::duration<long long, std::ratio<1, 1000000000>> &, std::__bind<void (Publisher::*)(), Publisher *, std::string &>, std::shared_ptr<rclcpp::Context>, void>' requested here
[2.302s]     return _VSTD::allocate_shared<_Tp>(allocator<_Tp>(), _VSTD::forward<_Args>(__args)...);
[2.302s] In file included from /Users/brodie/ros2_truckplatoon/src/truck/src/truck.cpp:2:
[2.302s] In file included from /Users/brodie/ros2_truckplatoon/src/truck/src/Platoon.hpp:4:
[2.302s] In file included from /Users/brodie/ros2_truckplatoon/src/truck/src/src/Leader.hpp:4:
[2.302s] In file included from /Users/brodie/ros2_truckplatoon/src/truck/src/src/Truck.hpp:6:
[2.302s] In file included from /Users/brodie/ros2_truckplatoon/src/truck/src/src/NodePublisher.hpp:7:
[2.302s] In file included from /Users/brodie/ros2_foxy/ros2-osx/include/rclcpp/rclcpp.hpp:146:
[2.302s] In file included from /Users/brodie/ros2_foxy/ros2-osx/include/rclcpp/executors.hpp:21:
[2.302s] In file included from /Users/brodie/ros2_foxy/ros2-osx/include/rclcpp/executors/multi_threaded_executor.hpp:26:
[2.303s] In file included from /Users/brodie/ros2_foxy/ros2-osx/include/rclcpp/executor.hpp:33:
[2.303s] In file included from /Users/brodie/ros2_foxy/ros2-osx/include/rclcpp/executor_options.hpp:                  ^
[2.303s] 20:
[2.303s] In file included from /Users/brodie/ros2_foxy/ros2-osx/include/rclcpp/memory_strategies.hpp:18:
[2.303s] In file included from /Users/brodie/ros2_foxy/ros2-osx/include/rclcpp/memory_strategy.hpp:24:
[2.303s] In file included from /Users/brodie/ros2_foxy/ros2-osx/include/rclcpp/any_executable.hpp:20:
[2.303s] In file included from /Users/brodie/ros2_foxy/ros2-osx/include/rclcpp/callback_group.hpp:27:
[2.303s] /Users/brodie/ros2_foxy/ros2-osx/include/rclcpp/timer.hpp:/Users/brodie/ros2_foxy/ros2-osx/include/rclcpp/timer.hpp:262:2233:: 5note: :in instantiation of function template specialization 'std::make_shared<rclcpp::WallTimer<std::__bind<void (Publisher::*)(), Publisher *, std::string &>, nullptr>, const std::chrono::duration<long long, std::ratio<1, 1000000000>> &, std::__bind<void (Publisher::*)(), Publisher *, std::string &>, std::shared_ptr<rclcpp::Context>, void>' requested here
[2.303s]  error: no matching function for call to object of type 'std::__bind<void (Publisher::*)(), Publisher *, std::string &>'
[2.303s]   RCLCPP_SMART_PTR_DEFINITIONS(WallTimer)    callback_();
[2.303s] 
[2.304s]   ^    ^~~~~~~~~
[2.304s] 
[2.304s] /Users/brodie/ros2_foxy/ros2-osx/include/rclcpp/macros.hpp:37/Users/brodie/ros2_foxy/ros2-osx/include/rclcpp/timer.hpp:209:5::3: note:  expanded from macro 'RCLCPP_SMART_PTR_DEFINITIONS'
[2.304s] note: in instantiation of function template specialization 'rclcpp::GenericTimer<std::__bind<void (Publisher::*)(), Publisher *, std::string &>, nullptr>::execute_callback_delegate<std::__bind<void (Publisher::*)(), Publisher *, std::string &>, nullptr>' requested here
[2.304s]   RCLCPP_SHARED_PTR_DEFINITIONS(__VA_ARGS__) \
[2.304s]     execute_callback_delegate<>();
[2.304s]     ^
[2.305s]   ^
[2.305s] /Users/brodie/ros2_foxy/ros2-osx/include/rclcpp/macros.hpp:87:3: note: expanded from macro 'RCLCPP_SHARED_PTR_DEFINITIONS'
[2.305s] /Users/brodie/ros2_foxy/ros2-osx/include/rclcpp/timer.hpp:270:3: note:   __RCLCPP_MAKE_SHARED_DEFINITION(__VA_ARGS__)
[2.305s]   ^
[2.305s] in instantiation of member function 'rclcpp::GenericTimer<std::__bind<void (Publisher::*)(), Publisher *, std::string &>, nullptr>::execute_callback' requested here/Users/brodie/ros2_foxy/ros2-osx/include/rclcpp/macros.hpp:81:17: note: expanded from macro '__RCLCPP_MAKE_SHARED_DEFINITION'
[2.305s] 
[2.305s]   WallTimer(
[2.305s]   ^
[2.306s]     return std::make_shared<__VA_ARGS__>(std::forward<Args>(args) ...); \
[2.306s]                 ^
[2.306s] /Applications/Xcode.app/Contents/Developer/Platforms/MacOSX.platform/Developer/SDKs/MacOSX12.3.sdk/usr/include/c++/v1/__memory/shared_ptr.h:/Users/brodie/ros2_foxy/ros2-osx/include/rclcpp/create_timer.hpp298::13537::46 :note:  note: in instantiation of function template specialization 'rclcpp::WallTimer<std::__bind<void (Publisher::*)(), Publisher *, std::string &>, nullptr>::make_shared<const std::chrono::duration<long long, std::ratio<1, 1000000000>> &, std::__bind<void (Publisher::*)(), Publisher *, std::string &>, std::shared_ptr<rclcpp::Context>>' requested here
[2.306s] in instantiation of member function 'rclcpp::WallTimer<std::__bind<void (Publisher::*)(), Publisher *, std::string &>, nullptr>::WallTimer' requested here
[2.306s]   auto timer = rclcpp::WallTimer<CallbackT>::make_shared(
[2.306s]                                              ^
[2.306s] /Users/brodie/ros2_foxy/ros2-osx/include/rclcpp/node_impl.hpp:114:18:         ::new ((void*)__get_elem()) _Tp(_VSTD::forward<_Args>(__args)...);note: 
[2.307s] in instantiation of function template specialization 'rclcpp::create_wall_timer<long long, std::ratio<1, 1000>, std::__bind<void (Publisher::*)(), Publisher *, std::string &>>' requested here                                    ^
[2.307s] 
[2.307s]   return rclcpp::create_wall_timer(
[2.307s]                  ^
[2.307s] /Users/brodie/ros2_truckplatoon/src/truck/src/src/NodePublisher.hpp:27:18: note: in instantiation of function template specialization 'rclcpp::Node::create_wall_timer<long long, std::ratio<1, 1000>, std::__bind<void (Publisher::*)(), Publisher *, std::string &>>' requested here
[2.307s]   timer_ = this->create_wall_timer(
[2.308s]                  ^/Applications/Xcode.app/Contents/Developer/Platforms/MacOSX.platform/Developer/SDKs/MacOSX12.3.sdk/usr/include/c++/v1/__memory/shared_ptr.h
[2.308s] :1106:55: note: in instantiation of function template specialization 'std::__shared_ptr_emplace<rclcpp::WallTimer<std::__bind<void (Publisher::*)(), Publisher *, std::string &>, nullptr>, std::allocator<rclcpp::WallTimer<std::__bind<void (Publisher::*)(), Publisher *, std::string &>, nullptr>>>::__shared_ptr_emplace<const std::chrono::duration<long long, std::ratio<1, 1000000000>> &, std::__bind<void (Publisher::*)(), Publisher *, std::string &>, std::shared_ptr<rclcpp::Context>>' requested here
[2.308s] /Applications/Xcode.app/Contents/Developer/Platforms/MacOSX.platform/Developer/SDKs/MacOSX12.3.sdk/usr/include/c++/v1/__functional/bind.h:290:9: note: candidate template ignored: substitution failure [with _Args = <>]: implicit instantiation of undefined template 'std::__bind_return<void (Publisher::*)(), std::tuple<Publisher *, std::string>, std::tuple<>, false>'
[2.308s]         operator()(_Args&& ...__args)
[2.308s]         ^
[2.308s]     ::new ((void*)_VSTD::addressof(*__guard.__get())) _ControlBlock(__a, _VSTD::forward<_Args>(__args)...);/Applications/Xcode.app/Contents/Developer/Platforms/MacOSX.platform/Developer/SDKs/MacOSX12.3.sdk/usr/include/c++/v1/__functional/bind.h
[2.309s] :                                                      ^299:9
[2.309s] : note: candidate template ignored: substitution failure [with _Args = <>]: implicit instantiation of undefined template 'std::__bind_return<void (Publisher::*const)(), const std::tuple<Publisher *, std::string>, std::tuple<>, false>'
[2.309s]         operator()(_Args&& ...__args) const
[2.309s]         ^
[2.309s] /Applications/Xcode.app/Contents/Developer/Platforms/MacOSX.platform/Developer/SDKs/MacOSX12.3.sdk/usr/include/c++/v1/__memory/shared_ptr.h:1115:19: note: in instantiation of function template specialization 'std::allocate_shared<rclcpp::WallTimer<std::__bind<void (Publisher::*)(), Publisher *, std::string &>, nullptr>, std::allocator<rclcpp::WallTimer<std::__bind<void (Publisher::*)(), Publisher *, std::string &>, nullptr>>, const std::chrono::duration<long long, std::ratio<1, 1000000000>> &, std::__bind<void (Publisher::*)(), Publisher *, std::string &>, std::shared_ptr<rclcpp::Context>, void>' requested here
[2.309s]     return _VSTD::allocate_shared<_Tp>(allocator<_Tp>(), _VSTD::forward<_Args>(__args)...);
[2.309s]                   ^
[2.310s] /Users/brodie/ros2_foxy/ros2-osx/include/rclcpp/timer.hpp:262:3: note: in instantiation of function template specialization 'std::make_shared<rclcpp::WallTimer<std::__bind<void (Publisher::*)(), Publisher *, std::string &>, nullptr>, const std::chrono::duration<long long, std::ratio<1, 1000000000>> &, std::__bind<void (Publisher::*)(), Publisher *, std::string &>, std::shared_ptr<rclcpp::Context>, void>' requested here
[2.310s]   RCLCPP_SMART_PTR_DEFINITIONS(WallTimer)
[2.310s]   ^
[2.310s] /Users/brodie/ros2_foxy/ros2-osx/include/rclcpp/macros.hpp:37:3: note: expanded from macro 'RCLCPP_SMART_PTR_DEFINITIONS'
[2.310s]   RCLCPP_SHARED_PTR_DEFINITIONS(__VA_ARGS__) \
[2.310s]   ^
[2.311s] /Users/brodie/ros2_foxy/ros2-osx/include/rclcpp/macros.hpp:87:3: note: expanded from macro 'RCLCPP_SHARED_PTR_DEFINITIONS'
[2.311s]   __RCLCPP_MAKE_SHARED_DEFINITION(__VA_ARGS__)
[2.311s]   ^
[2.311s] /Users/brodie/ros2_foxy/ros2-osx/include/rclcpp/macros.hpp:81:17: note: expanded from macro '__RCLCPP_MAKE_SHARED_DEFINITION'
[2.311s]     return std::make_shared<__VA_ARGS__>(std::forward<Args>(args) ...); \
[2.311s]                 ^
[2.311s] /Users/brodie/ros2_foxy/ros2-osx/include/rclcpp/create_timer.hpp:135:46: note: in instantiation of function template specialization 'rclcpp::WallTimer<std::__bind<void (Publisher::*)(), Publisher *, std::string &>, nullptr>::make_shared<const std::chrono::duration<long long, std::ratio<1, 1000000000>> &, std::__bind<void (Publisher::*)(), Publisher *, std::string &>, std::shared_ptr<rclcpp::Context>>' requested here
[2.311s]   auto timer = rclcpp::WallTimer<CallbackT>::make_shared(
[2.311s]                                              ^
[2.312s] /Users/brodie/ros2_foxy/ros2-osx/include/rclcpp/node_impl.hpp:114:18: note: in instantiation of function template specialization 'rclcpp::create_wall_timer<long long, std::ratio<1, 1000>, std::__bind<void (Publisher::*)(), Publisher *, std::string &>>' requested here
[2.312s]   return rclcpp::create_wall_timer(
[2.312s]                  ^
[2.312s] /Users/brodie/ros2_truckplatoon/src/truck/src/src/NodePublisher.hpp:27:18: note: in instantiation of function template specialization 'rclcpp::Node::create_wall_timer<long long, std::ratio<1, 1000>, std::__bind<void (Publisher::*)(), Publisher *, std::string &>>' requested here
[2.312s]   timer_ = this->create_wall_timer(
[2.312s]                  ^
[2.312s] /Applications/Xcode.app/Contents/Developer/Platforms/MacOSX.platform/Developer/SDKs/MacOSX12.3.sdk/usr/include/c++/v1/__functional/bind.h:290:9: note: candidate template ignored: substitution failure [with _Args = <>]: implicit instantiation of undefined template 'std::__bind_return<void (Publisher::*)(), std::tuple<Publisher *, std::string>, std::tuple<>, false>'
[2.312s]         operator()(_Args&& ...__args)
[2.312s]         ^
[2.312s] /Applications/Xcode.app/Contents/Developer/Platforms/MacOSX.platform/Developer/SDKs/MacOSX12.3.sdk/usr/include/c++/v1/__functional/bind.h:299:9: note: candidate template ignored: substitution failure [with _Args = <>]: implicit instantiation of undefined template 'std::__bind_return<void (Publisher::*const)(), const std::tuple<Publisher *, std::string>, std::tuple<>, false>'
[2.312s]         operator()(_Args&& ...__args) const
[2.313s]         ^
[2.313s] 1 warning and 2 errors generated.
[2.313s] In file included from /Users/brodie/ros2_truckplatoon/src/truck/src/src/Leader.cpp:1:
[2.313s] In file included from /Users/brodie/ros2_truckplatoon/src/truck/src/src/Leader.hpp:4:
[2.313s] In file included from /Users/brodie/ros2_truckplatoon/src/truck/src/src/Truck.hpp:6:
[2.313s] In file included from /Users/brodie/ros2_truckplatoon/src/truck/src/src/NodePublisher.hpp:7:
[2.313s] In file included from /Users/brodie/ros2_foxy/ros2-osx/include/rclcpp/rclcpp.hpp:146:
[2.313s] In file included from /Users/brodie/ros2_foxy/ros2-osx/include/rclcpp/executors.hpp:21:
[2.313s] In file included from /Users/brodie/ros2_foxy/ros2-osx/include/rclcpp/executors/multi_threaded_executor.hpp:26:
[2.313s] In file included from /Users/brodie/ros2_foxy/ros2-osx/include/rclcpp/executor.hpp:33:
[2.314s] In file included from /Users/brodie/ros2_foxy/ros2-osx/include/rclcpp/executor_options.hpp:20:
[2.314s] In file included from /Users/brodie/ros2_foxy/ros2-osx/include/rclcpp/memory_strategies.hpp:18:
[2.314s] In file included from /Users/brodie/ros2_foxy/ros2-osx/include/rclcpp/memory_strategy.hpp:24:
[2.314s] In file included from /Users/brodie/ros2_foxy/ros2-osx/include/rclcpp/any_executable.hpp:20:
[2.314s] In file included from /Users/brodie/ros2_foxy/ros2-osx/include/rclcpp/callback_group.hpp:27:
[2.314s] /Users/brodie/ros2_foxy/ros2-osx/include/rclcpp/timer.hpp:223:5: error: no matching function for call to object of type 'std::__bind<void (Publisher::*)(), Publisher *, std::string &>'
[2.314s]     callback_();
[2.314s]     ^~~~~~~~~
[2.314s] /Users/brodie/ros2_foxy/ros2-osx/include/rclcpp/timer.hpp:209:5: note: in instantiation of function template specialization 'rclcpp::GenericTimer<std::__bind<void (Publisher::*)(), Publisher *, std::string &>, nullptr>::execute_callback_delegate<std::__bind<void (Publisher::*)(), Publisher *, std::string &>, nullptr>' requested here
[2.315s]     execute_callback_delegate<>();
[2.315s]     ^
[2.315s] /Users/brodie/ros2_foxy/ros2-osx/include/rclcpp/timer.hpp:270:3: note: in instantiation of member function 'rclcpp::GenericTimer<std::__bind<void (Publisher::*)(), Publisher *, std::string &>, nullptr>::execute_callback' requested here
[2.315s]   WallTimer(
[2.315s]   ^
[2.315s] /Applications/Xcode.app/Contents/Developer/Platforms/MacOSX.platform/Developer/SDKs/MacOSX12.3.sdk/usr/include/c++/v1/__memory/shared_ptr.h:298:37: note: in instantiation of member function 'rclcpp::WallTimer<std::__bind<void (Publisher::*)(), Publisher *, std::string &>, nullptr>::WallTimer' requested here
[2.315s]         ::new ((void*)__get_elem()) _Tp(_VSTD::forward<_Args>(__args)...);
[2.315s]                                     ^
[2.316s] /Applications/Xcode.app/Contents/Developer/Platforms/MacOSX.platform/Developer/SDKs/MacOSX12.3.sdk/usr/include/c++/v1/__memory/shared_ptr.h:1106:55: note: in instantiation of function template specialization 'std::__shared_ptr_emplace<rclcpp::WallTimer<std::__bind<void (Publisher::*)(), Publisher *, std::string &>, nullptr>, std::allocator<rclcpp::WallTimer<std::__bind<void (Publisher::*)(), Publisher *, std::string &>, nullptr>>>::__shared_ptr_emplace<const std::chrono::duration<long long, std::ratio<1, 1000000000>> &, std::__bind<void (Publisher::*)(), Publisher *, std::string &>, std::shared_ptr<rclcpp::Context>>' requested here
[2.316s]     ::new ((void*)_VSTD::addressof(*__guard.__get())) _ControlBlock(__a, _VSTD::forward<_Args>(__args)...);
[2.316s]                                                       ^
[2.316s] /Applications/Xcode.app/Contents/Developer/Platforms/MacOSX.platform/Developer/SDKs/MacOSX12.3.sdk/usr/include/c++/v1/__memory/shared_ptr.h:1115:19: note: in instantiation of function template specialization 'std::allocate_shared<rclcpp::WallTimer<std::__bind<void (Publisher::*)(), Publisher *, std::string &>, nullptr>, std::allocator<rclcpp::WallTimer<std::__bind<void (Publisher::*)(), Publisher *, std::string &>, nullptr>>, const std::chrono::duration<long long, std::ratio<1, 1000000000>> &, std::__bind<void (Publisher::*)(), Publisher *, std::string &>, std::shared_ptr<rclcpp::Context>, void>' requested here
[2.316s]     return _VSTD::allocate_shared<_Tp>(allocator<_Tp>(), _VSTD::forward<_Args>(__args)...);
[2.316s]                   ^
[2.316s] /Users/brodie/ros2_foxy/ros2-osx/include/rclcpp/timer.hpp:262:3: note: in instantiation of function template specialization 'std::make_shared<rclcpp::WallTimer<std::__bind<void (Publisher::*)(), Publisher *, std::string &>, nullptr>, const std::chrono::duration<long long, std::ratio<1, 1000000000>> &, std::__bind<void (Publisher::*)(), Publisher *, std::string &>, std::shared_ptr<rclcpp::Context>, void>' requested here
[2.316s]   RCLCPP_SMART_PTR_DEFINITIONS(WallTimer)
[2.317s]   ^
[2.317s] /Users/brodie/ros2_foxy/ros2-osx/include/rclcpp/macros.hpp:37:3: note: expanded from macro 'RCLCPP_SMART_PTR_DEFINITIONS'
[2.317s]   RCLCPP_SHARED_PTR_DEFINITIONS(__VA_ARGS__) \
[2.317s]   ^
[2.317s] /Users/brodie/ros2_foxy/ros2-osx/include/rclcpp/macros.hpp:87:3: note: expanded from macro 'RCLCPP_SHARED_PTR_DEFINITIONS'
[2.317s]   __RCLCPP_MAKE_SHARED_DEFINITION(__VA_ARGS__)
[2.317s]   ^
[2.317s] /Users/brodie/ros2_foxy/ros2-osx/include/rclcpp/macros.hpp:81:17: note: expanded from macro '__RCLCPP_MAKE_SHARED_DEFINITION'
[2.317s]     return std::make_shared<__VA_ARGS__>(std::forward<Args>(args) ...); \
[2.317s]                 ^
[2.317s] /Users/brodie/ros2_foxy/ros2-osx/include/rclcpp/create_timer.hpp:135:46: note: in instantiation of function template specialization 'rclcpp::WallTimer<std::__bind<void (Publisher::*)(), Publisher *, std::string &>, nullptr>::make_shared<const std::chrono::duration<long long, std::ratio<1, 1000000000>> &, std::__bind<void (Publisher::*)(), Publisher *, std::string &>, std::shared_ptr<rclcpp::Context>>' requested here
[2.317s]   auto timer = rclcpp::WallTimer<CallbackT>::make_shared(
[2.318s]                                              ^
[2.318s] /Users/brodie/ros2_foxy/ros2-osx/include/rclcpp/node_impl.hpp:114:18: note: in instantiation of function template specialization 'rclcpp::create_wall_timer<long long, std::ratio<1, 1000>, std::__bind<void (Publisher::*)(), Publisher *, std::string &>>' requested here
[2.318s]   return rclcpp::create_wall_timer(
[2.318s]                  ^
[2.318s] /Users/brodie/ros2_truckplatoon/src/truck/src/src/NodePublisher.hpp:27:18: note: in instantiation of function template specialization 'rclcpp::Node::create_wall_timer<long long, std::ratio<1, 1000>, std::__bind<void (Publisher::*)(), Publisher *, std::string &>>' requested here
[2.318s]   timer_ = this->create_wall_timer(
[2.318s]                  ^
[2.318s] /Applications/Xcode.app/Contents/Developer/Platforms/MacOSX.platform/Developer/SDKs/MacOSX12.3.sdk/usr/include/c++/v1/__functional/bind.h:290:9: note: candidate template ignored: substitution failure [with _Args = <>]: implicit instantiation of undefined template 'std::__bind_return<void (Publisher::*)(), std::tuple<Publisher *, std::string>, std::tuple<>, false>'
[2.319s]         operator()(_Args&& ...__args)
[2.319s]         ^
[2.319s] /Applications/Xcode.app/Contents/Developer/Platforms/MacOSX.platform/Developer/SDKs/MacOSX12.3.sdk/usr/include/c++/v1/__functional/bind.h:299:9: note: candidate template ignored: substitution failure [with _Args = <>]: implicit instantiation of undefined template 'std::__bind_return<void (Publisher::*const)(), const std::tuple<Publisher *, std::string>, std::tuple<>, false>'
[2.319s]         operator()(_Args&& ...__args) const
[2.319s]         ^
[2.319s] In file included from /Users/brodie/ros2_truckplatoon/src/truck/src/truck.cpp:2:
[2.320s] In file included from /Users/brodie/ros2_truckplatoon/src/truck/src/Platoon.hpp:11:
[2.320s] /Users/brodie/ros2_truckplatoon/src/truck/src/src/DrivingEvent.hpp:9:15: warning: private field '_speed' is not used [-Wunused-private-field]
[2.320s]     speedType _speed;
[2.320s]               ^
[2.320s] /Users/brodie/ros2_truckplatoon/src/truck/src/src/DrivingEvent.hpp:10:23: warning: private field '_stearingAngle' is not used [-Wunused-private-field]
[2.320s]     stearingAngleType _stearingAngle;
[2.321s]                       ^
[2.321s] /Users/brodie/ros2_truckplatoon/src/truck/src/src/DrivingEvent.hpp:11:18: warning: private field '_distance' is not used [-Wunused-private-field]
[2.321s]     distanceType _distance;
[2.321s]                  ^
[2.321s] 5 warnings and 2 errors generated.
[2.321s] 1 warning and 2 errors generated.
[2.321s] gmake[2]: *** [CMakeFiles/truck.dir/build.make:108: CMakeFiles/truck.dir/src/src/Leader.cpp.o] Error 1
[2.322s] gmake[2]: *** Waiting for unfinished jobs....
[2.322s] gmake[2]: *** [CMakeFiles/truck.dir/build.make:121: CMakeFiles/truck.dir/src/src/Communication.cpp.o] Error 1
[2.322s] gmake[2]: *** [CMakeFiles/truck.dir/build.make:82: CMakeFiles/truck.dir/src/truck.cpp.o] Error 1
[2.324s] 1 warning and 2 errors generated.
[2.335s] gmake[2]: *** [CMakeFiles/truck.dir/build.make:95: CMakeFiles/truck.dir/src/src/Truck.cpp.o] Error 1
[2.335s] gmake[1]: *** [CMakeFiles/Makefile2:97: CMakeFiles/truck.dir/all] Error 2
[2.336s] gmake: *** [Makefile:160: all] Error 2
[2.339s] Invoked command in '/Users/brodie/ros2_truckplatoon/build/truck' returned '2': CMAKE_PREFIX_PATH=${CMAKE_PREFIX_PATH}:/Users/brodie/my_workspace/install/my_package SHLVL=2 _=/usr/bin/env /usr/local/bin/cmake --build /Users/brodie/ros2_truckplatoon/build/truck -- -j8 -l8
