[0.087s] Invoking command in '/Users/brodie/ros2_truckplatoon/build/truck': CMAKE_PREFIX_PATH=/Users/brodie/ros2_truckplatoon/install/message:/Users/brodie/ros2_truckplatoon/install/truck:/Users/brodie/ros2_truckplatoon/install/Messages:/Users/brodie/my_workspace/install/cpp_srvcli:/Users/brodie/my_workspace/install/cpp_pubsub:/Users/brodie/my_workspace/install/tutorial_interfaces:/Users/brodie/ros2_foxy/ros2-osx:/Users/brodie/my_workspace/install/my_package SHLVL=2 _=/usr/bin/env /usr/local/bin/cmake --build /Users/brodie/ros2_truckplatoon/build/truck -- -j8 -l8
[0.249s] Scanning dependencies of target truck
[0.290s] [ 16%] Building CXX object CMakeFiles/truck.dir/src/src/Truck.cpp.o
[0.292s] [ 33%] Building CXX object CMakeFiles/truck.dir/src/src/Communication.cpp.o
[0.293s] [ 50%] Building CXX object CMakeFiles/truck.dir/src/truck.cpp.o
[0.294s] [ 66%] Building CXX object CMakeFiles/truck.dir/src/src/Leader.cpp.o
[1.075s] In file included from /Users/brodie/ros2_truckplatoon/src/truck/src/src/Truck.cpp:1:
[1.075s] /Users/brodie/ros2_truckplatoon/src/truck/src/src/Truck.hpp:4:10: warning: non-portable path to file '"utils/include.hpp"'; specified path differs in case from file name on disk [-Wnonportable-include-path]
[1.076s] #include "utils/Include.hpp"
[1.076s]          ^~~~~~~~~~~~~~~~~~~
[1.076s]          "utils/include.hpp"
[1.079s] In file included from /Users/brodie/ros2_truckplatoon/src/truck/src/src/Leader.cpp:1:
[1.079s] In file included from /Users/brodie/ros2_truckplatoon/src/truck/src/src/Leader.hpp:4:
[1.079s] /Users/brodie/ros2_truckplatoon/src/truck/src/src/Truck.hpp:4:10: warning: non-portable path to file '"utils/include.hpp"'; specified path differs in case from file name on disk [-Wnonportable-include-path]
[1.080s] #include "utils/Include.hpp"
[1.080s]          ^~~~~~~~~~~~~~~~~~~
[1.080s]          "utils/include.hpp"
[1.081s] In file included from /Users/brodie/ros2_truckplatoon/src/truck/src/src/Communication.cpp:1:
[1.081s] In file included from /Users/brodie/ros2_truckplatoon/src/truck/src/src/Communication.hpp:3:
[1.081s] /Users/brodie/ros2_truckplatoon/src/truck/src/src/Truck.hpp:4:10: warning: non-portable path to file '"utils/include.hpp"'; specified path differs in case from file name on disk [-Wnonportable-include-path]
[1.082s] #include "utils/Include.hpp"
[1.082s]          ^~~~~~~~~~~~~~~~~~~
[1.082s]          "utils/include.hpp"
[1.089s] In file included from /Users/brodie/ros2_truckplatoon/src/truck/src/truck.cpp:2:
[1.089s] In file included from /Users/brodie/ros2_truckplatoon/src/truck/src/Platoon.hpp:4:
[1.089s] In file included from /Users/brodie/ros2_truckplatoon/src/truck/src/src/Leader.hpp:4:
[1.089s] /Users/brodie/ros2_truckplatoon/src/truck/src/src/Truck.hpp:4:10: warning: non-portable path to file '"utils/include.hpp"'; specified path differs in case from file name on disk [-Wnonportable-include-path]
[1.090s] #include "utils/Include.hpp"
[1.090s]          ^~~~~~~~~~~~~~~~~~~
[1.090s]          "utils/include.hpp"
[2.098s] In file included from /Users/brodie/ros2_truckplatoon/src/truck/src/src/Truck.cpp:1:
[2.098s] In file included from /Users/brodie/ros2_truckplatoon/src/truck/src/src/Truck.hpp:7:
[2.098s] /Users/brodie/ros2_truckplatoon/src/truck/src/src/Subscriber.hpp:26:65: error: missing default argument on parameter 'interval'
[2.098s]     Subscriber(std::string nodeName = "DefaultNode", const int &interval)
[2.099s]                                                                 ^
[2.103s] In file included from /Users/brodie/ros2_truckplatoon/src/truck/src/src/Leader.cpp:1:
[2.103s] In file included from /Users/brodie/ros2_truckplatoon/src/truck/src/src/Leader.hpp:4:
[2.103s] In file included from /Users/brodie/ros2_truckplatoon/src/truck/src/src/Truck.hpp:7:
[2.104s] /Users/brodie/ros2_truckplatoon/src/truck/src/src/Subscriber.hpp:26:65: error: missing default argument on parameter 'interval'
[2.104s]     Subscriber(std::string nodeName = "DefaultNode", const int &interval)
[2.104s]                                                                 ^
[2.104s] In file included from /Users/brodie/ros2_truckplatoon/src/truck/src/src/Communication.cpp:1:
[2.105s] In file included from /Users/brodie/ros2_truckplatoon/src/truck/src/src/Communication.hpp:3:
[2.105s] In file included from /Users/brodie/ros2_truckplatoon/src/truck/src/src/Truck.hpp:7:
[2.105s] /Users/brodie/ros2_truckplatoon/src/truck/src/src/Subscriber.hpp:26:65: error: missing default argument on parameter 'interval'
[2.106s]     Subscriber(std::string nodeName = "DefaultNode", const int &interval)
[2.106s]                                                                 ^
[2.108s] /Users/brodie/ros2_truckplatoon/src/truck/src/src/Subscriber.hpp:52:29: error: no viable overloaded '='
[2.109s]       if(!_running)_running = true;
[2.109s]                    ~~~~~~~~ ^ ~~~~
[2.109s] /Applications/Xcode.app/Contents/Developer/Platforms/MacOSX.platform/Developer/SDKs/MacOSX12.3.sdk/usr/include/c++/v1/atomic:1834:9: note: candidate function not viable: 'this' argument has type 'const std::atomic_bool' (aka 'const atomic<bool>'), but method is not marked const
[2.110s]     _Tp operator=(_Tp __d) volatile _NOEXCEPT
[2.110s]         ^
[2.110s] /Applications/Xcode.app/Contents/Developer/Platforms/MacOSX.platform/Developer/SDKs/MacOSX12.3.sdk/usr/include/c++/v1/atomic:1837:9: note: candidate function not viable: 'this' argument has type 'const std::atomic_bool' (aka 'const atomic<bool>'), but method is not marked const
[2.110s]     _Tp operator=(_Tp __d) _NOEXCEPT
[2.111s]         ^
[2.111s] /Applications/Xcode.app/Contents/Developer/Platforms/MacOSX.platform/Developer/SDKs/MacOSX12.3.sdk/usr/include/c++/v1/atomic:1840:13: note: candidate function not viable: 'this' argument has type 'const std::atomic_bool' (aka 'const atomic<bool>'), but method is not marked const
[2.111s]     atomic& operator=(const atomic&) = delete;
[2.111s]             ^
[2.112s] /Applications/Xcode.app/Contents/Developer/Platforms/MacOSX.platform/Developer/SDKs/MacOSX12.3.sdk/usr/include/c++/v1/atomic:1841:13: note: candidate function not viable: 'this' argument has type 'const std::atomic_bool' (aka 'const atomic<bool>'), but method is not marked const
[2.112s]     atomic& operator=(const atomic&) volatile = delete;
[2.112s]             ^
[2.112s] In file included from /Users/brodie/ros2_truckplatoon/src/truck/src/src/Truck.cpp:1:
[2.112s] In file included from /Users/brodie/ros2_truckplatoon/src/truck/src/src/Truck.hpp:7:
[2.112s] /Users/brodie/ros2_truckplatoon/src/truck/src/src/Subscriber.hpp:49:64: warning: unused parameter 'msg' [-Wunused-parameter]
[2.112s]     void topic_callback(const message::msg::Message::SharedPtr msg) const
[2.113s]                                                                ^
[2.117s] /Users/brodie/ros2_truckplatoon/src/truck/src/src/Subscriber.hpp:/Users/brodie/ros2_truckplatoon/src/truck/src/src/Subscriber.hpp52::2952:: 29error: :no viable overloaded '=' 
[2.117s] error: no viable overloaded '='
[2.117s]       if(!_running)_running = true;      if(!_running)_running = true;
[2.118s] 
[2.118s]                    ~~~~~~~~ ^ ~~~~                   ~~~~~~~~ ^ ~~~~
[2.118s] 
[2.118s] /Applications/Xcode.app/Contents/Developer/Platforms/MacOSX.platform/Developer/SDKs/MacOSX12.3.sdk/usr/include/c++/v1/atomic/Applications/Xcode.app/Contents/Developer/Platforms/MacOSX.platform/Developer/SDKs/MacOSX12.3.sdk/usr/include/c++/v1/atomic::18341834::99::  note: note: candidate function not viable: 'this' argument has type 'const std::atomic_bool' (aka 'const atomic<bool>'), but method is not marked constcandidate function not viable: 'this' argument has type 'const std::atomic_bool' (aka 'const atomic<bool>'), but method is not marked const
[2.119s] 
[2.119s]     _Tp operator=(_Tp __d) volatile _NOEXCEPT    _Tp operator=(_Tp __d) volatile _NOEXCEPT
[2.119s] 
[2.119s]         ^        ^
[2.120s] 
[2.120s] /Applications/Xcode.app/Contents/Developer/Platforms/MacOSX.platform/Developer/SDKs/MacOSX12.3.sdk/usr/include/c++/v1/atomic/Applications/Xcode.app/Contents/Developer/Platforms/MacOSX.platform/Developer/SDKs/MacOSX12.3.sdk/usr/include/c++/v1/atomic::18371837::99::  note: note: candidate function not viable: 'this' argument has type 'const std::atomic_bool' (aka 'const atomic<bool>'), but method is not marked constcandidate function not viable: 'this' argument has type 'const std::atomic_bool' (aka 'const atomic<bool>'), but method is not marked const
[2.120s] 
[2.120s]     _Tp operator=(_Tp __d) _NOEXCEPT    _Tp operator=(_Tp __d) _NOEXCEPT
[2.121s] 
[2.121s]         ^        ^
[2.121s] 
[2.121s] /Applications/Xcode.app/Contents/Developer/Platforms/MacOSX.platform/Developer/SDKs/MacOSX12.3.sdk/usr/include/c++/v1/atomic/Applications/Xcode.app/Contents/Developer/Platforms/MacOSX.platform/Developer/SDKs/MacOSX12.3.sdk/usr/include/c++/v1/atomic::18401840::1313::  note: note: candidate function not viable: 'this' argument has type 'const std::atomic_bool' (aka 'const atomic<bool>'), but method is not marked const
[2.122s] candidate function not viable: 'this' argument has type 'const std::atomic_bool' (aka 'const atomic<bool>'), but method is not marked const    atomic& operator=(const atomic&) = delete;
[2.122s]             ^
[2.122s] 
[2.122s] /Applications/Xcode.app/Contents/Developer/Platforms/MacOSX.platform/Developer/SDKs/MacOSX12.3.sdk/usr/include/c++/v1/atomic:1841:13: note: candidate function not viable: 'this' argument has type 'const std::atomic_bool' (aka 'const atomic<bool>'), but method is not marked const
[2.123s]     atomic& operator=(const atomic&) volatile = delete;    atomic& operator=(const atomic&) = delete;
[2.123s] 
[2.123s]             ^
[2.123s]             ^
[2.123s] /Applications/Xcode.app/Contents/Developer/Platforms/MacOSX.platform/Developer/SDKs/MacOSX12.3.sdk/usr/include/c++/v1/atomic:1841:13: In file included from note: /Users/brodie/ros2_truckplatoon/src/truck/src/src/Communication.cppcandidate function not viable: 'this' argument has type 'const std::atomic_bool' (aka 'const atomic<bool>'), but method is not marked const:1:
[2.124s] In file included from /Users/brodie/ros2_truckplatoon/src/truck/src/src/Communication.hpp:
[2.124s] 3:
[2.124s] In file included from /Users/brodie/ros2_truckplatoon/src/truck/src/src/Truck.hpp:7:
[2.124s] /Users/brodie/ros2_truckplatoon/src/truck/src/src/Subscriber.hpp:49:64: warning: unused parameter 'msg' [-Wunused-parameter]
[2.125s]     atomic& operator=(const atomic&) volatile = delete;
[2.125s]             ^
[2.125s]     void topic_callback(const message::msg::Message::SharedPtr msg) const
[2.126s]                                                                ^
[2.126s] In file included from /Users/brodie/ros2_truckplatoon/src/truck/src/src/Leader.cpp:1:
[2.126s] In file included from /Users/brodie/ros2_truckplatoon/src/truck/src/src/Leader.hpp:4:
[2.127s] In file included from /Users/brodie/ros2_truckplatoon/src/truck/src/src/Truck.hpp:7:
[2.127s] /Users/brodie/ros2_truckplatoon/src/truck/src/src/Subscriber.hpp:49:64: warning: unused parameter 'msg' [-Wunused-parameter]
[2.127s]     void topic_callback(const message::msg::Message::SharedPtr msg) const
[2.127s]                                                                ^
[2.128s] In file included from /Users/brodie/ros2_truckplatoon/src/truck/src/truck.cpp:2:
[2.128s] In file included from /Users/brodie/ros2_truckplatoon/src/truck/src/Platoon.hpp:4:
[2.128s] In file included from /Users/brodie/ros2_truckplatoon/src/truck/src/src/Leader.hpp:4:
[2.128s] In file included from /Users/brodie/ros2_truckplatoon/src/truck/src/src/Truck.hpp:7:
[2.129s] /Users/brodie/ros2_truckplatoon/src/truck/src/src/Subscriber.hpp:26:65: error: missing default argument on parameter 'interval'
[2.129s]     Subscriber(std::string nodeName = "DefaultNode", const int &interval)
[2.129s]                                                                 ^
[2.138s] /Users/brodie/ros2_truckplatoon/src/truck/src/src/Subscriber.hpp:52:29: error: no viable overloaded '='
[2.139s]       if(!_running)_running = true;
[2.139s]                    ~~~~~~~~ ^ ~~~~
[2.139s] /Applications/Xcode.app/Contents/Developer/Platforms/MacOSX.platform/Developer/SDKs/MacOSX12.3.sdk/usr/include/c++/v1/atomic:1834:9: note: candidate function not viable: 'this' argument has type 'const std::atomic_bool' (aka 'const atomic<bool>'), but method is not marked const
[2.140s]     _Tp operator=(_Tp __d) volatile _NOEXCEPT
[2.140s]         ^
[2.140s] /Applications/Xcode.app/Contents/Developer/Platforms/MacOSX.platform/Developer/SDKs/MacOSX12.3.sdk/usr/include/c++/v1/atomic:1837:9: note: candidate function not viable: 'this' argument has type 'const std::atomic_bool' (aka 'const atomic<bool>'), but method is not marked const
[2.140s]     _Tp operator=(_Tp __d) _NOEXCEPT
[2.141s]         ^
[2.141s] /Applications/Xcode.app/Contents/Developer/Platforms/MacOSX.platform/Developer/SDKs/MacOSX12.3.sdk/usr/include/c++/v1/atomic:1840:13: note: candidate function not viable: 'this' argument has type 'const std::atomic_bool' (aka 'const atomic<bool>'), but method is not marked const
[2.141s]     atomic& operator=(const atomic&) = delete;
[2.142s]             ^
[2.142s] /Applications/Xcode.app/Contents/Developer/Platforms/MacOSX.platform/Developer/SDKs/MacOSX12.3.sdk/usr/include/c++/v1/atomic:1841:13: note: candidate function not viable: 'this' argument has type 'const std::atomic_bool' (aka 'const atomic<bool>'), but method is not marked const
[2.142s]     atomic& operator=(const atomic&) volatile = delete;
[2.143s]             ^
[2.143s] In file included from /Users/brodie/ros2_truckplatoon/src/truck/src/truck.cpp:2:
[2.143s] In file included from /Users/brodie/ros2_truckplatoon/src/truck/src/Platoon.hpp:4:
[2.143s] In file included from /Users/brodie/ros2_truckplatoon/src/truck/src/src/Leader.hpp:4:
[2.143s] In file included from /Users/brodie/ros2_truckplatoon/src/truck/src/src/Truck.hpp:7:
[2.144s] /Users/brodie/ros2_truckplatoon/src/truck/src/src/Subscriber.hpp:49:64: warning: unused parameter 'msg' [-Wunused-parameter]
[2.144s]     void topic_callback(const message::msg::Message::SharedPtr msg) const
[2.145s]                                                                ^
[2.145s] In file included from /Users/brodie/ros2_truckplatoon/src/truck/src/truck.cpp:2:
[2.145s] /Users/brodie/ros2_truckplatoon/src/truck/src/Platoon.hpp:8:10: warning: non-portable path to file '"src/utils/include.hpp"'; specified path differs in case from file name on disk [-Wnonportable-include-path]
[2.145s] #include "src/utils/Include.hpp"
[2.146s]          ^~~~~~~~~~~~~~~~~~~~~~~
[2.146s]          "src/utils/include.hpp"
[2.146s] /Users/brodie/ros2_truckplatoon/src/truck/src/truck.cpp:3:14: warning: unused parameter 'argc' [-Wunused-parameter]
[2.146s] int main(int argc, char ** argv)
[2.146s]              ^
[2.147s] /Users/brodie/ros2_truckplatoon/src/truck/src/truck.cpp:3:28: warning: unused parameter 'argv' [-Wunused-parameter]
[2.147s] int main(int argc, char ** argv)
[2.147s]                            ^
[3.398s] 2 warnings and 2 errors generated.
[3.413s] In file included from /Users/brodie/ros2_truckplatoon/src/truck/src/truck.cpp:2:
[3.413s] In file included from /Users/brodie/ros2_truckplatoon/src/truck/src/Platoon.hpp:11:
[3.414s] /Users/brodie/ros2_truckplatoon/src/truck/src/src/DrivingEvent.hpp:9:15: warning: private field '_speed' is not used [-Wunused-private-field]
[3.414s]     speedType _speed;
[3.414s]               ^
[3.414s] /Users/brodie/ros2_truckplatoon/src/truck/src/src/DrivingEvent.hpp:10:23: warning: private field '_stearingAngle' is not used [-Wunused-private-field]
[3.414s]     stearingAngleType _stearingAngle;
[3.415s]                       ^
[3.415s] /Users/brodie/ros2_truckplatoon/src/truck/src/src/DrivingEvent.hpp:11:18: warning: private field '_distance' is not used [-Wunused-private-field]
[3.415s]     distanceType _distance;
[3.415s]                  ^
[3.415s] 8 warnings and 2 errors generated.
[3.425s] gmake[2]: *** [CMakeFiles/truck.dir/build.make:108: CMakeFiles/truck.dir/src/src/Leader.cpp.o] Error 1
[3.425s] gmake[2]: *** Waiting for unfinished jobs....
[3.435s] gmake[2]: *** [CMakeFiles/truck.dir/build.make:82: CMakeFiles/truck.dir/src/truck.cpp.o] Error 1
[3.441s] 2 warnings and 2 errors generated.
[3.447s] 2 warnings and 2 errors generated.
[3.460s] gmake[2]: *** [CMakeFiles/truck.dir/build.make:121: CMakeFiles/truck.dir/src/src/Communication.cpp.o] Error 1
[3.466s] gmake[2]: *** [CMakeFiles/truck.dir/build.make:95: CMakeFiles/truck.dir/src/src/Truck.cpp.o] Error 1
[3.466s] gmake[1]: *** [CMakeFiles/Makefile2:97: CMakeFiles/truck.dir/all] Error 2
[3.466s] gmake: *** [Makefile:160: all] Error 2
[3.468s] Invoked command in '/Users/brodie/ros2_truckplatoon/build/truck' returned '2': CMAKE_PREFIX_PATH=/Users/brodie/ros2_truckplatoon/install/message:/Users/brodie/ros2_truckplatoon/install/truck:/Users/brodie/ros2_truckplatoon/install/Messages:/Users/brodie/my_workspace/install/cpp_srvcli:/Users/brodie/my_workspace/install/cpp_pubsub:/Users/brodie/my_workspace/install/tutorial_interfaces:/Users/brodie/ros2_foxy/ros2-osx:/Users/brodie/my_workspace/install/my_package SHLVL=2 _=/usr/bin/env /usr/local/bin/cmake --build /Users/brodie/ros2_truckplatoon/build/truck -- -j8 -l8
