[0.113s] Invoking command in '/Users/brodie/ros2_truckplatoon/build/truck': CMAKE_PREFIX_PATH=${CMAKE_PREFIX_PATH}:/Users/brodie/my_workspace/install/my_package SHLVL=2 _=/usr/bin/env /usr/local/bin/cmake --build /Users/brodie/ros2_truckplatoon/build/truck -- -j8 -l8
[0.180s] -- Found ament_cmake: 0.9.9 (/Users/brodie/ros2_foxy/ros2-osx/share/ament_cmake/cmake)
[0.248s] -- Using PYTHON_EXECUTABLE: /Library/Frameworks/Python.framework/Versions/3.9/bin/python3
[0.711s] -- Found ament_lint_auto: 0.9.6 (/Users/brodie/ros2_foxy/ros2-osx/share/ament_lint_auto/cmake)
[0.849s] -- Added test 'copyright' to check source files copyright and LICENSE
[0.854s] -- Added test 'cppcheck' to perform static code analysis on C / C++ code
[0.855s] -- Configured cppcheck include dirs: $<BUILD_INTERFACE:/Users/brodie/ros2_truckplatoon/src/truck/include>
[0.855s] -- Configured cppcheck exclude dirs and/or files: 
[0.858s] -- Added test 'cpplint' to check C / C++ code against the Google style
[0.859s] -- Configured cpplint exclude dirs and/or files: 
[0.860s] -- Added test 'lint_cmake' to check CMake code style
[0.864s] -- Added test 'uncrustify' to check C / C++ code style
[0.864s] -- Configured uncrustify additional arguments: 
[0.865s] -- Added test 'xmllint' to check XML markup files
[0.867s] -- Configuring done
[0.918s] -- Generating done
[0.928s] -- Build files have been written to: /Users/brodie/ros2_truckplatoon/build/truck
[0.997s] Scanning dependencies of target Communication
[0.999s] Scanning dependencies of target Leader
[1.000s] Scanning dependencies of target Truck_internal
[1.003s] Scanning dependencies of target JsonHandler
[1.034s] [ 10%] Linking CXX executable truck
[1.043s] [ 20%] Building CXX object CMakeFiles/Communication.dir/src/src/Communication.cpp.o
[1.047s] [ 30%] Building CXX object CMakeFiles/Truck_internal.dir/src/src/Truck.cpp.o
[1.058s] [ 50%] Building CXX object CMakeFiles/JsonHandler.dir/src/src/utils/JsonHandler.cpp.o
[1.058s] [ 50%] Building CXX object CMakeFiles/Leader.dir/src/src/Leader.cpp.o
[1.199s] Undefined symbols for architecture x86_64:
[1.199s]   "Truck::Truck(unsigned short)", referenced from:
[1.199s]       _main in truck.cpp.o
[1.200s] ld: symbol(s) not found for architecture x86_64
[1.201s] clang: error: linker command failed with exit code 1 (use -v to see invocation)
[1.205s] gmake[2]: *** [CMakeFiles/truck.dir/build.make:103: truck] Error 1
[1.205s] gmake[1]: *** [CMakeFiles/Makefile2:105: CMakeFiles/truck.dir/all] Error 2
[1.206s] gmake[1]: *** Waiting for unfinished jobs....
[2.008s] In file included from /Users/brodie/ros2_truckplatoon/src/truck/src/src/Communication.cpp:1:
[2.008s] In file included from /Users/brodie/ros2_truckplatoon/src/truck/src/src/Communication.hpp:3:
[2.008s] /Users/brodie/ros2_truckplatoon/src/truck/src/src/Truck.hpp:4:10: warning: non-portable path to file '"utils/include.hpp"'; specified path differs in case from file name on disk [-Wnonportable-include-path]
[2.008s] #include "utils/Include.hpp"
[2.009s]          ^~~~~~~~~~~~~~~~~~~
[2.009s]          "utils/include.hpp"
[2.011s] /Users/brodie/ros2_truckplatoon/src/truck/src/src/utils/JsonHandler.cpp:12:20: warning: comparison of integers of different signs: 'int' and 'size_t' (aka 'unsigned long') [-Wsign-compare]
[2.012s]     for(int i = 0;i<n;i++)
[2.012s]                   ~^~
[2.012s] /Users/brodie/ros2_truckplatoon/src/truck/src/src/utils/JsonHandler.cpp:18:17: warning: comparison of integers of different signs: 'int' and 'size_t' (aka 'unsigned long') [-Wsign-compare]
[2.012s]         if(i +1 < n )
[2.013s]            ~~~~ ^ ~
[2.013s] In file included from /Users/brodie/ros2_truckplatoon/src/truck/src/src/Leader.cpp:1:
[2.014s] In file included from /Users/brodie/ros2_truckplatoon/src/truck/src/src/Leader.hpp:4:
[2.014s] /Users/brodie/ros2_truckplatoon/src/truck/src/src/Truck.hpp:4:10: warning: non-portable path to file '"utils/include.hpp"'; specified path differs in case from file name on disk [-Wnonportable-include-path]
[2.015s] #include "utils/Include.hpp"
[2.015s]          ^~~~~~~~~~~~~~~~~~~
[2.015s]          "utils/include.hpp"
[2.015s] In file included from /Users/brodie/ros2_truckplatoon/src/truck/src/src/Truck.cpp:1:
[2.016s] /Users/brodie/ros2_truckplatoon/src/truck/src/src/Truck.hpp:4:10: warning: non-portable path to file '"utils/include.hpp"'; specified path differs in case from file name on disk [-Wnonportable-include-path]
[2.016s] #include "utils/Include.hpp"
[2.016s]          ^~~~~~~~~~~~~~~~~~~
[2.016s]          "utils/include.hpp"
[2.018s] /Users/brodie/ros2_truckplatoon/src/truck/src/src/Truck.cpp:31:27: error: implicit instantiation of undefined template 'std::vector<Message>'
[2.019s]         for(auto message: *Bus)
[2.019s]                           ^
[2.019s] /Applications/Xcode.app/Contents/Developer/Platforms/MacOSX.platform/Developer/SDKs/MacOSX12.3.sdk/usr/include/c++/v1/iosfwd:259:28: note: template is declared here
[2.020s] class _LIBCPP_TEMPLATE_VIS vector;
[2.020s]                            ^
[2.021s] /Users/brodie/ros2_truckplatoon/src/truck/src/src/Truck.cpp:127:31: error: implicit instantiation of undefined template 'std::vector<Message>'
[2.022s]             for(auto message: *_Bus)
[2.022s]                               ^
[2.022s] /Applications/Xcode.app/Contents/Developer/Platforms/MacOSX.platform/Developer/SDKs/MacOSX12.3.sdk/usr/include/c++/v1/iosfwd:259:28: note: template is declared here
[2.022s] class _LIBCPP_TEMPLATE_VIS vector;
[2.023s]                            ^
[2.023s] /Users/brodie/ros2_truckplatoon/src/truck/src/src/Truck.cpp:147:40: error: implicit instantiation of undefined template 'std::vector<Message>'
[2.023s]                 for(auto message = _Bus->end(); (*message)._Event.Type() != EventType::LeaderElected; message--)
[2.023s]                                        ^
[2.023s] /Applications/Xcode.app/Contents/Developer/Platforms/MacOSX.platform/Developer/SDKs/MacOSX12.3.sdk/usr/include/c++/v1/iosfwd:259:28: note: template is declared here
[2.023s] class _LIBCPP_TEMPLATE_VIS vector;
[2.024s]                            ^
[2.024s] /Users/brodie/ros2_truckplatoon/src/truck/src/src/Truck.cpp:187:36: error: implicit instantiation of undefined template 'std::vector<Message>'
[2.024s]             for(auto message = _Bus->end(); (*message)._Event.Type() != EventType::LeaderElected; message--)
[2.024s]                                    ^
[2.024s] /Applications/Xcode.app/Contents/Developer/Platforms/MacOSX.platform/Developer/SDKs/MacOSX12.3.sdk/usr/include/c++/v1/iosfwd:259:28: note: template is declared here
[2.024s] class _LIBCPP_TEMPLATE_VIS vector;
[2.024s]                            ^
[2.026s] /Users/brodie/ros2_truckplatoon/src/truck/src/src/Truck.cpp:227:15: error: implicit instantiation of undefined template 'std::vector<Message>'
[2.027s]     return Bus->back();
[2.027s]               ^
[2.027s] /Applications/Xcode.app/Contents/Developer/Platforms/MacOSX.platform/Developer/SDKs/MacOSX12.3.sdk/usr/include/c++/v1/iosfwd:259:28: note: template is declared here
[2.027s] class _LIBCPP_TEMPLATE_VIS vector;
[2.028s]                            ^
[2.028s] /Users/brodie/ros2_truckplatoon/src/truck/src/src/Truck.cpp:232:27: error: implicit instantiation of undefined template 'std::vector<Message>'
[2.028s]         for(auto message: *Bus)
[2.028s]                           ^
[2.029s] /Users/brodie/ros2_truckplatoon/src/truck/src/src/utils/JsonHandler.cpp:/Applications/Xcode.app/Contents/Developer/Platforms/MacOSX.platform/Developer/SDKs/MacOSX12.3.sdk/usr/include/c++/v1/iosfwd49::25910::28 :warning:  unused variable 'key' [-Wunused-variable]note: 
[2.029s] template is declared here
[2.029s] class _LIBCPP_TEMPLATE_VIS vector;
[2.029s]     bool key = true;
[2.030s]          ^
[2.030s]                            ^
[2.030s] /Users/brodie/ros2_truckplatoon/src/truck/src/src/Truck.cpp:241:23: error: implicit instantiation of undefined template 'std::vector<Message>'
[2.030s]     for(auto message: *Bus)
[2.031s]                       ^
[2.031s] /Applications/Xcode.app/Contents/Developer/Platforms/MacOSX.platform/Developer/SDKs/MacOSX12.3.sdk/usr/include/c++/v1/iosfwd:259:28: note: template is declared here
[2.031s] class _LIBCPP_TEMPLATE_VIS vector;
[2.032s]                            ^
[2.032s] /Users/brodie/ros2_truckplatoon/src/truck/src/src/Truck.cpp:252:12: error: implicit instantiation of undefined template 'std::vector<Message>'
[2.032s]         Bus->push_back(*m);
[2.032s]            ^
[2.033s] /Applications/Xcode.app/Contents/Developer/Platforms/MacOSX.platform/Developer/SDKs/MacOSX12.3.sdk/usr/include/c++/v1/iosfwd:259:28: note: template is declared here
[2.033s] class _LIBCPP_TEMPLATE_VIS vector;
[2.033s]                            ^
[2.033s] /Users/brodie/ros2_truckplatoon/src/truck/src/src/Truck.cpp:250:58: warning: unused parameter 'm' [-Wunused-parameter]
[2.033s] void Truck::WriteBus(std::vector<Message>* Bus, Message *m )
[2.033s]                                                          ^
[2.033s] /Users/brodie/ros2_truckplatoon/src/truck/src/src/Truck.cpp:263:8: error: implicit instantiation of undefined template 'std::vector<Message>'
[2.034s]     Bus->push_back(Message(SenderPosition,ReceiverPosition, Event, SenderID, ReceiverID));
[2.034s]        ^
[2.034s] /Applications/Xcode.app/Contents/Developer/Platforms/MacOSX.platform/Developer/SDKs/MacOSX12.3.sdk/usr/include/c++/v1/iosfwd:259:28: note: template is declared here
[2.034s] class _LIBCPP_TEMPLATE_VIS vector;
[2.034s]                            ^
[2.035s] /Users/brodie/ros2_truckplatoon/src/truck/src/src/Truck.cpp:261:58: warning: unused parameter 'SenderPosition' [-Wunused-parameter]
[2.035s] void Truck::WriteBus(std::vector<Message>* Bus,u_int16_t SenderPosition, u_int16_t ReceiverPosition, Event Event, int16_t SenderID, int16_t ReceiverID)
[2.035s]                                                          ^
[2.035s] /Users/brodie/ros2_truckplatoon/src/truck/src/src/Truck.cpp:261:84: warning: unused parameter 'ReceiverPosition' [-Wunused-parameter]
[2.036s] void Truck::WriteBus(std::vector<Message>* Bus,u_int16_t SenderPosition, u_int16_t ReceiverPosition, Event Event, int16_t SenderID, int16_t ReceiverID)
[2.036s]                                                                                    ^
[2.036s] /Users/brodie/ros2_truckplatoon/src/truck/src/src/Truck.cpp:261:108: warning: unused parameter 'Event' [-Wunused-parameter]
[2.036s] void Truck::WriteBus(std::vector<Message>* Bus,u_int16_t SenderPosition, u_int16_t ReceiverPosition, Event Event, int16_t SenderID, int16_t ReceiverID)
[2.037s]                                                                                                            ^
[2.037s] /Users/brodie/ros2_truckplatoon/src/truck/src/src/Truck.cpp:261:123: warning: unused parameter 'SenderID' [-Wunused-parameter]
[2.037s] void Truck::WriteBus(std::vector<Message>* Bus,u_int16_t SenderPosition, u_int16_t ReceiverPosition, Event Event, int16_t SenderID, int16_t ReceiverID)
[2.037s]                                                                                                                           ^
[2.038s] /Users/brodie/ros2_truckplatoon/src/truck/src/src/Truck.cpp:261:141: warning: unused parameter 'ReceiverID' [-Wunused-parameter]
[2.038s] void Truck::WriteBus(std::vector<Message>* Bus,u_int16_t SenderPosition, u_int16_t ReceiverPosition, Event Event, int16_t SenderID, int16_t ReceiverID)
[2.038s]                                                                                                                                             ^
[2.048s] In file included from /Users/brodie/ros2_truckplatoon/src/truck/src/src/Communication.cpp:1:
[2.049s] In file included from /Users/brodie/ros2_truckplatoon/src/truck/src/src/Communication.hpp:2:
[2.049s] In file included from /Users/brodie/ros2_truckplatoon/src/truck/src/src/Event.hpp:4:
[2.049s] /Users/brodie/ros2_truckplatoon/src/truck/src/src/utils/PlatoonTypes.hpp:53:22: warning: unused function 'operator<<' [-Wunused-function]
[2.050s] static std::ostream& operator << ( std::ostream& outs, const EventType& p )
[2.050s]                      ^
[2.050s] /Users/brodie/ros2_truckplatoon/src/truck/src/src/utils/PlatoonTypes.hpp:108:22: warning: unused function 'operator<<' [-Wunused-function]
[2.050s] static std::ostream& operator << ( std::ostream& outs, const TruckState& p )
[2.050s]                      ^
[2.055s] 3 warnings generated.
[2.055s] In file included from /Users/brodie/ros2_truckplatoon/src/truck/src/src/Leader.cpp:1:
[2.055s] In file included from /Users/brodie/ros2_truckplatoon/src/truck/src/src/Leader.hpp:4:
[2.055s] In file included from /Users/brodie/ros2_truckplatoon/src/truck/src/src/Truck.hpp:3:
[2.055s] /Users/brodie/ros2_truckplatoon/src/truck/src/src/utils/PlatoonTypes.hpp:53:22: warning: unused function 'operator<<' [-Wunused-function]
[2.056s] static std::ostream& operator << ( std::ostream& outs, const EventType& p )
[2.056s]                      ^
[2.056s] /Users/brodie/ros2_truckplatoon/src/truck/src/src/utils/PlatoonTypes.hpp:108:22: warning: unused function 'operator<<' [-Wunused-function]
[2.056s] static std::ostream& operator << ( std::ostream& outs, const TruckState& p )
[2.056s]                      ^
[2.061s] 7 warnings and 9 errors generated.
[2.063s] 3 warnings generated.
[2.071s] gmake[2]: *** [CMakeFiles/Truck_internal.dir/build.make:82: CMakeFiles/Truck_internal.dir/src/src/Truck.cpp.o] Error 1
[2.071s] gmake[1]: *** [CMakeFiles/Makefile2:213: CMakeFiles/Truck_internal.dir/all] Error 2
[2.080s] [ 60%] Linking CXX executable Communication
[2.086s] [ 70%] Linking CXX executable Leader
[2.156s] Undefined symbols for architecture x86_64:
[2.156s]   "_main", referenced from:
[2.157s]      implicit entry/start for main executable
[2.157s] ld: symbol(s) not found for architecture x86_64
[2.160s] clang: error: linker command failed with exit code 1 (use -v to see invocation)
[2.162s] gmake[2]: *** [CMakeFiles/Communication.dir/build.make:103: Communication] Error 1
[2.165s] gmake[1]: *** [CMakeFiles/Makefile2:132: CMakeFiles/Communication.dir/all] Error 2
[2.166s] Undefined symbols for architecture x86_64:
[2.167s]   "Truck::Truck()", referenced from:
[2.167s]       LeaderTruck::LeaderTruck() in Leader.cpp.o
[2.167s]   "_main", referenced from:
[2.168s]      implicit entry/start for main executable
[2.168s] ld: symbol(s) not found for architecture x86_64
[2.169s] clang: error: linker command failed with exit code 1 (use -v to see invocation)
[2.170s] 3 warnings generated.
[2.173s] gmake[2]: *** [CMakeFiles/Leader.dir/build.make:103: Leader] Error 1
[2.173s] gmake[1]: *** [CMakeFiles/Makefile2:159: CMakeFiles/Leader.dir/all] Error 2
[2.199s] [ 80%] Linking CXX executable JsonHandler
[2.274s] Undefined symbols for architecture x86_64:
[2.275s]   "_main", referenced from:
[2.275s]      implicit entry/start for main executable
[2.275s] ld: symbol(s) not found for architecture x86_64
[2.276s] clang: error: linker command failed with exit code 1 (use -v to see invocation)
[2.278s] gmake[2]: *** [CMakeFiles/JsonHandler.dir/build.make:103: JsonHandler] Error 1
[2.279s] gmake[1]: *** [CMakeFiles/Makefile2:240: CMakeFiles/JsonHandler.dir/all] Error 2
[2.279s] gmake: *** [Makefile:160: all] Error 2
[2.281s] Invoked command in '/Users/brodie/ros2_truckplatoon/build/truck' returned '2': CMAKE_PREFIX_PATH=${CMAKE_PREFIX_PATH}:/Users/brodie/my_workspace/install/my_package SHLVL=2 _=/usr/bin/env /usr/local/bin/cmake --build /Users/brodie/ros2_truckplatoon/build/truck -- -j8 -l8
