[0.050s] Invoking command in '/Users/brodie/ros2_truckplatoon/build/truck': CMAKE_PREFIX_PATH=${CMAKE_PREFIX_PATH}:/Users/brodie/my_workspace/install/my_package SHLVL=2 _=/usr/bin/env /usr/local/bin/cmake --build /Users/brodie/ros2_truckplatoon/build/truck -- -j8 -l8
[0.133s] Scanning dependencies of target truck
[0.156s] [ 33%] Building CXX object CMakeFiles/truck.dir/src/src/Leader.cpp.o
[0.156s] [ 33%] Building CXX object CMakeFiles/truck.dir/src/truck.cpp.o
[0.156s] [ 50%] Building CXX object CMakeFiles/truck.dir/src/src/Truck.cpp.o
[0.157s] [ 66%] Building CXX object CMakeFiles/truck.dir/src/src/Communication.cpp.o
[0.642s] In file included from /Users/brodie/ros2_truckplatoon/src/truck/src/src/Leader.cpp:1:
[0.643s] In file included from /Users/brodie/ros2_truckplatoon/src/truck/src/src/Leader.hpp:4:
[0.643s] /Users/brodie/ros2_truckplatoon/src/truck/src/src/Truck.hpp:4:10: warning: non-portable path to file '"utils/include.hpp"'; specified path differs in case from file name on disk [-Wnonportable-include-path]
[0.644s] #include "utils/Include.hpp"
[0.644s]          ^~~~~~~~~~~~~~~~~~~
[0.644s]          "utils/include.hpp"
[0.644s] In file included from /Users/brodie/ros2_truckplatoon/src/truck/src/src/Communication.cpp:1:
[0.644s] In file included from /Users/brodie/ros2_truckplatoon/src/truck/src/src/Communication.hpp:3:
[0.644s] /Users/brodie/ros2_truckplatoon/src/truck/src/src/Truck.hpp:4:10: warning: non-portable path to file '"utils/include.hpp"'; specified path differs in case from file name on disk [-Wnonportable-include-path]
[0.645s] In file included from /Users/brodie/ros2_truckplatoon/src/truck/src/src/Truck.cpp:1:
[0.645s] /Users/brodie/ros2_truckplatoon/src/truck/src/src/Truck.hpp#include "utils/Include.hpp"
[0.645s]          ^~~~~~~~~~~~~~~~~~~:
[0.645s] 4         "utils/include.hpp":
[0.645s] 10: warning: non-portable path to file '"utils/include.hpp"'; specified path differs in case from file name on disk [-Wnonportable-include-path]
[0.645s] #include "utils/Include.hpp"
[0.645s]          ^~~~~~~~~~~~~~~~~~~
[0.646s]          "utils/include.hpp"
[0.646s] In file included from /Users/brodie/ros2_truckplatoon/src/truck/src/truck.cpp:2:
[0.646s] In file included from /Users/brodie/ros2_truckplatoon/src/truck/src/Platoon.hpp:4:
[0.646s] In file included from /Users/brodie/ros2_truckplatoon/src/truck/src/src/Leader.hpp:4:
[0.646s] /Users/brodie/ros2_truckplatoon/src/truck/src/src/Truck.hpp:4:10: warning: non-portable path to file '"utils/include.hpp"'; specified path differs in case from file name on disk [-Wnonportable-include-path]
[0.646s] #include "utils/Include.hpp"
[0.647s]          ^~~~~~~~~~~~~~~~~~~
[0.647s]          "utils/include.hpp"
[1.275s] In file included from /Users/brodie/ros2_truckplatoon/src/truck/src/src/Communication.cpp:1:
[1.275s] In file included from /Users/brodie/ros2_truckplatoon/src/truck/src/src/Communication.hpp:3:
[1.276s] In file included from /Users/brodie/ros2_truckplatoon/src/truck/src/src/Truck.hpp:7:
[1.276s] /Users/brodie/ros2_truckplatoon/src/truck/src/src/Subscriber.hpp:31:35: error: use of undeclared identifier 'MinimalSubscriber'
[1.276s]         TopicName, 10, std::bind(&MinimalSubscriber::topic_callback, this, _1));
[1.276s]                                   ^
[1.279s] In file included from /Users/brodie/ros2_truckplatoon/src/truck/src/truck.cpp:2:
[1.279s] In file included from /Users/brodie/ros2_truckplatoon/src/truck/src/Platoon.hpp:4:
[1.279s] In file included from /Users/brodie/ros2_truckplatoon/src/truck/src/src/Leader.hpp:4:
[1.279s] In file included from /Users/brodie/ros2_truckplatoon/src/truck/src/src/Truck.hpp:7:
[1.279s] /Users/brodie/ros2_truckplatoon/src/truck/src/src/Subscriber.hpp:31:35: error: use of undeclared identifier 'MinimalSubscriber'
[1.279s]         TopicName, 10, std::bind(&MinimalSubscriber::topic_callback, this, _1));
[1.279s]                                   ^
[1.281s] In file included from /Users/brodie/ros2_truckplatoon/src/truck/src/src/Truck.cpp:1:
[1.281s] In file included from /Users/brodie/ros2_truckplatoon/src/truck/src/src/Truck.hpp:7:
[1.281s] /Users/brodie/ros2_truckplatoon/src/truck/src/src/Subscriber.hpp:31:35: error: use of undeclared identifier 'MinimalSubscriber'
[1.282s]         TopicName, 10, std::bind(&MinimalSubscriber::topic_callback, this, _1));
[1.282s]                                   ^
[1.287s] /Users/brodie/ros2_truckplatoon/src/truck/src/src/Subscriber.hpp:31:76: error: use of undeclared identifier '_1'; did you mean 'std::placeholders::_1'?
[1.287s]         TopicName, 10, std::bind(&MinimalSubscriber::topic_callback, this, _1));
[1.287s]                                                                            ^~
[1.288s]                                                                            std::placeholders::_1
[1.288s] /Applications/Xcode.app/Contents/Developer/Platforms/MacOSX.platform/Developer/SDKs/MacOSX12.3.sdk/usr/include/c++/v1/__functional/bind.h:61:46: note: 'std::placeholders::_1' declared here
[1.288s] /* _LIBCPP_INLINE_VAR */ constexpr __ph<1>   _1{};
[1.288s]                                              ^
[1.289s] In file included from /Users/brodie/ros2_truckplatoon/src/truck/src/src/Communication.cpp:1:
[1.289s] In file included from /Users/brodie/ros2_truckplatoon/src/truck/src/src/Communication.hpp:3:
[1.289s] In file included from /Users/brodie/ros2_truckplatoon/src/truck/src/src/Truck.hpp:7:
[1.289s] /Users/brodie/ros2_truckplatoon/src/truck/src/src/Subscriber.hpp:34:64: warning: unused parameter 'msg' [-Wunused-parameter]
[1.289s]     void topic_callback(const message::msg::Message::SharedPtr msg) const
[1.289s]                                                                ^
[1.290s] In file included from /Users/brodie/ros2_truckplatoon/src/truck/src/src/Leader.cpp:1:
[1.290s] In file included from /Users/brodie/ros2_truckplatoon/src/truck/src/src/Leader.hpp:4:
[1.290s] In file included from /Users/brodie/ros2_truckplatoon/src/truck/src/src/Truck.hpp:7:
[1.290s] /Users/brodie/ros2_truckplatoon/src/truck/src/src/Subscriber.hpp:31:35: error: use of undeclared identifier 'MinimalSubscriber'
[1.290s]         TopicName, 10, std::bind(&MinimalSubscriber::topic_callback, this, _1));
[1.290s]                                   ^
[1.291s] /Users/brodie/ros2_truckplatoon/src/truck/src/src/Subscriber.hpp:31:76: error: use of undeclared identifier '_1'; did you mean 'std::placeholders::_1'?
[1.291s]         TopicName, 10, std::bind(&MinimalSubscriber::topic_callback, this, _1));
[1.292s]                                                                            ^~
[1.292s]                                                                            std::placeholders::_1
[1.293s] /Applications/Xcode.app/Contents/Developer/Platforms/MacOSX.platform/Developer/SDKs/MacOSX12.3.sdk/usr/include/c++/v1/__functional/bind.h:61:46: note: 'std::placeholders::_1' declared here
[1.293s] /* _LIBCPP_INLINE_VAR */ constexpr __ph<1>   _1{};
[1.293s]                                              ^
[1.294s] In file included from /Users/brodie/ros2_truckplatoon/src/truck/src/truck.cpp:2:
[1.294s] In file included from /Users/brodie/ros2_truckplatoon/src/truck/src/Platoon.hpp:4:
[1.294s] In file included from /Users/brodie/ros2_truckplatoon/src/truck/src/src/Leader.hpp:4:
[1.294s] In file included from /Users/brodie/ros2_truckplatoon/src/truck/src/src/Truck.hpp:7:
[1.294s] /Users/brodie/ros2_truckplatoon/src/truck/src/src/Subscriber.hpp:34:64: warning: unused parameter 'msg' [-Wunused-parameter]
[1.294s]     void topic_callback(const message::msg::Message::SharedPtr msg) const
[1.294s]                                                                ^
[1.295s] /Users/brodie/ros2_truckplatoon/src/truck/src/src/Subscriber.hpp:31:76: error: use of undeclared identifier '_1'; did you mean 'std::placeholders::_1'?
[1.295s]         TopicName, 10, std::bind(&MinimalSubscriber::topic_callback, this, _1));
[1.295s]                                                                            ^~
[1.295s]                                                                            std::placeholders::_1
[1.295s] /Applications/Xcode.app/Contents/Developer/Platforms/MacOSX.platform/Developer/SDKs/MacOSX12.3.sdk/usr/include/c++/v1/__functional/bind.h:61:46: note: 'std::placeholders::_1' declared here
[1.295s] /* _LIBCPP_INLINE_VAR */ constexpr __ph<1>   _1{};
[1.295s]                                              ^
[1.296s] In file included from /Users/brodie/ros2_truckplatoon/src/truck/src/src/Truck.cpp:1:
[1.296s] In file included from /Users/brodie/ros2_truckplatoon/src/truck/src/src/Truck.hpp:7:
[1.296s] /Users/brodie/ros2_truckplatoon/src/truck/src/src/Subscriber.hpp:34:64: warning: unused parameter 'msg' [-Wunused-parameter]
[1.296s]     void topic_callback(const message::msg::Message::SharedPtr msg) const
[1.296s]                                                                ^
[1.296s] In file included from /Users/brodie/ros2_truckplatoon/src/truck/src/truck.cpp:2:
[1.296s] /Users/brodie/ros2_truckplatoon/src/truck/src/Platoon.hpp:8:10: warning: non-portable path to file '"src/utils/include.hpp"'; specified path differs in case from file name on disk [-Wnonportable-include-path]
[1.296s] #include "src/utils/Include.hpp"
[1.296s]          ^~~~~~~~~~~~~~~~~~~~~~~
[1.297s]          "src/utils/include.hpp"
[1.299s] /Users/brodie/ros2_truckplatoon/src/truck/src/src/Subscriber.hpp:31:76: error: use of undeclared identifier '_1'; did you mean 'std::placeholders::_1'?
[1.299s]         TopicName, 10, std::bind(&MinimalSubscriber::topic_callback, this, _1));
[1.300s]                                                                            ^~
[1.300s]                                                                            std::placeholders::_1
[1.300s] /Applications/Xcode.app/Contents/Developer/Platforms/MacOSX.platform/Developer/SDKs/MacOSX12.3.sdk/usr/include/c++/v1/__functional/bind.h:61:46: note: 'std::placeholders::_1' declared here
[1.300s] /* _LIBCPP_INLINE_VAR */ constexpr __ph<1>   _1{};
[1.300s]                                              ^
[1.300s] In file included from /Users/brodie/ros2_truckplatoon/src/truck/src/src/Leader.cpp:1:
[1.300s] In file included from /Users/brodie/ros2_truckplatoon/src/truck/src/src/Leader.hpp:4:
[1.300s] In file included from /Users/brodie/ros2_truckplatoon/src/truck/src/src/Truck.hpp:7:
[1.300s] /Users/brodie/ros2_truckplatoon/src/truck/src/src/Subscriber.hpp:34:64: warning: unused parameter 'msg' [-Wunused-parameter]
[1.301s]     void topic_callback(const message::msg::Message::SharedPtr msg) const
[1.301s]                                                                ^
[1.737s] 2 warnings and 2 errors generated.
[1.742s] In file included from /Users/brodie/ros2_truckplatoon/src/truck/src/truck.cpp:2:
[1.742s] In file included from /Users/brodie/ros2_truckplatoon/src/truck/src/Platoon.hpp:11:
[1.742s] /Users/brodie/ros2_truckplatoon/src/truck/src/src/DrivingEvent.hpp:9:15: warning: private field '_speed' is not used [-Wunused-private-field]
[1.743s]     speedType _speed;
[1.743s]               ^
[1.743s] /Users/brodie/ros2_truckplatoon/src/truck/src/src/DrivingEvent.hpp:10:23: warning: private field '_stearingAngle' is not used [-Wunused-private-field]
[1.743s]     stearingAngleType _stearingAngle;
[1.743s]                       ^
[1.743s] /Users/brodie/ros2_truckplatoon/src/truck/src/src/DrivingEvent.hpp:11:18: warning: private field '_distance' is not used [-Wunused-private-field]
[1.743s]     distanceType _distance;
[1.744s]                  ^
[1.744s] 2 warnings and 2 errors generated.
[1.744s] 6 warnings and 2 errors generated.
[1.755s] gmake[2]: *** [CMakeFiles/truck.dir/build.make:121: CMakeFiles/truck.dir/src/src/Communication.cpp.o] Error 1
[1.755s] gmake[2]: *** Waiting for unfinished jobs....
[1.760s] gmake[2]: *** [CMakeFiles/truck.dir/build.make:82: CMakeFiles/truck.dir/src/truck.cpp.o] Error 1
[1.760s] gmake[2]: *** [CMakeFiles/truck.dir/build.make:108: CMakeFiles/truck.dir/src/src/Leader.cpp.o] Error 1
[1.787s] 2 warnings and 2 errors generated.
[1.798s] gmake[2]: *** [CMakeFiles/truck.dir/build.make:95: CMakeFiles/truck.dir/src/src/Truck.cpp.o] Error 1
[1.799s] gmake[1]: *** [CMakeFiles/Makefile2:97: CMakeFiles/truck.dir/all] Error 2
[1.799s] gmake: *** [Makefile:160: all] Error 2
[1.800s] Invoked command in '/Users/brodie/ros2_truckplatoon/build/truck' returned '2': CMAKE_PREFIX_PATH=${CMAKE_PREFIX_PATH}:/Users/brodie/my_workspace/install/my_package SHLVL=2 _=/usr/bin/env /usr/local/bin/cmake --build /Users/brodie/ros2_truckplatoon/build/truck -- -j8 -l8
