[0.077s] Invoking command in '/Users/brodie/ros2_truckplatoon/build/truck': CMAKE_PREFIX_PATH=${CMAKE_PREFIX_PATH}:/Users/brodie/my_workspace/install/my_package SHLVL=2 _=/usr/bin/env /usr/local/bin/cmake --build /Users/brodie/ros2_truckplatoon/build/truck -- -j8 -l8
[0.185s] Scanning dependencies of target truck
[0.217s] [ 16%] Building CXX object CMakeFiles/truck.dir/src/truck.cpp.o
[0.217s] [ 33%] Building CXX object CMakeFiles/truck.dir/src/src/Truck.cpp.o
[0.221s] [ 66%] Building CXX object CMakeFiles/truck.dir/src/src/Leader.cpp.o
[0.221s] [ 66%] Building CXX object CMakeFiles/truck.dir/src/src/Communication.cpp.o
[0.815s] In file included from /Users/brodie/ros2_truckplatoon/src/truck/src/src/Leader.cpp:1:
[0.815s] In file included from /Users/brodie/ros2_truckplatoon/src/truck/src/src/Leader.hpp:4:
[0.815s] /Users/brodie/ros2_truckplatoon/src/truck/src/src/Truck.hpp:4:10: warning: non-portable path to file '"utils/include.hpp"'; specified path differs in case from file name on disk [-Wnonportable-include-path]
[0.815s] #include "utils/Include.hpp"
[0.816s]          ^~~~~~~~~~~~~~~~~~~
[0.816s]          "utils/include.hpp"
[0.817s] In file included from /Users/brodie/ros2_truckplatoon/src/truck/src/src/Communication.cpp:1:
[0.817s] In file included from /Users/brodie/ros2_truckplatoon/src/truck/src/src/Communication.hpp:3:
[0.817s] /Users/brodie/ros2_truckplatoon/src/truck/src/src/Truck.hpp:4:10: warning: non-portable path to file '"utils/include.hpp"'; specified path differs in case from file name on disk [-Wnonportable-include-path]
[0.817s] #include "utils/Include.hpp"
[0.818s]          ^~~~~~~~~~~~~~~~~~~
[0.818s]          "utils/include.hpp"
[0.821s] In file included from /Users/brodie/ros2_truckplatoon/src/truck/src/truck.cpp:2:
[0.821s] In file included from /Users/brodie/ros2_truckplatoon/src/truck/src/Platoon.hpp:4:
[0.821s] In file included from /Users/brodie/ros2_truckplatoon/src/truck/src/src/Leader.hpp:4:
[0.821s] /Users/brodie/ros2_truckplatoon/src/truck/src/src/Truck.hpp:4:10: warning: non-portable path to file '"utils/include.hpp"'; specified path differs in case from file name on disk [-Wnonportable-include-path]
[0.821s] #include "utils/Include.hpp"
[0.822s]          ^~~~~~~~~~~~~~~~~~~
[0.822s]          "utils/include.hpp"
[0.826s] In file included from /Users/brodie/ros2_truckplatoon/src/truck/src/src/Truck.cpp:1:
[0.826s] /Users/brodie/ros2_truckplatoon/src/truck/src/src/Truck.hpp:4:10: warning: non-portable path to file '"utils/include.hpp"'; specified path differs in case from file name on disk [-Wnonportable-include-path]
[0.826s] #include "utils/Include.hpp"
[0.826s]          ^~~~~~~~~~~~~~~~~~~
[0.826s]          "utils/include.hpp"
[1.600s] In file included from /Users/brodie/ros2_truckplatoon/src/truck/src/src/Leader.cpp:1:
[1.601s] In file included from /Users/brodie/ros2_truckplatoon/src/truck/src/src/Leader.hpp:4:
[1.601s] In file included from /Users/brodie/ros2_truckplatoon/src/truck/src/src/Truck.hpp:6:
[1.601s] /Users/brodie/ros2_truckplatoon/src/truck/src/src/NodePublisher.hpp:43:17: error: use of undeclared identifier 'TopicName'
[1.601s]     publishers_[TopicName]->publish(message);
[1.601s]                 ^
[1.602s] /Users/brodie/ros2_truckplatoon/src/truck/src/src/NodePublisher.hpp:53:17: error: invalid use of 'this' outside of a non-static member function
[1.602s]     RCLCPP_INFO(this->get_logger(), "Publishing: '%d'", message.sender_position);    // CHANGE
[1.602s]                 ^
[1.602s] /Users/brodie/ros2_truckplatoon/src/truck/src/src/NodePublisher.hpp:53:17: error: invalid use of 'this' outside of a non-static member function
[1.602s] /Users/brodie/ros2_truckplatoon/src/truck/src/src/NodePublisher.hpp:53:17: error: invalid use of 'this' outside of a non-static member function
[1.603s] /Users/brodie/ros2_truckplatoon/src/truck/src/src/NodePublisher.hpp:54:5: error: invalid use of member 'publishers_' in static member function
[1.603s]     publishers_[TopicName]->publish(message);
[1.604s]     ^~~~~~~~~~~
[1.604s] In file included from /Users/brodie/ros2_truckplatoon/src/truck/src/src/Communication.cpp:1:
[1.604s] In file included from /Users/brodie/ros2_truckplatoon/src/truck/src/src/Communication.hpp:3:
[1.604s] In file included from /Users/brodie/ros2_truckplatoon/src/truck/src/src/Truck.hpp:6:
[1.604s] /Users/brodie/ros2_truckplatoon/src/truck/src/src/NodePublisher.hpp:43:17: error: use of undeclared identifier 'TopicName'
[1.605s]     publishers_[TopicName]->publish(message);
[1.605s]                 ^
[1.605s] /Users/brodie/ros2_truckplatoon/src/truck/src/src/NodePublisher.hpp:53:17: error: invalid use of 'this' outside of a non-static member function
[1.605s]     RCLCPP_INFO(this->get_logger(), "Publishing: '%d'", message.sender_position);    // CHANGE
[1.605s]                 ^
[1.606s] /Users/brodie/ros2_truckplatoon/src/truck/src/src/NodePublisher.hpp:53:17: error: invalid use of 'this' outside of a non-static member function
[1.606s] /Users/brodie/ros2_truckplatoon/src/truck/src/src/NodePublisher.hpp:53:17: error: invalid use of 'this' outside of a non-static member function
[1.607s] /Users/brodie/ros2_truckplatoon/src/truck/src/src/NodePublisher.hpp:54:5: error: invalid use of member 'publishers_' in static member function
[1.607s]     publishers_[TopicName]->publish(message);
[1.607s]     ^~~~~~~~~~~
[1.607s] In file included from /Users/brodie/ros2_truckplatoon/src/truck/src/src/Truck.cpp:1:
[1.607s] In file included from /Users/brodie/ros2_truckplatoon/src/truck/src/src/Truck.hpp:6:
[1.607s] /Users/brodie/ros2_truckplatoon/src/truck/src/src/NodePublisher.hpp:43:17: error: use of undeclared identifier 'TopicName'
[1.608s]     publishers_[TopicName]->publish(message);
[1.608s]                 ^
[1.608s] /Users/brodie/ros2_truckplatoon/src/truck/src/src/NodePublisher.hpp:53:17: error: invalid use of 'this' outside of a non-static member function
[1.608s]     RCLCPP_INFO(this->get_logger(), "Publishing: '%d'", message.sender_position);    // CHANGE
[1.608s]                 ^
[1.609s] /Users/brodie/ros2_truckplatoon/src/truck/src/src/NodePublisher.hpp:53:17: error: invalid use of 'this' outside of a non-static member function
[1.609s] /Users/brodie/ros2_truckplatoon/src/truck/src/src/NodePublisher.hpp:53:17: error: invalid use of 'this' outside of a non-static member function
[1.609s] /Users/brodie/ros2_truckplatoon/src/truck/src/src/NodePublisher.hpp:54:5: error: invalid use of member 'publishers_' in static member function
[1.609s]     publishers_[TopicName]->publish(message);
[1.609s]     ^~~~~~~~~~~
[1.609s] In file included from /Users/brodie/ros2_truckplatoon/src/truck/src/truck.cpp:2:
[1.609s] In file included from /Users/brodie/ros2_truckplatoon/src/truck/src/Platoon.hpp:4:
[1.610s] In file included from /Users/brodie/ros2_truckplatoon/src/truck/src/src/Leader.hpp:4:
[1.610s] In file included from /Users/brodie/ros2_truckplatoon/src/truck/src/src/Truck.hpp:6:
[1.610s] /Users/brodie/ros2_truckplatoon/src/truck/src/src/NodePublisher.hpp:43:17: error: use of undeclared identifier 'TopicName'
[1.610s]     publishers_[TopicName]->publish(message);
[1.610s]                 ^
[1.610s] /Users/brodie/ros2_truckplatoon/src/truck/src/src/NodePublisher.hpp:53:17: error: invalid use of 'this' outside of a non-static member function
[1.611s]     RCLCPP_INFO(this->get_logger(), "Publishing: '%d'", message.sender_position);    // CHANGE
[1.611s]                 ^
[1.611s] /Users/brodie/ros2_truckplatoon/src/truck/src/src/NodePublisher.hpp:53:17: error: invalid use of 'this' outside of a non-static member function
[1.611s] /Users/brodie/ros2_truckplatoon/src/truck/src/src/NodePublisher.hpp:53:17: error: invalid use of 'this' outside of a non-static member function
[1.611s] /Users/brodie/ros2_truckplatoon/src/truck/src/src/NodePublisher.hpp:54:5: error: invalid use of member 'publishers_' in static member function
[1.611s]     publishers_[TopicName]->publish(message);
[1.611s]     ^~~~~~~~~~~
[1.612s] In file included from /Users/brodie/ros2_truckplatoon/src/truck/src/truck.cpp:2:
[1.612s] /Users/brodie/ros2_truckplatoon/src/truck/src/Platoon.hpp:8:10: warning: non-portable path to file '"src/utils/include.hpp"'; specified path differs in case from file name on disk [-Wnonportable-include-path]
[1.612s] #include "src/utils/Include.hpp"
[1.612s]          ^~~~~~~~~~~~~~~~~~~~~~~
[1.612s]          "src/utils/include.hpp"
[2.069s] 1 warning and 5 errors generated.
[2.071s] 1 warning and 5 errors generated.
[2.075s] In file included from /Users/brodie/ros2_truckplatoon/src/truck/src/truck.cpp:2:
[2.075s] In file included from /Users/brodie/ros2_truckplatoon/src/truck/src/Platoon.hpp:11:
[2.075s] /Users/brodie/ros2_truckplatoon/src/truck/src/src/DrivingEvent.hpp:9:15: warning: private field '_speed' is not used [-Wunused-private-field]
[2.075s]     speedType _speed;
[2.075s]               ^
[2.075s] /Users/brodie/ros2_truckplatoon/src/truck/src/src/DrivingEvent.hpp:10:23: warning: private field '_stearingAngle' is not used [-Wunused-private-field]
[2.075s]     stearingAngleType _stearingAngle;
[2.076s]                       ^
[2.076s] /Users/brodie/ros2_truckplatoon/src/truck/src/src/DrivingEvent.hpp:11:18: warning: private field '_distance' is not used [-Wunused-private-field]
[2.076s]     distanceType _distance;
[2.076s]                  ^
[2.076s] 5 warnings and 5 errors generated.
[2.084s] gmake[2]: *** [CMakeFiles/truck.dir/build.make:108: CMakeFiles/truck.dir/src/src/Leader.cpp.o] Error 1
[2.084s] gmake[2]: *** Waiting for unfinished jobs....
[2.084s] gmake[2]: *** [CMakeFiles/truck.dir/build.make:121: CMakeFiles/truck.dir/src/src/Communication.cpp.o] Error 1
[2.088s] gmake[2]: *** [CMakeFiles/truck.dir/build.make:82: CMakeFiles/truck.dir/src/truck.cpp.o] Error 1
[2.111s] 1 warning and 5 errors generated.
[2.123s] gmake[2]: *** [CMakeFiles/truck.dir/build.make:95: CMakeFiles/truck.dir/src/src/Truck.cpp.o] Error 1
[2.123s] gmake[1]: *** [CMakeFiles/Makefile2:97: CMakeFiles/truck.dir/all] Error 2
[2.123s] gmake: *** [Makefile:160: all] Error 2
[2.126s] Invoked command in '/Users/brodie/ros2_truckplatoon/build/truck' returned '2': CMAKE_PREFIX_PATH=${CMAKE_PREFIX_PATH}:/Users/brodie/my_workspace/install/my_package SHLVL=2 _=/usr/bin/env /usr/local/bin/cmake --build /Users/brodie/ros2_truckplatoon/build/truck -- -j8 -l8
