[0.060s] Invoking command in '/Users/brodie/ros2_truckplatoon/build/truck': CMAKE_PREFIX_PATH=${CMAKE_PREFIX_PATH}:/Users/brodie/my_workspace/install/my_package SHLVL=2 _=/usr/bin/env /usr/local/bin/cmake --build /Users/brodie/ros2_truckplatoon/build/truck -- -j8 -l8
[0.230s] Scanning dependencies of target truck
[0.272s] [ 33%] Building CXX object CMakeFiles/truck.dir/src/src/Truck.cpp.o
[0.272s] [ 33%] Building CXX object CMakeFiles/truck.dir/src/src/Leader.cpp.o
[0.274s] [ 50%] Building CXX object CMakeFiles/truck.dir/src/src/Communication.cpp.o
[0.275s] [ 66%] Building CXX object CMakeFiles/truck.dir/src/truck.cpp.o
[0.958s] In file included from /Users/brodie/ros2_truckplatoon/src/truck/src/truck.cpp:2:
[0.959s] In file included from /Users/brodie/ros2_truckplatoon/src/truck/src/Platoon.hpp:4:
[0.959s] In file included from /Users/brodie/ros2_truckplatoon/src/truck/src/src/Leader.hpp:4:
[0.959s] /Users/brodie/ros2_truckplatoon/src/truck/src/src/Truck.hpp:4:10: warning: non-portable path to file '"utils/include.hpp"'; specified path differs in case from file name on disk [-Wnonportable-include-path]
[0.959s] #include "utils/Include.hpp"
[0.959s]          ^~~~~~~~~~~~~~~~~~~
[0.959s]          "utils/include.hpp"
[0.959s] In file included from /Users/brodie/ros2_truckplatoon/src/truck/src/src/Leader.cpp:1:
[0.960s] In file included from /Users/brodie/ros2_truckplatoon/src/truck/src/src/Leader.hpp:4:
[0.960s] /Users/brodie/ros2_truckplatoon/src/truck/src/src/Truck.hpp:4:10: warning: non-portable path to file '"utils/include.hpp"'; specified path differs in case from file name on disk [-Wnonportable-include-path]
[0.960s] #include "utils/Include.hpp"
[0.960s]          ^~~~~~~~~~~~~~~~~~~
[0.960s]          "utils/include.hpp"
[0.962s] In file included from /Users/brodie/ros2_truckplatoon/src/truck/src/src/Truck.cpp:1:
[0.962s] /Users/brodie/ros2_truckplatoon/src/truck/src/src/Truck.hpp:4:10: warning: non-portable path to file '"utils/include.hpp"'; specified path differs in case from file name on disk [-Wnonportable-include-path]
[0.962s] #include "utils/Include.hpp"
[0.962s]          ^~~~~~~~~~~~~~~~~~~
[0.962s]          "utils/include.hpp"
[0.967s] In file included from /Users/brodie/ros2_truckplatoon/src/truck/src/src/Communication.cpp:1:
[0.968s] In file included from /Users/brodie/ros2_truckplatoon/src/truck/src/src/Communication.hpp:3:
[0.968s] /Users/brodie/ros2_truckplatoon/src/truck/src/src/Truck.hpp:4:10: warning: non-portable path to file '"utils/include.hpp"'; specified path differs in case from file name on disk [-Wnonportable-include-path]
[0.968s] #include "utils/Include.hpp"
[0.968s]          ^~~~~~~~~~~~~~~~~~~
[0.968s]          "utils/include.hpp"
[1.924s] In file included from /Users/brodie/ros2_truckplatoon/src/truck/src/truck.cpp:2:
[1.924s] In file included from /Users/brodie/ros2_truckplatoon/src/truck/src/Platoon.hpp:4:
[1.924s] In file included from /Users/brodie/ros2_truckplatoon/src/truck/src/src/Leader.hpp:4:
[1.924s] In file included from /Users/brodie/ros2_truckplatoon/src/truck/src/src/Truck.hpp:6:
[1.925s] /Users/brodie/ros2_truckplatoon/src/truck/src/src/NodePublisher.hpp:45:29: error: no type named 'strin' in namespace 'std'; did you mean 'string'?
[1.925s]   static void callback(std::strin TopicName)
[1.925s]                        ~~~~~^~~~~
[1.925s]                             string
[1.925s] /Applications/Xcode.app/Contents/Developer/Platforms/MacOSX.platform/Developer/SDKs/MacOSX12.3.sdk/usr/include/c++/v1/iosfwd:249:65: note: 'string' declared here
[1.926s] typedef basic_string<char, char_traits<char>, allocator<char> > string;
[1.926s]                                                                 ^
[1.926s] In file included from /Users/brodie/ros2_truckplatoon/src/truck/src/src/Truck.cpp:1:
[1.926s] In file included from /Users/brodie/ros2_truckplatoon/src/truck/src/src/Truck.hpp:6:
[1.926s] /Users/brodie/ros2_truckplatoon/src/truck/src/src/NodePublisher.hpp:45:29: error: no type named 'strin' in namespace 'std'; did you mean 'string'?
[1.927s]   static void callback(std::strin TopicName)
[1.927s]                        ~~~~~^~~~~
[1.927s]                             string
[1.927s] /Applications/Xcode.app/Contents/Developer/Platforms/MacOSX.platform/Developer/SDKs/MacOSX12.3.sdk/usr/include/c++/v1/iosfwd:249:65: note: 'string' declared here
[1.928s] typedef basic_string<char, char_traits<char>, allocator<char> > string;
[1.928s]                                                                 ^
[1.928s] In file included from /Users/brodie/ros2_truckplatoon/src/truck/src/src/Leader.cpp:1:
[1.928s] In file included from /Users/brodie/ros2_truckplatoon/src/truck/src/src/Leader.hpp:4:
[1.929s] In file included from /Users/brodie/ros2_truckplatoon/src/truck/src/src/Truck.hpp:6:
[1.929s] /Users/brodie/ros2_truckplatoon/src/truck/src/src/NodePublisher.hpp:45:29: error: no type named 'strin' in namespace 'std'; did you mean 'string'?
[1.929s]   static void callback(std::strin TopicName)
[1.929s]                        ~~~~~^~~~~
[1.929s]                             string
[1.930s] /Applications/Xcode.app/Contents/Developer/Platforms/MacOSX.platform/Developer/SDKs/MacOSX12.3.sdk/usr/include/c++/v1/iosfwd:249:65: note: 'string' declared here
[1.930s] typedef basic_string<char, char_traits<char>, allocator<char> > string;
[1.930s]                                                                 ^
[1.930s] In file included from /Users/brodie/ros2_truckplatoon/src/truck/src/truck.cpp:2:
[1.931s] In file included from /Users/brodie/ros2_truckplatoon/src/truck/src/Platoon.hpp:4:
[1.931s] In file included from /Users/brodie/ros2_truckplatoon/src/truck/src/src/Leader.hpp:4:
[1.931s] In file included from /Users/brodie/ros2_truckplatoon/src/truck/src/src/Truck.hpp:6:
[1.931s] /Users/brodie/ros2_truckplatoon/src/truck/src/src/NodePublisher.hpp:28:15: warning: lambda capture 'this' is not used [-Wunused-lambda-capture]
[1.931s]       500ms, [this, TopicName]() -> void { callback(TopicName); });
[1.932s]               ^~~~~
[1.932s] In file included from /Users/brodie/ros2_truckplatoon/src/truck/src/src/Truck.cpp:1:
[1.932s] In file included from /Users/brodie/ros2_truckplatoon/src/truck/src/src/Truck.hpp:6:
[1.932s] /Users/brodie/ros2_truckplatoon/src/truck/src/src/NodePublisher.hpp:28:15: warning: lambda capture 'this' is not used [-Wunused-lambda-capture]
[1.932s]       500ms, [this, TopicName]() -> void { callback(TopicName); });
[1.932s]               ^~~~~
[1.933s] In file included from /Users/brodie/ros2_truckplatoon/src/truck/src/src/Leader.cpp:1:
[1.933s] In file included from /Users/brodie/ros2_truckplatoon/src/truck/src/src/Leader.hpp:4:
[1.933s] In file included from /Users/brodie/ros2_truckplatoon/src/truck/src/src/Truck.hpp:6:
[1.933s] /Users/brodie/ros2_truckplatoon/src/truck/src/src/NodePublisher.hpp:28:15: warning: lambda capture 'this' is not used [-Wunused-lambda-capture]
[1.933s]       500ms, [this, TopicName]() -> void { callback(TopicName); });
[1.933s]               ^~~~~
[1.934s] In file included from /Users/brodie/ros2_truckplatoon/src/truck/src/src/Communication.cpp:1:
[1.934s] In file included from /Users/brodie/ros2_truckplatoon/src/truck/src/src/Communication.hpp:3:
[1.934s] In file included from /Users/brodie/ros2_truckplatoon/src/truck/src/src/Truck.hpp:6:
[1.934s] /Users/brodie/ros2_truckplatoon/src/truck/src/src/NodePublisher.hpp:45:29: error: no type named 'strin' in namespace 'std'; did you mean 'string'?
[1.934s]   static void callback(std::strin TopicName)
[1.934s]                        ~~~~~^~~~~
[1.935s]                             string
[1.935s] /Applications/Xcode.app/Contents/Developer/Platforms/MacOSX.platform/Developer/SDKs/MacOSX12.3.sdk/usr/include/c++/v1/iosfwd:249:65: note: 'string' declared here
[1.935s] typedef basic_string<char, char_traits<char>, allocator<char> > string;
[1.935s]                                                                 ^
[1.936s] In file included from /Users/brodie/ros2_truckplatoon/src/truck/src/src/Communication.cpp:1:
[1.936s] In file included from /Users/brodie/ros2_truckplatoon/src/truck/src/src/Communication.hpp:3:
[1.936s] In file included from /Users/brodie/ros2_truckplatoon/src/truck/src/src/Truck.hpp:6:
[1.936s] /Users/brodie/ros2_truckplatoon/src/truck/src/src/NodePublisher.hpp:28:15: warning: lambda capture 'this' is not used [-Wunused-lambda-capture]
[1.937s]       500ms, [this, TopicName]() -> void { callback(TopicName); });
[1.937s]               ^~~~~
[1.937s] /Users/brodie/ros2_truckplatoon/src/truck/src/src/NodePublisher.hpp:43:17: error: use of undeclared identifier 'TopicName'
[1.937s]     publishers_[TopicName]->publish(message);
[1.938s]                 ^
[1.938s] /Users/brodie/ros2_truckplatoon/src/truck/src/src/NodePublisher.hpp:53:17: error: invalid use of 'this' outside of a non-static member function
[1.938s]     RCLCPP_INFO(this->get_logger(), "Publishing: '%d'", message.sender_position);    // CHANGE
[1.938s]                 ^
[1.938s] /Users/brodie/ros2_truckplatoon/src/truck/src/src/NodePublisher.hpp:53:17: error: invalid use of 'this' outside of a non-static member function
[1.938s] /Users/brodie/ros2_truckplatoon/src/truck/src/src/NodePublisher.hpp:53:17: error: invalid use of 'this' outside of a non-static member function
[1.939s] /Users/brodie/ros2_truckplatoon/src/truck/src/src/NodePublisher.hpp:54:5: error: invalid use of member 'publishers_' in static member function
[1.939s]     publishers_[TopicName]->publish(message);
[1.939s]     ^~~~~~~~~~~
[1.939s] /Users/brodie/ros2_truckplatoon/src/truck/src/src/NodePublisher.hpp:43:17: error: use of undeclared identifier 'TopicName'
[1.939s]     publishers_[TopicName]->publish(message);
[1.940s]                 ^
[1.940s] /Users/brodie/ros2_truckplatoon/src/truck/src/src/NodePublisher.hpp:53:17: error: invalid use of 'this' outside of a non-static member function
[1.940s]     RCLCPP_INFO(this->get_logger(), "Publishing: '%d'", message.sender_position);    // CHANGE
[1.940s]                 ^
[1.940s] /Users/brodie/ros2_truckplatoon/src/truck/src/src/NodePublisher.hpp:53:17: error: invalid use of 'this' outside of a non-static member function
[1.941s] /Users/brodie/ros2_truckplatoon/src/truck/src/src/NodePublisher.hpp:53:17: error: invalid use of 'this' outside of a non-static member function
[1.941s] In file included from /Users/brodie/ros2_truckplatoon/src/truck/src/truck.cpp:2:
[1.941s] /Users/brodie/ros2_truckplatoon/src/truck/src/Platoon.hpp:8:10: warning: non-portable path to file '"src/utils/include.hpp"'; specified path differs in case from file name on disk [-Wnonportable-include-path]
[1.941s] #include "src/utils/Include.hpp"
[1.941s]          ^~~~~~~~~~~~~~~~~~~~~~~
[1.941s]          "src/utils/include.hpp"
[1.942s] /Users/brodie/ros2_truckplatoon/src/truck/src/src/NodePublisher.hpp:54:5: error: invalid use of member 'publishers_' in static member function
[1.942s]     publishers_[TopicName]->publish(message);
[1.942s]     ^~~~~~~~~~~
[1.942s] /Users/brodie/ros2_truckplatoon/src/truck/src/src/NodePublisher.hpp:43:17: error: use of undeclared identifier 'TopicName'
[1.942s]     publishers_[TopicName]->publish(message);
[1.942s]                 ^
[1.943s] /Users/brodie/ros2_truckplatoon/src/truck/src/src/NodePublisher.hpp:53:17: error: invalid use of 'this' outside of a non-static member function
[1.943s]     RCLCPP_INFO(this->get_logger(), "Publishing: '%d'", message.sender_position);    // CHANGE
[1.943s]                 ^
[1.943s] /Users/brodie/ros2_truckplatoon/src/truck/src/src/NodePublisher.hpp:53:17: error: invalid use of 'this' outside of a non-static member function
[1.943s] /Users/brodie/ros2_truckplatoon/src/truck/src/src/NodePublisher.hpp:53:17: error: invalid use of 'this' outside of a non-static member function
[1.943s] /Users/brodie/ros2_truckplatoon/src/truck/src/src/NodePublisher.hpp:54:5: error: invalid use of member 'publishers_' in static member function
[1.944s]     publishers_[TopicName]->publish(message);
[1.944s]     ^~~~~~~~~~~
[1.944s] /Users/brodie/ros2_truckplatoon/src/truck/src/src/NodePublisher.hpp:43:17: error: use of undeclared identifier 'TopicName'
[1.944s]     publishers_[TopicName]->publish(message);
[1.944s]                 ^
[1.945s] /Users/brodie/ros2_truckplatoon/src/truck/src/src/NodePublisher.hpp:53:17: error: invalid use of 'this' outside of a non-static member function
[1.945s]     RCLCPP_INFO(this->get_logger(), "Publishing: '%d'", message.sender_position);    // CHANGE
[1.945s]                 ^
[1.945s] /Users/brodie/ros2_truckplatoon/src/truck/src/src/NodePublisher.hpp:53:17: error: invalid use of 'this' outside of a non-static member function
[1.945s] /Users/brodie/ros2_truckplatoon/src/truck/src/src/NodePublisher.hpp:53:17: error: invalid use of 'this' outside of a non-static member function
[1.945s] /Users/brodie/ros2_truckplatoon/src/truck/src/src/NodePublisher.hpp:54:5: error: invalid use of member 'publishers_' in static member function
[1.946s]     publishers_[TopicName]->publish(message);
[1.946s]     ^~~~~~~~~~~
[2.453s] 2 warnings and 6 errors generated.
[2.460s] In file included from /Users/brodie/ros2_truckplatoon/src/truck/src/truck.cpp:2:
[2.461s] In file included from /Users/brodie/ros2_truckplatoon/src/truck/src/Platoon.hpp:11:
[2.461s] /Users/brodie/ros2_truckplatoon/src/truck/src/src/DrivingEvent.hpp:9:15: warning: private field '_speed' is not used [-Wunused-private-field]
[2.461s]     speedType _speed;
[2.461s]               ^
[2.461s] /Users/brodie/ros2_truckplatoon/src/truck/src/src/DrivingEvent.hpp:10:23: warning: private field '_stearingAngle' is not used [-Wunused-private-field]
[2.461s]     stearingAngleType _stearingAngle;
[2.461s]                       ^
[2.461s] /Users/brodie/ros2_truckplatoon/src/truck/src/src/DrivingEvent.hpp:11:18: warning: private field '_distance' is not used [-Wunused-private-field]
[2.462s]     distanceType _distance;
[2.462s]                  ^
[2.462s] 6 warnings and 6 errors generated.
[2.465s] gmake[2]: *** [CMakeFiles/truck.dir/build.make:108: CMakeFiles/truck.dir/src/src/Leader.cpp.o] Error 1
[2.465s] gmake[2]: *** Waiting for unfinished jobs....
[2.466s] 2 warnings and 6 errors generated.
[2.472s] gmake[2]: *** [CMakeFiles/truck.dir/build.make:82: CMakeFiles/truck.dir/src/truck.cpp.o] Error 1
[2.479s] gmake[2]: *** [CMakeFiles/truck.dir/build.make:121: CMakeFiles/truck.dir/src/src/Communication.cpp.o] Error 1
[2.498s] 2 warnings and 6 errors generated.
[2.509s] gmake[2]: *** [CMakeFiles/truck.dir/build.make:95: CMakeFiles/truck.dir/src/src/Truck.cpp.o] Error 1
[2.510s] gmake[1]: *** [CMakeFiles/Makefile2:97: CMakeFiles/truck.dir/all] Error 2
[2.510s] gmake: *** [Makefile:160: all] Error 2
[2.511s] Invoked command in '/Users/brodie/ros2_truckplatoon/build/truck' returned '2': CMAKE_PREFIX_PATH=${CMAKE_PREFIX_PATH}:/Users/brodie/my_workspace/install/my_package SHLVL=2 _=/usr/bin/env /usr/local/bin/cmake --build /Users/brodie/ros2_truckplatoon/build/truck -- -j8 -l8
