[0.000000] (-) TimerEvent: {}
[0.000376] (truck) JobQueued: {'identifier': 'truck', 'dependencies': OrderedDict()}
[0.003610] (truck) JobStarted: {'identifier': 'truck'}
[0.099579] (-) TimerEvent: {}
[0.125009] (truck) JobProgress: {'identifier': 'truck', 'progress': 'cmake'}
[0.127781] (truck) JobProgress: {'identifier': 'truck', 'progress': 'build'}
[0.131883] (truck) Command: {'cmd': ['/usr/local/bin/cmake', '--build', '/Users/brodie/ros2_truckplatoon/build/truck', '--', '-j8', '-l8'], 'cwd': '/Users/brodie/ros2_truckplatoon/build/truck', 'env': OrderedDict([('TERM_PROGRAM', 'Apple_Terminal'), ('SHELL', '/bin/zsh'), ('TERM', 'xterm-256color'), ('TMPDIR', '/var/folders/b6/t14lv28n5xqdhgq7zcrqwfkm0000gn/T/'), ('TERM_PROGRAM_VERSION', '445'), ('ROS_PYTHON_VERSION', '3'), ('ROS_VERSION', '2'), ('COLCON_PREFIX_PATH', '/Users/brodie/ros2_truckplatoon/install:/Users/brodie/my_workspace/install:/Users/brodie/ros2_foxy/ros2-osx'), ('TERM_SESSION_ID', '68464B11-5BA9-4066-9F09-461F903B1524'), ('AMENT_PREFIX_PATH', '/Users/brodie/ros2_truckplatoon/install/truck:/Users/brodie/my_workspace/install/tutorial_interfaces:/Users/brodie/my_workspace/install/cpp_srvcli:/Users/brodie/my_workspace/install/cpp_pubsub:/Users/brodie/my_workspace/install/my_package:/Users/brodie/ros2_foxy/ros2-osx'), ('USER', 'brodie'), ('SSH_AUTH_SOCK', '/private/tmp/com.apple.launchd.4a9jOPzOQR/Listeners'), ('__CF_USER_TEXT_ENCODING', '0x1F5:0x0:0x4'), ('PATH', '/Users/brodie/ros2_foxy/ros2-osx/bin:/Library/Frameworks/Python.framework/Versions/3.9/bin:/Library/Frameworks/Python.framework/Versions/2.7/bin:/usr/local/bin:/usr/bin:/bin:/usr/sbin:/sbin:/Library/TeX/texbin:/usr/local/share/dotnet:/opt/X11/bin:~/.dotnet/tools:/Library/Apple/usr/bin:/Library/Frameworks/Mono.framework/Versions/Current/Commands:/usr/local/CrossPack-AVR/bin:/Applications/Postgres.app/Contents/Versions/latest/bin:/Applications/Xamarin Workbooks.app/Contents/SharedSupport/path-bin'), ('__CFBundleIdentifier', 'com.apple.Terminal'), ('PWD', '/Users/brodie/ros2_truckplatoon/build/truck'), ('COLCON', '1'), ('LANG', 'it_IT.UTF-8'), ('XPC_FLAGS', '0x0'), ('XPC_SERVICE_NAME', '0'), ('OPENSSL_ROOT_DIR', '/usr/local/Cellar/openssl@3'), ('SHLVL', '2'), ('HOME', '/Users/brodie'), ('ROS_DISTRO', 'foxy'), ('PYTHONPATH', '/Users/brodie/my_workspace/install/tutorial_interfaces/lib/python3.9/site-packages:/Users/brodie/my_workspace/install/my_package/lib/python3.9/site-packages:/Users/brodie/ros2_foxy/ros2-osx/lib/python3.8/site-packages'), ('LOGNAME', 'brodie'), ('PKG_CONFIG_PATH', '/Users/brodie/ros2_foxy/ros2-osx/lib/pkgconfig'), ('CMAKE_PREFIX_PATH', '/Users/brodie/ros2_truckplatoon/install/truck:/Users/brodie/my_workspace/install/tutorial_interfaces:/Users/brodie/my_workspace/install/cpp_srvcli:/Users/brodie/my_workspace/install/cpp_pubsub:/Users/brodie/ros2_foxy/ros2-osx:/Users/brodie/my_workspace/install/my_package'), ('DISPLAY', '/private/tmp/com.apple.launchd.fnO1XjjJMH/org.xquartz:0'), ('ROS_LOCALHOST_ONLY', '0'), ('_', '/usr/bin/env')]), 'shell': False}
[0.199922] (-) TimerEvent: {}
[0.228701] (truck) StdoutLine: {'line': b'-- Found ament_cmake: 0.9.9 (/Users/brodie/ros2_foxy/ros2-osx/share/ament_cmake/cmake)\n'}
[0.296735] (truck) StdoutLine: {'line': b'-- Using PYTHON_EXECUTABLE: /Library/Frameworks/Python.framework/Versions/3.9/bin/python3\n'}
[0.300128] (-) TimerEvent: {}
[0.402285] (-) TimerEvent: {}
[0.505328] (-) TimerEvent: {}
[0.610222] (-) TimerEvent: {}
[0.715346] (-) TimerEvent: {}
[0.815792] (-) TimerEvent: {}
[0.843124] (truck) StdoutLine: {'line': b'-- Found rosidl_default_generators: 1.0.1 (/Users/brodie/ros2_foxy/ros2-osx/share/rosidl_default_generators/cmake)\n'}
[0.872193] (truck) StdoutLine: {'line': b'-- Using all available rosidl_typesupport_c: rosidl_typesupport_connext_c;rosidl_typesupport_fastrtps_c;rosidl_typesupport_introspection_c\n'}
[0.920250] (-) TimerEvent: {}
[0.970049] (truck) StdoutLine: {'line': b'-- Found rosidl_adapter: 1.2.1 (/Users/brodie/ros2_foxy/ros2-osx/share/rosidl_adapter/cmake)\n'}
[1.023608] (-) TimerEvent: {}
[1.124786] (-) TimerEvent: {}
[1.213527] (truck) StdoutLine: {'line': b'-- Could not find RTI Connext - skipping rosidl_typesupport_connext_c\n'}
[1.224934] (-) TimerEvent: {}
[1.325466] (-) TimerEvent: {}
[1.367138] (truck) StdoutLine: {'line': b'-- Could not find RTI Connext - skipping rosidl_typesupport_connext_cpp\n'}
[1.426042] (-) TimerEvent: {}
[1.527807] (-) TimerEvent: {}
[1.629093] (-) TimerEvent: {}
[1.736225] (-) TimerEvent: {}
[1.841705] (-) TimerEvent: {}
[1.946346] (-) TimerEvent: {}
[2.047025] (-) TimerEvent: {}
[2.109772] (truck) StderrLine: {'line': b'CMake Error at /usr/local/Cellar/cmake/3.19.1/share/cmake/Modules/FindPackageHandleStandardArgs.cmake:218 (message):\n'}
[2.110244] (truck) StderrLine: {'line': b'  Could NOT find OpenSSL, try to set the path to OpenSSL root folder in the\n'}
[2.110540] (truck) StderrLine: {'line': b'  system variable OPENSSL_ROOT_DIR (missing: OPENSSL_CRYPTO_LIBRARY\n'}
[2.110859] (truck) StderrLine: {'line': b'  OPENSSL_INCLUDE_DIR)\n'}
[2.111036] (truck) StderrLine: {'line': b'Call Stack (most recent call first):\n'}
[2.111192] (truck) StderrLine: {'line': b'  /usr/local/Cellar/cmake/3.19.1/share/cmake/Modules/FindPackageHandleStandardArgs.cmake:577 (_FPHSA_FAILURE_MESSAGE)\n'}
[2.111340] (truck) StderrLine: {'line': b'  /usr/local/Cellar/cmake/3.19.1/share/cmake/Modules/FindOpenSSL.cmake:536 (find_package_handle_standard_args)\n'}
[2.111496] (truck) StderrLine: {'line': b'  /Users/brodie/ros2_foxy/ros2-osx/share/fastrtps/cmake/fastrtps-config.cmake:52 (find_package)\n'}
[2.111650] (truck) StderrLine: {'line': b'  /Users/brodie/ros2_foxy/ros2-osx/share/rosidl_typesupport_fastrtps_c/cmake/rosidl_typesupport_fastrtps_c-extras.cmake:6 (find_package)\n'}
[2.111800] (truck) StderrLine: {'line': b'  /Users/brodie/ros2_foxy/ros2-osx/share/rosidl_typesupport_fastrtps_c/cmake/rosidl_typesupport_fastrtps_cConfig.cmake:41 (include)\n'}
[2.111945] (truck) StderrLine: {'line': b'  /Users/brodie/ros2_foxy/ros2-osx/share/rosidl_typesupport_c/cmake/rosidl_typesupport_c-extras.cmake:13 (find_package)\n'}
[2.112089] (truck) StderrLine: {'line': b'  /Users/brodie/ros2_foxy/ros2-osx/share/rosidl_typesupport_c/cmake/rosidl_typesupport_cConfig.cmake:41 (include)\n'}
[2.112232] (truck) StderrLine: {'line': b'  /Users/brodie/ros2_foxy/ros2-osx/share/rosidl_default_generators/cmake/rosidl_default_generators-extras.cmake:21 (find_package)\n'}
[2.112375] (truck) StderrLine: {'line': b'  /Users/brodie/ros2_foxy/ros2-osx/share/rosidl_default_generators/cmake/rosidl_default_generatorsConfig.cmake:41 (include)\n'}
[2.112517] (truck) StderrLine: {'line': b'  CMakeLists.txt:25 (find_package)\n'}
[2.112660] (truck) StderrLine: {'line': b'\n'}
[2.112802] (truck) StderrLine: {'line': b'\n'}
[2.112942] (truck) StdoutLine: {'line': b'-- Configuring incomplete, errors occurred!\n'}
[2.113095] (truck) StdoutLine: {'line': b'See also "/Users/brodie/ros2_truckplatoon/build/truck/CMakeFiles/CMakeOutput.log".\n'}
[2.113241] (truck) StdoutLine: {'line': b'See also "/Users/brodie/ros2_truckplatoon/build/truck/CMakeFiles/CMakeError.log".\n'}
[2.116193] (truck) StderrLine: {'line': b'gmake: *** [Makefile:405: cmake_check_build_system] Error 1\n'}
[2.118186] (truck) CommandEnded: {'returncode': 2}
[2.147429] (-) TimerEvent: {}
[2.250161] (-) TimerEvent: {}
[2.353234] (-) TimerEvent: {}
[2.361927] (truck) JobEnded: {'identifier': 'truck', 'rc': 2}
[2.363886] (-) EventReactorShutdown: {}
