In file included from /Users/brodie/ros2_truckplatoon/src/truck/src/truck.cpp:2:
In file included from /Users/brodie/ros2_truckplatoon/src/truck/src/Platoon.hpp:4:
In file included from /Users/brodie/ros2_truckplatoon/src/truck/src/src/Leader.hpp:4:
/Users/brodie/ros2_truckplatoon/src/truck/src/src/Truck.hpp:4:10: warning: non-portable path to file '"utils/include.hpp"'; specified path differs in case from file name on disk [-Wnonportable-include-path]
#include "utils/Include.hpp"
         ^~~~~~~~~~~~~~~~~~~
         "utils/include.hpp"
In file included from /Users/brodie/ros2_truckplatoon/src/truck/src/src/Truck.cpp:1:
/Users/brodie/ros2_truckplatoon/src/truck/src/src/Truck.hpp:4:10: warning: non-portable path to file '"utils/include.hpp"'; specified path differs in case from file name on disk [-Wnonportable-include-path]
#include "utils/Include.hpp"
         ^~~~~~~~~~~~~~~~~~~
         "utils/include.hpp"
In file included from /Users/brodie/ros2_truckplatoon/src/truck/src/src/Communication.cpp:1:
In file included from /Users/brodie/ros2_truckplatoon/src/truck/src/src/Communication.hpp:3:
/Users/brodie/ros2_truckplatoon/src/truck/src/src/Truck.hpp:4:10: warning: non-portable path to file '"utils/include.hpp"'; specified path differs in case from file name on disk [-Wnonportable-include-path]
#include "utils/Include.hpp"
         ^~~~~~~~~~~~~~~~~~~
         "utils/include.hpp"
In file included from /Users/brodie/ros2_truckplatoon/src/truck/src/src/Leader.cpp:1:
In file included from /Users/brodie/ros2_truckplatoon/src/truck/src/src/Leader.hpp:4:
/Users/brodie/ros2_truckplatoon/src/truck/src/src/Truck.hpp:4:10: warning: non-portable path to file '"utils/include.hpp"'; specified path differs in case from file name on disk [-Wnonportable-include-path]
#include "utils/Include.hpp"
         ^~~~~~~~~~~~~~~~~~~
         "utils/include.hpp"
In file included from /Users/brodie/ros2_truckplatoon/src/truck/src/truck.cpp:2:
In file included from /Users/brodie/ros2_truckplatoon/src/truck/src/Platoon.hpp:4:
In file included from /Users/brodie/ros2_truckplatoon/src/truck/src/src/Leader.hpp:4:
In file included from /Users/brodie/ros2_truckplatoon/src/truck/src/src/Truck.hpp:7:
/Users/brodie/ros2_truckplatoon/src/truck/src/src/Subscriber.hpp:26:60: error: unknown type name 'Interval'
    Subscriber(std::string nodeName = "DefaultNode", const Interval &interval)
                                                           ^
In file included from /Users/brodie/ros2_truckplatoon/src/truck/src/src/Truck.cpp:1:
In file included from /Users/brodie/ros2_truckplatoon/src/truck/src/src/Truck.hpp:7:
/Users/brodie/ros2_truckplatoon/src/truck/src/src/Subscriber.hpp:26:60: error: unknown type name 'Interval'
    Subscriber(std::string nodeName = "DefaultNode", const Interval &interval)
                                                           ^
In file included from /Users/brodie/ros2_truckplatoon/src/truck/src/src/Communication.cpp:1:
In file included from /Users/brodie/ros2_truckplatoon/src/truck/src/src/Communication.hpp:3:
In file included from /Users/brodie/ros2_truckplatoon/src/truck/src/src/Truck.hpp:7:
/Users/brodie/ros2_truckplatoon/src/truck/src/src/Subscriber.hpp:26:60: error: unknown type name 'Interval'
    Subscriber(std::string nodeName = "DefaultNode", const Interval &interval)
                                                           ^
In file included from /Users/brodie/ros2_truckplatoon/src/truck/src/src/Leader.cpp:1:
In file included from /Users/brodie/ros2_truckplatoon/src/truck/src/src/Leader.hpp:4:
In file included from /Users/brodie/ros2_truckplatoon/src/truck/src/src/Truck.hpp:7:
/Users/brodie/ros2_truckplatoon/src/truck/src/src/Subscriber.hpp:26:60: error: unknown type name 'Interval'
    Subscriber(std::string nodeName = "DefaultNode", const Interval &interval)
                                                           ^
/Users/brodie/ros2_truckplatoon/src/truck/src/src/Subscriber.hpp:52:29: error: cannot assign to non-static data member within const member function 'topic_callback'
      if(!_running)_running = true;
                   ~~~~~~~~ ^
/Users/brodie/ros2_truckplatoon/src/truck/src/src/Subscriber.hpp:49:10: note: member function 'Subscriber::topic_callback' is declared const here
    void topic_callback(const message::msg::Message::SharedPtr msg) const
    ~~~~~^~~~~~~~~~~~~~~~~~~~~~~~~~~~~~~~~~~~~~~~~~~~~~~~~~~~~~~~~~~~~~~~
/Users/brodie/ros2_truckplatoon/src/truck/src/src/Subscriber.hpp:49:64: warning: unused parameter 'msg' [-Wunused-parameter]
    void topic_callback(const message::msg::Message::SharedPtr msg) const
                                                               ^
/Users/brodie/ros2_truckplatoon/src/truck/src/src/Subscriber.hpp:66:42: error: expected ';' after expression
        else std::cout << "Kill the node"
                                         ^
                                         ;
In file included from /Users/brodie/ros2_truckplatoon/src/truck/src/truck.cpp:2:
/Users/brodie/ros2_truckplatoon/src/truck/src/Platoon.hpp:8:10: warning: non-portable path to file '"src/utils/include.hpp"'; specified path differs in case from file name on disk [-Wnonportable-include-path]
#include "src/utils/Include.hpp"
         ^~~~~~~~~~~~~~~~~~~~~~~
         "src/utils/include.hpp"
/Users/brodie/ros2_truckplatoon/src/truck/src/truck.cpp:3:14: warning: unused parameter 'argc' [-Wunused-parameter]
int main(int argc, char ** argv)
             ^
/Users/brodie/ros2_truckplatoon/src/truck/src/truck.cpp:3:28: warning: unused parameter 'argv' [-Wunused-parameter]
int main(int argc, char ** argv)
                           ^
/Users/brodie/ros2_truckplatoon/src/truck/src/src/Subscriber.hpp:52:29: error: cannot assign to non-static data member within const member function 'topic_callback'
      if(!_running)_running = true;
                   ~~~~~~~~ ^
/Users/brodie/ros2_truckplatoon/src/truck/src/src/Subscriber.hpp:49:10: note: member function 'Subscriber::topic_callback' is declared const here
    void topic_callback(const message::msg::Message::SharedPtr msg) const
    ~~~~~^~~~~~~~~~~~~~~~~~~~~~~~~~~~~~~~~~~~~~~~~~~~~~~~~~~~~~~~~~~~~~~~
/Users/brodie/ros2_truckplatoon/src/truck/src/src/Subscriber.hpp:49:64: warning: unused parameter 'msg' [-Wunused-parameter]
    void topic_callback(const message::msg::Message::SharedPtr msg) const
                                                               ^
/Users/brodie/ros2_truckplatoon/src/truck/src/src/Subscriber.hpp:66:42: error: expected ';' after expression
        else std::cout << "Kill the node"
                                         ^
                                         ;
/Users/brodie/ros2_truckplatoon/src/truck/src/src/Subscriber.hpp:52:29: error: cannot assign to non-static data member within const member function 'topic_callback'
      if(!_running)_running = true;
                   ~~~~~~~~ ^
/Users/brodie/ros2_truckplatoon/src/truck/src/src/Subscriber.hpp:49:10: note: member function 'Subscriber::topic_callback' is declared const here
    void topic_callback(const message::msg::Message::SharedPtr msg) const
    ~~~~~^~~~~~~~~~~~~~~~~~~~~~~~~~~~~~~~~~~~~~~~~~~~~~~~~~~~~~~~~~~~~~~~
/Users/brodie/ros2_truckplatoon/src/truck/src/src/Subscriber.hpp:49:64: warning: unused parameter 'msg' [-Wunused-parameter]
    void topic_callback(const message::msg::Message::SharedPtr msg) const
                                                               ^
/Users/brodie/ros2_truckplatoon/src/truck/src/src/Truck.cpp:59:130: error: expected ';' after expression
    this ->_subscriber = std::make_shared<Subscriber>("Subscriber_Truck_" + std::to_string(_id), std::chrono::milliseconds(1000))
                                                                                                                                 ^
                                                                                                                                 ;
/Users/brodie/ros2_truckplatoon/src/truck/src/src/Subscriber.hpp:66:42: error: expected ';' after expression
        else std::cout << "Kill the node"
                                         ^
                                         ;
/Users/brodie/ros2_truckplatoon/src/truck/src/src/Subscriber.hpp:52:29: error: cannot assign to non-static data member within const member function 'topic_callback'
      if(!_running)_running = true;
                   ~~~~~~~~ ^
/Users/brodie/ros2_truckplatoon/src/truck/src/src/Subscriber.hpp:49:10: note: member function 'Subscriber::topic_callback' is declared const here
    void topic_callback(const message::msg::Message::SharedPtr msg) const
    ~~~~~^~~~~~~~~~~~~~~~~~~~~~~~~~~~~~~~~~~~~~~~~~~~~~~~~~~~~~~~~~~~~~~~
/Users/brodie/ros2_truckplatoon/src/truck/src/src/Subscriber.hpp:49:64: warning: unused parameter 'msg' [-Wunused-parameter]
    void topic_callback(const message::msg::Message::SharedPtr msg) const
                                                               ^
/Users/brodie/ros2_truckplatoon/src/truck/src/src/Subscriber.hpp:66:42: error: expected ';' after expression
        else std::cout << "Kill the node"
                                         ^
                                         ;
In file included from /Users/brodie/ros2_truckplatoon/src/truck/src/truck.cpp:2:
In file included from /Users/brodie/ros2_truckplatoon/src/truck/src/Platoon.hpp:4:
In file included from /Users/brodie/ros2_truckplatoon/src/truck/src/src/Leader.hpp:4:
In file included from /Users/brodie/ros2_truckplatoon/src/truck/src/src/Truck.hpp:7:
/Users/brodie/ros2_truckplatoon/src/truck/src/src/Subscriber.hpp:62:22: warning: private field 'mRunning' is not used [-Wunused-private-field]
    std::atomic_bool mRunning{};
                     ^
In file included from /Users/brodie/ros2_truckplatoon/src/truck/src/truck.cpp:2:
In file included from /Users/brodie/ros2_truckplatoon/src/truck/src/Platoon.hpp:11:
/Users/brodie/ros2_truckplatoon/src/truck/src/src/DrivingEvent.hpp:9:15: warning: private field '_speed' is not used [-Wunused-private-field]
    speedType _speed;
              ^
/Users/brodie/ros2_truckplatoon/src/truck/src/src/DrivingEvent.hpp:10:23: warning: private field '_stearingAngle' is not used [-Wunused-private-field]
    stearingAngleType _stearingAngle;
                      ^
/Users/brodie/ros2_truckplatoon/src/truck/src/src/DrivingEvent.hpp:11:18: warning: private field '_distance' is not used [-Wunused-private-field]
    distanceType _distance;
                 ^
9 warnings and 3 errors generated.
gmake[2]: *** [CMakeFiles/truck.dir/build.make:82: CMakeFiles/truck.dir/src/truck.cpp.o] Error 1
gmake[2]: *** Waiting for unfinished jobs....
/Users/brodie/ros2_truckplatoon/src/truck/src/src/Subscriber.hpp:62:22: warning: private field 'mRunning' is not used [-Wunused-private-field]
    std::atomic_bool mRunning{};
                     ^
3 warnings and 3 errors generated.
/Users/brodie/ros2_truckplatoon/src/truck/src/src/Subscriber.hpp:62:22: warning: private field 'mRunning' is not used [-Wunused-private-field]
    std::atomic_bool mRunning{};
                     ^
3 warnings and 3 errors generated.
In file included from /Users/brodie/ros2_truckplatoon/src/truck/src/src/Truck.cpp:1:
In file included from /Users/brodie/ros2_truckplatoon/src/truck/src/src/Truck.hpp:3:
In file included from /Users/brodie/ros2_truckplatoon/src/truck/src/src/utils/PlatoonTypes.hpp:5:
In file included from /Users/brodie/ros2_truckplatoon/src/truck/src/src/utils/Include.hpp:3:
In file included from /Applications/Xcode.app/Contents/Developer/Platforms/MacOSX.platform/Developer/SDKs/MacOSX12.3.sdk/usr/include/c++/v1/iostream:37:
In file included from /Applications/Xcode.app/Contents/Developer/Platforms/MacOSX.platform/Developer/SDKs/MacOSX12.3.sdk/usr/include/c++/v1/ios:214:
In file included from /Applications/Xcode.app/Contents/Developer/Platforms/MacOSX.platform/Developer/SDKs/MacOSX12.3.sdk/usr/include/c++/v1/__locale:15:
In file included from /Applications/Xcode.app/Contents/Developer/Platforms/MacOSX.platform/Developer/SDKs/MacOSX12.3.sdk/usr/include/c++/v1/string:522:
In file included from /Applications/Xcode.app/Contents/Developer/Platforms/MacOSX.platform/Developer/SDKs/MacOSX12.3.sdk/usr/include/c++/v1/algorithm:653:
In file included from /Applications/Xcode.app/Contents/Developer/Platforms/MacOSX.platform/Developer/SDKs/MacOSX12.3.sdk/usr/include/c++/v1/functional:500:
In file included from /Applications/Xcode.app/Contents/Developer/Platforms/MacOSX.platform/Developer/SDKs/MacOSX12.3.sdk/usr/include/c++/v1/__functional/function.h:20:
/Applications/Xcode.app/Contents/Developer/Platforms/MacOSX.platform/Developer/SDKs/MacOSX12.3.sdk/usr/include/c++/v1/__memory/shared_ptr.h:298:37: error: no matching constructor for initialization of 'Subscriber'
        ::new ((void*)__get_elem()) _Tp(_VSTD::forward<_Args>(__args)...);
                                    ^   ~~~~~~~~~~~~~~~~~~~~~~~~~~~~~
/Applications/Xcode.app/Contents/Developer/Platforms/MacOSX.platform/Developer/SDKs/MacOSX12.3.sdk/usr/include/c++/v1/__memory/shared_ptr.h:1106:55: note: in instantiation of function template specialization 'std::__shared_ptr_emplace<Subscriber, std::allocator<Subscriber>>::__shared_ptr_emplace<std::string, std::chrono::duration<long long, std::ratio<1, 1000>>>' requested here
    ::new ((void*)_VSTD::addressof(*__guard.__get())) _ControlBlock(__a, _VSTD::forward<_Args>(__args)...);
                                                      ^
/Applications/Xcode.app/Contents/Developer/Platforms/MacOSX.platform/Developer/SDKs/MacOSX12.3.sdk/usr/include/c++/v1/__memory/shared_ptr.h:1115:19: note: in instantiation of function template specialization 'std::allocate_shared<Subscriber, std::allocator<Subscriber>, std::string, std::chrono::duration<long long, std::ratio<1, 1000>>, void>' requested here
    return _VSTD::allocate_shared<_Tp>(allocator<_Tp>(), _VSTD::forward<_Args>(__args)...);
                  ^
/Users/brodie/ros2_truckplatoon/src/truck/src/src/Truck.cpp:59:31: note: in instantiation of function template specialization 'std::make_shared<Subscriber, std::string, std::chrono::duration<long long, std::ratio<1, 1000>>, void>' requested here
    this ->_subscriber = std::make_shared<Subscriber>("Subscriber_Truck_" + std::to_string(_id), std::chrono::milliseconds(1000))
                              ^
/Users/brodie/ros2_truckplatoon/src/truck/src/src/Subscriber.hpp:23:7: note: candidate constructor (the implicit copy constructor) not viable: requires 1 argument, but 2 were provided
class Subscriber : public rclcpp::Node
      ^
/Users/brodie/ros2_truckplatoon/src/truck/src/src/Subscriber.hpp:23:7: note: candidate constructor (the implicit default constructor) not viable: requires 0 arguments, but 2 were provided
gmake[2]: *** [CMakeFiles/truck.dir/build.make:121: CMakeFiles/truck.dir/src/src/Communication.cpp.o] Error 1
gmake[2]: *** [CMakeFiles/truck.dir/build.make:108: CMakeFiles/truck.dir/src/src/Leader.cpp.o] Error 1
/Users/brodie/ros2_truckplatoon/src/truck/src/src/Subscriber.hpp:62:22: warning: private field 'mRunning' is not used [-Wunused-private-field]
    std::atomic_bool mRunning{};
                     ^
3 warnings and 5 errors generated.
gmake[2]: *** [CMakeFiles/truck.dir/build.make:95: CMakeFiles/truck.dir/src/src/Truck.cpp.o] Error 1
gmake[1]: *** [CMakeFiles/Makefile2:97: CMakeFiles/truck.dir/all] Error 2
gmake: *** [Makefile:160: all] Error 2
