Scanning dependencies of target truck
[ 50%] Building CXX object CMakeFiles/truck.dir/src/src/Leader.cpp.o
[ 50%] Building CXX object CMakeFiles/truck.dir/src/truck.cpp.o
[ 50%] Building CXX object CMakeFiles/truck.dir/src/src/Communication.cpp.o
[ 66%] Building CXX object CMakeFiles/truck.dir/src/src/Truck.cpp.o
In file included from /Users/brodie/ros2_truckplatoon/src/truck/src/truck.cpp:2:
In file included from /Users/brodie/ros2_truckplatoon/src/truck/src/Platoon.hpp:4:
In file included from /Users/brodie/ros2_truckplatoon/src/truck/src/src/Leader.hpp:4:
/Users/brodie/ros2_truckplatoon/src/truck/src/src/Truck.hpp:4:10: warning: non-portable path to file '"utils/include.hpp"'; specified path differs in case from file name on disk [-Wnonportable-include-path]
#include "utils/Include.hpp"
         ^~~~~~~~~~~~~~~~~~~
         "utils/include.hpp"
In file included from /Users/brodie/ros2_truckplatoon/src/truck/src/src/Truck.cpp:1:
/Users/brodie/ros2_truckplatoon/src/truck/src/src/Truck.hpp:4:10: warning: non-portable path to file '"utils/include.hpp"'; specified path differs in case from file name on disk [-Wnonportable-include-path]
#include "utils/Include.hpp"
         ^~~~~~~~~~~~~~~~~~~
         "utils/include.hpp"
In file included from /Users/brodie/ros2_truckplatoon/src/truck/src/src/Communication.cpp:1:
In file included from /Users/brodie/ros2_truckplatoon/src/truck/src/src/Communication.hpp:3:
/Users/brodie/ros2_truckplatoon/src/truck/src/src/Truck.hpp:4:10: warning: non-portable path to file '"utils/include.hpp"'; specified path differs in case from file name on disk [-Wnonportable-include-path]
#include "utils/Include.hpp"
         ^~~~~~~~~~~~~~~~~~~
         "utils/include.hpp"
In file included from /Users/brodie/ros2_truckplatoon/src/truck/src/src/Leader.cpp:1:
In file included from /Users/brodie/ros2_truckplatoon/src/truck/src/src/Leader.hpp:4:
/Users/brodie/ros2_truckplatoon/src/truck/src/src/Truck.hpp:4:10: warning: non-portable path to file '"utils/include.hpp"'; specified path differs in case from file name on disk [-Wnonportable-include-path]
#include "utils/Include.hpp"
         ^~~~~~~~~~~~~~~~~~~
         "utils/include.hpp"
In file included from /Users/brodie/ros2_truckplatoon/src/truck/src/src/Truck.cpp:1:
In file included from /Users/brodie/ros2_truckplatoon/src/truck/src/src/Truck.hpp:7:
/Users/brodie/ros2_truckplatoon/src/truck/src/src/Subscriber.hpp:26:60: error: unknown type name 'int64'
    Subscriber(std::string nodeName = "DefaultNode", const int64 &interval)
                                                           ^
In file included from /Users/brodie/ros2_truckplatoon/src/truck/src/src/Communication.cpp:1:
In file included from /Users/brodie/ros2_truckplatoon/src/truck/src/src/Communication.hpp:3:
In file included from /Users/brodie/ros2_truckplatoon/src/truck/src/src/Truck.hpp:7:
/Users/brodie/ros2_truckplatoon/src/truck/src/src/Subscriber.hpp:26:60: error: unknown type name 'int64'
    Subscriber(std::string nodeName = "DefaultNode", const int64 &interval)
                                                           ^
In file included from /Users/brodie/ros2_truckplatoon/src/truck/src/truck.cpp:2:
In file included from /Users/brodie/ros2_truckplatoon/src/truck/src/Platoon.hpp:4:
In file included from /Users/brodie/ros2_truckplatoon/src/truck/src/src/Leader.hpp:4:
In file included from /Users/brodie/ros2_truckplatoon/src/truck/src/src/Truck.hpp:7:
/Users/brodie/ros2_truckplatoon/src/truck/src/src/Subscriber.hpp:26:60: error: unknown type name 'int64'
    Subscriber(std::string nodeName = "DefaultNode", const int64 &interval)
                                                           ^
/Users/brodie/ros2_truckplatoon/src/truck/src/src/Subscriber.hpp:52:29: error: no viable overloaded '='
      if(!_running)_running = true;
                   ~~~~~~~~ ^ ~~~~
/Applications/Xcode.app/Contents/Developer/Platforms/MacOSX.platform/Developer/SDKs/MacOSX12.3.sdk/usr/include/c++/v1/atomic:1834:9: note: candidate function not viable: 'this' argument has type 'const std::atomic_bool' (aka 'const atomic<bool>'), but method is not marked const
    _Tp operator=(_Tp __d) volatile _NOEXCEPT
        ^
/Applications/Xcode.app/Contents/Developer/Platforms/MacOSX.platform/Developer/SDKs/MacOSX12.3.sdk/usr/include/c++/v1/atomic:1837:9: note: candidate function not viable: 'this' argument has type 'const std::atomic_bool' (aka 'const atomic<bool>'), but method is not marked const
    _Tp operator=(_Tp __d) _NOEXCEPT
        ^
/Applications/Xcode.app/Contents/Developer/Platforms/MacOSX.platform/Developer/SDKs/MacOSX12.3.sdk/usr/include/c++/v1/atomic:1840:13: note: candidate function not viable: 'this' argument has type 'const std::atomic_bool' (aka 'const atomic<bool>'), but method is not marked const
    atomic& operator=(const atomic&) = delete;
            ^
/Applications/Xcode.app/Contents/Developer/Platforms/MacOSX.platform/Developer/SDKs/MacOSX12.3.sdk/usr/include/c++/v1/atomic:1841:13: note: candidate function not viable: 'this' argument has type 'const std::atomic_bool' (aka 'const atomic<bool>'), but method is not marked const
    atomic& operator=(const atomic&) volatile = delete;
            ^
In file included from /Users/brodie/ros2_truckplatoon/src/truck/src/src/Truck.cpp:1:
In file included from /Users/brodie/ros2_truckplatoon/src/truck/src/src/Truck.hpp:7:
/Users/brodie/ros2_truckplatoon/src/truck/src/src/Subscriber.hpp:49:64: warning: unused parameter 'msg' [-Wunused-parameter]
    void topic_callback(const message::msg::Message::SharedPtr msg) const
                                                               ^
/Users/brodie/ros2_truckplatoon/src/truck/src/src/Subscriber.hpp:52:29: error: no viable overloaded '='
      if(!_running)_running = true;
                   ~~~~~~~~ ^ ~~~~
/Applications/Xcode.app/Contents/Developer/Platforms/MacOSX.platform/Developer/SDKs/MacOSX12.3.sdk/usr/include/c++/v1/atomic:1834:9: note: candidate function not viable: 'this' argument has type 'const std::atomic_bool' (aka 'const atomic<bool>'), but method is not marked const
    _Tp operator=(_Tp __d) volatile _NOEXCEPT
        ^
/Applications/Xcode.app/Contents/Developer/Platforms/MacOSX.platform/Developer/SDKs/MacOSX12.3.sdk/usr/include/c++/v1/atomic:1837:9: note: candidate function not viable: 'this' argument has type 'const std::atomic_bool' (aka 'const atomic<bool>'), but method is not marked const
    _Tp operator=(_Tp __d) _NOEXCEPT
        ^
/Applications/Xcode.app/Contents/Developer/Platforms/MacOSX.platform/Developer/SDKs/MacOSX12.3.sdk/usr/include/c++/v1/atomic:1840:13: note: candidate function not viable: 'this' argument has type 'const std::atomic_bool' (aka 'const atomic<bool>'), but method is not marked const
    atomic& operator=(const atomic&) = delete;
            ^
/Applications/Xcode.app/Contents/Developer/Platforms/MacOSX.platform/Developer/SDKs/MacOSX12.3.sdk/usr/include/c++/v1/atomic:1841:13: note: candidate function not viable: 'this' argument has type 'const std::atomic_bool' (aka 'const atomic<bool>'), but method is not marked const
    atomic& operator=(const atomic&) volatile = delete;
            ^
In file included from /Users/brodie/ros2_truckplatoon/src/truck/src/src/Communication.cpp:1:
In file included from /Users/brodie/ros2_truckplatoon/src/truck/src/src/Communication.hpp:3:
In file included from /Users/brodie/ros2_truckplatoon/src/truck/src/src/Truck.hpp:7:
/Users/brodie/ros2_truckplatoon/src/truck/src/src/Subscriber.hpp:49:64: warning: unused parameter 'msg' [-Wunused-parameter]
    void topic_callback(const message::msg::Message::SharedPtr msg) const
                                                               ^
/Users/brodie/ros2_truckplatoon/src/truck/src/src/Subscriber.hpp:52:29: error: no viable overloaded '='
      if(!_running)_running = true;
                   ~~~~~~~~ ^ ~~~~
/Applications/Xcode.app/Contents/Developer/Platforms/MacOSX.platform/Developer/SDKs/MacOSX12.3.sdk/usr/include/c++/v1/atomic:1834:9: note: candidate function not viable: 'this' argument has type 'const std::atomic_bool' (aka 'const atomic<bool>'), but method is not marked const
    _Tp operator=(_Tp __d) volatile _NOEXCEPT
        ^
/Applications/Xcode.app/Contents/Developer/Platforms/MacOSX.platform/Developer/SDKs/MacOSX12.3.sdk/usr/include/c++/v1/atomic:1837:9: note: candidate function not viable: 'this' argument has type 'const std::atomic_bool' (aka 'const atomic<bool>'), but method is not marked const
    _Tp operator=(_Tp __d) _NOEXCEPT
        ^
/Applications/Xcode.app/Contents/Developer/Platforms/MacOSX.platform/Developer/SDKs/MacOSX12.3.sdk/usr/include/c++/v1/atomic:1840:13: note: candidate function not viable: 'this' argument has type 'const std::atomic_bool' (aka 'const atomic<bool>'), but method is not marked const
    atomic& operator=(const atomic&) = delete;
            ^
/Applications/Xcode.app/Contents/Developer/Platforms/MacOSX.platform/Developer/SDKs/MacOSX12.3.sdk/usr/include/c++/v1/atomic:1841:13: note: candidate function not viable: 'this' argument has type 'const std::atomic_bool' (aka 'const atomic<bool>'), but method is not marked const
    atomic& operator=(const atomic&) volatile = delete;
            ^
In file included from /Users/brodie/ros2_truckplatoon/src/truck/src/truck.cpp:2:
In file included from /Users/brodie/ros2_truckplatoon/src/truck/src/Platoon.hpp:4:
In file included from /Users/brodie/ros2_truckplatoon/src/truck/src/src/Leader.hpp:4:
In file included from /Users/brodie/ros2_truckplatoon/src/truck/src/src/Truck.hpp:7:
/Users/brodie/ros2_truckplatoon/src/truck/src/src/Subscriber.hpp:49:64: warning: unused parameter 'msg' [-Wunused-parameter]
    void topic_callback(const message::msg::Message::SharedPtr msg) const
                                                               ^
In file included from /Users/brodie/ros2_truckplatoon/src/truck/src/src/Leader.cpp:1:
In file included from /Users/brodie/ros2_truckplatoon/src/truck/src/src/Leader.hpp:4:
In file included from /Users/brodie/ros2_truckplatoon/src/truck/src/src/Truck.hpp:7:
/Users/brodie/ros2_truckplatoon/src/truck/src/src/Subscriber.hpp:26:60: error: unknown type name 'int64'
    Subscriber(std::string nodeName = "DefaultNode", const int64 &interval)
                                                           ^
/Users/brodie/ros2_truckplatoon/src/truck/src/src/Truck.cpp:59:103: error: expected ';' after expression
    this ->_subscriber = std::make_shared<Subscriber>("Subscriber_Truck_" + std::to_string(_id), 1000)
                                                                                                      ^
                                                                                                      ;
In file included from /Users/brodie/ros2_truckplatoon/src/truck/src/truck.cpp:2:
/Users/brodie/ros2_truckplatoon/src/truck/src/Platoon.hpp:8:10: warning: non-portable path to file '"src/utils/include.hpp"'; specified path differs in case from file name on disk [-Wnonportable-include-path]
#include "src/utils/Include.hpp"
         ^~~~~~~~~~~~~~~~~~~~~~~
         "src/utils/include.hpp"
/Users/brodie/ros2_truckplatoon/src/truck/src/truck.cpp:3:14: warning: unused parameter 'argc' [-Wunused-parameter]
int main(int argc, char ** argv)
             ^
/Users/brodie/ros2_truckplatoon/src/truck/src/truck.cpp:3:28: warning: unused parameter 'argv' [-Wunused-parameter]
int main(int argc, char ** argv)
                           ^
/Users/brodie/ros2_truckplatoon/src/truck/src/src/Subscriber.hpp:52:29: error: no viable overloaded '='
      if(!_running)_running = true;
                   ~~~~~~~~ ^ ~~~~
/Applications/Xcode.app/Contents/Developer/Platforms/MacOSX.platform/Developer/SDKs/MacOSX12.3.sdk/usr/include/c++/v1/atomic:1834:9: note: candidate function not viable: 'this' argument has type 'const std::atomic_bool' (aka 'const atomic<bool>'), but method is not marked const
    _Tp operator=(_Tp __d) volatile _NOEXCEPT
        ^
/Applications/Xcode.app/Contents/Developer/Platforms/MacOSX.platform/Developer/SDKs/MacOSX12.3.sdk/usr/include/c++/v1/atomic:1837:9: note: candidate function not viable: 'this' argument has type 'const std::atomic_bool' (aka 'const atomic<bool>'), but method is not marked const
    _Tp operator=(_Tp __d) _NOEXCEPT
        ^
/Applications/Xcode.app/Contents/Developer/Platforms/MacOSX.platform/Developer/SDKs/MacOSX12.3.sdk/usr/include/c++/v1/atomic:1840:13: note: candidate function not viable: 'this' argument has type 'const std::atomic_bool' (aka 'const atomic<bool>'), but method is not marked const
    atomic& operator=(const atomic&) = delete;
            ^
/Applications/Xcode.app/Contents/Developer/Platforms/MacOSX.platform/Developer/SDKs/MacOSX12.3.sdk/usr/include/c++/v1/atomic:1841:13: note: candidate function not viable: 'this' argument has type 'const std::atomic_bool' (aka 'const atomic<bool>'), but method is not marked const
    atomic& operator=(const atomic&) volatile = delete;
            ^
In file included from /Users/brodie/ros2_truckplatoon/src/truck/src/src/Leader.cpp:1:
In file included from /Users/brodie/ros2_truckplatoon/src/truck/src/src/Leader.hpp:4:
In file included from /Users/brodie/ros2_truckplatoon/src/truck/src/src/Truck.hpp:7:
/Users/brodie/ros2_truckplatoon/src/truck/src/src/Subscriber.hpp:49:64: warning: unused parameter 'msg' [-Wunused-parameter]
    void topic_callback(const message::msg::Message::SharedPtr msg) const
                                                               ^
2 warnings and 2 errors generated.
In file included from /Users/brodie/ros2_truckplatoon/src/truck/src/truck.cpp:2:
In file included from /Users/brodie/ros2_truckplatoon/src/truck/src/Platoon.hpp:11:
/Users/brodie/ros2_truckplatoon/src/truck/src/src/DrivingEvent.hpp:9:15: warning: private field '_speed' is not used [-Wunused-private-field]
    speedType _speed;
              ^
/Users/brodie/ros2_truckplatoon/src/truck/src/src/DrivingEvent.hpp:10:23: warning: private field '_stearingAngle' is not used [-Wunused-private-field]
    stearingAngleType _stearingAngle;
                      ^
/Users/brodie/ros2_truckplatoon/src/truck/src/src/DrivingEvent.hpp:11:18: warning: private field '_distance' is not used [-Wunused-private-field]
    distanceType _distance;
                 ^
8 warnings and 2 errors generated.
gmake[2]: *** [CMakeFiles/truck.dir/build.make:121: CMakeFiles/truck.dir/src/src/Communication.cpp.o] Error 1
gmake[2]: *** Waiting for unfinished jobs....
In file included from /Users/brodie/ros2_truckplatoon/src/truck/src/src/Truck.cpp:1:
In file included from /Users/brodie/ros2_truckplatoon/src/truck/src/src/Truck.hpp:3:
In file included from /Users/brodie/ros2_truckplatoon/src/truck/src/src/utils/PlatoonTypes.hpp:5:
In file included from /Users/brodie/ros2_truckplatoon/src/truck/src/src/utils/Include.hpp:3:
In file included from /Applications/Xcode.app/Contents/Developer/Platforms/MacOSX.platform/Developer/SDKs/MacOSX12.3.sdk/usr/include/c++/v1/iostream:37:
In file included from /Applications/Xcode.app/Contents/Developer/Platforms/MacOSX.platform/Developer/SDKs/MacOSX12.3.sdk/usr/include/c++/v1/ios:214:
In file included from /Applications/Xcode.app/Contents/Developer/Platforms/MacOSX.platform/Developer/SDKs/MacOSX12.3.sdk/usr/include/c++/v1/__locale:15:
In file included from /Applications/Xcode.app/Contents/Developer/Platforms/MacOSX.platform/Developer/SDKs/MacOSX12.3.sdk/usr/include/c++/v1/string:522:
In file included from /Applications/Xcode.app/Contents/Developer/Platforms/MacOSX.platform/Developer/SDKs/MacOSX12.3.sdk/usr/include/c++/v1/algorithm:653:
In file included from /Applications/Xcode.app/Contents/Developer/Platforms/MacOSX.platform/Developer/SDKs/MacOSX12.3.sdk/usr/include/c++/v1/functional:500:
In file included from /Applications/Xcode.app/Contents/Developer/Platforms/MacOSX.platform/Developer/SDKs/MacOSX12.3.sdk/usr/include/c++/v1/__functional/function.h:20:
/Applications/Xcode.app/Contents/Developer/Platforms/MacOSX.platform/Developer/SDKs/MacOSX12.3.sdk/usr/include/c++/v1/__memory/shared_ptr.h:298:37: error: no matching constructor for initialization of 'Subscriber'
        ::new ((void*)__get_elem()) _Tp(_VSTD::forward<_Args>(__args)...);
                                    ^   ~~~~~~~~~~~~~~~~~~~~~~~~~~~~~
/Applications/Xcode.app/Contents/Developer/Platforms/MacOSX.platform/Developer/SDKs/MacOSX12.3.sdk/usr/include/c++/v1/__memory/shared_ptr.h:1106:55: note: in instantiation of function template specialization 'std::__shared_ptr_emplace<Subscriber, std::allocator<Subscriber>>::__shared_ptr_emplace<std::string, int>' requested here
    ::new ((void*)_VSTD::addressof(*__guard.__get())) _ControlBlock(__a, _VSTD::forward<_Args>(__args)...);
                                                      ^
/Applications/Xcode.app/Contents/Developer/Platforms/MacOSX.platform/Developer/SDKs/MacOSX12.3.sdk/usr/include/c++/v1/__memory/shared_ptr.h:1115:19: note: in instantiation of function template specialization 'std::allocate_shared<Subscriber, std::allocator<Subscriber>, std::string, int, void>' requested here
    return _VSTD::allocate_shared<_Tp>(allocator<_Tp>(), _VSTD::forward<_Args>(__args)...);
                  ^
/Users/brodie/ros2_truckplatoon/src/truck/src/src/Truck.cpp:59:31: note: in instantiation of function template specialization 'std::make_shared<Subscriber, std::string, int, void>' requested here
    this ->_subscriber = std::make_shared<Subscriber>("Subscriber_Truck_" + std::to_string(_id), 1000)
                              ^
/Users/brodie/ros2_truckplatoon/src/truck/src/src/Subscriber.hpp:23:7: note: candidate constructor (the implicit copy constructor) not viable: requires 1 argument, but 2 were provided
class Subscriber : public rclcpp::Node
      ^
/Users/brodie/ros2_truckplatoon/src/truck/src/src/Subscriber.hpp:23:7: note: candidate constructor (the implicit default constructor) not viable: requires 0 arguments, but 2 were provided
2 warnings and 2 errors generated.
gmake[2]: *** [CMakeFiles/truck.dir/build.make:82: CMakeFiles/truck.dir/src/truck.cpp.o] Error 1
gmake[2]: *** [CMakeFiles/truck.dir/build.make:108: CMakeFiles/truck.dir/src/src/Leader.cpp.o] Error 1
2 warnings and 4 errors generated.
gmake[2]: *** [CMakeFiles/truck.dir/build.make:95: CMakeFiles/truck.dir/src/src/Truck.cpp.o] Error 1
gmake[1]: *** [CMakeFiles/Makefile2:97: CMakeFiles/truck.dir/all] Error 2
gmake: *** [Makefile:160: all] Error 2
