[0.051s] Invoking command in '/Users/brodie/ros2_truckplatoon/build/truck': CMAKE_PREFIX_PATH=${CMAKE_PREFIX_PATH}:/Users/brodie/my_workspace/install/my_package SHLVL=2 _=/usr/bin/env /usr/local/bin/cmake --build /Users/brodie/ros2_truckplatoon/build/truck -- -j8 -l8
[0.130s] Scanning dependencies of target truck
[0.150s] [ 33%] Building CXX object CMakeFiles/truck.dir/src/src/Truck.cpp.o
[0.150s] [ 33%] Building CXX object CMakeFiles/truck.dir/src/truck.cpp.o
[0.150s] [ 66%] Building CXX object CMakeFiles/truck.dir/src/src/Leader.cpp.o
[0.151s] [ 66%] Building CXX object CMakeFiles/truck.dir/src/src/Communication.cpp.o
[0.638s] In file included from /Users/brodie/ros2_truckplatoon/src/truck/src/src/Leader.cpp:1:
[0.638s] In file included from /Users/brodie/ros2_truckplatoon/src/truck/src/src/Leader.hpp:4:
[0.638s] /Users/brodie/ros2_truckplatoon/src/truck/src/src/Truck.hpp:4:10: warning: non-portable path to file '"utils/include.hpp"'; specified path differs in case from file name on disk [-Wnonportable-include-path]
[0.638s] #include "utils/Include.hpp"
[0.638s]          ^~~~~~~~~~~~~~~~~~~
[0.638s]          "utils/include.hpp"
[0.639s] In file included from /Users/brodie/ros2_truckplatoon/src/truck/src/src/Truck.cpp:1:
[0.639s] /Users/brodie/ros2_truckplatoon/src/truck/src/src/Truck.hpp:4:10: warning: non-portable path to file '"utils/include.hpp"'; specified path differs in case from file name on disk [-Wnonportable-include-path]
[0.639s] #include "utils/Include.hpp"
[0.639s]          ^~~~~~~~~~~~~~~~~~~
[0.639s]          "utils/include.hpp"
[0.639s] In file included from /Users/brodie/ros2_truckplatoon/src/truck/src/src/Communication.cpp:1:
[0.640s] In file included from /Users/brodie/ros2_truckplatoon/src/truck/src/src/Communication.hpp:3:
[0.640s] /Users/brodie/ros2_truckplatoon/src/truck/src/src/Truck.hpp:4:10: warning: non-portable path to file '"utils/include.hpp"'; specified path differs in case from file name on disk [-Wnonportable-include-path]
[0.640s] #include "utils/Include.hpp"
[0.640s]          ^~~~~~~~~~~~~~~~~~~
[0.640s]          "utils/include.hpp"
[0.644s] In file included from /Users/brodie/ros2_truckplatoon/src/truck/src/truck.cpp:2:
[0.644s] In file included from /Users/brodie/ros2_truckplatoon/src/truck/src/Platoon.hpp:4:
[0.644s] In file included from /Users/brodie/ros2_truckplatoon/src/truck/src/src/Leader.hpp:4:
[0.644s] /Users/brodie/ros2_truckplatoon/src/truck/src/src/Truck.hpp:4:10: warning: non-portable path to file '"utils/include.hpp"'; specified path differs in case from file name on disk [-Wnonportable-include-path]
[0.644s] #include "utils/Include.hpp"
[0.645s]          ^~~~~~~~~~~~~~~~~~~
[0.645s]          "utils/include.hpp"
[1.289s] In file included from /Users/brodie/ros2_truckplatoon/src/truck/src/src/Leader.cpp:1:
[1.289s] In file included from /Users/brodie/ros2_truckplatoon/src/truck/src/src/Leader.hpp:4:
[1.289s] In file included from /Users/brodie/ros2_truckplatoon/src/truck/src/src/Truck.hpp:6:
[1.290s] /Users/brodie/ros2_truckplatoon/src/truck/src/src/Publisher.hpp:29:28: error: taking the address of a temporary object of type 'std::shared_ptr<Publisher<Message_<allocator<void>>>>' [-Waddress-of-temporary]
[1.290s]   publishers_[TopicName] = &this->create_publisher<message::msg::Message>(TopicName, 10);
[1.290s]                            ^~~~~~~~~~~~~~~~~~~~~~~~~~~~~~~~~~~~~~~~~~~~~~~~~~~~~~~~~~~~~
[1.290s] /Users/brodie/ros2_truckplatoon/src/truck/src/src/Publisher.hpp:29:26: error: no viable overloaded '='
[1.290s]   publishers_[TopicName] = &this->create_publisher<message::msg::Message>(TopicName, 10);
[1.291s]   ~~~~~~~~~~~~~~~~~~~~~~ ^ ~~~~~~~~~~~~~~~~~~~~~~~~~~~~~~~~~~~~~~~~~~~~~~~~~~~~~~~~~~~~~
[1.291s] /Applications/Xcode.app/Contents/Developer/Platforms/MacOSX.platform/Developer/SDKs/MacOSX12.3.sdk/usr/include/c++/v1/__memory/shared_ptr.h:511:17: note: candidate function not viable: no known conversion from 'std::shared_ptr<Publisher<Message_<allocator<void>>>> *' to 'const std::shared_ptr<rclcpp::Publisher<message::msg::Message_<std::allocator<void>>>>' for 1st argument; remove &
[1.292s]     shared_ptr& operator=(const shared_ptr& __r) _NOEXCEPT;
[1.292s]                 ^
[1.292s] /Applications/Xcode.app/Contents/Developer/Platforms/MacOSX.platform/Developer/SDKs/MacOSX12.3.sdk/usr/include/c++/v1/__memory/shared_ptr.h:519:9: note: candidate template ignored: could not match 'shared_ptr<type-parameter-0-0>' against 'std::shared_ptr<rclcpp::Publisher<message::msg::Message_<std::allocator<void>>>> *'
[1.292s]         operator=(const shared_ptr<_Yp>& __r) _NOEXCEPT;
[1.292s]         ^
[1.292s] /Applications/Xcode.app/Contents/Developer/Platforms/MacOSX.platform/Developer/SDKs/MacOSX12.3.sdk/usr/include/c++/v1/__memory/shared_ptr.h:521:17: note: candidate function not viable: no known conversion from 'std::shared_ptr<Publisher<Message_<allocator<void>>>> *' to 'std::shared_ptr<rclcpp::Publisher<message::msg::Message_<std::allocator<void>>>>' for 1st argument; remove &
[1.293s]     shared_ptr& operator=(shared_ptr&& __r) _NOEXCEPT;
[1.293s]                 ^
[1.293s] /Applications/Xcode.app/Contents/Developer/Platforms/MacOSX.platform/Developer/SDKs/MacOSX12.3.sdk/usr/include/c++/v1/__memory/shared_ptr.h:529:9: note: candidate template ignored: could not match 'shared_ptr<type-parameter-0-0>' against 'std::shared_ptr<rclcpp::Publisher<message::msg::Message_<std::allocator<void>>>> *'
[1.293s]         operator=(shared_ptr<_Yp>&& __r);
[1.293s]         ^
[1.293s] /Applications/Xcode.app/Contents/Developer/Platforms/MacOSX.platform/Developer/SDKs/MacOSX12.3.sdk/usr/include/c++/v1/__memory/shared_ptr.h:539:9: note: candidate template ignored: could not match 'auto_ptr<type-parameter-0-0>' against 'std::shared_ptr<rclcpp::Publisher<message::msg::Message_<std::allocator<void>>>> *'
[1.294s]         operator=(auto_ptr<_Yp>&& __r);
[1.294s]         ^
[1.294s] /Applications/Xcode.app/Contents/Developer/Platforms/MacOSX.platform/Developer/SDKs/MacOSX12.3.sdk/usr/include/c++/v1/__memory/shared_ptr.h:548:9: note: candidate template ignored: could not match 'unique_ptr<type-parameter-0-0, type-parameter-0-1>' against 'std::shared_ptr<rclcpp::Publisher<message::msg::Message_<std::allocator<void>>>> *'
[1.294s]         operator=(unique_ptr<_Yp, _Dp>&& __r);
[1.294s]         ^
[1.295s] In file included from /Users/brodie/ros2_truckplatoon/src/truck/src/src/Truck.cpp:1:
[1.295s] In file included from /Users/brodie/ros2_truckplatoon/src/truck/src/src/Truck.hpp:6:
[1.295s] /Users/brodie/ros2_truckplatoon/src/truck/src/src/Publisher.hpp:29:28: error: taking the address of a temporary object of type 'std::shared_ptr<Publisher<Message_<allocator<void>>>>' [-Waddress-of-temporary]
[1.296s]   publishers_[TopicName] = &this->create_publisher<message::msg::Message>(TopicName, 10);
[1.296s]                            ^~~~~~~~~~~~~~~~~~~~~~~~~~~~~~~~~~~~~~~~~~~~~~~~~~~~~~~~~~~~~
[1.296s] /Users/brodie/ros2_truckplatoon/src/truck/src/src/Publisher.hpp:29:26: error: no viable overloaded '='
[1.296s]   publishers_[TopicName] = &this->create_publisher<message::msg::Message>(TopicName, 10);
[1.296s]   ~~~~~~~~~~~~~~~~~~~~~~ ^ ~~~~~~~~~~~~~~~~~~~~~~~~~~~~~~~~~~~~~~~~~~~~~~~~~~~~~~~~~~~~~
[1.296s] /Applications/Xcode.app/Contents/Developer/Platforms/MacOSX.platform/Developer/SDKs/MacOSX12.3.sdk/usr/include/c++/v1/__memory/shared_ptr.h:511:17: note: candidate function not viable: no known conversion from 'std::shared_ptr<Publisher<Message_<allocator<void>>>> *' to 'const std::shared_ptr<rclcpp::Publisher<message::msg::Message_<std::allocator<void>>>>' for 1st argument; remove &
[1.296s]     shared_ptr& operator=(const shared_ptr& __r) _NOEXCEPT;
[1.297s]                 ^
[1.297s] /Applications/Xcode.app/Contents/Developer/Platforms/MacOSX.platform/Developer/SDKs/MacOSX12.3.sdk/usr/include/c++/v1/__memory/shared_ptr.h:519:9: note: candidate template ignored: could not match 'shared_ptr<type-parameter-0-0>' against 'std::shared_ptr<rclcpp::Publisher<message::msg::Message_<std::allocator<void>>>> *'
[1.297s]         operator=(const shared_ptr<_Yp>& __r) _NOEXCEPT;
[1.297s]         ^
[1.297s] /Applications/Xcode.app/Contents/Developer/Platforms/MacOSX.platform/Developer/SDKs/MacOSX12.3.sdk/usr/include/c++/v1/__memory/shared_ptr.h:521:17: note: candidate function not viable: no known conversion from 'std::shared_ptr<Publisher<Message_<allocator<void>>>> *' to 'std::shared_ptr<rclcpp::Publisher<message::msg::Message_<std::allocator<void>>>>' for 1st argument; remove &
[1.297s]     shared_ptr& operator=(shared_ptr&& __r) _NOEXCEPT;
[1.297s]                 ^
[1.298s] /Applications/Xcode.app/Contents/Developer/Platforms/MacOSX.platform/Developer/SDKs/MacOSX12.3.sdk/usr/include/c++/v1/__memory/shared_ptr.h:529:9: note: candidate template ignored: could not match 'shared_ptr<type-parameter-0-0>' against 'std::shared_ptr<rclcpp::Publisher<message::msg::Message_<std::allocator<void>>>> *'
[1.298s]         operator=(shared_ptr<_Yp>&& __r);
[1.298s]         ^
[1.298s] /Applications/Xcode.app/Contents/Developer/Platforms/MacOSX.platform/Developer/SDKs/MacOSX12.3.sdk/usr/include/c++/v1/__memory/shared_ptr.h:539:9: note: candidate template ignored: could not match 'auto_ptr<type-parameter-0-0>' against 'std::shared_ptr<rclcpp::Publisher<message::msg::Message_<std::allocator<void>>>> *'
[1.298s]         operator=(auto_ptr<_Yp>&& __r);
[1.298s]         ^
[1.298s] /Applications/Xcode.app/Contents/Developer/Platforms/MacOSX.platform/Developer/SDKs/MacOSX12.3.sdk/usr/include/c++/v1/__memory/shared_ptr.h:548:9: note: candidate template ignored: could not match 'unique_ptr<type-parameter-0-0, type-parameter-0-1>' against 'std::shared_ptr<rclcpp::Publisher<message::msg::Message_<std::allocator<void>>>> *'
[1.298s]         operator=(unique_ptr<_Yp, _Dp>&& __r);
[1.298s]         ^
[1.298s] In file included from /Users/brodie/ros2_truckplatoon/src/truck/src/src/Communication.cpp:1:
[1.299s] In file included from /Users/brodie/ros2_truckplatoon/src/truck/src/src/Communication.hpp:3:
[1.299s] In file included from /Users/brodie/ros2_truckplatoon/src/truck/src/src/Truck.hpp:6:
[1.299s] /Users/brodie/ros2_truckplatoon/src/truck/src/src/Publisher.hpp:29:28: error: taking the address of a temporary object of type 'std::shared_ptr<Publisher<Message_<allocator<void>>>>' [-Waddress-of-temporary]
[1.299s]   publishers_[TopicName] = &this->create_publisher<message::msg::Message>(TopicName, 10);
[1.299s]                            ^~~~~~~~~~~~~~~~~~~~~~~~~~~~~~~~~~~~~~~~~~~~~~~~~~~~~~~~~~~~~
[1.299s] /Users/brodie/ros2_truckplatoon/src/truck/src/src/Publisher.hpp:29:26: error: no viable overloaded '='
[1.300s]   publishers_[TopicName] = &this->create_publisher<message::msg::Message>(TopicName, 10);
[1.300s]   ~~~~~~~~~~~~~~~~~~~~~~ ^ ~~~~~~~~~~~~~~~~~~~~~~~~~~~~~~~~~~~~~~~~~~~~~~~~~~~~~~~~~~~~~
[1.300s] /Applications/Xcode.app/Contents/Developer/Platforms/MacOSX.platform/Developer/SDKs/MacOSX12.3.sdk/usr/include/c++/v1/__memory/shared_ptr.h:511:17: note: candidate function not viable: no known conversion from 'std::shared_ptr<Publisher<Message_<allocator<void>>>> *' to 'const std::shared_ptr<rclcpp::Publisher<message::msg::Message_<std::allocator<void>>>>' for 1st argument; remove &
[1.300s]     shared_ptr& operator=(const shared_ptr& __r) _NOEXCEPT;
[1.300s]                 ^
[1.300s] /Applications/Xcode.app/Contents/Developer/Platforms/MacOSX.platform/Developer/SDKs/MacOSX12.3.sdk/usr/include/c++/v1/__memory/shared_ptr.h:519:9: note: candidate template ignored: could not match 'shared_ptr<type-parameter-0-0>' against 'std::shared_ptr<rclcpp::Publisher<message::msg::Message_<std::allocator<void>>>> *'
[1.300s]         operator=(const shared_ptr<_Yp>& __r) _NOEXCEPT;
[1.300s]         ^
[1.301s] /Applications/Xcode.app/Contents/Developer/Platforms/MacOSX.platform/Developer/SDKs/MacOSX12.3.sdk/usr/include/c++/v1/__memory/shared_ptr.h:521:17: note: candidate function not viable: no known conversion from 'std::shared_ptr<Publisher<Message_<allocator<void>>>> *' to 'std::shared_ptr<rclcpp::Publisher<message::msg::Message_<std::allocator<void>>>>' for 1st argument; remove &
[1.302s]     shared_ptr& operator=(shared_ptr&& __r) _NOEXCEPT;
[1.302s]                 ^
[1.302s] /Applications/Xcode.app/Contents/Developer/Platforms/MacOSX.platform/Developer/SDKs/MacOSX12.3.sdk/usr/include/c++/v1/__memory/shared_ptr.h:529:9: note: candidate template ignored: could not match 'shared_ptr<type-parameter-0-0>' against 'std::shared_ptr<rclcpp::Publisher<message::msg::Message_<std::allocator<void>>>> *'
[1.302s]         operator=(shared_ptr<_Yp>&& __r);
[1.302s]         ^
[1.302s] /Applications/Xcode.app/Contents/Developer/Platforms/MacOSX.platform/Developer/SDKs/MacOSX12.3.sdk/usr/include/c++/v1/__memory/shared_ptr.h:539:9: note: candidate template ignored: could not match 'auto_ptr<type-parameter-0-0>' against 'std::shared_ptr<rclcpp::Publisher<message::msg::Message_<std::allocator<void>>>> *'
[1.302s]         operator=(auto_ptr<_Yp>&& __r);
[1.302s]         ^
[1.302s] /Applications/Xcode.app/Contents/Developer/Platforms/MacOSX.platform/Developer/SDKs/MacOSX12.3.sdk/usr/include/c++/v1/__memory/shared_ptr.h:548:9: note: candidate template ignored: could not match 'unique_ptr<type-parameter-0-0, type-parameter-0-1>' against 'std::shared_ptr<rclcpp::Publisher<message::msg::Message_<std::allocator<void>>>> *'
[1.303s]         operator=(unique_ptr<_Yp, _Dp>&& __r);
[1.303s]         ^
[1.303s] In file included from /Users/brodie/ros2_truckplatoon/src/truck/src/truck.cpp:2:
[1.303s] In file included from /Users/brodie/ros2_truckplatoon/src/truck/src/Platoon.hpp:4:
[1.303s] In file included from /Users/brodie/ros2_truckplatoon/src/truck/src/src/Leader.hpp:4:
[1.303s] In file included from /Users/brodie/ros2_truckplatoon/src/truck/src/src/Truck.hpp:6:
[1.303s] /Users/brodie/ros2_truckplatoon/src/truck/src/src/Publisher.hpp:29:28: error: taking the address of a temporary object of type 'std::shared_ptr<Publisher<Message_<allocator<void>>>>' [-Waddress-of-temporary]
[1.304s]   publishers_[TopicName] = &this->create_publisher<message::msg::Message>(TopicName, 10);
[1.304s]                            ^~~~~~~~~~~~~~~~~~~~~~~~~~~~~~~~~~~~~~~~~~~~~~~~~~~~~~~~~~~~~
[1.304s] /Users/brodie/ros2_truckplatoon/src/truck/src/src/Publisher.hpp:29:26: error: no viable overloaded '='
[1.304s]   publishers_[TopicName] = &this->create_publisher<message::msg::Message>(TopicName, 10);
[1.304s]   ~~~~~~~~~~~~~~~~~~~~~~ ^ ~~~~~~~~~~~~~~~~~~~~~~~~~~~~~~~~~~~~~~~~~~~~~~~~~~~~~~~~~~~~~
[1.304s] /Applications/Xcode.app/Contents/Developer/Platforms/MacOSX.platform/Developer/SDKs/MacOSX12.3.sdk/usr/include/c++/v1/__memory/shared_ptr.h:511:17: note: candidate function not viable: no known conversion from 'std::shared_ptr<Publisher<Message_<allocator<void>>>> *' to 'const std::shared_ptr<rclcpp::Publisher<message::msg::Message_<std::allocator<void>>>>' for 1st argument; remove &
[1.304s]     shared_ptr& operator=(const shared_ptr& __r) _NOEXCEPT;
[1.305s]                 ^
[1.305s] /Applications/Xcode.app/Contents/Developer/Platforms/MacOSX.platform/Developer/SDKs/MacOSX12.3.sdk/usr/include/c++/v1/__memory/shared_ptr.h:519:9: note: candidate template ignored: could not match 'shared_ptr<type-parameter-0-0>' against 'std::shared_ptr<rclcpp::Publisher<message::msg::Message_<std::allocator<void>>>> *'
[1.305s]         operator=(const shared_ptr<_Yp>& __r) _NOEXCEPT;
[1.305s]         ^
[1.305s] /Applications/Xcode.app/Contents/Developer/Platforms/MacOSX.platform/Developer/SDKs/MacOSX12.3.sdk/usr/include/c++/v1/__memory/shared_ptr.h:521:17: note: candidate function not viable: no known conversion from 'std::shared_ptr<Publisher<Message_<allocator<void>>>> *' to 'std::shared_ptr<rclcpp::Publisher<message::msg::Message_<std::allocator<void>>>>' for 1st argument; remove &
[1.305s]     shared_ptr& operator=(shared_ptr&& __r) _NOEXCEPT;
[1.305s]                 ^
[1.306s] /Applications/Xcode.app/Contents/Developer/Platforms/MacOSX.platform/Developer/SDKs/MacOSX12.3.sdk/usr/include/c++/v1/__memory/shared_ptr.h:529:9: note: candidate template ignored: could not match 'shared_ptr<type-parameter-0-0>' against 'std::shared_ptr<rclcpp::Publisher<message::msg::Message_<std::allocator<void>>>> *'
[1.306s]         operator=(shared_ptr<_Yp>&& __r);
[1.306s]         ^
[1.306s] /Applications/Xcode.app/Contents/Developer/Platforms/MacOSX.platform/Developer/SDKs/MacOSX12.3.sdk/usr/include/c++/v1/__memory/shared_ptr.h:539:9: note: candidate template ignored: could not match 'auto_ptr<type-parameter-0-0>' against 'std::shared_ptr<rclcpp::Publisher<message::msg::Message_<std::allocator<void>>>> *'
[1.306s]         operator=(auto_ptr<_Yp>&& __r);
[1.306s]         ^
[1.306s] /Applications/Xcode.app/Contents/Developer/Platforms/MacOSX.platform/Developer/SDKs/MacOSX12.3.sdk/usr/include/c++/v1/__memory/shared_ptr.h:548:9: note: candidate template ignored: could not match 'unique_ptr<type-parameter-0-0, type-parameter-0-1>' against 'std::shared_ptr<rclcpp::Publisher<message::msg::Message_<std::allocator<void>>>> *'
[1.307s]         operator=(unique_ptr<_Yp, _Dp>&& __r);
[1.307s]         ^
[1.311s] In file included from /Users/brodie/ros2_truckplatoon/src/truck/src/src/Leader.cpp:1:
[1.311s] In file included from /Users/brodie/ros2_truckplatoon/src/truck/src/src/Leader.hpp:4:
[1.312s] In file included from /Users/brodie/ros2_truckplatoon/src/truck/src/src/Truck.hpp:7:
[1.312s] /Users/brodie/ros2_truckplatoon/src/truck/src/src/Subscriber.hpp:34:64: warning: unused parameter 'msg' [-Wunused-parameter]
[1.312s]     void topic_callback(const message::msg::Message::SharedPtr msg) const
[1.312s]                                                                ^
[1.317s] In file included from /Users/brodie/ros2_truckplatoon/src/truck/src/src/Truck.cpp:1:
[1.317s] In file included from /Users/brodie/ros2_truckplatoon/src/truck/src/src/Truck.hpp:7:
[1.317s] /Users/brodie/ros2_truckplatoon/src/truck/src/src/Subscriber.hpp:34:64: warning: unused parameter 'msg' [-Wunused-parameter]
[1.317s]     void topic_callback(const message::msg::Message::SharedPtr msg) const
[1.318s]                                                                ^
[1.320s] In file included from /Users/brodie/ros2_truckplatoon/src/truck/src/src/Communication.cpp:1:
[1.320s] In file included from /Users/brodie/ros2_truckplatoon/src/truck/src/src/Communication.hpp:3:
[1.320s] In file included from /Users/brodie/ros2_truckplatoon/src/truck/src/src/Truck.hpp:7:
[1.320s] /Users/brodie/ros2_truckplatoon/src/truck/src/src/Subscriber.hpp:34:64: warning: unused parameter 'msg' [-Wunused-parameter]
[1.321s]     void topic_callback(const message::msg::Message::SharedPtr msg) const
[1.321s]                                                                ^
[1.327s] In file included from /Users/brodie/ros2_truckplatoon/src/truck/src/truck.cpp:2:
[1.327s] In file included from /Users/brodie/ros2_truckplatoon/src/truck/src/Platoon.hpp:4:
[1.328s] In file included from /Users/brodie/ros2_truckplatoon/src/truck/src/src/Leader.hpp:4:
[1.328s] In file included from /Users/brodie/ros2_truckplatoon/src/truck/src/src/Truck.hpp:7:
[1.328s] /Users/brodie/ros2_truckplatoon/src/truck/src/src/Subscriber.hpp:34:64: warning: unused parameter 'msg' [-Wunused-parameter]
[1.328s]     void topic_callback(const message::msg::Message::SharedPtr msg) const
[1.329s]                                                                ^
[1.330s] In file included from /Users/brodie/ros2_truckplatoon/src/truck/src/truck.cpp:2:
[1.330s] /Users/brodie/ros2_truckplatoon/src/truck/src/Platoon.hpp:8:10: warning: non-portable path to file '"src/utils/include.hpp"'; specified path differs in case from file name on disk [-Wnonportable-include-path]
[1.330s] #include "src/utils/Include.hpp"
[1.330s]          ^~~~~~~~~~~~~~~~~~~~~~~
[1.330s]          "src/utils/include.hpp"
[2.149s] 2 warnings and 2 errors generated.
[2.152s] In file included from /Users/brodie/ros2_truckplatoon/src/truck/src/truck.cpp2 warnings and 2 error:s2 generated:
[2.152s] In file included from .
[2.152s] /Users/brodie/ros2_truckplatoon/src/truck/src/Platoon.hpp:11:
[2.152s] /Users/brodie/ros2_truckplatoon/src/truck/src/src/DrivingEvent.hpp:9:15: warning: private field '_speed' is not used [-Wunused-private-field]
[2.153s]     speedType _speed;
[2.153s]               ^
[2.153s] /Users/brodie/ros2_truckplatoon/src/truck/src/src/DrivingEvent.hpp:10:23: warning: private field '_stearingAngle' is not used [-Wunused-private-field]
[2.153s]     stearingAngleType _stearingAngle;
[2.153s]                       ^
[2.153s] /Users/brodie/ros2_truckplatoon/src/truck/src/src/DrivingEvent.hpp:11:18: warning: private field '_distance' is not used [-Wunused-private-field]
[2.153s]     distanceType _distance;
[2.153s]                  ^
[2.153s] 6 warnings and 2 errors generated.
[2.170s] gmake[2]: *** [CMakeFiles/truck.dir/build.make:121: CMakeFiles/truck.dir/src/src/Communication.cpp.o] Error 1
[2.170s] gmake[2]: *** Waiting for unfinished jobs....
[2.171s] gmake[2]: *** [CMakeFiles/truck.dir/build.make:108: CMakeFiles/truck.dir/src/src/Leader.cpp.o] Error 1
[2.173s] gmake[2]: *** [CMakeFiles/truck.dir/build.make:82: CMakeFiles/truck.dir/src/truck.cpp.o] Error 1
[2.194s] 2 warnings and 2 errors generated.
[2.211s] gmake[2]: *** [CMakeFiles/truck.dir/build.make:95: CMakeFiles/truck.dir/src/src/Truck.cpp.o] Error 1
[2.211s] gmake[1]: *** [CMakeFiles/Makefile2:97: CMakeFiles/truck.dir/all] Error 2
[2.211s] gmake: *** [Makefile:160: all] Error 2
[2.213s] Invoked command in '/Users/brodie/ros2_truckplatoon/build/truck' returned '2': CMAKE_PREFIX_PATH=${CMAKE_PREFIX_PATH}:/Users/brodie/my_workspace/install/my_package SHLVL=2 _=/usr/bin/env /usr/local/bin/cmake --build /Users/brodie/ros2_truckplatoon/build/truck -- -j8 -l8
