-- Found ament_cmake: 0.9.9 (/Users/brodie/ros2_foxy/ros2-osx/share/ament_cmake/cmake)
-- Using PYTHON_EXECUTABLE: /Library/Frameworks/Python.framework/Versions/3.9/bin/python3
-- Found ament_lint_auto: 0.9.6 (/Users/brodie/ros2_foxy/ros2-osx/share/ament_lint_auto/cmake)
-- Added test 'copyright' to check source files copyright and LICENSE
-- Added test 'cppcheck' to perform static code analysis on C / C++ code
-- Configured cppcheck include dirs: $<BUILD_INTERFACE:/Users/brodie/ros2_truckplatoon/src/truck/include>
-- Configured cppcheck exclude dirs and/or files: 
-- Added test 'cpplint' to check C / C++ code against the Google style
-- Configured cpplint exclude dirs and/or files: 
-- Added test 'lint_cmake' to check CMake code style
-- Added test 'uncrustify' to check C / C++ code style
-- Configured uncrustify additional arguments: 
-- Added test 'xmllint' to check XML markup files
-- Configuring done
-- Generating done
-- Build files have been written to: /Users/brodie/ros2_truckplatoon/build/truck
Scanning dependencies of target truck
[ 50%] Building CXX object CMakeFiles/truck.dir/src/truck.cpp.o
In file included from /Users/brodie/ros2_truckplatoon/src/truck/src/truck.cpp:2:
/Users/brodie/ros2_truckplatoon/src/truck/src/Platoon.hpp:4:10: fatal error: 'Leader.hpp' file not found
#include "Leader.hpp"
         ^~~~~~~~~~~~
1 error generated.
gmake[2]: *** [CMakeFiles/truck.dir/build.make:82: CMakeFiles/truck.dir/src/truck.cpp.o] Error 1
gmake[1]: *** [CMakeFiles/Makefile2:97: CMakeFiles/truck.dir/all] Error 2
gmake: *** [Makefile:160: all] Error 2
