[0.114s] Invoking command in '/Users/brodie/ros2_truckplatoon/build/truck': CMAKE_PREFIX_PATH=${CMAKE_PREFIX_PATH}:/Users/brodie/my_workspace/install/my_package SHLVL=2 _=/usr/bin/env /usr/local/bin/cmake --build /Users/brodie/ros2_truckplatoon/build/truck -- -j8 -l8
[0.180s] -- Found ament_cmake: 0.9.9 (/Users/brodie/ros2_foxy/ros2-osx/share/ament_cmake/cmake)
[0.246s] -- Using PYTHON_EXECUTABLE: /Library/Frameworks/Python.framework/Versions/3.9/bin/python3
[0.705s] -- Found ament_lint_auto: 0.9.6 (/Users/brodie/ros2_foxy/ros2-osx/share/ament_lint_auto/cmake)
[0.859s] -- Added test 'copyright' to check source files copyright and LICENSE
[0.866s] -- Added test 'cppcheck' to perform static code analysis on C / C++ code
[0.867s] -- Configured cppcheck include dirs: $<BUILD_INTERFACE:/Users/brodie/ros2_truckplatoon/src/truck/include>
[0.867s] -- Configured cppcheck exclude dirs and/or files: 
[0.870s] -- Added test 'cpplint' to check C / C++ code against the Google style
[0.871s] -- Configured cpplint exclude dirs and/or files: 
[0.872s] -- Added test 'lint_cmake' to check CMake code style
[0.876s] -- Added test 'uncrustify' to check C / C++ code style
[0.877s] -- Configured uncrustify additional arguments: 
[0.878s] -- Added test 'xmllint' to check XML markup files
[0.880s] -- Configuring done
[0.903s] -- Generating done
[0.909s] -- Build files have been written to: /Users/brodie/ros2_truckplatoon/build/truck
[0.955s] Scanning dependencies of target truck
[0.985s] [ 50%] Building CXX object CMakeFiles/truck.dir/src/truck.cpp.o
[1.067s] In file included from /Users/brodie/ros2_truckplatoon/src/truck/src/truck.cpp:2:
[1.069s] /Users/brodie/ros2_truckplatoon/src/truck/src/Platoon.hpp:4:10: fatal error: 'Leader.hpp' file not found
[1.070s] #include "Leader.hpp"
[1.071s]          ^~~~~~~~~~~~
[1.464s] 1 error generated.
[1.469s] gmake[2]: *** [CMakeFiles/truck.dir/build.make:82: CMakeFiles/truck.dir/src/truck.cpp.o] Error 1
[1.470s] gmake[1]: *** [CMakeFiles/Makefile2:97: CMakeFiles/truck.dir/all] Error 2
[1.470s] gmake: *** [Makefile:160: all] Error 2
[1.472s] Invoked command in '/Users/brodie/ros2_truckplatoon/build/truck' returned '2': CMAKE_PREFIX_PATH=${CMAKE_PREFIX_PATH}:/Users/brodie/my_workspace/install/my_package SHLVL=2 _=/usr/bin/env /usr/local/bin/cmake --build /Users/brodie/ros2_truckplatoon/build/truck -- -j8 -l8
