[0.058s] Invoking command in '/Users/brodie/ros2_truckplatoon/build/truck': CMAKE_PREFIX_PATH=${CMAKE_PREFIX_PATH}:/Users/brodie/my_workspace/install/my_package SHLVL=2 _=/usr/bin/env /usr/local/bin/cmake --build /Users/brodie/ros2_truckplatoon/build/truck -- -j8 -l8
[0.160s] Scanning dependencies of target truck
[0.186s] [ 16%] Building CXX object CMakeFiles/truck.dir/src/truck.cpp.o
[0.187s] [ 33%] Building CXX object CMakeFiles/truck.dir/src/src/Truck.cpp.o
[0.189s] [ 66%] Building CXX object CMakeFiles/truck.dir/src/src/Leader.cpp.o
[0.189s] [ 66%] Building CXX object CMakeFiles/truck.dir/src/src/Communication.cpp.o
[0.810s] In file included from /Users/brodie/ros2_truckplatoon/src/truck/src/src/Communication.cpp:1:
[0.811s] In file included from /Users/brodie/ros2_truckplatoon/src/truck/src/src/Communication.hpp:3:
[0.811s] /Users/brodie/ros2_truckplatoon/src/truck/src/src/Truck.hpp:4:10: warning: non-portable path to file '"utils/include.hpp"'; specified path differs in case from file name on disk [-Wnonportable-include-path]
[0.811s] #include "utils/Include.hpp"
[0.811s]          ^~~~~~~~~~~~~~~~~~~
[0.811s]          "utils/include.hpp"
[0.812s] In file included from /Users/brodie/ros2_truckplatoon/src/truck/src/src/Leader.cpp:1:
[0.812s] In file included from /Users/brodie/ros2_truckplatoon/src/truck/src/src/Leader.hpp:4:
[0.812s] /Users/brodie/ros2_truckplatoon/src/truck/src/src/Truck.hpp:4:10: warning: non-portable path to file '"utils/include.hpp"'; specified path differs in case from file name on disk [-Wnonportable-include-path]
[0.812s] #include "utils/Include.hpp"
[0.812s]          ^~~~~~~~~~~~~~~~~~~
[0.812s]          "utils/include.hpp"
[0.813s] In file included from /Users/brodie/ros2_truckplatoon/src/truck/src/truck.cpp:2:
[0.813s] In file included from /Users/brodie/ros2_truckplatoon/src/truck/src/Platoon.hpp:4:
[0.813s] In file included from /Users/brodie/ros2_truckplatoon/src/truck/src/src/Leader.hpp:4:
[0.813s] /Users/brodie/ros2_truckplatoon/src/truck/src/src/Truck.hpp:4:10: warning: non-portable path to file '"utils/include.hpp"'; specified path differs in case from file name on disk [-Wnonportable-include-path]
[0.814s] #include "utils/Include.hpp"
[0.814s]          ^~~~~~~~~~~~~~~~~~~
[0.814s]          "utils/include.hpp"
[0.820s] In file included from /Users/brodie/ros2_truckplatoon/src/truck/src/src/Truck.cpp:1:
[0.820s] /Users/brodie/ros2_truckplatoon/src/truck/src/src/Truck.hpp:4:10: warning: non-portable path to file '"utils/include.hpp"'; specified path differs in case from file name on disk [-Wnonportable-include-path]
[0.820s] #include "utils/Include.hpp"
[0.821s]          ^~~~~~~~~~~~~~~~~~~
[0.821s]          "utils/include.hpp"
[1.723s] In file included from /Users/brodie/ros2_truckplatoon/src/truck/src/truck.cpp:2:
[1.723s] In file included from /Users/brodie/ros2_truckplatoon/src/truck/src/Platoon.hpp:4:
[1.724s] In file included from /Users/brodie/ros2_truckplatoon/src/truck/src/src/Leader.hpp:4:
[1.724s] In file included from /Users/brodie/ros2_truckplatoon/src/truck/src/src/Truck.hpp:6:
[1.724s] /Users/brodie/ros2_truckplatoon/src/truck/src/src/NodePublisher.hpp:21:17: error: invalid use of 'this' outside of a non-static member function
[1.724s]     RCLCPP_INFO(this->get_logger(), "Publishing: '%d'", message.sender_position);    // CHANGE
[1.724s]                 ^
[1.724s] /Users/brodie/ros2_truckplatoon/src/truck/src/src/NodePublisher.hpp:21:17: error: invalid use of 'this' outside of a non-static member function
[1.724s] /Users/brodie/ros2_truckplatoon/src/truck/src/src/NodePublisher.hpp:21:17: error: invalid use of 'this' outside of a non-static member function
[1.725s] In file included from /Users/brodie/ros2_truckplatoon/src/truck/src/src/Communication.cpp:1:
[1.725s] In file included from /Users/brodie/ros2_truckplatoon/src/truck/src/src/Communication.hpp:3:
[1.725s] In file included from /Users/brodie/ros2_truckplatoon/src/truck/src/src/Truck.hpp:6:
[1.725s] /Users/brodie/ros2_truckplatoon/src/truck/src/src/NodePublisher.hpp:21:17: error: invalid use of 'this' outside of a non-static member function
[1.725s]     RCLCPP_INFO(this->get_logger(), "Publishing: '%d'", message.sender_position);    // CHANGE
[1.725s]                 ^
[1.726s] /Users/brodie/ros2_truckplatoon/src/truck/src/src/NodePublisher.hpp:21:17: error: invalid use of 'this' outside of a non-static member function
[1.726s] /Users/brodie/ros2_truckplatoon/src/truck/src/src/NodePublisher.hpp:21:17: error: invalid use of 'this' outside of a non-static member function
[1.726s] In file included from /Users/brodie/ros2_truckplatoon/src/truck/src/src/Truck.cpp:1:
[1.726s] In file included from /Users/brodie/ros2_truckplatoon/src/truck/src/src/Truck.hpp:6:
[1.726s] /Users/brodie/ros2_truckplatoon/src/truck/src/src/NodePublisher.hpp:21:17: error: invalid use of 'this' outside of a non-static member function
[1.727s]     RCLCPP_INFO(this->get_logger(), "Publishing: '%d'", message.sender_position);    // CHANGE
[1.727s]                 ^
[1.727s] /Users/brodie/ros2_truckplatoon/src/truck/src/src/NodePublisher.hpp:21:17: error: invalid use of 'this' outside of a non-static member function
[1.727s] /Users/brodie/ros2_truckplatoon/src/truck/src/src/NodePublisher.hpp:21:17: error: invalid use of 'this' outside of a non-static member function
[1.727s] In file included from /Users/brodie/ros2_truckplatoon/src/truck/src/src/Leader.cpp:1:
[1.727s] In file included from /Users/brodie/ros2_truckplatoon/src/truck/src/src/Leader.hpp:4:
[1.727s] In file included from /Users/brodie/ros2_truckplatoon/src/truck/src/src/Truck.hpp:6:
[1.728s] /Users/brodie/ros2_truckplatoon/src/truck/src/src/NodePublisher.hpp:21:17: error: invalid use of 'this' outside of a non-static member function
[1.728s]     RCLCPP_INFO(this->get_logger(), "Publishing: '%d'", message.sender_position);    // CHANGE
[1.728s]                 ^
[1.728s] /Users/brodie/ros2_truckplatoon/src/truck/src/src/NodePublisher.hpp:21:17: error: invalid use of 'this' outside of a non-static member function
[1.728s] /Users/brodie/ros2_truckplatoon/src/truck/src/src/NodePublisher.hpp:21:17: error: invalid use of 'this' outside of a non-static member function
[1.728s] /Users/brodie/ros2_truckplatoon/src/truck/src/src/NodePublisher.hpp:22:5: error: use of undeclared identifier 'publishers_'
[1.728s]     publishers_[TopicName]->publish(message);
[1.729s]     ^
[1.729s] /Users/brodie/ros2_truckplatoon/src/truck/src/src/NodePublisher.hpp:22:5: error: use of undeclared identifier 'publishers_'
[1.729s]     publishers_[TopicName]->publish(message);
[1.729s]     ^
[1.729s] /Users/brodie/ros2_truckplatoon/src/truck/src/src/NodePublisher.hpp:22:5: error: use of undeclared identifier 'publishers_'
[1.729s]     publishers_[TopicName]->publish(message);
[1.729s]     ^
[1.730s] /Users/brodie/ros2_truckplatoon/src/truck/src/src/NodePublisher.hpp:22:17: error: use of undeclared identifier 'TopicName'
[1.730s]     publishers_[TopicName]->publish(message);
[1.730s]                 ^
[1.730s] /Users/brodie/ros2_truckplatoon/src/truck/src/src/NodePublisher.hpp:22:5: error: use of undeclared identifier 'publishers_'
[1.730s]     publishers_[TopicName]->publish(message);
[1.730s]     ^
[1.730s] /Users/brodie/ros2_truckplatoon/src/truck/src/src/NodePublisher.hpp:22:17: error: use of undeclared identifier 'TopicName'
[1.731s]     publishers_[TopicName]->publish(message);
[1.731s]                 ^
[1.731s] /Users/brodie/ros2_truckplatoon/src/truck/src/src/NodePublisher.hpp:22:17: error: use of undeclared identifier 'TopicName'
[1.731s]     publishers_[TopicName]->publish(message);
[1.731s]                 ^
[1.731s] /Users/brodie/ros2_truckplatoon/src/truck/src/src/NodePublisher.hpp:38:15: warning: lambda capture 'this' is not used [-Wunused-lambda-capture]
[1.731s] /Users/brodie/ros2_truckplatoon/src/truck/src/src/NodePublisher.hpp:38:15:       500ms, [this, TopicName]() -> void { callback(); });warning: 
[1.732s] lambda capture 'this' is not used [-Wunused-lambda-capture]              ^~~~~
[1.732s] 
[1.732s]       500ms, [this, TopicName]() -> void { callback(); });
[1.732s]               ^~~~~
[1.732s] /Users/brodie/ros2_truckplatoon/src/truck/src/src/NodePublisher.hpp:22:17: error: use of undeclared identifier 'TopicName'
[1.732s]     publishers_[TopicName]->publish(message);
[1.732s]                 ^
[1.733s] /Users/brodie/ros2_truckplatoon/src/truck/src/src/NodePublisher.hpp:38:15: warning: lambda capture 'this' is not used [-Wunused-lambda-capture]
[1.733s]       500ms, [this, TopicName]() -> void { callback(); });
[1.733s]               ^~~~~
[1.733s] /Users/brodie/ros2_truckplatoon/src/truck/src/src/NodePublisher.hpp:38:15: warning: lambda capture 'this' is not used [-Wunused-lambda-capture]
[1.733s]       500ms, [this, TopicName]() -> void { callback(); });
[1.733s]               ^~~~~
[1.734s] /Users/brodie/ros2_truckplatoon/src/truck/src/src/NodePublisher.hpp:53:17: error: use of undeclared identifier 'TopicName'
[1.734s] /Users/brodie/ros2_truckplatoon/src/truck/src/src/NodePublisher.hpp:    publishers_[TopicName]->publish(message);53
[1.734s]                 ^
[1.734s] :17: error: use of undeclared identifier 'TopicName'
[1.734s]     publishers_[TopicName]->publish(message);
[1.734s]                 ^
[1.735s] In file included from /Users/brodie/ros2_truckplatoon/src/truck/src/truck.cpp:2:
[1.735s] /Users/brodie/ros2_truckplatoon/src/truck/src/Platoon.hpp:8:10: warning: non-portable path to file '"src/utils/include.hpp"'; specified path differs in case from file name on disk [-Wnonportable-include-path]
[1.735s] #include "src/utils/Include.hpp"
[1.735s]          ^~~~~~~~~~~~~~~~~~~~~~~
[1.735s]          "src/utils/include.hpp"
[1.735s] /Users/brodie/ros2_truckplatoon/src/truck/src/src/NodePublisher.hpp:53:17: error: use of undeclared identifier 'TopicName'
[1.736s]     publishers_[TopicName]->publish(message);
[1.736s]                 ^
[1.736s] /Users/brodie/ros2_truckplatoon/src/truck/src/src/NodePublisher.hpp:53:17: error: use of undeclared identifier 'TopicName'
[1.736s]     publishers_[TopicName]->publish(message);
[1.736s]                 ^
[2.215s] 2 warnings and 6 errors generated.
[2.219s] In file included from /Users/brodie/ros2_truckplatoon/src/truck/src/truck.cpp:2:
[2.220s] In file included from /Users/brodie/ros2_truckplatoon/src/truck/src/Platoon.hpp:11:
[2.220s] /Users/brodie/ros2_truckplatoon/src/truck/src/src/DrivingEvent.hpp:9:15: warning: private field '_speed' is not used [-Wunused-private-field]
[2.220s]     speedType _speed;
[2.220s]               ^
[2.220s] /Users/brodie/ros2_truckplatoon/src/truck/src/src/DrivingEvent.hpp:10:23: warning: private field '_stearingAngle' is not used [-Wunused-private-field]
[2.220s]     stearingAngleType _stearingAngle;
[2.221s]                       ^
[2.221s] /Users/brodie/ros2_truckplatoon/src/truck/src/src/DrivingEvent.hpp:11:18: warning: private field '_distance' is not used [-Wunused-private-field]
[2.221s]     distanceType _distance;
[2.221s]                  ^
[2.221s] 6 warnings and 6 errors generated.
[2.222s] 2 warnings and 6 errors generated.
[2.229s] gmake[2]: *** [CMakeFiles/truck.dir/build.make:121: CMakeFiles/truck.dir/src/src/Communication.cpp.o] Error 1
[2.229s] gmake[2]: *** Waiting for unfinished jobs....
[2.236s] gmake[2]: *** [CMakeFiles/truck.dir/build.make:82: CMakeFiles/truck.dir/src/truck.cpp.o] Error 1
[2.239s] gmake[2]: *** [CMakeFiles/truck.dir/build.make:108: CMakeFiles/truck.dir/src/src/Leader.cpp.o] Error 1
[2.266s] 2 warnings and 6 errors generated.
[2.278s] gmake[2]: *** [CMakeFiles/truck.dir/build.make:95: CMakeFiles/truck.dir/src/src/Truck.cpp.o] Error 1
[2.278s] gmake[1]: *** [CMakeFiles/Makefile2:97: CMakeFiles/truck.dir/all] Error 2
[2.279s] gmake: *** [Makefile:160: all] Error 2
[2.280s] Invoked command in '/Users/brodie/ros2_truckplatoon/build/truck' returned '2': CMAKE_PREFIX_PATH=${CMAKE_PREFIX_PATH}:/Users/brodie/my_workspace/install/my_package SHLVL=2 _=/usr/bin/env /usr/local/bin/cmake --build /Users/brodie/ros2_truckplatoon/build/truck -- -j8 -l8
