In file included from /Users/brodie/ros2_truckplatoon/src/truck/src/src/Leader.cpp:1:
In file included from /Users/brodie/ros2_truckplatoon/src/truck/src/src/Leader.hpp:4:
/Users/brodie/ros2_truckplatoon/src/truck/src/src/Truck.hpp:4:10: warning: non-portable path to file '"utils/include.hpp"'; specified path differs in case from file name on disk [-Wnonportable-include-path]
#include "utils/Include.hpp"
         ^~~~~~~~~~~~~~~~~~~
         "utils/include.hpp"
In file included from /Users/brodie/ros2_truckplatoon/src/truck/src/src/Communication.cpp:1:
In file included from /Users/brodie/ros2_truckplatoon/src/truck/src/src/Communication.hpp:3:
/Users/brodie/ros2_truckplatoon/src/truck/src/src/Truck.hpp:4:10: warning: non-portable path to file '"utils/include.hpp"'; specified path differs in case from file name on disk [-Wnonportable-include-path]
#include "utils/Include.hpp"
         ^~~~~~~~~~~~~~~~~~~
         "utils/include.hpp"
In file included from /Users/brodie/ros2_truckplatoon/src/truck/src/src/Truck.cpp:1:
/Users/brodie/ros2_truckplatoon/src/truck/src/src/Truck.hpp:4:10: warning: non-portable path to file '"utils/include.hpp"'; specified path differs in case from file name on disk [-Wnonportable-include-path]
#include "utils/Include.hpp"
         ^~~~~~~~~~~~~~~~~~~
         "utils/include.hpp"
In file included from /Users/brodie/ros2_truckplatoon/src/truck/src/truck.cpp:2:
In file included from /Users/brodie/ros2_truckplatoon/src/truck/src/Platoon.hpp:4:
In file included from /Users/brodie/ros2_truckplatoon/src/truck/src/src/Leader.hpp:4:
/Users/brodie/ros2_truckplatoon/src/truck/src/src/Truck.hpp:4:10: warning: non-portable path to file '"utils/include.hpp"'; specified path differs in case from file name on disk [-Wnonportable-include-path]
#include "utils/Include.hpp"
         ^~~~~~~~~~~~~~~~~~~
         "utils/include.hpp"
In file included from /Users/brodie/ros2_truckplatoon/src/truck/src/truck.cpp:2:
In file included from /Users/brodie/ros2_truckplatoon/src/truck/src/Platoon.hpp:4:
In file included from /Users/brodie/ros2_truckplatoon/src/truck/src/src/Leader.hpp:4:
In file included from /Users/brodie/ros2_truckplatoon/src/truck/src/src/Truck.hpp:6:
In file included from /Users/brodie/ros2_truckplatoon/src/truck/src/src/NodePublisher.hpp:7:
In file included from /Users/brodie/ros2_foxy/ros2-osx/include/rclcpp/rclcpp.hpp:146:
In file included from /Users/brodie/ros2_foxy/ros2-osx/include/rclcpp/executors.hpp:21:
In file included from /Users/brodie/ros2_foxy/ros2-osx/include/rclcpp/executors/multi_threaded_executor.hpp:26:
In file included from /Users/brodie/ros2_foxy/ros2-osx/include/rclcpp/executor.hpp:33:
In file included from /Users/brodie/ros2_foxy/ros2-osx/include/rclcpp/executor_options.hpp:20:
In file included from /Users/brodie/ros2_foxy/ros2-osx/include/rclcpp/memory_strategies.hpp:18:
In file included from /Users/brodie/ros2_foxy/ros2-osx/include/rclcpp/memory_strategy.hpp:24:
In file included from /Users/brodie/ros2_foxy/ros2-osx/include/rclcpp/any_executable.hpp:20:
In file included from /Users/brodie/ros2_foxy/ros2-osx/include/rclcpp/callback_group.hpp:23:
In file included from /Users/brodie/ros2_foxy/ros2-osx/include/rclcpp/client.hpp:32:
/Users/brodie/ros2_foxy/ros2-osx/include/rclcpp/function_traits.hpp:52:40: error: reference to overloaded function could not be resolved; did you mean to call it?
    typename function_traits<decltype( &FunctionT::operator())>::arguments>::type;
                                       ^~~~~~~~~~~~~~~~~~~~~~
/Users/brodie/ros2_foxy/ros2-osx/include/rclcpp/function_traits.hpp:160:14: note: in instantiation of template class 'rclcpp::function_traits::function_traits<std::__bind<(lambda at /Users/brodie/ros2_truckplatoon/src/truck/src/src/NodePublisher.hpp:27:24), std::shared_ptr<rclcpp::Publisher<message::msg::Message_<std::allocator<void>>>> &>>' requested here
    typename function_traits<FunctorAT>::arguments,
             ^
/Users/brodie/ros2_foxy/ros2-osx/include/rclcpp/timer.hpp:255:30: note: in instantiation of template class 'rclcpp::function_traits::same_arguments<std::__bind<(lambda at /Users/brodie/ros2_truckplatoon/src/truck/src/src/NodePublisher.hpp:27:24), std::shared_ptr<rclcpp::Publisher<message::msg::Message_<std::allocator<void>>>> &>, std::function<void ()>>' requested here
    rclcpp::function_traits::same_arguments<FunctorT, VoidCallbackType>::value ||
                             ^
/Users/brodie/ros2_foxy/ros2-osx/include/rclcpp/node_impl.hpp:108:18: note: while substituting prior template arguments into non-type template parameter [with FunctorT = std::__bind<(lambda at /Users/brodie/ros2_truckplatoon/src/truck/src/src/NodePublisher.hpp:27:24), std::shared_ptr<rclcpp::Publisher<message::msg::Message_<std::allocator<void>>>> &>]
typename rclcpp::WallTimer<CallbackT>::SharedPtr
                 ^~~~~~~~~~~~~~~~~~~~
/Users/brodie/ros2_foxy/ros2-osx/include/rclcpp/node_impl.hpp:108:37: note: while checking a default template argument used here
typename rclcpp::WallTimer<CallbackT>::SharedPtr
                 ~~~~~~~~~~~~~~~~~~~^
/Users/brodie/ros2_truckplatoon/src/truck/src/src/NodePublisher.hpp:26:18: note: while substituting deduced template arguments into function template 'create_wall_timer' [with DurationRepT = long long, DurationT = std::ratio<1, 1000>, CallbackT = std::__bind<(lambda at /Users/brodie/ros2_truckplatoon/src/truck/src/src/NodePublisher.hpp:27:24), std::shared_ptr<rclcpp::Publisher<message::msg::Message_<std::allocator<void>>>> &>]
  timer_ = this->create_wall_timer(
                 ^
In file included from /Users/brodie/ros2_truckplatoon/src/truck/src/truck.cpp:2:
In file included from /Users/brodie/ros2_truckplatoon/src/truck/src/Platoon.hpp:4:
In file included from /Users/brodie/ros2_truckplatoon/src/truck/src/src/Leader.hpp:4:
In file included from /Users/brodie/ros2_truckplatoon/src/truck/src/src/Truck.hpp:6:
In file included from /Users/brodie/ros2_truckplatoon/src/truck/src/src/NodePublisher.hpp:7:
In file included from /Users/brodie/ros2_foxy/ros2-osx/include/rclcpp/rclcpp.hpp:146:
In file included from /Users/brodie/ros2_foxy/ros2-osx/include/rclcpp/executors.hpp:21:
In file included from /Users/brodie/ros2_foxy/ros2-osx/include/rclcpp/executors/multi_threaded_executor.hpp:26:
In file included from /Users/brodie/ros2_foxy/ros2-osx/include/rclcpp/executor.hpp:33:
In file included from /Users/brodie/ros2_foxy/ros2-osx/include/rclcpp/executor_options.hpp:20:
In file included from /Users/brodie/ros2_foxy/ros2-osx/include/rclcpp/memory_strategies.hpp:18:
In file included from /Users/brodie/ros2_foxy/ros2-osx/include/rclcpp/memory_strategy.hpp:24:
In file included from /Users/brodie/ros2_foxy/ros2-osx/include/rclcpp/any_executable.hpp:20:
In file included from /Users/brodie/ros2_foxy/ros2-osx/include/rclcpp/callback_group.hpp:23:
In file included from /Users/brodie/ros2_foxy/ros2-osx/include/rclcpp/client.hpp:32:
/Users/brodie/ros2_foxy/ros2-osx/include/rclcpp/function_traits.hpp:54:45: error: implicit instantiation of undefined template 'std::tuple_size<int>'
  static constexpr std::size_t arity = std::tuple_size<arguments>::value;
                                            ^
/Applications/Xcode.app/Contents/Developer/Platforms/MacOSX.platform/Developer/SDKs/MacOSX12.3.sdk/usr/include/c++/v1/__tuple:24:50: note: template is declared here
template <class _Tp> struct _LIBCPP_TEMPLATE_VIS tuple_size;
                                                 ^
In file included from /Users/brodie/ros2_truckplatoon/src/truck/src/truck.cpp:2:
In file included from /Users/brodie/ros2_truckplatoon/src/truck/src/Platoon.hpp:4:
In file included from /Users/brodie/ros2_truckplatoon/src/truck/src/src/Leader.hpp:4:
In file included from /Users/brodie/ros2_truckplatoon/src/truck/src/src/Truck.hpp:6:
In file included from /Users/brodie/ros2_truckplatoon/src/truck/src/src/NodePublisher.hpp:7:
In file included from /Users/brodie/ros2_foxy/ros2-osx/include/rclcpp/rclcpp.hpp:146:
In file included from /Users/brodie/ros2_foxy/ros2-osx/include/rclcpp/executors.hpp:21:
In file included from /Users/brodie/ros2_foxy/ros2-osx/include/rclcpp/executors/multi_threaded_executor.hpp:26:
In file included from /Users/brodie/ros2_foxy/ros2-osx/include/rclcpp/executor.hpp:33:
In file included from /Users/brodie/ros2_foxy/ros2-osx/include/rclcpp/executor_options.hpp:20:
In file included from /Users/brodie/ros2_foxy/ros2-osx/include/rclcpp/memory_strategies.hpp:18:
In file included from /Users/brodie/ros2_foxy/ros2-osx/include/rclcpp/memory_strategy.hpp:24:
In file included from /Users/brodie/ros2_foxy/ros2-osx/include/rclcpp/any_executable.hpp:20:
In file included from /Users/brodie/ros2_foxy/ros2-osx/include/rclcpp/callback_group.hpp:23:
In file included from /Users/brodie/ros2_foxy/ros2-osx/include/rclcpp/client.hpp:32:
/Users/brodie/ros2_foxy/ros2-osx/include/rclcpp/function_traits.hpp:59:58: error: reference to overloaded function could not be resolved; did you mean to call it?
  using return_type = typename function_traits<decltype( &FunctionT::operator())>::return_type;
                                                         ^~~~~~~~~~~~~~~~~~~~~~
In file included from /Users/brodie/ros2_truckplatoon/src/truck/src/truck.cpp:2:
In file included from /Users/brodie/ros2_truckplatoon/src/truck/src/Platoon.hpp:4:
In file included from /Users/brodie/ros2_truckplatoon/src/truck/src/src/Leader.hpp:4:
In file included from /Users/brodie/ros2_truckplatoon/src/truck/src/src/Truck.hpp:6:
/Users/brodie/ros2_truckplatoon/src/truck/src/src/NodePublisher.hpp:26:18: error: no matching member function for call to 'create_wall_timer'
  timer_ = this->create_wall_timer(
           ~~~~~~^~~~~~~~~~~~~~~~~
/Users/brodie/ros2_foxy/ros2-osx/include/rclcpp/node_impl.hpp:109:7: note: candidate template ignored: substitution failure [with DurationRepT = long long, DurationT = std::ratio<1, 1000>, CallbackT = std::__bind<(lambda at /Users/brodie/ros2_truckplatoon/src/truck/src/src/NodePublisher.hpp:27:24), std::shared_ptr<rclcpp::Publisher<message::msg::Message_<std::allocator<void>>>> &>]
Node::create_wall_timer(
      ^
In file included from /Users/brodie/ros2_truckplatoon/src/truck/src/truck.cpp:2:
/Users/brodie/ros2_truckplatoon/src/truck/src/Platoon.hpp:8:10: warning: non-portable path to file '"src/utils/include.hpp"'; specified path differs in case from file name on disk [-Wnonportable-include-path]
#include "src/utils/Include.hpp"
         ^~~~~~~~~~~~~~~~~~~~~~~
         "src/utils/include.hpp"
In file included from /Users/brodie/ros2_truckplatoon/src/truck/src/src/Leader.cpp:1:
In file included from /Users/brodie/ros2_truckplatoon/src/truck/src/src/Leader.hpp:4:
In file included from /Users/brodie/ros2_truckplatoon/src/truck/src/src/Truck.hpp:6:
In file included from /Users/brodie/ros2_truckplatoon/src/truck/src/src/NodePublisher.hpp:7:
In file included from /Users/brodie/ros2_foxy/ros2-osx/include/rclcpp/rclcpp.hpp:146:
In file included from /Users/brodie/ros2_foxy/ros2-osx/include/rclcpp/executors.hpp:21:
In file included from /Users/brodie/ros2_foxy/ros2-osx/include/rclcpp/executors/multi_threaded_executor.hpp:26:
In file included from /Users/brodie/ros2_foxy/ros2-osx/include/rclcpp/executor.hpp:33:
In file included from /Users/brodie/ros2_foxy/ros2-osx/include/rclcpp/executor_options.hpp:20:
In file included from /Users/brodie/ros2_foxy/ros2-osx/include/rclcpp/memory_strategies.hpp:18:
In file included from /Users/brodie/ros2_foxy/ros2-osx/include/rclcpp/memory_strategy.hpp:24:
In file included from /Users/brodie/ros2_foxy/ros2-osx/include/rclcpp/any_executable.hpp:20:
In file included from /Users/brodie/ros2_foxy/ros2-osx/include/rclcpp/callback_group.hpp:23:
In file included from /Users/brodie/ros2_foxy/ros2-osx/include/rclcpp/client.hpp:32:
/Users/brodie/ros2_foxy/ros2-osx/include/rclcpp/function_traits.hpp:52:40: error: reference to overloaded function could not be resolved; did you mean to call it?
    typename function_traits<decltype( &FunctionT::operator())>::arguments>::type;
                                       ^~~~~~~~~~~~~~~~~~~~~~
/Users/brodie/ros2_foxy/ros2-osx/include/rclcpp/function_traits.hpp:160:14: note: in instantiation of template class 'rclcpp::function_traits::function_traits<std::__bind<(lambda at /Users/brodie/ros2_truckplatoon/src/truck/src/src/NodePublisher.hpp:27:24), std::shared_ptr<rclcpp::Publisher<message::msg::Message_<std::allocator<void>>>> &>>' requested here
    typename function_traits<FunctorAT>::arguments,
             ^
/Users/brodie/ros2_foxy/ros2-osx/include/rclcpp/timer.hpp:255:30: note: in instantiation of template class 'rclcpp::function_traits::same_arguments<std::__bind<(lambda at /Users/brodie/ros2_truckplatoon/src/truck/src/src/NodePublisher.hpp:27:24), std::shared_ptr<rclcpp::Publisher<message::msg::Message_<std::allocator<void>>>> &>, std::function<void ()>>' requested here
    rclcpp::function_traits::same_arguments<FunctorT, VoidCallbackType>::value ||
                             ^
/Users/brodie/ros2_foxy/ros2-osx/include/rclcpp/node_impl.hpp:108:18: note: while substituting prior template arguments into non-type template parameter [with FunctorT = std::__bind<(lambda at /Users/brodie/ros2_truckplatoon/src/truck/src/src/NodePublisher.hpp:27:24), std::shared_ptr<rclcpp::Publisher<message::msg::Message_<std::allocator<void>>>> &>]
typename rclcpp::WallTimer<CallbackT>::SharedPtr
                 ^~~~~~~~~~~~~~~~~~~~
/Users/brodie/ros2_foxy/ros2-osx/include/rclcpp/node_impl.hpp:108:37: note: while checking a default template argument used here
typename rclcpp::WallTimer<CallbackT>::SharedPtr
                 ~~~~~~~~~~~~~~~~~~~^
/Users/brodie/ros2_truckplatoon/src/truck/src/src/NodePublisher.hpp:26:18: note: while substituting deduced template arguments into function template 'create_wall_timer' [with DurationRepT = long long, DurationT = std::ratio<1, 1000>, CallbackT = std::__bind<(lambda at /Users/brodie/ros2_truckplatoon/src/truck/src/src/NodePublisher.hpp:27:24), std::shared_ptr<rclcpp::Publisher<message::msg::Message_<std::allocator<void>>>> &>]
  timer_ = this->create_wall_timer(
                 ^
In file included from /Users/brodie/ros2_truckplatoon/src/truck/src/src/Leader.cpp:1:
In file included from /Users/brodie/ros2_truckplatoon/src/truck/src/src/Leader.hpp:4:
In file included from /Users/brodie/ros2_truckplatoon/src/truck/src/src/Truck.hpp:6:
In file included from /Users/brodie/ros2_truckplatoon/src/truck/src/src/NodePublisher.hpp:7:
In file included from /Users/brodie/ros2_foxy/ros2-osx/include/rclcpp/rclcpp.hpp:146:
In file included from /Users/brodie/ros2_foxy/ros2-osx/include/rclcpp/executors.hpp:21:
In file included from /Users/brodie/ros2_foxy/ros2-osx/include/rclcpp/executors/multi_threaded_executor.hpp:26:
In file included from /Users/brodie/ros2_foxy/ros2-osx/include/rclcpp/executor.hpp:33:
In file included from /Users/brodie/ros2_foxy/ros2-osx/include/rclcpp/executor_options.hpp:20:
In file included from /Users/brodie/ros2_foxy/ros2-osx/include/rclcpp/memory_strategies.hpp:18:
In file included from /Users/brodie/ros2_foxy/ros2-osx/include/rclcpp/memory_strategy.hpp:24:
In file included from /Users/brodie/ros2_foxy/ros2-osx/include/rclcpp/any_executable.hpp:20:
In file included from /Users/brodie/ros2_foxy/ros2-osx/include/rclcpp/callback_group.hpp:23:
In file included from /Users/brodie/ros2_foxy/ros2-osx/include/rclcpp/client.hpp:32:
/Users/brodie/ros2_foxy/ros2-osx/include/rclcpp/function_traits.hpp:54:45: error: implicit instantiation of undefined template 'std::tuple_size<int>'
  static constexpr std::size_t arity = std::tuple_size<arguments>::value;
                                            ^
/Applications/Xcode.app/Contents/Developer/Platforms/MacOSX.platform/Developer/SDKs/MacOSX12.3.sdk/usr/include/c++/v1/__tuple:24:50: note: template is declared here
template <class _Tp> struct _LIBCPP_TEMPLATE_VIS tuple_size;
                                                 ^
In file included from /Users/brodie/ros2_truckplatoon/src/truck/src/src/Leader.cpp:1:
In file included from /Users/brodie/ros2_truckplatoon/src/truck/src/src/Leader.hpp:4:
In file included from /Users/brodie/ros2_truckplatoon/src/truck/src/src/Truck.hpp:6:
In file included from /Users/brodie/ros2_truckplatoon/src/truck/src/src/NodePublisher.hpp:7:
In file included from /Users/brodie/ros2_foxy/ros2-osx/include/rclcpp/rclcpp.hpp:146:
In file included from /Users/brodie/ros2_foxy/ros2-osx/include/rclcpp/executors.hpp:21:
In file included from /Users/brodie/ros2_foxy/ros2-osx/include/rclcpp/executors/multi_threaded_executor.hpp:26:
In file included from /Users/brodie/ros2_foxy/ros2-osx/include/rclcpp/executor.hpp:33:
In file included from /Users/brodie/ros2_foxy/ros2-osx/include/rclcpp/executor_options.hpp:20:
In file included from /Users/brodie/ros2_foxy/ros2-osx/include/rclcpp/memory_strategies.hpp:18:
In file included from /Users/brodie/ros2_foxy/ros2-osx/include/rclcpp/memory_strategy.hpp:24:
In file included from /Users/brodie/ros2_foxy/ros2-osx/include/rclcpp/any_executable.hpp:20:
In file included from /Users/brodie/ros2_foxy/ros2-osx/include/rclcpp/callback_group.hpp:23:
In file included from /Users/brodie/ros2_foxy/ros2-osx/include/rclcpp/client.hpp:32:
/Users/brodie/ros2_foxy/ros2-osx/include/rclcpp/function_traits.hpp:59:58: error: reference to overloaded function could not be resolved; did you mean to call it?
  using return_type = typename function_traits<decltype( &FunctionT::operator())>::return_type;
                                                         ^~~~~~~~~~~~~~~~~~~~~~
In file included from /Users/brodie/ros2_truckplatoon/src/truck/src/src/Leader.cpp:1:
In file included from /Users/brodie/ros2_truckplatoon/src/truck/src/src/Leader.hpp:4:
In file included from /Users/brodie/ros2_truckplatoon/src/truck/src/src/Truck.hpp:6:
/Users/brodie/ros2_truckplatoon/src/truck/src/src/NodePublisher.hpp:26:18: error: no matching member function for call to 'create_wall_timer'
  timer_ = this->create_wall_timer(
           ~~~~~~^~~~~~~~~~~~~~~~~
/Users/brodie/ros2_foxy/ros2-osx/include/rclcpp/node_impl.hpp:109:7: note: candidate template ignored: substitution failure [with DurationRepT = long long, DurationT = std::ratio<1, 1000>, CallbackT = std::__bind<(lambda at /Users/brodie/ros2_truckplatoon/src/truck/src/src/NodePublisher.hpp:27:24), std::shared_ptr<rclcpp::Publisher<message::msg::Message_<std::allocator<void>>>> &>]
Node::create_wall_timer(
      ^
In file included from /Users/brodie/ros2_truckplatoon/src/truck/src/src/Truck.cpp:1:
In file included from /Users/brodie/ros2_truckplatoon/src/truck/src/src/Truck.hpp:6:
In file included from /Users/brodie/ros2_truckplatoon/src/truck/src/src/NodePublisher.hpp:7:
In file included from /Users/brodie/ros2_foxy/ros2-osx/include/rclcpp/rclcpp.hpp:146:
In file included from /Users/brodie/ros2_foxy/ros2-osx/include/rclcpp/executors.hpp:21:
In file included from /Users/brodie/ros2_foxy/ros2-osx/include/rclcpp/executors/multi_threaded_executor.hpp:26:
In file included from /Users/brodie/ros2_foxy/ros2-osx/include/rclcpp/executor.hpp:33:
In file included from /Users/brodie/ros2_foxy/ros2-osx/include/rclcpp/executor_options.hpp:20:
In file included from /Users/brodie/ros2_foxy/ros2-osx/include/rclcpp/memory_strategies.hpp:18:
In file included from /Users/brodie/ros2_foxy/ros2-osx/include/rclcpp/memory_strategy.hpp:24:
In file included from /Users/brodie/ros2_foxy/ros2-osx/include/rclcpp/any_executable.hpp:20:
In file included from /Users/brodie/ros2_foxy/ros2-osx/include/rclcpp/callback_group.hpp:23:
In file included from /Users/brodie/ros2_foxy/ros2-osx/include/rclcpp/client.hpp:32:
/Users/brodie/ros2_foxy/ros2-osx/include/rclcpp/function_traits.hpp:52:40: error: reference to overloaded function could not be resolved; did you mean to call it?
    typename function_traits<decltype( &FunctionT::operator())>::arguments>::type;
                                       ^~~~~~~~~~~~~~~~~~~~~~
/Users/brodie/ros2_foxy/ros2-osx/include/rclcpp/function_traits.hpp:160:14: note: in instantiation of template class 'rclcpp::function_traits::function_traits<std::__bind<(lambda at /Users/brodie/ros2_truckplatoon/src/truck/src/src/NodePublisher.hpp:27:24), std::shared_ptr<rclcpp::Publisher<message::msg::Message_<std::allocator<void>>>> &>>' requested here
    typename function_traits<FunctorAT>::arguments,
             ^
/Users/brodie/ros2_foxy/ros2-osx/include/rclcpp/timer.hpp:255:30: note: in instantiation of template class 'rclcpp::function_traits::same_arguments<std::__bind<(lambda at /Users/brodie/ros2_truckplatoon/src/truck/src/src/NodePublisher.hpp:27:24), std::shared_ptr<rclcpp::Publisher<message::msg::Message_<std::allocator<void>>>> &>, std::function<void ()>>' requested here
    rclcpp::function_traits::same_arguments<FunctorT, VoidCallbackType>::value ||
                             ^
/Users/brodie/ros2_foxy/ros2-osx/include/rclcpp/node_impl.hpp:108:18: note: while substituting prior template arguments into non-type template parameter [with FunctorT = std::__bind<(lambda at /Users/brodie/ros2_truckplatoon/src/truck/src/src/NodePublisher.hpp:27:24), std::shared_ptr<rclcpp::Publisher<message::msg::Message_<std::allocator<void>>>> &>]
typename rclcpp::WallTimer<CallbackT>::SharedPtr
                 ^~~~~~~~~~~~~~~~~~~~
/Users/brodie/ros2_foxy/ros2-osx/include/rclcpp/node_impl.hpp:108:37: note: while checking a default template argument used here
typename rclcpp::WallTimer<CallbackT>::SharedPtr
                 ~~~~~~~~~~~~~~~~~~~^
/Users/brodie/ros2_truckplatoon/src/truck/src/src/NodePublisher.hpp:26:18: note: while substituting deduced template arguments into function template 'create_wall_timer' [with DurationRepT = long long, DurationT = std::ratio<1, 1000>, CallbackT = std::__bind<(lambda at /Users/brodie/ros2_truckplatoon/src/truck/src/src/NodePublisher.hpp:27:24), std::shared_ptr<rclcpp::Publisher<message::msg::Message_<std::allocator<void>>>> &>]
  timer_ = this->create_wall_timer(
                 ^
In file included from /Users/brodie/ros2_truckplatoon/src/truck/src/src/Truck.cpp:1:
In file included from /Users/brodie/ros2_truckplatoon/src/truck/src/src/Truck.hpp:6:
In file included from /Users/brodie/ros2_truckplatoon/src/truck/src/src/NodePublisher.hpp:7:
In file included from /Users/brodie/ros2_foxy/ros2-osx/include/rclcpp/rclcpp.hpp:146:
In file included from /Users/brodie/ros2_foxy/ros2-osx/include/rclcpp/executors.hpp:21:
In file included from /Users/brodie/ros2_foxy/ros2-osx/include/rclcpp/executors/multi_threaded_executor.hpp:26:
In file included from /Users/brodie/ros2_foxy/ros2-osx/include/rclcpp/executor.hpp:33:
In file included from /Users/brodie/ros2_foxy/ros2-osx/include/rclcpp/executor_options.hpp:20:
In file included from /Users/brodie/ros2_foxy/ros2-osx/include/rclcpp/memory_strategies.hpp:18:
In file included from /Users/brodie/ros2_foxy/ros2-osx/include/rclcpp/memory_strategy.hpp:24:
In file included from /Users/brodie/ros2_foxy/ros2-osx/include/rclcpp/any_executable.hpp:20:
In file included from /Users/brodie/ros2_foxy/ros2-osx/include/rclcpp/callback_group.hpp:23:
In file included from /Users/brodie/ros2_foxy/ros2-osx/include/rclcpp/client.hpp:32:
/Users/brodie/ros2_foxy/ros2-osx/include/rclcpp/function_traits.hpp:54:45: error: implicit instantiation of undefined template 'std::tuple_size<int>'
  static constexpr std::size_t arity = std::tuple_size<arguments>::value;
                                            ^
/Applications/Xcode.app/Contents/Developer/Platforms/MacOSX.platform/Developer/SDKs/MacOSX12.3.sdk/usr/include/c++/v1/__tuple:24:50: note: template is declared here
template <class _Tp> struct _LIBCPP_TEMPLATE_VIS tuple_size;
                                                 ^
In file included from /Users/brodie/ros2_truckplatoon/src/truck/src/src/Truck.cpp:1:
In file included from /Users/brodie/ros2_truckplatoon/src/truck/src/src/Truck.hpp:6:
In file included from /Users/brodie/ros2_truckplatoon/src/truck/src/src/NodePublisher.hpp:7:
In file included from /Users/brodie/ros2_foxy/ros2-osx/include/rclcpp/rclcpp.hpp:146:
In file included from /Users/brodie/ros2_foxy/ros2-osx/include/rclcpp/executors.hpp:21:
In file included from /Users/brodie/ros2_foxy/ros2-osx/include/rclcpp/executors/multi_threaded_executor.hpp:26:
In file included from /Users/brodie/ros2_foxy/ros2-osx/include/rclcpp/executor.hpp:33:
In file included from /Users/brodie/ros2_foxy/ros2-osx/include/rclcpp/executor_options.hpp:20:
In file included from /Users/brodie/ros2_foxy/ros2-osx/include/rclcpp/memory_strategies.hpp:18:
In file included from /Users/brodie/ros2_foxy/ros2-osx/include/rclcpp/memory_strategy.hpp:24:
In file included from /Users/brodie/ros2_foxy/ros2-osx/include/rclcpp/any_executable.hpp:20:
In file included from /Users/brodie/ros2_foxy/ros2-osx/include/rclcpp/callback_group.hpp:23:
In file included from /Users/brodie/ros2_foxy/ros2-osx/include/rclcpp/client.hpp:32:
/Users/brodie/ros2_foxy/ros2-osx/include/rclcpp/function_traits.hpp:59:58: error: reference to overloaded function could not be resolved; did you mean to call it?
  using return_type = typename function_traits<decltype( &FunctionT::operator())>::return_type;
                                                         ^~~~~~~~~~~~~~~~~~~~~~
In file included from /Users/brodie/ros2_truckplatoon/src/truck/src/src/Truck.cpp:1:
In file included from /Users/brodie/ros2_truckplatoon/src/truck/src/src/Truck.hpp:6:
/Users/brodie/ros2_truckplatoon/src/truck/src/src/NodePublisher.hpp:26:18: error: no matching member function for call to 'create_wall_timer'
  timer_ = this->create_wall_timer(
           ~~~~~~^~~~~~~~~~~~~~~~~
/Users/brodie/ros2_foxy/ros2-osx/include/rclcpp/node_impl.hpp:109:7: note: candidate template ignored: substitution failure [with DurationRepT = long long, DurationT = std::ratio<1, 1000>, CallbackT = std::__bind<(lambda at /Users/brodie/ros2_truckplatoon/src/truck/src/src/NodePublisher.hpp:27:24), std::shared_ptr<rclcpp::Publisher<message::msg::Message_<std::allocator<void>>>> &>]
Node::create_wall_timer(
      ^
In file included from /Users/brodie/ros2_truckplatoon/src/truck/src/src/Communication.cpp:1:
In file included from /Users/brodie/ros2_truckplatoon/src/truck/src/src/Communication.hpp:3:
In file included from /Users/brodie/ros2_truckplatoon/src/truck/src/src/Truck.hpp:6:
In file included from /Users/brodie/ros2_truckplatoon/src/truck/src/src/NodePublisher.hpp:7:
In file included from /Users/brodie/ros2_foxy/ros2-osx/include/rclcpp/rclcpp.hpp:146:
In file included from /Users/brodie/ros2_foxy/ros2-osx/include/rclcpp/executors.hpp:21:
In file included from /Users/brodie/ros2_foxy/ros2-osx/include/rclcpp/executors/multi_threaded_executor.hpp:26:
In file included from /Users/brodie/ros2_foxy/ros2-osx/include/rclcpp/executor.hpp:33:
In file included from /Users/brodie/ros2_foxy/ros2-osx/include/rclcpp/executor_options.hpp:20:
In file included from /Users/brodie/ros2_foxy/ros2-osx/include/rclcpp/memory_strategies.hpp:18:
In file included from /Users/brodie/ros2_foxy/ros2-osx/include/rclcpp/memory_strategy.hpp:24:
In file included from /Users/brodie/ros2_foxy/ros2-osx/include/rclcpp/any_executable.hpp:20:
In file included from /Users/brodie/ros2_foxy/ros2-osx/include/rclcpp/callback_group.hpp:23:
In file included from /Users/brodie/ros2_foxy/ros2-osx/include/rclcpp/client.hpp:32:
/Users/brodie/ros2_foxy/ros2-osx/include/rclcpp/function_traits.hpp:52:40: error: reference to overloaded function could not be resolved; did you mean to call it?
    typename function_traits<decltype( &FunctionT::operator())>::arguments>::type;
                                       ^~~~~~~~~~~~~~~~~~~~~~
/Users/brodie/ros2_foxy/ros2-osx/include/rclcpp/function_traits.hpp:160:14: note: in instantiation of template class 'rclcpp::function_traits::function_traits<std::__bind<(lambda at /Users/brodie/ros2_truckplatoon/src/truck/src/src/NodePublisher.hpp:27:24), std::shared_ptr<rclcpp::Publisher<message::msg::Message_<std::allocator<void>>>> &>>' requested here
    typename function_traits<FunctorAT>::arguments,
             ^
/Users/brodie/ros2_foxy/ros2-osx/include/rclcpp/timer.hpp:255:30: note: in instantiation of template class 'rclcpp::function_traits::same_arguments<std::__bind<(lambda at /Users/brodie/ros2_truckplatoon/src/truck/src/src/NodePublisher.hpp:27:24), std::shared_ptr<rclcpp::Publisher<message::msg::Message_<std::allocator<void>>>> &>, std::function<void ()>>' requested here
    rclcpp::function_traits::same_arguments<FunctorT, VoidCallbackType>::value ||
                             ^
/Users/brodie/ros2_foxy/ros2-osx/include/rclcpp/node_impl.hpp:108:18: note: while substituting prior template arguments into non-type template parameter [with FunctorT = std::__bind<(lambda at /Users/brodie/ros2_truckplatoon/src/truck/src/src/NodePublisher.hpp:27:24), std::shared_ptr<rclcpp::Publisher<message::msg::Message_<std::allocator<void>>>> &>]
typename rclcpp::WallTimer<CallbackT>::SharedPtr
                 ^~~~~~~~~~~~~~~~~~~~
/Users/brodie/ros2_foxy/ros2-osx/include/rclcpp/node_impl.hpp:108:37: note: while checking a default template argument used here
typename rclcpp::WallTimer<CallbackT>::SharedPtr
                 ~~~~~~~~~~~~~~~~~~~^
/Users/brodie/ros2_truckplatoon/src/truck/src/src/NodePublisher.hpp:26:18: note: while substituting deduced template arguments into function template 'create_wall_timer' [with DurationRepT = long long, DurationT = std::ratio<1, 1000>, CallbackT = std::__bind<(lambda at /Users/brodie/ros2_truckplatoon/src/truck/src/src/NodePublisher.hpp:27:24), std::shared_ptr<rclcpp::Publisher<message::msg::Message_<std::allocator<void>>>> &>]
  timer_ = this->create_wall_timer(
                 ^
In file included from /Users/brodie/ros2_truckplatoon/src/truck/src/src/Communication.cpp:1:
In file included from /Users/brodie/ros2_truckplatoon/src/truck/src/src/Communication.hpp:3:
In file included from /Users/brodie/ros2_truckplatoon/src/truck/src/src/Truck.hpp:6:
In file included from /Users/brodie/ros2_truckplatoon/src/truck/src/src/NodePublisher.hpp:7:
In file included from /Users/brodie/ros2_foxy/ros2-osx/include/rclcpp/rclcpp.hpp:146:
In file included from /Users/brodie/ros2_foxy/ros2-osx/include/rclcpp/executors.hpp:21:
In file included from /Users/brodie/ros2_foxy/ros2-osx/include/rclcpp/executors/multi_threaded_executor.hpp:26:
In file included from /Users/brodie/ros2_foxy/ros2-osx/include/rclcpp/executor.hpp:33:
In file included from /Users/brodie/ros2_foxy/ros2-osx/include/rclcpp/executor_options.hpp:20:
In file included from /Users/brodie/ros2_foxy/ros2-osx/include/rclcpp/memory_strategies.hpp:18:
In file included from /Users/brodie/ros2_foxy/ros2-osx/include/rclcpp/memory_strategy.hpp:24:
In file included from /Users/brodie/ros2_foxy/ros2-osx/include/rclcpp/any_executable.hpp:20:
In file included from /Users/brodie/ros2_foxy/ros2-osx/include/rclcpp/callback_group.hpp:23:
In file included from /Users/brodie/ros2_foxy/ros2-osx/include/rclcpp/client.hpp:32:
/Users/brodie/ros2_foxy/ros2-osx/include/rclcpp/function_traits.hpp:54:45: error: implicit instantiation of undefined template 'std::tuple_size<int>'
  static constexpr std::size_t arity = std::tuple_size<arguments>::value;
                                            ^
/Applications/Xcode.app/Contents/Developer/Platforms/MacOSX.platform/Developer/SDKs/MacOSX12.3.sdk/usr/include/c++/v1/__tuple:24:50: note: template is declared here
template <class _Tp> struct _LIBCPP_TEMPLATE_VIS tuple_size;
                                                 ^
In file included from /Users/brodie/ros2_truckplatoon/src/truck/src/src/Communication.cpp:1:
In file included from /Users/brodie/ros2_truckplatoon/src/truck/src/src/Communication.hpp:3:
In file included from /Users/brodie/ros2_truckplatoon/src/truck/src/src/Truck.hpp:6:
In file included from /Users/brodie/ros2_truckplatoon/src/truck/src/src/NodePublisher.hpp:7:
In file included from /Users/brodie/ros2_foxy/ros2-osx/include/rclcpp/rclcpp.hpp:146:
In file included from /Users/brodie/ros2_foxy/ros2-osx/include/rclcpp/executors.hpp:21:
In file included from /Users/brodie/ros2_foxy/ros2-osx/include/rclcpp/executors/multi_threaded_executor.hpp:26:
In file included from /Users/brodie/ros2_foxy/ros2-osx/include/rclcpp/executor.hpp:33:
In file included from /Users/brodie/ros2_foxy/ros2-osx/include/rclcpp/executor_options.hpp:20:
In file included from /Users/brodie/ros2_foxy/ros2-osx/include/rclcpp/memory_strategies.hpp:18:
In file included from /Users/brodie/ros2_foxy/ros2-osx/include/rclcpp/memory_strategy.hpp:24:
In file included from /Users/brodie/ros2_foxy/ros2-osx/include/rclcpp/any_executable.hpp:20:
In file included from /Users/brodie/ros2_foxy/ros2-osx/include/rclcpp/callback_group.hpp:23:
In file included from /Users/brodie/ros2_foxy/ros2-osx/include/rclcpp/client.hpp:32:
/Users/brodie/ros2_foxy/ros2-osx/include/rclcpp/function_traits.hpp:59:58: error: reference to overloaded function could not be resolved; did you mean to call it?
  using return_type = typename function_traits<decltype( &FunctionT::operator())>::return_type;
                                                         ^~~~~~~~~~~~~~~~~~~~~~
In file included from /Users/brodie/ros2_truckplatoon/src/truck/src/src/Communication.cpp:1:
In file included from /Users/brodie/ros2_truckplatoon/src/truck/src/src/Communication.hpp:3:
In file included from /Users/brodie/ros2_truckplatoon/src/truck/src/src/Truck.hpp:6:
/Users/brodie/ros2_truckplatoon/src/truck/src/src/NodePublisher.hpp:26:18: error: no matching member function for call to 'create_wall_timer'
  timer_ = this->create_wall_timer(
           ~~~~~~^~~~~~~~~~~~~~~~~
/Users/brodie/ros2_foxy/ros2-osx/include/rclcpp/node_impl.hpp:109:7: note: candidate template ignored: substitution failure [with DurationRepT = long long, DurationT = std::ratio<1, 1000>, CallbackT = std::__bind<(lambda at /Users/brodie/ros2_truckplatoon/src/truck/src/src/NodePublisher.hpp:27:24), std::shared_ptr<rclcpp::Publisher<message::msg::Message_<std::allocator<void>>>> &>]
Node::create_wall_timer(
      ^
In file included from /Users/brodie/ros2_truckplatoon/src/truck/src/truck.cpp:2:
In file included from /Users/brodie/ros2_truckplatoon/src/truck/src/Platoon.hpp:11:
/Users/brodie/ros2_truckplatoon/src/truck/src/src/DrivingEvent.hpp:9:15: warning: private field '_speed' is not used [-Wunused-private-field]
    speedType _speed;
              ^
/Users/brodie/ros2_truckplatoon/src/truck/src/src/DrivingEvent.hpp:10:23: warning: private field '_stearingAngle' is not used [-Wunused-private-field]
    stearingAngleType _stearingAngle;
                      ^
/Users/brodie/ros2_truckplatoon/src/truck/src/src/DrivingEvent.hpp:11:18: warning: private field '_distance' is not used [-Wunused-private-field]
    distanceType _distance;
                 ^
5 warnings and 4 errors generated.
1 warning and 4 errors generated.
gmake[2]: *** [CMakeFiles/truck.dir/build.make:82: CMakeFiles/truck.dir/src/truck.cpp.o] Error 1
gmake[2]: *** Waiting for unfinished jobs....
gmake[2]: *** [CMakeFiles/truck.dir/build.make:108: CMakeFiles/truck.dir/src/src/Leader.cpp.o] Error 1
1 warning and 4 errors generated.
gmake[2]: *** [CMakeFiles/truck.dir/build.make:121: CMakeFiles/truck.dir/src/src/Communication.cpp.o] Error 1
1 warning and 4 errors generated.
gmake[2]: *** [CMakeFiles/truck.dir/build.make:95: CMakeFiles/truck.dir/src/src/Truck.cpp.o] Error 1
gmake[1]: *** [CMakeFiles/Makefile2:97: CMakeFiles/truck.dir/all] Error 2
gmake: *** [Makefile:160: all] Error 2
