[0.074s] Invoking command in '/Users/brodie/ros2_truckplatoon/build/truck': CMAKE_PREFIX_PATH=${CMAKE_PREFIX_PATH}:/Users/brodie/my_workspace/install/my_package SHLVL=2 _=/usr/bin/env /usr/local/bin/cmake --build /Users/brodie/ros2_truckplatoon/build/truck -- -j8 -l8
[0.213s] Scanning dependencies of target truck
[0.246s] [ 33%] Building CXX object CMakeFiles/truck.dir/src/src/Communication.cpp.o
[0.246s] [ 33%] Building CXX object CMakeFiles/truck.dir/src/src/Truck.cpp.o
[0.246s] [ 66%] Building CXX object CMakeFiles/truck.dir/src/truck.cpp.o
[0.247s] [ 66%] Building CXX object CMakeFiles/truck.dir/src/src/Leader.cpp.o
[0.956s] In file included from /Users/brodie/ros2_truckplatoon/src/truck/src/src/Leader.cpp:1:
[0.957s] In file included from /Users/brodie/ros2_truckplatoon/src/truck/src/src/Leader.hpp:4:
[0.957s] /Users/brodie/ros2_truckplatoon/src/truck/src/src/Truck.hpp:4:10: warning: non-portable path to file '"utils/include.hpp"'; specified path differs in case from file name on disk [-Wnonportable-include-path]
[0.957s] #include "utils/Include.hpp"
[0.957s]          ^~~~~~~~~~~~~~~~~~~
[0.957s]          "utils/include.hpp"
[0.958s] In file included from /Users/brodie/ros2_truckplatoon/src/truck/src/src/Communication.cpp:1:
[0.958s] In file included from /Users/brodie/ros2_truckplatoon/src/truck/src/src/Communication.hpp:3:
[0.959s] /Users/brodie/ros2_truckplatoon/src/truck/src/src/Truck.hpp:4:10: warning: non-portable path to file '"utils/include.hpp"'; specified path differs in case from file name on disk [-Wnonportable-include-path]
[0.959s] #include "utils/Include.hpp"
[0.959s]          ^~~~~~~~~~~~~~~~~~~
[0.959s]          "utils/include.hpp"
[0.960s] In file included from /Users/brodie/ros2_truckplatoon/src/truck/src/src/Truck.cpp:1:
[0.960s] /Users/brodie/ros2_truckplatoon/src/truck/src/src/Truck.hpp:4:10: warning: non-portable path to file '"utils/include.hpp"'; specified path differs in case from file name on disk [-Wnonportable-include-path]
[0.960s] #include "utils/Include.hpp"
[0.960s]          ^~~~~~~~~~~~~~~~~~~
[0.960s]          "utils/include.hpp"
[0.961s] In file included from /Users/brodie/ros2_truckplatoon/src/truck/src/truck.cpp:2:
[0.961s] In file included from /Users/brodie/ros2_truckplatoon/src/truck/src/Platoon.hpp:4:
[0.961s] In file included from /Users/brodie/ros2_truckplatoon/src/truck/src/src/Leader.hpp:4:
[0.961s] /Users/brodie/ros2_truckplatoon/src/truck/src/src/Truck.hpp:4:10: warning: non-portable path to file '"utils/include.hpp"'; specified path differs in case from file name on disk [-Wnonportable-include-path]
[0.961s] #include "utils/Include.hpp"
[0.962s]          ^~~~~~~~~~~~~~~~~~~
[0.962s]          "utils/include.hpp"
[1.792s] In file included from /Users/brodie/ros2_truckplatoon/src/truck/src/truck.cpp:2:
[1.792s] In file included from /Users/brodie/ros2_truckplatoon/src/truck/src/Platoon.hpp:4:
[1.792s] In file included from /Users/brodie/ros2_truckplatoon/src/truck/src/src/Leader.hpp:4:
[1.793s] In file included from /Users/brodie/ros2_truckplatoon/src/truck/src/src/Truck.hpp:6:
[1.793s] In file included from /Users/brodie/ros2_truckplatoon/src/truck/src/src/NodePublisher.hpp:7:
[1.793s] In file included from /Users/brodie/ros2_foxy/ros2-osx/include/rclcpp/rclcpp.hpp:146:
[1.793s] In file included from /Users/brodie/ros2_foxy/ros2-osx/include/rclcpp/executors.hpp:21:
[1.793s] In file included from /Users/brodie/ros2_foxy/ros2-osx/include/rclcpp/executors/multi_threaded_executor.hpp:26:
[1.793s] In file included from /Users/brodie/ros2_foxy/ros2-osx/include/rclcpp/executor.hpp:33:
[1.794s] In file included from /Users/brodie/ros2_foxy/ros2-osx/include/rclcpp/executor_options.hpp:20:
[1.794s] In file included from /Users/brodie/ros2_foxy/ros2-osx/include/rclcpp/memory_strategies.hpp:18:
[1.794s] In file included from /Users/brodie/ros2_foxy/ros2-osx/include/rclcpp/memory_strategy.hpp:24:
[1.794s] In file included from /Users/brodie/ros2_foxy/ros2-osx/include/rclcpp/any_executable.hpp:20:
[1.794s] In file included from /Users/brodie/ros2_foxy/ros2-osx/include/rclcpp/callback_group.hpp:23:
[1.794s] In file included from /Users/brodie/ros2_foxy/ros2-osx/include/rclcpp/client.hpp:32:
[1.795s] /Users/brodie/ros2_foxy/ros2-osx/include/rclcpp/function_traits.hpp:52:40: error: reference to overloaded function could not be resolved; did you mean to call it?
[1.795s]     typename function_traits<decltype( &FunctionT::operator())>::arguments>::type;
[1.795s]                                        ^~~~~~~~~~~~~~~~~~~~~~
[1.795s] /Users/brodie/ros2_foxy/ros2-osx/include/rclcpp/function_traits.hpp:160:14: note: in instantiation of template class 'rclcpp::function_traits::function_traits<std::__bind<(lambda at /Users/brodie/ros2_truckplatoon/src/truck/src/src/NodePublisher.hpp:27:24), std::shared_ptr<rclcpp::Publisher<message::msg::Message_<std::allocator<void>>>> &>>' requested here
[1.795s]     typename function_traits<FunctorAT>::arguments,
[1.795s]              ^
[1.796s] /Users/brodie/ros2_foxy/ros2-osx/include/rclcpp/timer.hpp:255:30: note: in instantiation of template class 'rclcpp::function_traits::same_arguments<std::__bind<(lambda at /Users/brodie/ros2_truckplatoon/src/truck/src/src/NodePublisher.hpp:27:24), std::shared_ptr<rclcpp::Publisher<message::msg::Message_<std::allocator<void>>>> &>, std::function<void ()>>' requested here
[1.796s]     rclcpp::function_traits::same_arguments<FunctorT, VoidCallbackType>::value ||
[1.796s]                              ^
[1.796s] /Users/brodie/ros2_foxy/ros2-osx/include/rclcpp/node_impl.hpp:108:18: note: while substituting prior template arguments into non-type template parameter [with FunctorT = std::__bind<(lambda at /Users/brodie/ros2_truckplatoon/src/truck/src/src/NodePublisher.hpp:27:24), std::shared_ptr<rclcpp::Publisher<message::msg::Message_<std::allocator<void>>>> &>]
[1.796s] typename rclcpp::WallTimer<CallbackT>::SharedPtr
[1.796s]                  ^~~~~~~~~~~~~~~~~~~~
[1.796s] /Users/brodie/ros2_foxy/ros2-osx/include/rclcpp/node_impl.hpp:108:37: note: while checking a default template argument used here
[1.797s] typename rclcpp::WallTimer<CallbackT>::SharedPtr
[1.797s]                  ~~~~~~~~~~~~~~~~~~~^
[1.797s] /Users/brodie/ros2_truckplatoon/src/truck/src/src/NodePublisher.hpp:26:18: note: while substituting deduced template arguments into function template 'create_wall_timer' [with DurationRepT = long long, DurationT = std::ratio<1, 1000>, CallbackT = std::__bind<(lambda at /Users/brodie/ros2_truckplatoon/src/truck/src/src/NodePublisher.hpp:27:24), std::shared_ptr<rclcpp::Publisher<message::msg::Message_<std::allocator<void>>>> &>]
[1.797s]   timer_ = this->create_wall_timer(
[1.797s]                  ^
[1.798s] In file included from /Users/brodie/ros2_truckplatoon/src/truck/src/truck.cpp:2:
[1.798s] In file included from /Users/brodie/ros2_truckplatoon/src/truck/src/Platoon.hpp:4:
[1.798s] In file included from /Users/brodie/ros2_truckplatoon/src/truck/src/src/Leader.hpp:4:
[1.798s] In file included from /Users/brodie/ros2_truckplatoon/src/truck/src/src/Truck.hpp:6:
[1.798s] In file included from /Users/brodie/ros2_truckplatoon/src/truck/src/src/NodePublisher.hpp:7:
[1.798s] In file included from /Users/brodie/ros2_foxy/ros2-osx/include/rclcpp/rclcpp.hpp:146:
[1.798s] In file included from /Users/brodie/ros2_foxy/ros2-osx/include/rclcpp/executors.hpp:21:
[1.799s] In file included from /Users/brodie/ros2_foxy/ros2-osx/include/rclcpp/executors/multi_threaded_executor.hpp:26:
[1.799s] In file included from /Users/brodie/ros2_foxy/ros2-osx/include/rclcpp/executor.hpp:33:
[1.799s] In file included from /Users/brodie/ros2_foxy/ros2-osx/include/rclcpp/executor_options.hpp:20:
[1.799s] In file included from /Users/brodie/ros2_foxy/ros2-osx/include/rclcpp/memory_strategies.hpp:18:
[1.799s] In file included from /Users/brodie/ros2_foxy/ros2-osx/include/rclcpp/memory_strategy.hpp:24:
[1.799s] In file included from /Users/brodie/ros2_foxy/ros2-osx/include/rclcpp/any_executable.hpp:20:
[1.799s] In file included from /Users/brodie/ros2_foxy/ros2-osx/include/rclcpp/callback_group.hpp:23:
[1.800s] In file included from /Users/brodie/ros2_foxy/ros2-osx/include/rclcpp/client.hpp:32:
[1.800s] /Users/brodie/ros2_foxy/ros2-osx/include/rclcpp/function_traits.hpp:54:45: error: implicit instantiation of undefined template 'std::tuple_size<int>'
[1.800s]   static constexpr std::size_t arity = std::tuple_size<arguments>::value;
[1.800s]                                             ^
[1.800s] /Applications/Xcode.app/Contents/Developer/Platforms/MacOSX.platform/Developer/SDKs/MacOSX12.3.sdk/usr/include/c++/v1/__tuple:24:50: note: template is declared here
[1.800s] template <class _Tp> struct _LIBCPP_TEMPLATE_VIS tuple_size;
[1.800s]                                                  ^
[1.801s] In file included from /Users/brodie/ros2_truckplatoon/src/truck/src/truck.cpp:2:
[1.801s] In file included from /Users/brodie/ros2_truckplatoon/src/truck/src/Platoon.hpp:4:
[1.801s] In file included from /Users/brodie/ros2_truckplatoon/src/truck/src/src/Leader.hpp:4:
[1.801s] In file included from /Users/brodie/ros2_truckplatoon/src/truck/src/src/Truck.hpp:6:
[1.801s] In file included from /Users/brodie/ros2_truckplatoon/src/truck/src/src/NodePublisher.hpp:7:
[1.801s] In file included from /Users/brodie/ros2_foxy/ros2-osx/include/rclcpp/rclcpp.hpp:146:
[1.803s] In file included from /Users/brodie/ros2_foxy/ros2-osx/include/rclcpp/executors.hpp:21:
[1.803s] In file included from /Users/brodie/ros2_foxy/ros2-osx/include/rclcpp/executors/multi_threaded_executor.hpp:26:
[1.803s] In file included from /Users/brodie/ros2_foxy/ros2-osx/include/rclcpp/executor.hpp:33:
[1.803s] In file included from /Users/brodie/ros2_foxy/ros2-osx/include/rclcpp/executor_options.hpp:20:
[1.804s] In file included from /Users/brodie/ros2_foxy/ros2-osx/include/rclcpp/memory_strategies.hpp:18:
[1.804s] In file included from /Users/brodie/ros2_foxy/ros2-osx/include/rclcpp/memory_strategy.hpp:24:
[1.804s] In file included from /Users/brodie/ros2_foxy/ros2-osx/include/rclcpp/any_executable.hpp:20:
[1.804s] In file included from /Users/brodie/ros2_foxy/ros2-osx/include/rclcpp/callback_group.hpp:23:
[1.804s] In file included from /Users/brodie/ros2_foxy/ros2-osx/include/rclcpp/client.hpp:32:
[1.805s] /Users/brodie/ros2_foxy/ros2-osx/include/rclcpp/function_traits.hpp:59:58: error: reference to overloaded function could not be resolved; did you mean to call it?
[1.805s]   using return_type = typename function_traits<decltype( &FunctionT::operator())>::return_type;
[1.805s]                                                          ^~~~~~~~~~~~~~~~~~~~~~
[1.805s] In file included from /Users/brodie/ros2_truckplatoon/src/truck/src/truck.cpp:2:
[1.805s] In file included from /Users/brodie/ros2_truckplatoon/src/truck/src/Platoon.hpp:4:
[1.805s] In file included from /Users/brodie/ros2_truckplatoon/src/truck/src/src/Leader.hpp:4:
[1.805s] In file included from /Users/brodie/ros2_truckplatoon/src/truck/src/src/Truck.hpp:6:
[1.806s] /Users/brodie/ros2_truckplatoon/src/truck/src/src/NodePublisher.hpp:26:18: error: no matching member function for call to 'create_wall_timer'
[1.806s]   timer_ = this->create_wall_timer(
[1.806s]            ~~~~~~^~~~~~~~~~~~~~~~~
[1.806s] /Users/brodie/ros2_foxy/ros2-osx/include/rclcpp/node_impl.hpp:109:7: note: candidate template ignored: substitution failure [with DurationRepT = long long, DurationT = std::ratio<1, 1000>, CallbackT = std::__bind<(lambda at /Users/brodie/ros2_truckplatoon/src/truck/src/src/NodePublisher.hpp:27:24), std::shared_ptr<rclcpp::Publisher<message::msg::Message_<std::allocator<void>>>> &>]
[1.807s] Node::create_wall_timer(
[1.807s]       ^
[1.807s] In file included from /Users/brodie/ros2_truckplatoon/src/truck/src/truck.cpp:2:
[1.807s] /Users/brodie/ros2_truckplatoon/src/truck/src/Platoon.hpp:8:10: warning: non-portable path to file '"src/utils/include.hpp"'; specified path differs in case from file name on disk [-Wnonportable-include-path]
[1.807s] #include "src/utils/Include.hpp"
[1.807s]          ^~~~~~~~~~~~~~~~~~~~~~~
[1.807s]          "src/utils/include.hpp"
[1.807s] In file included from /Users/brodie/ros2_truckplatoon/src/truck/src/src/Leader.cpp:1:
[1.808s] In file included from /Users/brodie/ros2_truckplatoon/src/truck/src/src/Leader.hpp:4:
[1.808s] In file included from /Users/brodie/ros2_truckplatoon/src/truck/src/src/Truck.hpp:6:
[1.808s] In file included from /Users/brodie/ros2_truckplatoon/src/truck/src/src/NodePublisher.hpp:7:
[1.808s] In file included from /Users/brodie/ros2_foxy/ros2-osx/include/rclcpp/rclcpp.hpp:146:
[1.808s] In file included from /Users/brodie/ros2_foxy/ros2-osx/include/rclcpp/executors.hpp:21:
[1.808s] In file included from /Users/brodie/ros2_foxy/ros2-osx/include/rclcpp/executors/multi_threaded_executor.hpp:26:
[1.809s] In file included from /Users/brodie/ros2_foxy/ros2-osx/include/rclcpp/executor.hpp:33:
[1.809s] In file included from /Users/brodie/ros2_foxy/ros2-osx/include/rclcpp/executor_options.hpp:20:
[1.809s] In file included from /Users/brodie/ros2_foxy/ros2-osx/include/rclcpp/memory_strategies.hpp:18:
[1.809s] In file included from /Users/brodie/ros2_foxy/ros2-osx/include/rclcpp/memory_strategy.hpp:24:
[1.809s] In file included from /Users/brodie/ros2_foxy/ros2-osx/include/rclcpp/any_executable.hpp:20:
[1.809s] In file included from /Users/brodie/ros2_foxy/ros2-osx/include/rclcpp/callback_group.hpp:23:
[1.809s] In file included from /Users/brodie/ros2_foxy/ros2-osx/include/rclcpp/client.hpp:32:
[1.810s] /Users/brodie/ros2_foxy/ros2-osx/include/rclcpp/function_traits.hpp:52:40: error: reference to overloaded function could not be resolved; did you mean to call it?
[1.810s]     typename function_traits<decltype( &FunctionT::operator())>::arguments>::type;
[1.810s]                                        ^~~~~~~~~~~~~~~~~~~~~~
[1.810s] /Users/brodie/ros2_foxy/ros2-osx/include/rclcpp/function_traits.hpp:160:14: note: in instantiation of template class 'rclcpp::function_traits::function_traits<std::__bind<(lambda at /Users/brodie/ros2_truckplatoon/src/truck/src/src/NodePublisher.hpp:27:24), std::shared_ptr<rclcpp::Publisher<message::msg::Message_<std::allocator<void>>>> &>>' requested here
[1.810s]     typename function_traits<FunctorAT>::arguments,
[1.810s]              ^
[1.811s] /Users/brodie/ros2_foxy/ros2-osx/include/rclcpp/timer.hpp:255:30: note: in instantiation of template class 'rclcpp::function_traits::same_arguments<std::__bind<(lambda at /Users/brodie/ros2_truckplatoon/src/truck/src/src/NodePublisher.hpp:27:24), std::shared_ptr<rclcpp::Publisher<message::msg::Message_<std::allocator<void>>>> &>, std::function<void ()>>' requested here
[1.811s]     rclcpp::function_traits::same_arguments<FunctorT, VoidCallbackType>::value ||
[1.811s]                              ^
[1.811s] /Users/brodie/ros2_foxy/ros2-osx/include/rclcpp/node_impl.hpp:108:18: note: while substituting prior template arguments into non-type template parameter [with FunctorT = std::__bind<(lambda at /Users/brodie/ros2_truckplatoon/src/truck/src/src/NodePublisher.hpp:27:24), std::shared_ptr<rclcpp::Publisher<message::msg::Message_<std::allocator<void>>>> &>]
[1.811s] typename rclcpp::WallTimer<CallbackT>::SharedPtr
[1.811s]                  ^~~~~~~~~~~~~~~~~~~~
[1.811s] /Users/brodie/ros2_foxy/ros2-osx/include/rclcpp/node_impl.hpp:108:37: note: while checking a default template argument used here
[1.812s] typename rclcpp::WallTimer<CallbackT>::SharedPtr
[1.812s]                  ~~~~~~~~~~~~~~~~~~~^
[1.812s] /Users/brodie/ros2_truckplatoon/src/truck/src/src/NodePublisher.hpp:26:18: note: while substituting deduced template arguments into function template 'create_wall_timer' [with DurationRepT = long long, DurationT = std::ratio<1, 1000>, CallbackT = std::__bind<(lambda at /Users/brodie/ros2_truckplatoon/src/truck/src/src/NodePublisher.hpp:27:24), std::shared_ptr<rclcpp::Publisher<message::msg::Message_<std::allocator<void>>>> &>]
[1.812s]   timer_ = this->create_wall_timer(
[1.812s]                  ^
[1.812s] In file included from /Users/brodie/ros2_truckplatoon/src/truck/src/src/Leader.cpp:1:
[1.812s] In file included from /Users/brodie/ros2_truckplatoon/src/truck/src/src/Leader.hpp:4:
[1.813s] In file included from /Users/brodie/ros2_truckplatoon/src/truck/src/src/Truck.hpp:6:
[1.813s] In file included from /Users/brodie/ros2_truckplatoon/src/truck/src/src/NodePublisher.hpp:7:
[1.813s] In file included from /Users/brodie/ros2_foxy/ros2-osx/include/rclcpp/rclcpp.hpp:146:
[1.813s] In file included from /Users/brodie/ros2_foxy/ros2-osx/include/rclcpp/executors.hpp:21:
[1.813s] In file included from /Users/brodie/ros2_foxy/ros2-osx/include/rclcpp/executors/multi_threaded_executor.hpp:26:
[1.813s] In file included from /Users/brodie/ros2_foxy/ros2-osx/include/rclcpp/executor.hpp:33:
[1.813s] In file included from /Users/brodie/ros2_foxy/ros2-osx/include/rclcpp/executor_options.hpp:20:
[1.814s] In file included from /Users/brodie/ros2_foxy/ros2-osx/include/rclcpp/memory_strategies.hpp:18:
[1.814s] In file included from /Users/brodie/ros2_foxy/ros2-osx/include/rclcpp/memory_strategy.hpp:24:
[1.814s] In file included from /Users/brodie/ros2_foxy/ros2-osx/include/rclcpp/any_executable.hpp:20:
[1.814s] In file included from /Users/brodie/ros2_foxy/ros2-osx/include/rclcpp/callback_group.hpp:23:
[1.814s] In file included from /Users/brodie/ros2_foxy/ros2-osx/include/rclcpp/client.hpp:32:
[1.814s] /Users/brodie/ros2_foxy/ros2-osx/include/rclcpp/function_traits.hpp:54:45: error: implicit instantiation of undefined template 'std::tuple_size<int>'
[1.814s]   static constexpr std::size_t arity = std::tuple_size<arguments>::value;
[1.815s]                                             ^
[1.815s] /Applications/Xcode.app/Contents/Developer/Platforms/MacOSX.platform/Developer/SDKs/MacOSX12.3.sdk/usr/include/c++/v1/__tuple:24:50: note: template is declared here
[1.815s] template <class _Tp> struct _LIBCPP_TEMPLATE_VIS tuple_size;
[1.815s]                                                  ^
[1.815s] In file included from /Users/brodie/ros2_truckplatoon/src/truck/src/src/Leader.cpp:1:
[1.815s] In file included from /Users/brodie/ros2_truckplatoon/src/truck/src/src/Leader.hpp:4:
[1.816s] In file included from /Users/brodie/ros2_truckplatoon/src/truck/src/src/Truck.hpp:6:
[1.816s] In file included from /Users/brodie/ros2_truckplatoon/src/truck/src/src/NodePublisher.hpp:7:
[1.816s] In file included from /Users/brodie/ros2_foxy/ros2-osx/include/rclcpp/rclcpp.hpp:146:
[1.816s] In file included from /Users/brodie/ros2_foxy/ros2-osx/include/rclcpp/executors.hpp:21:
[1.816s] In file included from /Users/brodie/ros2_foxy/ros2-osx/include/rclcpp/executors/multi_threaded_executor.hpp:26:
[1.816s] In file included from /Users/brodie/ros2_foxy/ros2-osx/include/rclcpp/executor.hpp:33:
[1.816s] In file included from /Users/brodie/ros2_foxy/ros2-osx/include/rclcpp/executor_options.hpp:20:
[1.817s] In file included from /Users/brodie/ros2_foxy/ros2-osx/include/rclcpp/memory_strategies.hpp:18:
[1.817s] In file included from /Users/brodie/ros2_foxy/ros2-osx/include/rclcpp/memory_strategy.hpp:24:
[1.817s] In file included from /Users/brodie/ros2_foxy/ros2-osx/include/rclcpp/any_executable.hpp:20:
[1.817s] In file included from /Users/brodie/ros2_foxy/ros2-osx/include/rclcpp/callback_group.hpp:23:
[1.817s] In file included from /Users/brodie/ros2_foxy/ros2-osx/include/rclcpp/client.hpp:32:
[1.818s] /Users/brodie/ros2_foxy/ros2-osx/include/rclcpp/function_traits.hpp:59:58: error: reference to overloaded function could not be resolved; did you mean to call it?
[1.818s]   using return_type = typename function_traits<decltype( &FunctionT::operator())>::return_type;
[1.818s]                                                          ^~~~~~~~~~~~~~~~~~~~~~
[1.818s] In file included from /Users/brodie/ros2_truckplatoon/src/truck/src/src/Leader.cpp:1:
[1.818s] In file included from /Users/brodie/ros2_truckplatoon/src/truck/src/src/Leader.hpp:4:
[1.819s] In file included from /Users/brodie/ros2_truckplatoon/src/truck/src/src/Truck.hpp:6:
[1.819s] /Users/brodie/ros2_truckplatoon/src/truck/src/src/NodePublisher.hpp:26:18: error: no matching member function for call to 'create_wall_timer'
[1.819s]   timer_ = this->create_wall_timer(
[1.819s]            ~~~~~~^~~~~~~~~~~~~~~~~
[1.819s] /Users/brodie/ros2_foxy/ros2-osx/include/rclcpp/node_impl.hpp:109:7: note: candidate template ignored: substitution failure [with DurationRepT = long long, DurationT = std::ratio<1, 1000>, CallbackT = std::__bind<(lambda at /Users/brodie/ros2_truckplatoon/src/truck/src/src/NodePublisher.hpp:27:24), std::shared_ptr<rclcpp::Publisher<message::msg::Message_<std::allocator<void>>>> &>]
[1.819s] Node::create_wall_timer(
[1.820s]       ^
[1.820s] In file included from /Users/brodie/ros2_truckplatoon/src/truck/src/src/Truck.cpp:1:
[1.820s] In file included from /Users/brodie/ros2_truckplatoon/src/truck/src/src/Truck.hpp:6:
[1.820s] In file included from /Users/brodie/ros2_truckplatoon/src/truck/src/src/NodePublisher.hpp:7:
[1.820s] In file included from /Users/brodie/ros2_foxy/ros2-osx/include/rclcpp/rclcpp.hpp:146:
[1.820s] In file included from /Users/brodie/ros2_foxy/ros2-osx/include/rclcpp/executors.hpp:21:
[1.821s] In file included from /Users/brodie/ros2_foxy/ros2-osx/include/rclcpp/executors/multi_threaded_executor.hpp:26:
[1.821s] In file included from /Users/brodie/ros2_foxy/ros2-osx/include/rclcpp/executor.hpp:33:
[1.821s] In file included from /Users/brodie/ros2_foxy/ros2-osx/include/rclcpp/executor_options.hpp:20:
[1.821s] In file included from /Users/brodie/ros2_foxy/ros2-osx/include/rclcpp/memory_strategies.hpp:18:
[1.821s] In file included from /Users/brodie/ros2_foxy/ros2-osx/include/rclcpp/memory_strategy.hpp:24:
[1.821s] In file included from /Users/brodie/ros2_foxy/ros2-osx/include/rclcpp/any_executable.hpp:20:
[1.821s] In file included from /Users/brodie/ros2_foxy/ros2-osx/include/rclcpp/callback_group.hpp:23:
[1.822s] In file included from /Users/brodie/ros2_foxy/ros2-osx/include/rclcpp/client.hpp:32:
[1.822s] /Users/brodie/ros2_foxy/ros2-osx/include/rclcpp/function_traits.hpp:52:40: error: reference to overloaded function could not be resolved; did you mean to call it?
[1.822s]     typename function_traits<decltype( &FunctionT::operator())>::arguments>::type;
[1.822s]                                        ^~~~~~~~~~~~~~~~~~~~~~
[1.822s] /Users/brodie/ros2_foxy/ros2-osx/include/rclcpp/function_traits.hpp:160:14: note: in instantiation of template class 'rclcpp::function_traits::function_traits<std::__bind<(lambda at /Users/brodie/ros2_truckplatoon/src/truck/src/src/NodePublisher.hpp:27:24), std::shared_ptr<rclcpp::Publisher<message::msg::Message_<std::allocator<void>>>> &>>' requested here
[1.822s]     typename function_traits<FunctorAT>::arguments,
[1.823s]              ^
[1.823s] /Users/brodie/ros2_foxy/ros2-osx/include/rclcpp/timer.hpp:255:30: note: in instantiation of template class 'rclcpp::function_traits::same_arguments<std::__bind<(lambda at /Users/brodie/ros2_truckplatoon/src/truck/src/src/NodePublisher.hpp:27:24), std::shared_ptr<rclcpp::Publisher<message::msg::Message_<std::allocator<void>>>> &>, std::function<void ()>>' requested here
[1.823s]     rclcpp::function_traits::same_arguments<FunctorT, VoidCallbackType>::value ||
[1.823s]                              ^
[1.823s] /Users/brodie/ros2_foxy/ros2-osx/include/rclcpp/node_impl.hpp:108:18: note: while substituting prior template arguments into non-type template parameter [with FunctorT = std::__bind<(lambda at /Users/brodie/ros2_truckplatoon/src/truck/src/src/NodePublisher.hpp:27:24), std::shared_ptr<rclcpp::Publisher<message::msg::Message_<std::allocator<void>>>> &>]
[1.823s] typename rclcpp::WallTimer<CallbackT>::SharedPtr
[1.823s]                  ^~~~~~~~~~~~~~~~~~~~
[1.823s] /Users/brodie/ros2_foxy/ros2-osx/include/rclcpp/node_impl.hpp:108:37: note: while checking a default template argument used here
[1.824s] typename rclcpp::WallTimer<CallbackT>::SharedPtr
[1.824s]                  ~~~~~~~~~~~~~~~~~~~^
[1.824s] /Users/brodie/ros2_truckplatoon/src/truck/src/src/NodePublisher.hpp:26:18: note: while substituting deduced template arguments into function template 'create_wall_timer' [with DurationRepT = long long, DurationT = std::ratio<1, 1000>, CallbackT = std::__bind<(lambda at /Users/brodie/ros2_truckplatoon/src/truck/src/src/NodePublisher.hpp:27:24), std::shared_ptr<rclcpp::Publisher<message::msg::Message_<std::allocator<void>>>> &>]
[1.824s]   timer_ = this->create_wall_timer(
[1.824s]                  ^
[1.824s] In file included from /Users/brodie/ros2_truckplatoon/src/truck/src/src/Truck.cpp:1:
[1.824s] In file included from /Users/brodie/ros2_truckplatoon/src/truck/src/src/Truck.hpp:6:
[1.824s] In file included from /Users/brodie/ros2_truckplatoon/src/truck/src/src/NodePublisher.hpp:7:
[1.824s] In file included from /Users/brodie/ros2_foxy/ros2-osx/include/rclcpp/rclcpp.hpp:146:
[1.824s] In file included from /Users/brodie/ros2_foxy/ros2-osx/include/rclcpp/executors.hpp:21:
[1.824s] In file included from /Users/brodie/ros2_foxy/ros2-osx/include/rclcpp/executors/multi_threaded_executor.hpp:26:
[1.824s] In file included from /Users/brodie/ros2_foxy/ros2-osx/include/rclcpp/executor.hpp:33:
[1.825s] In file included from /Users/brodie/ros2_foxy/ros2-osx/include/rclcpp/executor_options.hpp:20:
[1.825s] In file included from /Users/brodie/ros2_foxy/ros2-osx/include/rclcpp/memory_strategies.hpp:18:
[1.825s] In file included from /Users/brodie/ros2_foxy/ros2-osx/include/rclcpp/memory_strategy.hpp:24:
[1.825s] In file included from /Users/brodie/ros2_foxy/ros2-osx/include/rclcpp/any_executable.hpp:20:
[1.825s] In file included from /Users/brodie/ros2_foxy/ros2-osx/include/rclcpp/callback_group.hpp:23:
[1.825s] In file included from /Users/brodie/ros2_foxy/ros2-osx/include/rclcpp/client.hpp:32:
[1.825s] /Users/brodie/ros2_foxy/ros2-osx/include/rclcpp/function_traits.hpp:54:45: error: implicit instantiation of undefined template 'std::tuple_size<int>'
[1.825s]   static constexpr std::size_t arity = std::tuple_size<arguments>::value;
[1.825s]                                             ^
[1.825s] /Applications/Xcode.app/Contents/Developer/Platforms/MacOSX.platform/Developer/SDKs/MacOSX12.3.sdk/usr/include/c++/v1/__tuple:24:50: note: template is declared here
[1.825s] template <class _Tp> struct _LIBCPP_TEMPLATE_VIS tuple_size;
[1.825s]                                                  ^
[1.826s] In file included from /Users/brodie/ros2_truckplatoon/src/truck/src/src/Truck.cpp:1:
[1.826s] In file included from /Users/brodie/ros2_truckplatoon/src/truck/src/src/Truck.hpp:6:
[1.826s] In file included from /Users/brodie/ros2_truckplatoon/src/truck/src/src/NodePublisher.hpp:7:
[1.826s] In file included from /Users/brodie/ros2_foxy/ros2-osx/include/rclcpp/rclcpp.hpp:146:
[1.826s] In file included from /Users/brodie/ros2_foxy/ros2-osx/include/rclcpp/executors.hpp:21:
[1.826s] In file included from /Users/brodie/ros2_foxy/ros2-osx/include/rclcpp/executors/multi_threaded_executor.hpp:26:
[1.826s] In file included from /Users/brodie/ros2_foxy/ros2-osx/include/rclcpp/executor.hpp:33:
[1.826s] In file included from /Users/brodie/ros2_foxy/ros2-osx/include/rclcpp/executor_options.hpp:20:
[1.826s] In file included from /Users/brodie/ros2_foxy/ros2-osx/include/rclcpp/memory_strategies.hpp:18:
[1.826s] In file included from /Users/brodie/ros2_foxy/ros2-osx/include/rclcpp/memory_strategy.hpp:24:
[1.826s] In file included from /Users/brodie/ros2_foxy/ros2-osx/include/rclcpp/any_executable.hpp:20:
[1.826s] In file included from /Users/brodie/ros2_foxy/ros2-osx/include/rclcpp/callback_group.hpp:23:
[1.827s] In file included from /Users/brodie/ros2_foxy/ros2-osx/include/rclcpp/client.hpp:32:
[1.827s] /Users/brodie/ros2_foxy/ros2-osx/include/rclcpp/function_traits.hpp:59:58: error: reference to overloaded function could not be resolved; did you mean to call it?
[1.827s]   using return_type = typename function_traits<decltype( &FunctionT::operator())>::return_type;
[1.827s]                                                          ^~~~~~~~~~~~~~~~~~~~~~
[1.827s] In file included from /Users/brodie/ros2_truckplatoon/src/truck/src/src/Truck.cpp:1:
[1.827s] In file included from /Users/brodie/ros2_truckplatoon/src/truck/src/src/Truck.hpp:6:
[1.827s] /Users/brodie/ros2_truckplatoon/src/truck/src/src/NodePublisher.hpp:26:18: error: no matching member function for call to 'create_wall_timer'
[1.827s]   timer_ = this->create_wall_timer(
[1.827s]            ~~~~~~^~~~~~~~~~~~~~~~~
[1.827s] /Users/brodie/ros2_foxy/ros2-osx/include/rclcpp/node_impl.hpp:109:7: note: candidate template ignored: substitution failure [with DurationRepT = long long, DurationT = std::ratio<1, 1000>, CallbackT = std::__bind<(lambda at /Users/brodie/ros2_truckplatoon/src/truck/src/src/NodePublisher.hpp:27:24), std::shared_ptr<rclcpp::Publisher<message::msg::Message_<std::allocator<void>>>> &>]
[1.827s] Node::create_wall_timer(
[1.827s]       ^
[1.828s] In file included from /Users/brodie/ros2_truckplatoon/src/truck/src/src/Communication.cpp:1:
[1.828s] In file included from /Users/brodie/ros2_truckplatoon/src/truck/src/src/Communication.hpp:3:
[1.828s] In file included from /Users/brodie/ros2_truckplatoon/src/truck/src/src/Truck.hpp:6:
[1.828s] In file included from /Users/brodie/ros2_truckplatoon/src/truck/src/src/NodePublisher.hpp:7:
[1.828s] In file included from /Users/brodie/ros2_foxy/ros2-osx/include/rclcpp/rclcpp.hpp:146:
[1.828s] In file included from /Users/brodie/ros2_foxy/ros2-osx/include/rclcpp/executors.hpp:21:
[1.828s] In file included from /Users/brodie/ros2_foxy/ros2-osx/include/rclcpp/executors/multi_threaded_executor.hpp:26:
[1.828s] In file included from /Users/brodie/ros2_foxy/ros2-osx/include/rclcpp/executor.hpp:33:
[1.828s] In file included from /Users/brodie/ros2_foxy/ros2-osx/include/rclcpp/executor_options.hpp:20:
[1.828s] In file included from /Users/brodie/ros2_foxy/ros2-osx/include/rclcpp/memory_strategies.hpp:18:
[1.829s] In file included from /Users/brodie/ros2_foxy/ros2-osx/include/rclcpp/memory_strategy.hpp:24:
[1.829s] In file included from /Users/brodie/ros2_foxy/ros2-osx/include/rclcpp/any_executable.hpp:20:
[1.829s] In file included from /Users/brodie/ros2_foxy/ros2-osx/include/rclcpp/callback_group.hpp:23:
[1.829s] In file included from /Users/brodie/ros2_foxy/ros2-osx/include/rclcpp/client.hpp:32:
[1.829s] /Users/brodie/ros2_foxy/ros2-osx/include/rclcpp/function_traits.hpp:52:40: error: reference to overloaded function could not be resolved; did you mean to call it?
[1.829s]     typename function_traits<decltype( &FunctionT::operator())>::arguments>::type;
[1.829s]                                        ^~~~~~~~~~~~~~~~~~~~~~
[1.829s] /Users/brodie/ros2_foxy/ros2-osx/include/rclcpp/function_traits.hpp:160:14: note: in instantiation of template class 'rclcpp::function_traits::function_traits<std::__bind<(lambda at /Users/brodie/ros2_truckplatoon/src/truck/src/src/NodePublisher.hpp:27:24), std::shared_ptr<rclcpp::Publisher<message::msg::Message_<std::allocator<void>>>> &>>' requested here
[1.829s]     typename function_traits<FunctorAT>::arguments,
[1.829s]              ^
[1.829s] /Users/brodie/ros2_foxy/ros2-osx/include/rclcpp/timer.hpp:255:30: note: in instantiation of template class 'rclcpp::function_traits::same_arguments<std::__bind<(lambda at /Users/brodie/ros2_truckplatoon/src/truck/src/src/NodePublisher.hpp:27:24), std::shared_ptr<rclcpp::Publisher<message::msg::Message_<std::allocator<void>>>> &>, std::function<void ()>>' requested here
[1.829s]     rclcpp::function_traits::same_arguments<FunctorT, VoidCallbackType>::value ||
[1.830s]                              ^
[1.830s] /Users/brodie/ros2_foxy/ros2-osx/include/rclcpp/node_impl.hpp:108:18: note: while substituting prior template arguments into non-type template parameter [with FunctorT = std::__bind<(lambda at /Users/brodie/ros2_truckplatoon/src/truck/src/src/NodePublisher.hpp:27:24), std::shared_ptr<rclcpp::Publisher<message::msg::Message_<std::allocator<void>>>> &>]
[1.830s] typename rclcpp::WallTimer<CallbackT>::SharedPtr
[1.830s]                  ^~~~~~~~~~~~~~~~~~~~
[1.830s] /Users/brodie/ros2_foxy/ros2-osx/include/rclcpp/node_impl.hpp:108:37: note: while checking a default template argument used here
[1.830s] typename rclcpp::WallTimer<CallbackT>::SharedPtr
[1.830s]                  ~~~~~~~~~~~~~~~~~~~^
[1.830s] /Users/brodie/ros2_truckplatoon/src/truck/src/src/NodePublisher.hpp:26:18: note: while substituting deduced template arguments into function template 'create_wall_timer' [with DurationRepT = long long, DurationT = std::ratio<1, 1000>, CallbackT = std::__bind<(lambda at /Users/brodie/ros2_truckplatoon/src/truck/src/src/NodePublisher.hpp:27:24), std::shared_ptr<rclcpp::Publisher<message::msg::Message_<std::allocator<void>>>> &>]
[1.830s]   timer_ = this->create_wall_timer(
[1.830s]                  ^
[1.830s] In file included from /Users/brodie/ros2_truckplatoon/src/truck/src/src/Communication.cpp:1:
[1.830s] In file included from /Users/brodie/ros2_truckplatoon/src/truck/src/src/Communication.hpp:3:
[1.831s] In file included from /Users/brodie/ros2_truckplatoon/src/truck/src/src/Truck.hpp:6:
[1.831s] In file included from /Users/brodie/ros2_truckplatoon/src/truck/src/src/NodePublisher.hpp:7:
[1.831s] In file included from /Users/brodie/ros2_foxy/ros2-osx/include/rclcpp/rclcpp.hpp:146:
[1.831s] In file included from /Users/brodie/ros2_foxy/ros2-osx/include/rclcpp/executors.hpp:21:
[1.831s] In file included from /Users/brodie/ros2_foxy/ros2-osx/include/rclcpp/executors/multi_threaded_executor.hpp:26:
[1.831s] In file included from /Users/brodie/ros2_foxy/ros2-osx/include/rclcpp/executor.hpp:33:
[1.831s] In file included from /Users/brodie/ros2_foxy/ros2-osx/include/rclcpp/executor_options.hpp:20:
[1.832s] In file included from /Users/brodie/ros2_foxy/ros2-osx/include/rclcpp/memory_strategies.hpp:18:
[1.832s] In file included from /Users/brodie/ros2_foxy/ros2-osx/include/rclcpp/memory_strategy.hpp:24:
[1.832s] In file included from /Users/brodie/ros2_foxy/ros2-osx/include/rclcpp/any_executable.hpp:20:
[1.832s] In file included from /Users/brodie/ros2_foxy/ros2-osx/include/rclcpp/callback_group.hpp:23:
[1.832s] In file included from /Users/brodie/ros2_foxy/ros2-osx/include/rclcpp/client.hpp:32:
[1.832s] /Users/brodie/ros2_foxy/ros2-osx/include/rclcpp/function_traits.hpp:54:45: error: implicit instantiation of undefined template 'std::tuple_size<int>'
[1.832s]   static constexpr std::size_t arity = std::tuple_size<arguments>::value;
[1.833s]                                             ^
[1.833s] /Applications/Xcode.app/Contents/Developer/Platforms/MacOSX.platform/Developer/SDKs/MacOSX12.3.sdk/usr/include/c++/v1/__tuple:24:50: note: template is declared here
[1.833s] template <class _Tp> struct _LIBCPP_TEMPLATE_VIS tuple_size;
[1.833s]                                                  ^
[1.833s] In file included from /Users/brodie/ros2_truckplatoon/src/truck/src/src/Communication.cpp:1:
[1.833s] In file included from /Users/brodie/ros2_truckplatoon/src/truck/src/src/Communication.hpp:3:
[1.833s] In file included from /Users/brodie/ros2_truckplatoon/src/truck/src/src/Truck.hpp:6:
[1.833s] In file included from /Users/brodie/ros2_truckplatoon/src/truck/src/src/NodePublisher.hpp:7:
[1.834s] In file included from /Users/brodie/ros2_foxy/ros2-osx/include/rclcpp/rclcpp.hpp:146:
[1.834s] In file included from /Users/brodie/ros2_foxy/ros2-osx/include/rclcpp/executors.hpp:21:
[1.834s] In file included from /Users/brodie/ros2_foxy/ros2-osx/include/rclcpp/executors/multi_threaded_executor.hpp:26:
[1.834s] In file included from /Users/brodie/ros2_foxy/ros2-osx/include/rclcpp/executor.hpp:33:
[1.834s] In file included from /Users/brodie/ros2_foxy/ros2-osx/include/rclcpp/executor_options.hpp:20:
[1.834s] In file included from /Users/brodie/ros2_foxy/ros2-osx/include/rclcpp/memory_strategies.hpp:18:
[1.835s] In file included from /Users/brodie/ros2_foxy/ros2-osx/include/rclcpp/memory_strategy.hpp:24:
[1.835s] In file included from /Users/brodie/ros2_foxy/ros2-osx/include/rclcpp/any_executable.hpp:20:
[1.835s] In file included from /Users/brodie/ros2_foxy/ros2-osx/include/rclcpp/callback_group.hpp:23:
[1.835s] In file included from /Users/brodie/ros2_foxy/ros2-osx/include/rclcpp/client.hpp:32:
[1.835s] /Users/brodie/ros2_foxy/ros2-osx/include/rclcpp/function_traits.hpp:59:58: error: reference to overloaded function could not be resolved; did you mean to call it?
[1.835s]   using return_type = typename function_traits<decltype( &FunctionT::operator())>::return_type;
[1.835s]                                                          ^~~~~~~~~~~~~~~~~~~~~~
[1.835s] In file included from /Users/brodie/ros2_truckplatoon/src/truck/src/src/Communication.cpp:1:
[1.835s] In file included from /Users/brodie/ros2_truckplatoon/src/truck/src/src/Communication.hpp:3:
[1.836s] In file included from /Users/brodie/ros2_truckplatoon/src/truck/src/src/Truck.hpp:6:
[1.836s] /Users/brodie/ros2_truckplatoon/src/truck/src/src/NodePublisher.hpp:26:18: error: no matching member function for call to 'create_wall_timer'
[1.836s]   timer_ = this->create_wall_timer(
[1.836s]            ~~~~~~^~~~~~~~~~~~~~~~~
[1.836s] /Users/brodie/ros2_foxy/ros2-osx/include/rclcpp/node_impl.hpp:109:7: note: candidate template ignored: substitution failure [with DurationRepT = long long, DurationT = std::ratio<1, 1000>, CallbackT = std::__bind<(lambda at /Users/brodie/ros2_truckplatoon/src/truck/src/src/NodePublisher.hpp:27:24), std::shared_ptr<rclcpp::Publisher<message::msg::Message_<std::allocator<void>>>> &>]
[1.836s] Node::create_wall_timer(
[1.836s]       ^
[2.241s] In file included from /Users/brodie/ros2_truckplatoon/src/truck/src/truck.cpp:2:
[2.241s] In file included from /Users/brodie/ros2_truckplatoon/src/truck/src/Platoon.hpp:11:
[2.241s] /Users/brodie/ros2_truckplatoon/src/truck/src/src/DrivingEvent.hpp:9:15: warning: private field '_speed' is not used [-Wunused-private-field]
[2.242s]     speedType _speed;
[2.242s]               ^
[2.242s] /Users/brodie/ros2_truckplatoon/src/truck/src/src/DrivingEvent.hpp:10:23: warning: private field '_stearingAngle' is not used [-Wunused-private-field]
[2.242s]     stearingAngleType _stearingAngle;
[2.242s]                       ^
[2.242s] /Users/brodie/ros2_truckplatoon/src/truck/src/src/DrivingEvent.hpp:11:18: warning: private field '_distance' is not used [-Wunused-private-field]
[2.243s]     distanceType _distance;
[2.243s]                  ^
[2.243s] 5 warnings and 4 errors generated.
[2.247s] 1 warning and 4 errors generated.
[2.252s] gmake[2]: *** [CMakeFiles/truck.dir/build.make:82: CMakeFiles/truck.dir/src/truck.cpp.o] Error 1
[2.252s] gmake[2]: *** Waiting for unfinished jobs....
[2.260s] gmake[2]: *** [CMakeFiles/truck.dir/build.make:108: CMakeFiles/truck.dir/src/src/Leader.cpp.o] Error 1
[2.260s] 1 warning and 4 errors generated.
[2.272s] gmake[2]: *** [CMakeFiles/truck.dir/build.make:121: CMakeFiles/truck.dir/src/src/Communication.cpp.o] Error 1
[2.292s] 1 warning and 4 errors generated.
[2.302s] gmake[2]: *** [CMakeFiles/truck.dir/build.make:95: CMakeFiles/truck.dir/src/src/Truck.cpp.o] Error 1
[2.302s] gmake[1]: *** [CMakeFiles/Makefile2:97: CMakeFiles/truck.dir/all] Error 2
[2.302s] gmake: *** [Makefile:160: all] Error 2
[2.304s] Invoked command in '/Users/brodie/ros2_truckplatoon/build/truck' returned '2': CMAKE_PREFIX_PATH=${CMAKE_PREFIX_PATH}:/Users/brodie/my_workspace/install/my_package SHLVL=2 _=/usr/bin/env /usr/local/bin/cmake --build /Users/brodie/ros2_truckplatoon/build/truck -- -j8 -l8
