[0.052s] Invoking command in '/Users/brodie/ros2_truckplatoon/build/truck': CMAKE_PREFIX_PATH=${CMAKE_PREFIX_PATH}:/Users/brodie/my_workspace/install/my_package SHLVL=2 _=/usr/bin/env /usr/local/bin/cmake --build /Users/brodie/ros2_truckplatoon/build/truck -- -j8 -l8
[0.163s] Scanning dependencies of target truck
[0.189s] [ 16%] Building CXX object CMakeFiles/truck.dir/src/truck.cpp.o
[0.190s] [ 33%] Building CXX object CMakeFiles/truck.dir/src/src/Truck.cpp.o
[0.191s] [ 50%] Building CXX object CMakeFiles/truck.dir/src/src/Leader.cpp.o
[0.192s] [ 66%] Building CXX object CMakeFiles/truck.dir/src/src/Communication.cpp.o
[0.787s] In file included from /Users/brodie/ros2_truckplatoon/src/truck/src/src/Truck.cpp:1:
[0.787s] /Users/brodie/ros2_truckplatoon/src/truck/src/src/Truck.hpp:4:10: warning: non-portable path to file '"utils/include.hpp"'; specified path differs in case from file name on disk [-Wnonportable-include-path]
[0.787s] #include "utils/Include.hpp"
[0.788s]          ^~~~~~~~~~~~~~~~~~~
[0.788s]          "utils/include.hpp"
[0.805s] In file included from /Users/brodie/ros2_truckplatoon/src/truck/src/src/Leader.cpp:1:
[0.806s] In file included from /Users/brodie/ros2_truckplatoon/src/truck/src/src/Leader.hpp:4:
[0.806s] /Users/brodie/ros2_truckplatoon/src/truck/src/src/Truck.hpp:4:10: warning: non-portable path to file '"utils/include.hpp"'; specified path differs in case from file name on disk [-Wnonportable-include-path]
[0.806s] #include "utils/Include.hpp"
[0.806s]          ^~~~~~~~~~~~~~~~~~~
[0.807s]          "utils/include.hpp"
[0.807s] In file included from /Users/brodie/ros2_truckplatoon/src/truck/src/src/Communication.cpp:1:
[0.807s] In file included from /Users/brodie/ros2_truckplatoon/src/truck/src/src/Communication.hpp:3:
[0.807s] /Users/brodie/ros2_truckplatoon/src/truck/src/src/Truck.hpp:4:10: warning: non-portable path to file '"utils/include.hpp"'; specified path differs in case from file name on disk [-Wnonportable-include-path]
[0.807s] #include "utils/Include.hpp"
[0.808s]          ^~~~~~~~~~~~~~~~~~~
[0.808s]          "utils/include.hpp"
[0.808s] In file included from /Users/brodie/ros2_truckplatoon/src/truck/src/truck.cpp:2:
[0.808s] In file included from /Users/brodie/ros2_truckplatoon/src/truck/src/Platoon.hpp:4:
[0.808s] In file included from /Users/brodie/ros2_truckplatoon/src/truck/src/src/Leader.hpp:4:
[0.808s] /Users/brodie/ros2_truckplatoon/src/truck/src/src/Truck.hpp:4:10: warning: non-portable path to file '"utils/include.hpp"'; specified path differs in case from file name on disk [-Wnonportable-include-path]
[0.808s] #include "utils/Include.hpp"
[0.808s]          ^~~~~~~~~~~~~~~~~~~
[0.809s]          "utils/include.hpp"
[1.601s] In file included from /Users/brodie/ros2_truckplatoon/src/truck/src/src/Truck.cpp:1:
[1.601s] In file included from /Users/brodie/ros2_truckplatoon/src/truck/src/src/Truck.hpp:6:
[1.601s] /Users/brodie/ros2_truckplatoon/src/truck/src/src/NodePublisher.hpp:42:17: error: invalid use of 'this' outside of a non-static member function
[1.601s]     RCLCPP_INFO(this->get_logger(), "Publishing: '%d'", message.sender_position);    // CHANGE
[1.601s]                 ^
[1.602s] /Users/brodie/ros2_truckplatoon/src/truck/src/src/NodePublisher.hpp:42:17: error: invalid use of 'this' outside of a non-static member function
[1.602s] /Users/brodie/ros2_truckplatoon/src/truck/src/src/NodePublisher.hpp:42:17: error: invalid use of 'this' outside of a non-static member function
[1.602s] /Users/brodie/ros2_truckplatoon/src/truck/src/src/NodePublisher.hpp:43:5: error: invalid use of 'this' outside of a non-static member function
[1.602s]     this->publishers_[TopicName]->publish(message);
[1.602s]     ^
[1.602s] In file included from /Users/brodie/ros2_truckplatoon/src/truck/src/truck.cpp:2:
[1.603s] In file included from /Users/brodie/ros2_truckplatoon/src/truck/src/Platoon.hpp:4:
[1.603s] In file included from /Users/brodie/ros2_truckplatoon/src/truck/src/src/Leader.hpp:4:
[1.603s] In file included from /Users/brodie/ros2_truckplatoon/src/truck/src/src/Truck.hpp:6:
[1.603s] /Users/brodie/ros2_truckplatoon/src/truck/src/src/NodePublisher.hpp:42:17: error: invalid use of 'this' outside of a non-static member function
[1.603s]     RCLCPP_INFO(this->get_logger(), "Publishing: '%d'", message.sender_position);    // CHANGE
[1.604s]                 ^
[1.604s] /Users/brodie/ros2_truckplatoon/src/truck/src/src/NodePublisher.hpp:42:17: error: invalid use of 'this' outside of a non-static member function
[1.604s] /Users/brodie/ros2_truckplatoon/src/truck/src/src/NodePublisher.hpp:42:17: error: invalid use of 'this' outside of a non-static member function
[1.604s] /Users/brodie/ros2_truckplatoon/src/truck/src/src/NodePublisher.hpp:43:5: error: invalid use of 'this' outside of a non-static member function
[1.604s]     this->publishers_[TopicName]->publish(message);
[1.604s]     ^
[1.605s] In file included from /Users/brodie/ros2_truckplatoon/src/truck/src/truck.cpp:2:
[1.605s] /Users/brodie/ros2_truckplatoon/src/truck/src/Platoon.hpp:8:10: warning: non-portable path to file '"src/utils/include.hpp"'; specified path differs in case from file name on disk [-Wnonportable-include-path]
[1.605s] #include "src/utils/Include.hpp"
[1.605s]          ^~~~~~~~~~~~~~~~~~~~~~~
[1.605s]          "src/utils/include.hpp"
[1.605s] In file included from /Users/brodie/ros2_truckplatoon/src/truck/src/src/Communication.cpp:1:
[1.605s] In file included from /Users/brodie/ros2_truckplatoon/src/truck/src/src/Communication.hpp:3:
[1.606s] In file included from /Users/brodie/ros2_truckplatoon/src/truck/src/src/Truck.hpp:6:
[1.606s] /Users/brodie/ros2_truckplatoon/src/truck/src/src/NodePublisher.hpp:42:17: error: invalid use of 'this' outside of a non-static member function
[1.606s]     RCLCPP_INFO(this->get_logger(), "Publishing: '%d'", message.sender_position);    // CHANGE
[1.606s]                 ^
[1.606s] /Users/brodie/ros2_truckplatoon/src/truck/src/src/NodePublisher.hpp:42:17: error: invalid use of 'this' outside of a non-static member function
[1.606s] /Users/brodie/ros2_truckplatoon/src/truck/src/src/NodePublisher.hpp:42:17: error: invalid use of 'this' outside of a non-static member function
[1.606s] /Users/brodie/ros2_truckplatoon/src/truck/src/src/NodePublisher.hpp:43:5: error: invalid use of 'this' outside of a non-static member function
[1.606s]     this->publishers_[TopicName]->publish(message);
[1.606s]     ^
[1.607s] In file included from /Users/brodie/ros2_truckplatoon/src/truck/src/src/Leader.cpp:1:
[1.607s] In file included from /Users/brodie/ros2_truckplatoon/src/truck/src/src/Leader.hpp:4:
[1.607s] In file included from /Users/brodie/ros2_truckplatoon/src/truck/src/src/Truck.hpp:6:
[1.607s] /Users/brodie/ros2_truckplatoon/src/truck/src/src/NodePublisher.hpp:42:17: error: invalid use of 'this' outside of a non-static member function
[1.607s]     RCLCPP_INFO(this->get_logger(), "Publishing: '%d'", message.sender_position);    // CHANGE
[1.607s]                 ^
[1.607s] /Users/brodie/ros2_truckplatoon/src/truck/src/src/NodePublisher.hpp:42:17: error: invalid use of 'this' outside of a non-static member function
[1.608s] /Users/brodie/ros2_truckplatoon/src/truck/src/src/NodePublisher.hpp:42:17: error: invalid use of 'this' outside of a non-static member function
[1.608s] /Users/brodie/ros2_truckplatoon/src/truck/src/src/NodePublisher.hpp:43:5: error: invalid use of 'this' outside of a non-static member function
[1.608s]     this->publishers_[TopicName]->publish(message);
[1.608s]     ^
[2.061s] 1 warning and 4 errors generated.
[2.064s] In file included from /Users/brodie/ros2_truckplatoon/src/truck/src/truck.cpp:2:
[2.065s] In file included from /Users/brodie/ros2_truckplatoon/src/truck/src/Platoon.hpp:11:
[2.065s] /Users/brodie/ros2_truckplatoon/src/truck/src/src/DrivingEvent.hpp:9:15: warning: private field '_speed' is not used [-Wunused-private-field]
[2.065s]     speedType _speed;
[2.065s]               ^
[2.065s] /Users/brodie/ros2_truckplatoon/src/truck/src/src/DrivingEvent.hpp:10:23: warning: private field '_stearingAngle' is not used [-Wunused-private-field]
[2.065s]     stearingAngleType _stearingAngle;
[2.066s]                       ^
[2.066s] /Users/brodie/ros2_truckplatoon/src/truck/src/src/DrivingEvent.hpp:11:18: warning: private field '_distance' is not used [-Wunused-private-field]
[2.066s]     distanceType _distance;
[2.066s]                  ^
[2.066s] 5 warnings and 4 errors generated.
[2.067s] 1 warning and 4 errors generated.
[2.076s] gmake[2]: *** [CMakeFiles/truck.dir/build.make:121: CMakeFiles/truck.dir/src/src/Communication.cpp.o] Error 1
[2.077s] gmake[2]: *** Waiting for unfinished jobs....
[2.080s] gmake[2]: *** [CMakeFiles/truck.dir/build.make:82: CMakeFiles/truck.dir/src/truck.cpp.o] Error 1
[2.083s] gmake[2]: *** [CMakeFiles/truck.dir/build.make:108: CMakeFiles/truck.dir/src/src/Leader.cpp.o] Error 1
[2.100s] 1 warning and 4 errors generated.
[2.114s] gmake[2]: *** [CMakeFiles/truck.dir/build.make:95: CMakeFiles/truck.dir/src/src/Truck.cpp.o] Error 1
[2.115s] gmake[1]: *** [CMakeFiles/Makefile2:97: CMakeFiles/truck.dir/all] Error 2
[2.115s] gmake: *** [Makefile:160: all] Error 2
[2.116s] Invoked command in '/Users/brodie/ros2_truckplatoon/build/truck' returned '2': CMAKE_PREFIX_PATH=${CMAKE_PREFIX_PATH}:/Users/brodie/my_workspace/install/my_package SHLVL=2 _=/usr/bin/env /usr/local/bin/cmake --build /Users/brodie/ros2_truckplatoon/build/truck -- -j8 -l8
