[0.053s] Invoking command in '/Users/brodie/ros2_truckplatoon/build/truck': CMAKE_PREFIX_PATH=${CMAKE_PREFIX_PATH}:/Users/brodie/my_workspace/install/my_package SHLVL=2 _=/usr/bin/env /usr/local/bin/cmake --build /Users/brodie/ros2_truckplatoon/build/truck -- -j8 -l8
[0.134s] Scanning dependencies of target truck
[0.155s] [ 50%] Building CXX object CMakeFiles/truck.dir/src/truck.cpp.o
[0.155s] [ 50%] Building CXX object CMakeFiles/truck.dir/src/src/Leader.cpp.o
[0.155s] [ 50%] Building CXX object CMakeFiles/truck.dir/src/src/Truck.cpp.o
[0.155s] [ 66%] Building CXX object CMakeFiles/truck.dir/src/src/Communication.cpp.o
[0.634s] In file included from /Users/brodie/ros2_truckplatoon/src/truck/src/src/Communication.cpp:1:
[0.634s] In file included from /Users/brodie/ros2_truckplatoon/src/truck/src/src/Communication.hpp:3:
[0.634s] /Users/brodie/ros2_truckplatoon/src/truck/src/src/Truck.hpp:4:10: warning: non-portable path to file '"utils/include.hpp"'; specified path differs in case from file name on disk [-Wnonportable-include-path]
[0.635s] #include "utils/Include.hpp"
[0.635s]          ^~~~~~~~~~~~~~~~~~~
[0.635s]          "utils/include.hpp"
[0.636s] In file included from /Users/brodie/ros2_truckplatoon/src/truck/src/src/Truck.cpp:1:
[0.636s] /Users/brodie/ros2_truckplatoon/src/truck/src/src/Truck.hpp:4:10: warning: non-portable path to file '"utils/include.hpp"'; specified path differs in case from file name on disk [-Wnonportable-include-path]
[0.636s] #include "utils/Include.hpp"
[0.636s]          ^~~~~~~~~~~~~~~~~~~
[0.636s]          "utils/include.hpp"
[0.642s] In file included from /Users/brodie/ros2_truckplatoon/src/truck/src/src/Leader.cpp:1:
[0.642s] In file included from /Users/brodie/ros2_truckplatoon/src/truck/src/src/Leader.hpp:4:
[0.642s] /Users/brodie/ros2_truckplatoon/src/truck/src/src/Truck.hpp:4:10: warning: non-portable path to file '"utils/include.hpp"'; specified path differs in case from file name on disk [-Wnonportable-include-path]
[0.643s] #include "utils/Include.hpp"
[0.643s]          ^~~~~~~~~~~~~~~~~~~
[0.643s]          "utils/include.hpp"
[0.643s] In file included from /Users/brodie/ros2_truckplatoon/src/truck/src/truck.cpp:2:
[0.643s] In file included from /Users/brodie/ros2_truckplatoon/src/truck/src/Platoon.hpp:4:
[0.644s] In file included from /Users/brodie/ros2_truckplatoon/src/truck/src/src/Leader.hpp:4:
[0.644s] /Users/brodie/ros2_truckplatoon/src/truck/src/src/Truck.hpp:4:10: warning: non-portable path to file '"utils/include.hpp"'; specified path differs in case from file name on disk [-Wnonportable-include-path]
[0.644s] #include "utils/Include.hpp"
[0.644s]          ^~~~~~~~~~~~~~~~~~~
[0.644s]          "utils/include.hpp"
[1.281s] In file included from /Users/brodie/ros2_truckplatoon/src/truck/src/src/Communication.cpp:1:
[1.281s] In file included from /Users/brodie/ros2_truckplatoon/src/truck/src/src/Communication.hpp:3:
[1.281s] In file included from /Users/brodie/ros2_truckplatoon/src/truck/src/src/Truck.hpp:7:
[1.281s] /Users/brodie/ros2_truckplatoon/src/truck/src/src/Subscriber.hpp:31:35: error: use of undeclared identifier 'MinimalSubscriber'
[1.281s]         TopicName, 10, std::bind(&MinimalSubscriber::topic_callback, this, _1));
[1.281s]                                   ^
[1.282s] In file included from /Users/brodie/ros2_truckplatoon/src/truck/src/src/Truck.cpp:1:
[1.282s] In file included from /Users/brodie/ros2_truckplatoon/src/truck/src/src/Truck.hpp:7:
[1.282s] /Users/brodie/ros2_truckplatoon/src/truck/src/src/Subscriber.hpp:31:35: error: use of undeclared identifier 'MinimalSubscriber'
[1.282s]         TopicName, 10, std::bind(&MinimalSubscriber::topic_callback, this, _1));
[1.282s]                                   ^
[1.291s] In file included from /Users/brodie/ros2_truckplatoon/src/truck/src/src/Leader.cpp:1:
[1.292s] In file included from /Users/brodie/ros2_truckplatoon/src/truck/src/src/Leader.hpp:4:
[1.292s] In file included from /Users/brodie/ros2_truckplatoon/src/truck/src/src/Truck.hpp:7:
[1.292s] /Users/brodie/ros2_truckplatoon/src/truck/src/src/Subscriber.hpp:31:35: error: use of undeclared identifier 'MinimalSubscriber'
[1.292s]         TopicName, 10, std::bind(&MinimalSubscriber::topic_callback, this, _1));
[1.293s]                                   ^
[1.293s] /Users/brodie/ros2_truckplatoon/src/truck/src/src/Subscriber.hpp:31:76: error: use of undeclared identifier '_1'; did you mean 'std::placeholders::_1'?
[1.293s]         TopicName, 10, std::bind(&MinimalSubscriber::topic_callback, this, _1));
[1.293s]                                                                            ^~
[1.293s]                                                                            std::placeholders::_1
[1.294s] /Applications/Xcode.app/Contents/Developer/Platforms/MacOSX.platform/Developer/SDKs/MacOSX12.3.sdk/usr/include/c++/v1/__functional/bind.h:61:46: note: 'std::placeholders::_1' declared here
[1.294s] /* _LIBCPP_INLINE_VAR */ constexpr __ph<1>   _1{};
[1.294s]                                              ^
[1.295s] /Users/brodie/ros2_truckplatoon/src/truck/src/src/Subscriber.hpp:31:76: error: use of undeclared identifier '_1'; did you mean 'std::placeholders::_1'?
[1.296s]         TopicName, 10, std::bind(&MinimalSubscriber::topic_callback, this, _1));
[1.296s]                                                                            ^~
[1.296s]                                                                            std::placeholders::_1
[1.296s] /Applications/Xcode.app/Contents/Developer/Platforms/MacOSX.platform/Developer/SDKs/MacOSX12.3.sdk/usr/include/c++/v1/__functional/bind.h:61:46: note: 'std::placeholders::_1' declared here
[1.296s] /* _LIBCPP_INLINE_VAR */ constexpr __ph<1>   _1{};
[1.297s]                                              ^
[1.297s] In file included from /Users/brodie/ros2_truckplatoon/src/truck/src/truck.cpp:2:
[1.297s] In file included from /Users/brodie/ros2_truckplatoon/src/truck/src/Platoon.hpp:4:
[1.297s] In file included from /Users/brodie/ros2_truckplatoon/src/truck/src/src/Leader.hpp:4:
[1.297s] In file included from /Users/brodie/ros2_truckplatoon/src/truck/src/src/Truck.hpp:7:
[1.297s] /Users/brodie/ros2_truckplatoon/src/truck/src/src/Subscriber.hpp:31:35: error: use of undeclared identifier 'MinimalSubscriber'
[1.297s]         TopicName, 10, std::bind(&MinimalSubscriber::topic_callback, this, _1));
[1.298s]                                   ^
[1.298s] In file included from /Users/brodie/ros2_truckplatoon/src/truck/src/src/Communication.cpp:1:
[1.298s] In file included from /Users/brodie/ros2_truckplatoon/src/truck/src/src/Communication.hpp:3:
[1.298s] In file included from /Users/brodie/ros2_truckplatoon/src/truck/src/src/Truck.hpp:7:
[1.298s] /Users/brodie/ros2_truckplatoon/src/truck/src/src/Subscriber.hpp:36:61: error: no member named 'data' in 'message::msg::Message_<std::allocator<void>>'
[1.298s]       RCLCPP_INFO(this->get_logger(), "I heard: '%s'", msg->data.c_str());
[1.298s]                                                        ~~~~~^
[1.299s] /Users/brodie/ros2_foxy/ros2-osx/include/rclcpp/logging.hpp:545:35: note: expanded from macro 'RCLCPP_INFO'
[1.299s]         RCLCPP_ALL_BUT_FIRST_ARGS(__VA_ARGS__,"")); \
[1.299s]                                   ^~~~~~~~~~~
[1.299s] /Users/brodie/ros2_foxy/ros2-osx/include/rclcpp/logging.hpp:36:43: note: expanded from macro 'RCLCPP_ALL_BUT_FIRST_ARGS'
[1.299s] #define RCLCPP_ALL_BUT_FIRST_ARGS(N, ...) __VA_ARGS__
[1.299s]                                           ^~~~~~~~~~~
[1.299s] /Users/brodie/ros2_foxy/ros2-osx/include/rcutils/logging_macros.h:503:5: note: expanded from macro 'RCUTILS_LOG_INFO_NAMED'
[1.299s]     __VA_ARGS__)
[1.299s]     ^~~~~~~~~~~
[1.300s] /Users/brodie/ros2_foxy/ros2-osx/include/rcutils/logging_macros.h:72:64: note: expanded from macro 'RCUTILS_LOG_COND_NAMED'
[1.300s]       rcutils_log(&__rcutils_logging_location, severity, name, __VA_ARGS__); \
[1.300s]                                                                ^~~~~~~~~~~
[1.300s] In file included from /Users/brodie/ros2_truckplatoon/src/truck/src/src/Truck.cpp:1:
[1.300s] In file included from /Users/brodie/ros2_truckplatoon/src/truck/src/src/Truck.hpp:7:
[1.300s] /Users/brodie/ros2_truckplatoon/src/truck/src/src/Subscriber.hpp:36:61: error: no member named 'data' in 'message::msg::Message_<std::allocator<void>>'
[1.300s]       RCLCPP_INFO(this->get_logger(), "I heard: '%s'", msg->data.c_str());
[1.300s]                                                        ~~~~~^
[1.300s] /Users/brodie/ros2_foxy/ros2-osx/include/rclcpp/logging.hpp:545:35: note: expanded from macro 'RCLCPP_INFO'
[1.300s]         RCLCPP_ALL_BUT_FIRST_ARGS(__VA_ARGS__,"")); \
[1.301s]                                   ^~~~~~~~~~~
[1.301s] /Users/brodie/ros2_foxy/ros2-osx/include/rclcpp/logging.hpp:36:43: note: expanded from macro 'RCLCPP_ALL_BUT_FIRST_ARGS'
[1.301s] #define RCLCPP_ALL_BUT_FIRST_ARGS(N, ...) __VA_ARGS__
[1.301s]                                           ^~~~~~~~~~~
[1.301s] /Users/brodie/ros2_foxy/ros2-osx/include/rcutils/logging_macros.h:503:5: note: expanded from macro 'RCUTILS_LOG_INFO_NAMED'
[1.301s]     __VA_ARGS__)
[1.301s]     ^~~~~~~~~~~
[1.301s] /Users/brodie/ros2_foxy/ros2-osx/include/rcutils/logging_macros.h:72:64: note: expanded from macro 'RCUTILS_LOG_COND_NAMED'
[1.301s]       rcutils_log(&__rcutils_logging_location, severity, name, __VA_ARGS__); \
[1.302s]                                                                ^~~~~~~~~~~
[1.302s] /Users/brodie/ros2_truckplatoon/src/truck/src/src/Subscriber.hpp:31:76: error: use of undeclared identifier '_1'; did you mean 'std::placeholders::_1'?
[1.303s]         TopicName, 10, std::bind(&MinimalSubscriber::topic_callback, this, _1));
[1.303s]                                                                            ^~
[1.304s]                                                                            std::placeholders::_1
[1.304s] /Applications/Xcode.app/Contents/Developer/Platforms/MacOSX.platform/Developer/SDKs/MacOSX12.3.sdk/usr/include/c++/v1/__functional/bind.h:61:46: note: 'std::placeholders::_1' declared here
[1.305s] /* _LIBCPP_INLINE_VAR */ constexpr __ph<1>   _1{};
[1.305s]                                              ^
[1.305s] /Users/brodie/ros2_truckplatoon/src/truck/src/src/Subscriber.hpp:31:76: error: use of undeclared identifier '_1'; did you mean 'std::placeholders::_1'?
[1.306s]         TopicName, 10, std::bind(&MinimalSubscriber::topic_callback, this, _1));
[1.306s]                                                                            ^~
[1.306s]                                                                            std::placeholders::_1
[1.306s] /Applications/Xcode.app/Contents/Developer/Platforms/MacOSX.platform/Developer/SDKs/MacOSX12.3.sdk/usr/include/c++/v1/__functional/bind.h:61:46: note: 'std::placeholders::_1' declared here
[1.306s] /* _LIBCPP_INLINE_VAR */ constexpr __ph<1>   _1{};
[1.306s]                                              ^
[1.306s] In file included from /Users/brodie/ros2_truckplatoon/src/truck/src/src/Leader.cpp:1:
[1.307s] In file included from /Users/brodie/ros2_truckplatoon/src/truck/src/src/Leader.hpp:4:
[1.307s] In file included from /Users/brodie/ros2_truckplatoon/src/truck/src/src/Truck.hpp:7:
[1.307s] /Users/brodie/ros2_truckplatoon/src/truck/src/src/Subscriber.hpp:36:61: error: no member named 'data' in 'message::msg::Message_<std::allocator<void>>'
[1.307s]       RCLCPP_INFO(this->get_logger(), "I heard: '%s'", msg->data.c_str());
[1.307s]                                                        ~~~~~^
[1.307s] /Users/brodie/ros2_foxy/ros2-osx/include/rclcpp/logging.hpp:545:35: note: expanded from macro 'RCLCPP_INFO'
[1.307s]         RCLCPP_ALL_BUT_FIRST_ARGS(__VA_ARGS__,"")); \
[1.308s]                                   ^~~~~~~~~~~
[1.308s] /Users/brodie/ros2_foxy/ros2-osx/include/rclcpp/logging.hpp:36:43: note: expanded from macro 'RCLCPP_ALL_BUT_FIRST_ARGS'
[1.308s] #define RCLCPP_ALL_BUT_FIRST_ARGS(N, ...) __VA_ARGS__
[1.308s]                                           ^~~~~~~~~~~
[1.308s] /Users/brodie/ros2_foxy/ros2-osx/include/rcutils/logging_macros.h:503:5: note: expanded from macro 'RCUTILS_LOG_INFO_NAMED'
[1.308s]     __VA_ARGS__)
[1.308s]     ^~~~~~~~~~~
[1.308s] /Users/brodie/ros2_foxy/ros2-osx/include/rcutils/logging_macros.h:72:64: note: expanded from macro 'RCUTILS_LOG_COND_NAMED'
[1.308s]       rcutils_log(&__rcutils_logging_location, severity, name, __VA_ARGS__); \
[1.308s]                                                                ^~~~~~~~~~~
[1.309s] In file included from /Users/brodie/ros2_truckplatoon/src/truck/src/truck.cpp:2:
[1.309s] In file included from /Users/brodie/ros2_truckplatoon/src/truck/src/Platoon.hpp:4:
[1.309s] In file included from /Users/brodie/ros2_truckplatoon/src/truck/src/src/Leader.hpp:4:
[1.309s] In file included from /Users/brodie/ros2_truckplatoon/src/truck/src/src/Truck.hpp:7:
[1.309s] /Users/brodie/ros2_truckplatoon/src/truck/src/src/Subscriber.hpp:36:61: error: no member named 'data' in 'message::msg::Message_<std::allocator<void>>'
[1.309s]       RCLCPP_INFO(this->get_logger(), "I heard: '%s'", msg->data.c_str());
[1.309s]                                                        ~~~~~^
[1.309s] /Users/brodie/ros2_foxy/ros2-osx/include/rclcpp/logging.hpp:545:35: note: expanded from macro 'RCLCPP_INFO'
[1.309s]         RCLCPP_ALL_BUT_FIRST_ARGS(__VA_ARGS__,"")); \
[1.309s]                                   ^~~~~~~~~~~
[1.310s] /Users/brodie/ros2_foxy/ros2-osx/include/rclcpp/logging.hpp:36:43: note: expanded from macro 'RCLCPP_ALL_BUT_FIRST_ARGS'
[1.310s] #define RCLCPP_ALL_BUT_FIRST_ARGS(N, ...) __VA_ARGS__
[1.310s]                                           ^~~~~~~~~~~
[1.310s] /Users/brodie/ros2_foxy/ros2-osx/include/rcutils/logging_macros.h:503:5: note: expanded from macro 'RCUTILS_LOG_INFO_NAMED'
[1.310s]     __VA_ARGS__)
[1.310s]     ^~~~~~~~~~~
[1.310s] /Users/brodie/ros2_foxy/ros2-osx/include/rcutils/logging_macros.h:72:64: note: expanded from macro 'RCUTILS_LOG_COND_NAMED'
[1.310s]       rcutils_log(&__rcutils_logging_location, severity, name, __VA_ARGS__); \
[1.310s]                                                                ^~~~~~~~~~~
[1.310s] In file included from /Users/brodie/ros2_truckplatoon/src/truck/src/truck.cpp:2:
[1.311s] /Users/brodie/ros2_truckplatoon/src/truck/src/Platoon.hpp:8:10: warning: non-portable path to file '"src/utils/include.hpp"'; specified path differs in case from file name on disk [-Wnonportable-include-path]
[1.311s] #include "src/utils/Include.hpp"
[1.311s]          ^~~~~~~~~~~~~~~~~~~~~~~
[1.311s]          "src/utils/include.hpp"
[1.767s] 1 warning and 3 errors generated.
[1.773s] In file included from /Users/brodie/ros2_truckplatoon/src/truck/src/truck.cpp:2:
[1.773s] In file included from /Users/brodie/ros2_truckplatoon/src/truck/src/Platoon.hpp:11:
[1.773s] /Users/brodie/ros2_truckplatoon/src/truck/src/src/DrivingEvent.hpp:9:15: warning: private field '_speed' is not used [-Wunused-private-field]
[1.773s]     speedType _speed;
[1.773s]               ^
[1.773s] /Users/brodie/ros2_truckplatoon/src/truck/src/src/DrivingEvent.hpp:10:23: warning: private field '_stearingAngle' is not used [-Wunused-private-field]
[1.773s]     stearingAngleType _stearingAngle;
[1.774s]                       ^
[1.774s] /Users/brodie/ros2_truckplatoon/src/truck/src/src/DrivingEvent.hpp:11:18: warning: private field '_distance' is not used [-Wunused-private-field]
[1.774s]     distanceType _distance;
[1.774s]                  ^
[1.774s] 5 warnings and 3 errors generated.
[1.777s] 1 warning and 3 errors generated.
[1.782s] gmake[2]: *** [CMakeFiles/truck.dir/build.make:121: CMakeFiles/truck.dir/src/src/Communication.cpp.o] Error 1
[1.782s] gmake[2]: *** Waiting for unfinished jobs....
[1.787s] gmake[2]: *** [CMakeFiles/truck.dir/build.make:82: CMakeFiles/truck.dir/src/truck.cpp.o] Error 1
[1.792s] gmake[2]: *** [CMakeFiles/truck.dir/build.make:108: CMakeFiles/truck.dir/src/src/Leader.cpp.o] Error 1
[1.816s] 1 warning and 3 errors generated.
[1.828s] gmake[2]: *** [CMakeFiles/truck.dir/build.make:95: CMakeFiles/truck.dir/src/src/Truck.cpp.o] Error 1
[1.829s] gmake[1]: *** [CMakeFiles/Makefile2:97: CMakeFiles/truck.dir/all] Error 2
[1.829s] gmake: *** [Makefile:160: all] Error 2
[1.830s] Invoked command in '/Users/brodie/ros2_truckplatoon/build/truck' returned '2': CMAKE_PREFIX_PATH=${CMAKE_PREFIX_PATH}:/Users/brodie/my_workspace/install/my_package SHLVL=2 _=/usr/bin/env /usr/local/bin/cmake --build /Users/brodie/ros2_truckplatoon/build/truck -- -j8 -l8
