In file included from /Users/brodie/ros2_truckplatoon/src/truck/src/src/Communication.cpp:1:
In file included from /Users/brodie/ros2_truckplatoon/src/truck/src/src/Communication.hpp:3:
/Users/brodie/ros2_truckplatoon/src/truck/src/src/Truck.hpp:4:10: warning: non-portable path to file '"utils/include.hpp"'; specified path differs in case from file name on disk [-Wnonportable-include-path]
#include "utils/Include.hpp"
         ^~~~~~~~~~~~~~~~~~~
         "utils/include.hpp"
In file included from /Users/brodie/ros2_truckplatoon/src/truck/src/src/Truck.cpp:1:
/Users/brodie/ros2_truckplatoon/src/truck/src/src/Truck.hpp:4:10: warning: non-portable path to file '"utils/include.hpp"'; specified path differs in case from file name on disk [-Wnonportable-include-path]
#include "utils/Include.hpp"
         ^~~~~~~~~~~~~~~~~~~
         "utils/include.hpp"
In file included from /Users/brodie/ros2_truckplatoon/src/truck/src/truck.cpp:2:
In file included from /Users/brodie/ros2_truckplatoon/src/truck/src/Platoon.hpp:4:
In file included from /Users/brodie/ros2_truckplatoon/src/truck/src/src/Leader.hpp:4:
/Users/brodie/ros2_truckplatoon/src/truck/src/src/Truck.hpp:4:10: warning: non-portable path to file '"utils/include.hpp"'; specified path differs in case from file name on disk [-Wnonportable-include-path]
#include "utils/Include.hpp"
         ^~~~~~~~~~~~~~~~~~~
         "utils/include.hpp"
In file included from /Users/brodie/ros2_truckplatoon/src/truck/src/src/Leader.cpp:1:
In file included from /Users/brodie/ros2_truckplatoon/src/truck/src/src/Leader.hpp:4:
/Users/brodie/ros2_truckplatoon/src/truck/src/src/Truck.hpp:4:10: warning: non-portable path to file '"utils/include.hpp"'; specified path differs in case from file name on disk [-Wnonportable-include-path]
#include "utils/Include.hpp"
         ^~~~~~~~~~~~~~~~~~~
         "utils/include.hpp"
In file included from /Users/brodie/ros2_truckplatoon/src/truck/src/src/Truck.cpp:1:
In file included from /Users/brodie/ros2_truckplatoon/src/truck/src/src/Truck.hpp:7:
/Users/brodie/ros2_truckplatoon/src/truck/src/src/Subscriber.hpp:22:5: error: C++ requires a type specifier for all declarations
    MinimalSubscriber(std::string nodeName = "DefaultNode")
    ^
In file included from /Users/brodie/ros2_truckplatoon/src/truck/src/src/Leader.cpp:1:
In file included from /Users/brodie/ros2_truckplatoon/src/truck/src/src/Leader.hpp:4:
In file included from /Users/brodie/ros2_truckplatoon/src/truck/src/src/Truck.hpp:7:
/Users/brodie/ros2_truckplatoon/src/truck/src/src/Subscriber.hpp:22:5: error: C++ requires a type specifier for all declarations
    MinimalSubscriber(std::string nodeName = "DefaultNode")
    ^
In file included from /Users/brodie/ros2_truckplatoon/src/truck/src/src/Communication.cpp:1:
In file included from /Users/brodie/ros2_truckplatoon/src/truck/src/src/Communication.hpp:3:
In file included from /Users/brodie/ros2_truckplatoon/src/truck/src/src/Truck.hpp:7:
/Users/brodie/ros2_truckplatoon/src/truck/src/src/Subscriber.hpp:22:5: error: C++ requires a type specifier for all declarations
    MinimalSubscriber(std::string nodeName = "DefaultNode")
    ^
/Users/brodie/ros2_truckplatoon/src/truck/src/src/Subscriber.hpp:23:5: error: only constructors take base initializers
    : Node(nodeName)
    ^
/Users/brodie/ros2_truckplatoon/src/truck/src/src/Subscriber.hpp:31:35: error: 'MinimalSubscriber' is not a class, namespace, or enumeration
        TopicName, 10, std::bind(&MinimalSubscriber::topic_callback, this, _1));
                                  ^
/Users/brodie/ros2_truckplatoon/src/truck/src/src/Subscriber.hpp:22:5: note: 'MinimalSubscriber' declared here
    MinimalSubscriber(std::string nodeName = "DefaultNode")
    ^
/Users/brodie/ros2_truckplatoon/src/truck/src/src/Subscriber.hpp:23:5: error: only constructors take base initializers
    : Node(nodeName)
    ^
/Users/brodie/ros2_truckplatoon/src/truck/src/src/Subscriber.hpp:31:35: error: 'MinimalSubscriber' is not a class, namespace, or enumeration
        TopicName, 10, std::bind(&MinimalSubscriber::topic_callback, this, _1));
                                  ^
/Users/brodie/ros2_truckplatoon/src/truck/src/src/Subscriber.hpp:22:5: note: 'MinimalSubscriber' declared here
    MinimalSubscriber(std::string nodeName = "DefaultNode")
    ^
/Users/brodie/ros2_truckplatoon/src/truck/src/src/Subscriber.hpp:23:5: error: only constructors take base initializers
    : Node(nodeName)
    ^
/Users/brodie/ros2_truckplatoon/src/truck/src/src/Subscriber.hpp:31:35: error: 'MinimalSubscriber' is not a class, namespace, or enumeration
        TopicName, 10, std::bind(&MinimalSubscriber::topic_callback, this, _1));
                                  ^
/Users/brodie/ros2_truckplatoon/src/truck/src/src/Subscriber.hpp:22:5: note: 'MinimalSubscriber' declared here
    MinimalSubscriber(std::string nodeName = "DefaultNode")
    ^
/Users/brodie/ros2_truckplatoon/src/truck/src/src/Subscriber.hpp:31:76: error: use of undeclared identifier '_1'; did you mean 'std::placeholders::_1'?
        TopicName, 10, std::bind(&MinimalSubscriber::topic_callback, this, _1));
                                                                           ^~
                                                                           std::placeholders::_1
/Applications/Xcode.app/Contents/Developer/Platforms/MacOSX.platform/Developer/SDKs/MacOSX12.3.sdk/usr/include/c++/v1/__functional/bind.h:61:46: note: 'std::placeholders::_1' declared here
/* _LIBCPP_INLINE_VAR */ constexpr __ph<1>   _1{};
                                             ^
In file included from /Users/brodie/ros2_truckplatoon/src/truck/src/src/Truck.cpp:1:
In file included from /Users/brodie/ros2_truckplatoon/src/truck/src/src/Truck.hpp:7:
/Users/brodie/ros2_truckplatoon/src/truck/src/src/Subscriber.hpp:36:61: error: no member named 'data' in 'message::msg::Message_<std::allocator<void>>'
      RCLCPP_INFO(this->get_logger(), "I heard: '%s'", msg->data.c_str());
                                                       ~~~~~^
/Users/brodie/ros2_foxy/ros2-osx/include/rclcpp/logging.hpp:545:35: note: expanded from macro 'RCLCPP_INFO'
        RCLCPP_ALL_BUT_FIRST_ARGS(__VA_ARGS__,"")); \
                                  ^~~~~~~~~~~
/Users/brodie/ros2_foxy/ros2-osx/include/rclcpp/logging.hpp:36:43: note: expanded from macro 'RCLCPP_ALL_BUT_FIRST_ARGS'
#define RCLCPP_ALL_BUT_FIRST_ARGS(N, ...) __VA_ARGS__
                                          ^~~~~~~~~~~
/Users/brodie/ros2_foxy/ros2-osx/include/rcutils/logging_macros.h:503:5: note: expanded from macro 'RCUTILS_LOG_INFO_NAMED'
    __VA_ARGS__)
    ^~~~~~~~~~~
/Users/brodie/ros2_foxy/ros2-osx/include/rcutils/logging_macros.h:72:64: note: expanded from macro 'RCUTILS_LOG_COND_NAMED'
      rcutils_log(&__rcutils_logging_location, severity, name, __VA_ARGS__); \
                                                               ^~~~~~~~~~~
In file included from /Users/brodie/ros2_truckplatoon/src/truck/src/truck.cpp:2:
In file included from /Users/brodie/ros2_truckplatoon/src/truck/src/Platoon.hpp:4:
In file included from /Users/brodie/ros2_truckplatoon/src/truck/src/src/Leader.hpp:4:
In file included from /Users/brodie/ros2_truckplatoon/src/truck/src/src/Truck.hpp:7:
/Users/brodie/ros2_truckplatoon/src/truck/src/src/Subscriber.hpp:22:5: error: C++ requires a type specifier for all declarations
    MinimalSubscriber(std::string nodeName = "DefaultNode")
    ^
/Users/brodie/ros2_truckplatoon/src/truck/src/src/Subscriber.hpp:31:76: error: use of undeclared identifier '_1'; did you mean 'std::placeholders::_1'?
        TopicName, 10, std::bind(&MinimalSubscriber::topic_callback, this, _1));
                                                                           ^~
                                                                           std::placeholders::_1
/Applications/Xcode.app/Contents/Developer/Platforms/MacOSX.platform/Developer/SDKs/MacOSX12.3.sdk/usr/include/c++/v1/__functional/bind.h:61:46: note: 'std::placeholders::_1' declared here
/* _LIBCPP_INLINE_VAR */ constexpr __ph<1>   _1{};
                                             ^
In file included from /Users/brodie/ros2_truckplatoon/src/truck/src/src/Leader.cpp:1:
In file included from /Users/brodie/ros2_truckplatoon/src/truck/src/src/Leader.hpp:4:
In file included from /Users/brodie/ros2_truckplatoon/src/truck/src/src/Truck.hpp:7:
/Users/brodie/ros2_truckplatoon/src/truck/src/src/Subscriber.hpp:36:61: error: no member named 'data' in 'message::msg::Message_<std::allocator<void>>'
      RCLCPP_INFO(this->get_logger(), "I heard: '%s'", msg->data.c_str());
                                                       ~~~~~^
/Users/brodie/ros2_foxy/ros2-osx/include/rclcpp/logging.hpp:545:35: note: expanded from macro 'RCLCPP_INFO'
        RCLCPP_ALL_BUT_FIRST_ARGS(__VA_ARGS__,"")); \
                                  ^~~~~~~~~~~
/Users/brodie/ros2_foxy/ros2-osx/include/rclcpp/logging.hpp:36:43: note: expanded from macro 'RCLCPP_ALL_BUT_FIRST_ARGS'
#define RCLCPP_ALL_BUT_FIRST_ARGS(N, ...) __VA_ARGS__
                                          ^~~~~~~~~~~
/Users/brodie/ros2_foxy/ros2-osx/include/rcutils/logging_macros.h:503:5: note: expanded from macro 'RCUTILS_LOG_INFO_NAMED'
    __VA_ARGS__)
    ^~~~~~~~~~~
/Users/brodie/ros2_foxy/ros2-osx/include/rcutils/logging_macros.h:72:64: note: expanded from macro 'RCUTILS_LOG_COND_NAMED'
      rcutils_log(&__rcutils_logging_location, severity, name, __VA_ARGS__); \
                                                               ^~~~~~~~~~~
/Users/brodie/ros2_truckplatoon/src/truck/src/src/Subscriber.hpp:31:76: error: use of undeclared identifier '_1'; did you mean 'std::placeholders::_1'?
        TopicName, 10, std::bind(&MinimalSubscriber::topic_callback, this, _1));
                                                                           ^~
                                                                           std::placeholders::_1
/Applications/Xcode.app/Contents/Developer/Platforms/MacOSX.platform/Developer/SDKs/MacOSX12.3.sdk/usr/include/c++/v1/__functional/bind.h:61:46: note: 'std::placeholders::_1' declared here
/* _LIBCPP_INLINE_VAR */ constexpr __ph<1>   _1{};
                                             ^
In file included from /Users/brodie/ros2_truckplatoon/src/truck/src/src/Communication.cpp:1:
In file included from /Users/brodie/ros2_truckplatoon/src/truck/src/src/Communication.hpp:3:
In file included from /Users/brodie/ros2_truckplatoon/src/truck/src/src/Truck.hpp:7:
/Users/brodie/ros2_truckplatoon/src/truck/src/src/Subscriber.hpp:36:61: error: no member named 'data' in 'message::msg::Message_<std::allocator<void>>'
      RCLCPP_INFO(this->get_logger(), "I heard: '%s'", msg->data.c_str());
                                                       ~~~~~^
/Users/brodie/ros2_foxy/ros2-osx/include/rclcpp/logging.hpp:545:35: note: expanded from macro 'RCLCPP_INFO'
        RCLCPP_ALL_BUT_FIRST_ARGS(__VA_ARGS__,"")); \
                                  ^~~~~~~~~~~
/Users/brodie/ros2_foxy/ros2-osx/include/rclcpp/logging.hpp:36:43: note: expanded from macro 'RCLCPP_ALL_BUT_FIRST_ARGS'
#define RCLCPP_ALL_BUT_FIRST_ARGS(N, ...) __VA_ARGS__
                                          ^~~~~~~~~~~
/Users/brodie/ros2_foxy/ros2-osx/include/rcutils/logging_macros.h:503:5: note: expanded from macro 'RCUTILS_LOG_INFO_NAMED'
    __VA_ARGS__)
    ^~~~~~~~~~~
/Users/brodie/ros2_foxy/ros2-osx/include/rcutils/logging_macros.h:72:64: note: expanded from macro 'RCUTILS_LOG_COND_NAMED'
      rcutils_log(&__rcutils_logging_location, severity, name, __VA_ARGS__); \
                                                               ^~~~~~~~~~~
/Users/brodie/ros2_truckplatoon/src/truck/src/src/Subscriber.hpp:23:5: error: only constructors take base initializers
    : Node(nodeName)
    ^
/Users/brodie/ros2_truckplatoon/src/truck/src/src/Subscriber.hpp:31:35: error: 'MinimalSubscriber' is not a class, namespace, or enumeration
        TopicName, 10, std::bind(&MinimalSubscriber::topic_callback, this, _1));
                                  ^
/Users/brodie/ros2_truckplatoon/src/truck/src/src/Subscriber.hpp:22:5: note: 'MinimalSubscriber' declared here
    MinimalSubscriber(std::string nodeName = "DefaultNode")
    ^
/Users/brodie/ros2_truckplatoon/src/truck/src/src/Subscriber.hpp:31:76: error: use of undeclared identifier '_1'; did you mean 'std::placeholders::_1'?
        TopicName, 10, std::bind(&MinimalSubscriber::topic_callback, this, _1));
                                                                           ^~
                                                                           std::placeholders::_1
/Applications/Xcode.app/Contents/Developer/Platforms/MacOSX.platform/Developer/SDKs/MacOSX12.3.sdk/usr/include/c++/v1/__functional/bind.h:61:46: note: 'std::placeholders::_1' declared here
/* _LIBCPP_INLINE_VAR */ constexpr __ph<1>   _1{};
                                             ^
In file included from /Users/brodie/ros2_truckplatoon/src/truck/src/truck.cpp:2:
In file included from /Users/brodie/ros2_truckplatoon/src/truck/src/Platoon.hpp:4:
In file included from /Users/brodie/ros2_truckplatoon/src/truck/src/src/Leader.hpp:4:
In file included from /Users/brodie/ros2_truckplatoon/src/truck/src/src/Truck.hpp:7:
/Users/brodie/ros2_truckplatoon/src/truck/src/src/Subscriber.hpp:36:61: error: no member named 'data' in 'message::msg::Message_<std::allocator<void>>'
      RCLCPP_INFO(this->get_logger(), "I heard: '%s'", msg->data.c_str());
                                                       ~~~~~^
/Users/brodie/ros2_foxy/ros2-osx/include/rclcpp/logging.hpp:545:35: note: expanded from macro 'RCLCPP_INFO'
        RCLCPP_ALL_BUT_FIRST_ARGS(__VA_ARGS__,"")); \
                                  ^~~~~~~~~~~
/Users/brodie/ros2_foxy/ros2-osx/include/rclcpp/logging.hpp:36:43: note: expanded from macro 'RCLCPP_ALL_BUT_FIRST_ARGS'
#define RCLCPP_ALL_BUT_FIRST_ARGS(N, ...) __VA_ARGS__
                                          ^~~~~~~~~~~
/Users/brodie/ros2_foxy/ros2-osx/include/rcutils/logging_macros.h:503:5: note: expanded from macro 'RCUTILS_LOG_INFO_NAMED'
    __VA_ARGS__)
    ^~~~~~~~~~~
/Users/brodie/ros2_foxy/ros2-osx/include/rcutils/logging_macros.h:72:64: note: expanded from macro 'RCUTILS_LOG_COND_NAMED'
      rcutils_log(&__rcutils_logging_location, severity, name, __VA_ARGS__); \
                                                               ^~~~~~~~~~~
In file included from /Users/brodie/ros2_truckplatoon/src/truck/src/truck.cpp:2:
/Users/brodie/ros2_truckplatoon/src/truck/src/Platoon.hpp:8:10: warning: non-portable path to file '"src/utils/include.hpp"'; specified path differs in case from file name on disk [-Wnonportable-include-path]
#include "src/utils/Include.hpp"
         ^~~~~~~~~~~~~~~~~~~~~~~
         "src/utils/include.hpp"
1 warning and 5 errors generated.
1 warning and 5 errors generated.
gmake[2]: *** [CMakeFiles/truck.dir/build.make:108: CMakeFiles/truck.dir/src/src/Leader.cpp.o] Error 1
gmake[2]: *** Waiting for unfinished jobs....
In file included from /Users/brodie/ros2_truckplatoon/src/truck/src/truck.cpp:2:
In file included from /Users/brodie/ros2_truckplatoon/src/truck/src/Platoon.hpp:11:
/Users/brodie/ros2_truckplatoon/src/truck/src/src/DrivingEvent.hpp:9:15: warning: private field '_speed' is not used [-Wunused-private-field]
    speedType _speed;
              ^
/Users/brodie/ros2_truckplatoon/src/truck/src/src/DrivingEvent.hpp:10:23: warning: private field '_stearingAngle' is not used [-Wunused-private-field]
    stearingAngleType _stearingAngle;
                      ^
/Users/brodie/ros2_truckplatoon/src/truck/src/src/DrivingEvent.hpp:11:18: warning: private field '_distance' is not used [-Wunused-private-field]
    distanceType _distance;
                 ^
5 warnings and 5 errors generated.
In file included from /Users/brodie/ros2_truckplatoon/src/truck/src/src/Truck.cpp:1:
In file included from /Users/brodie/ros2_truckplatoon/src/truck/src/src/Truck.hpp:3:
In file included from /Users/brodie/ros2_truckplatoon/src/truck/src/src/utils/PlatoonTypes.hpp:5:
In file included from /Users/brodie/ros2_truckplatoon/src/truck/src/src/utils/Include.hpp:3:
In file included from /Applications/Xcode.app/Contents/Developer/Platforms/MacOSX.platform/Developer/SDKs/MacOSX12.3.sdk/usr/include/c++/v1/iostream:37:
In file included from /Applications/Xcode.app/Contents/Developer/Platforms/MacOSX.platform/Developer/SDKs/MacOSX12.3.sdk/usr/include/c++/v1/ios:214:
In file included from /Applications/Xcode.app/Contents/Developer/Platforms/MacOSX.platform/Developer/SDKs/MacOSX12.3.sdk/usr/include/c++/v1/__locale:15:
In file included from /Applications/Xcode.app/Contents/Developer/Platforms/MacOSX.platform/Developer/SDKs/MacOSX12.3.sdk/usr/include/c++/v1/string:522:
In file included from /Applications/Xcode.app/Contents/Developer/Platforms/MacOSX.platform/Developer/SDKs/MacOSX12.3.sdk/usr/include/c++/v1/algorithm:653:
In file included from /Applications/Xcode.app/Contents/Developer/Platforms/MacOSX.platform/Developer/SDKs/MacOSX12.3.sdk/usr/include/c++/v1/functional:500:
In file included from /Applications/Xcode.app/Contents/Developer/Platforms/MacOSX.platform/Developer/SDKs/MacOSX12.3.sdk/usr/include/c++/v1/__functional/function.h:20:
/Applications/Xcode.app/Contents/Developer/Platforms/MacOSX.platform/Developer/SDKs/MacOSX12.3.sdk/usr/include/c++/v1/__memory/shared_ptr.h:298:37: error: no matching constructor for initialization of 'Subscriber'
        ::new ((void*)__get_elem()) _Tp(_VSTD::forward<_Args>(__args)...);
                                    ^   ~~~~~~~~~~~~~~~~~~~~~~~~~~~~~
/Applications/Xcode.app/Contents/Developer/Platforms/MacOSX.platform/Developer/SDKs/MacOSX12.3.sdk/usr/include/c++/v1/__memory/shared_ptr.h:1106:55: note: in instantiation of function template specialization 'std::__shared_ptr_emplace<Subscriber, std::allocator<Subscriber>>::__shared_ptr_emplace<std::string>' requested here
    ::new ((void*)_VSTD::addressof(*__guard.__get())) _ControlBlock(__a, _VSTD::forward<_Args>(__args)...);
                                                      ^
/Applications/Xcode.app/Contents/Developer/Platforms/MacOSX.platform/Developer/SDKs/MacOSX12.3.sdk/usr/include/c++/v1/__memory/shared_ptr.h:1115:19: note: in instantiation of function template specialization 'std::allocate_shared<Subscriber, std::allocator<Subscriber>, std::string, void>' requested here
    return _VSTD::allocate_shared<_Tp>(allocator<_Tp>(), _VSTD::forward<_Args>(__args)...);
                  ^
/Users/brodie/ros2_truckplatoon/src/truck/src/src/Truck.cpp:26:31: note: in instantiation of function template specialization 'std::make_shared<Subscriber, std::string, void>' requested here
    this ->_subscriber = std::make_shared<Subscriber>("Truck_" + std::to_string(_id));
                              ^
/Users/brodie/ros2_truckplatoon/src/truck/src/src/Subscriber.hpp:19:7: note: candidate constructor (the implicit copy constructor) not viable: no known conversion from 'std::string' to 'const Subscriber' for 1st argument
class Subscriber : public rclcpp::Node
      ^
/Users/brodie/ros2_truckplatoon/src/truck/src/src/Subscriber.hpp:19:7: note: candidate constructor (the implicit default constructor) not viable: requires 0 arguments, but 1 was provided
gmake[2]: *** [CMakeFiles/truck.dir/build.make:121: CMakeFiles/truck.dir/src/src/Communication.cpp.o] Error 1
gmake[2]: *** [CMakeFiles/truck.dir/build.make:82: CMakeFiles/truck.dir/src/truck.cpp.o] Error 1
1 warning and 6 errors generated.
gmake[2]: *** [CMakeFiles/truck.dir/build.make:95: CMakeFiles/truck.dir/src/src/Truck.cpp.o] Error 1
gmake[1]: *** [CMakeFiles/Makefile2:97: CMakeFiles/truck.dir/all] Error 2
gmake: *** [Makefile:160: all] Error 2
