[0.056s] Invoking command in '/Users/brodie/ros2_truckplatoon/build/truck': CMAKE_PREFIX_PATH=${CMAKE_PREFIX_PATH}:/Users/brodie/my_workspace/install/my_package SHLVL=2 _=/usr/bin/env /usr/local/bin/cmake --build /Users/brodie/ros2_truckplatoon/build/truck -- -j8 -l8
[0.137s] Scanning dependencies of target truck
[0.159s] [ 66%] Building CXX object CMakeFiles/truck.dir/src/src/Leader.cpp.o
[0.159s] [ 66%] Building CXX object CMakeFiles/truck.dir/src/src/Truck.cpp.o
[0.159s] [ 66%] Building CXX object CMakeFiles/truck.dir/src/src/Communication.cpp.o
[0.159s] [ 66%] Building CXX object CMakeFiles/truck.dir/src/truck.cpp.o
[0.726s] In file included from /Users/brodie/ros2_truckplatoon/src/truck/src/src/Communication.cpp:1:
[0.727s] In file included from /Users/brodie/ros2_truckplatoon/src/truck/src/src/Communication.hpp:3:
[0.727s] /Users/brodie/ros2_truckplatoon/src/truck/src/src/Truck.hpp:4:10: warning: non-portable path to file '"utils/include.hpp"'; specified path differs in case from file name on disk [-Wnonportable-include-path]
[0.727s] #include "utils/Include.hpp"
[0.727s]          ^~~~~~~~~~~~~~~~~~~
[0.727s]          "utils/include.hpp"
[0.727s] In file included from /Users/brodie/ros2_truckplatoon/src/truck/src/src/Truck.cpp:1:
[0.728s] /Users/brodie/ros2_truckplatoon/src/truck/src/src/Truck.hpp:4:10: warning: non-portable path to file '"utils/include.hpp"'; specified path differs in case from file name on disk [-Wnonportable-include-path]
[0.728s] #include "utils/Include.hpp"
[0.728s]          ^~~~~~~~~~~~~~~~~~~
[0.728s]          "utils/include.hpp"
[0.739s] In file included from /Users/brodie/ros2_truckplatoon/src/truck/src/truck.cpp:2:
[0.739s] In file included from /Users/brodie/ros2_truckplatoon/src/truck/src/Platoon.hpp:4:
[0.739s] In file included from /Users/brodie/ros2_truckplatoon/src/truck/src/src/Leader.hpp:4:
[0.740s] /Users/brodie/ros2_truckplatoon/src/truck/src/src/Truck.hpp:4:10: warning: non-portable path to file '"utils/include.hpp"'; specified path differs in case from file name on disk [-Wnonportable-include-path]
[0.740s] #include "utils/Include.hpp"
[0.740s]          ^~~~~~~~~~~~~~~~~~~
[0.740s]          "utils/include.hpp"
[0.740s] In file included from /Users/brodie/ros2_truckplatoon/src/truck/src/src/Leader.cpp:1:
[0.740s] In file included from /Users/brodie/ros2_truckplatoon/src/truck/src/src/Leader.hpp:4:
[0.740s] /Users/brodie/ros2_truckplatoon/src/truck/src/src/Truck.hpp:4:10: warning: non-portable path to file '"utils/include.hpp"'; specified path differs in case from file name on disk [-Wnonportable-include-path]
[0.740s] #include "utils/Include.hpp"
[0.740s]          ^~~~~~~~~~~~~~~~~~~
[0.740s]          "utils/include.hpp"
[1.411s] In file included from /Users/brodie/ros2_truckplatoon/src/truck/src/src/Truck.cpp:1:
[1.411s] In file included from /Users/brodie/ros2_truckplatoon/src/truck/src/src/Truck.hpp:7:
[1.411s] /Users/brodie/ros2_truckplatoon/src/truck/src/src/Subscriber.hpp:22:5: error: C++ requires a type specifier for all declarations
[1.411s]     MinimalSubscriber(std::string nodeName = "DefaultNode")
[1.411s]     ^
[1.417s] In file included from /Users/brodie/ros2_truckplatoon/src/truck/src/src/Leader.cpp:1:
[1.417s] In file included from /Users/brodie/ros2_truckplatoon/src/truck/src/src/Leader.hpp:4:
[1.418s] In file included from /Users/brodie/ros2_truckplatoon/src/truck/src/src/Truck.hpp:7:
[1.418s] /Users/brodie/ros2_truckplatoon/src/truck/src/src/Subscriber.hpp:22:5: error: C++ requires a type specifier for all declarations
[1.418s]     MinimalSubscriber(std::string nodeName = "DefaultNode")
[1.418s]     ^
[1.418s] In file included from /Users/brodie/ros2_truckplatoon/src/truck/src/src/Communication.cpp:1:
[1.419s] In file included from /Users/brodie/ros2_truckplatoon/src/truck/src/src/Communication.hpp:3:
[1.419s] In file included from /Users/brodie/ros2_truckplatoon/src/truck/src/src/Truck.hpp:7:
[1.419s] /Users/brodie/ros2_truckplatoon/src/truck/src/src/Subscriber.hpp:22:5: error: C++ requires a type specifier for all declarations
[1.419s]     MinimalSubscriber(std::string nodeName = "DefaultNode")
[1.419s]     ^
[1.422s] /Users/brodie/ros2_truckplatoon/src/truck/src/src/Subscriber.hpp:23:5: error: only constructors take base initializers
[1.422s]     : Node(nodeName)
[1.422s]     ^
[1.422s] /Users/brodie/ros2_truckplatoon/src/truck/src/src/Subscriber.hpp:31:35: error: 'MinimalSubscriber' is not a class, namespace, or enumeration
[1.422s]         TopicName, 10, std::bind(&MinimalSubscriber::topic_callback, this, _1));
[1.422s]                                   ^
[1.423s] /Users/brodie/ros2_truckplatoon/src/truck/src/src/Subscriber.hpp:22:5: note: 'MinimalSubscriber' declared here
[1.423s]     MinimalSubscriber(std::string nodeName = "DefaultNode")
[1.423s]     ^
[1.426s] /Users/brodie/ros2_truckplatoon/src/truck/src/src/Subscriber.hpp:23:5: error: only constructors take base initializers
[1.426s]     : Node(nodeName)
[1.426s]     ^
[1.427s] /Users/brodie/ros2_truckplatoon/src/truck/src/src/Subscriber.hpp:31:35: error: 'MinimalSubscriber' is not a class, namespace, or enumeration
[1.427s]         TopicName, 10, std::bind(&MinimalSubscriber::topic_callback, this, _1));
[1.427s]                                   ^
[1.427s] /Users/brodie/ros2_truckplatoon/src/truck/src/src/Subscriber.hpp:22:5: note: 'MinimalSubscriber' declared here
[1.427s]     MinimalSubscriber(std::string nodeName = "DefaultNode")
[1.427s]     ^
[1.428s] /Users/brodie/ros2_truckplatoon/src/truck/src/src/Subscriber.hpp:23:5: error: only constructors take base initializers
[1.429s]     : Node(nodeName)
[1.429s]     ^
[1.429s] /Users/brodie/ros2_truckplatoon/src/truck/src/src/Subscriber.hpp:31:35: error: 'MinimalSubscriber' is not a class, namespace, or enumeration
[1.429s]         TopicName, 10, std::bind(&MinimalSubscriber::topic_callback, this, _1));
[1.429s]                                   ^
[1.429s] /Users/brodie/ros2_truckplatoon/src/truck/src/src/Subscriber.hpp:22:5: note: 'MinimalSubscriber' declared here
[1.430s]     MinimalSubscriber(std::string nodeName = "DefaultNode")
[1.430s]     ^
[1.433s] /Users/brodie/ros2_truckplatoon/src/truck/src/src/Subscriber.hpp:31:76: error: use of undeclared identifier '_1'; did you mean 'std::placeholders::_1'?
[1.433s]         TopicName, 10, std::bind(&MinimalSubscriber::topic_callback, this, _1));
[1.434s]                                                                            ^~
[1.434s]                                                                            std::placeholders::_1
[1.434s] /Applications/Xcode.app/Contents/Developer/Platforms/MacOSX.platform/Developer/SDKs/MacOSX12.3.sdk/usr/include/c++/v1/__functional/bind.h:61:46: note: 'std::placeholders::_1' declared here
[1.435s] /* _LIBCPP_INLINE_VAR */ constexpr __ph<1>   _1{};
[1.435s]                                              ^
[1.435s] In file included from /Users/brodie/ros2_truckplatoon/src/truck/src/src/Truck.cpp:1:
[1.435s] In file included from /Users/brodie/ros2_truckplatoon/src/truck/src/src/Truck.hpp:7:
[1.435s] /Users/brodie/ros2_truckplatoon/src/truck/src/src/Subscriber.hpp:36:61: error: no member named 'data' in 'message::msg::Message_<std::allocator<void>>'
[1.435s]       RCLCPP_INFO(this->get_logger(), "I heard: '%s'", msg->data.c_str());
[1.435s]                                                        ~~~~~^
[1.436s] /Users/brodie/ros2_foxy/ros2-osx/include/rclcpp/logging.hpp:545:35: note: expanded from macro 'RCLCPP_INFO'
[1.436s]         RCLCPP_ALL_BUT_FIRST_ARGS(__VA_ARGS__,"")); \
[1.436s]                                   ^~~~~~~~~~~
[1.436s] /Users/brodie/ros2_foxy/ros2-osx/include/rclcpp/logging.hpp:36:43: note: expanded from macro 'RCLCPP_ALL_BUT_FIRST_ARGS'
[1.436s] #define RCLCPP_ALL_BUT_FIRST_ARGS(N, ...) __VA_ARGS__
[1.436s]                                           ^~~~~~~~~~~
[1.436s] /Users/brodie/ros2_foxy/ros2-osx/include/rcutils/logging_macros.h:503:5: note: expanded from macro 'RCUTILS_LOG_INFO_NAMED'
[1.436s]     __VA_ARGS__)
[1.437s]     ^~~~~~~~~~~
[1.437s] /Users/brodie/ros2_foxy/ros2-osx/include/rcutils/logging_macros.h:72:64: note: expanded from macro 'RCUTILS_LOG_COND_NAMED'
[1.437s]       rcutils_log(&__rcutils_logging_location, severity, name, __VA_ARGS__); \
[1.437s]                                                                ^~~~~~~~~~~
[1.437s] In file included from /Users/brodie/ros2_truckplatoon/src/truck/src/truck.cpp:2:
[1.437s] In file included from /Users/brodie/ros2_truckplatoon/src/truck/src/Platoon.hpp:4:
[1.438s] In file included from /Users/brodie/ros2_truckplatoon/src/truck/src/src/Leader.hpp:4:
[1.438s] In file included from /Users/brodie/ros2_truckplatoon/src/truck/src/src/Truck.hpp:7:
[1.438s] /Users/brodie/ros2_truckplatoon/src/truck/src/src/Subscriber.hpp:22:5: error: C++ requires a type specifier for all declarations
[1.438s]     MinimalSubscriber(std::string nodeName = "DefaultNode")
[1.438s]     ^
[1.438s] /Users/brodie/ros2_truckplatoon/src/truck/src/src/Subscriber.hpp:31:76: error: use of undeclared identifier '_1'; did you mean 'std::placeholders::_1'?
[1.438s]         TopicName, 10, std::bind(&MinimalSubscriber::topic_callback, this, _1));
[1.439s]                                                                            ^~
[1.439s]                                                                            std::placeholders::_1
[1.439s] /Applications/Xcode.app/Contents/Developer/Platforms/MacOSX.platform/Developer/SDKs/MacOSX12.3.sdk/usr/include/c++/v1/__functional/bind.h:61:46: note: 'std::placeholders::_1' declared here
[1.439s] /* _LIBCPP_INLINE_VAR */ constexpr __ph<1>   _1{};
[1.439s]                                              ^
[1.439s] In file included from /Users/brodie/ros2_truckplatoon/src/truck/src/src/Leader.cpp:1:
[1.439s] In file included from /Users/brodie/ros2_truckplatoon/src/truck/src/src/Leader.hpp:4:
[1.439s] In file included from /Users/brodie/ros2_truckplatoon/src/truck/src/src/Truck.hpp:7:
[1.439s] /Users/brodie/ros2_truckplatoon/src/truck/src/src/Subscriber.hpp:36:61: error: no member named 'data' in 'message::msg::Message_<std::allocator<void>>'
[1.439s]       RCLCPP_INFO(this->get_logger(), "I heard: '%s'", msg->data.c_str());
[1.439s]                                                        ~~~~~^
[1.439s] /Users/brodie/ros2_foxy/ros2-osx/include/rclcpp/logging.hpp:545:35: note: expanded from macro 'RCLCPP_INFO'
[1.440s]         RCLCPP_ALL_BUT_FIRST_ARGS(__VA_ARGS__,"")); \
[1.440s]                                   ^~~~~~~~~~~
[1.440s] /Users/brodie/ros2_foxy/ros2-osx/include/rclcpp/logging.hpp:36:43: note: expanded from macro 'RCLCPP_ALL_BUT_FIRST_ARGS'
[1.440s] #define RCLCPP_ALL_BUT_FIRST_ARGS(N, ...) __VA_ARGS__
[1.440s]                                           ^~~~~~~~~~~
[1.440s] /Users/brodie/ros2_foxy/ros2-osx/include/rcutils/logging_macros.h:503:5: note: expanded from macro 'RCUTILS_LOG_INFO_NAMED'
[1.440s]     __VA_ARGS__)
[1.440s]     ^~~~~~~~~~~
[1.440s] /Users/brodie/ros2_foxy/ros2-osx/include/rcutils/logging_macros.h:72:64: note: expanded from macro 'RCUTILS_LOG_COND_NAMED'
[1.440s]       rcutils_log(&__rcutils_logging_location, severity, name, __VA_ARGS__); \
[1.440s]                                                                ^~~~~~~~~~~
[1.441s] /Users/brodie/ros2_truckplatoon/src/truck/src/src/Subscriber.hpp:31:76: error: use of undeclared identifier '_1'; did you mean 'std::placeholders::_1'?
[1.441s]         TopicName, 10, std::bind(&MinimalSubscriber::topic_callback, this, _1));
[1.441s]                                                                            ^~
[1.441s]                                                                            std::placeholders::_1
[1.442s] /Applications/Xcode.app/Contents/Developer/Platforms/MacOSX.platform/Developer/SDKs/MacOSX12.3.sdk/usr/include/c++/v1/__functional/bind.h:61:46: note: 'std::placeholders::_1' declared here
[1.442s] /* _LIBCPP_INLINE_VAR */ constexpr __ph<1>   _1{};
[1.442s]                                              ^
[1.443s] In file included from /Users/brodie/ros2_truckplatoon/src/truck/src/src/Communication.cpp:1:
[1.443s] In file included from /Users/brodie/ros2_truckplatoon/src/truck/src/src/Communication.hpp:3:
[1.443s] In file included from /Users/brodie/ros2_truckplatoon/src/truck/src/src/Truck.hpp:7:
[1.443s] /Users/brodie/ros2_truckplatoon/src/truck/src/src/Subscriber.hpp:36:61: error: no member named 'data' in 'message::msg::Message_<std::allocator<void>>'
[1.444s]       RCLCPP_INFO(this->get_logger(), "I heard: '%s'", msg->data.c_str());
[1.444s]                                                        ~~~~~^
[1.444s] /Users/brodie/ros2_foxy/ros2-osx/include/rclcpp/logging.hpp:545:35: note: expanded from macro 'RCLCPP_INFO'
[1.444s]         RCLCPP_ALL_BUT_FIRST_ARGS(__VA_ARGS__,"")); \
[1.444s]                                   ^~~~~~~~~~~
[1.444s] /Users/brodie/ros2_foxy/ros2-osx/include/rclcpp/logging.hpp:36:43: note: expanded from macro 'RCLCPP_ALL_BUT_FIRST_ARGS'
[1.445s] #define RCLCPP_ALL_BUT_FIRST_ARGS(N, ...) __VA_ARGS__
[1.445s]                                           ^~~~~~~~~~~
[1.445s] /Users/brodie/ros2_foxy/ros2-osx/include/rcutils/logging_macros.h:503:5: note: expanded from macro 'RCUTILS_LOG_INFO_NAMED'
[1.445s]     __VA_ARGS__)
[1.445s]     ^~~~~~~~~~~
[1.445s] /Users/brodie/ros2_foxy/ros2-osx/include/rcutils/logging_macros.h:72:64: note: expanded from macro 'RCUTILS_LOG_COND_NAMED'
[1.446s]       rcutils_log(&__rcutils_logging_location, severity, name, __VA_ARGS__); \
[1.446s]                                                                ^~~~~~~~~~~
[1.446s] /Users/brodie/ros2_truckplatoon/src/truck/src/src/Subscriber.hpp:23:5: error: only constructors take base initializers
[1.446s]     : Node(nodeName)
[1.446s]     ^
[1.446s] /Users/brodie/ros2_truckplatoon/src/truck/src/src/Subscriber.hpp:31:35: error: 'MinimalSubscriber' is not a class, namespace, or enumeration
[1.446s]         TopicName, 10, std::bind(&MinimalSubscriber::topic_callback, this, _1));
[1.447s]                                   ^
[1.447s] /Users/brodie/ros2_truckplatoon/src/truck/src/src/Subscriber.hpp:22:5: note: 'MinimalSubscriber' declared here
[1.447s]     MinimalSubscriber(std::string nodeName = "DefaultNode")
[1.447s]     ^
[1.452s] /Users/brodie/ros2_truckplatoon/src/truck/src/src/Subscriber.hpp:31:76: error: use of undeclared identifier '_1'; did you mean 'std::placeholders::_1'?
[1.452s]         TopicName, 10, std::bind(&MinimalSubscriber::topic_callback, this, _1));
[1.453s]                                                                            ^~
[1.453s]                                                                            std::placeholders::_1
[1.453s] /Applications/Xcode.app/Contents/Developer/Platforms/MacOSX.platform/Developer/SDKs/MacOSX12.3.sdk/usr/include/c++/v1/__functional/bind.h:61:46: note: 'std::placeholders::_1' declared here
[1.454s] /* _LIBCPP_INLINE_VAR */ constexpr __ph<1>   _1{};
[1.454s]                                              ^
[1.454s] In file included from /Users/brodie/ros2_truckplatoon/src/truck/src/truck.cpp:2:
[1.454s] In file included from /Users/brodie/ros2_truckplatoon/src/truck/src/Platoon.hpp:4:
[1.454s] In file included from /Users/brodie/ros2_truckplatoon/src/truck/src/src/Leader.hpp:4:
[1.454s] In file included from /Users/brodie/ros2_truckplatoon/src/truck/src/src/Truck.hpp:7:
[1.454s] /Users/brodie/ros2_truckplatoon/src/truck/src/src/Subscriber.hpp:36:61: error: no member named 'data' in 'message::msg::Message_<std::allocator<void>>'
[1.455s]       RCLCPP_INFO(this->get_logger(), "I heard: '%s'", msg->data.c_str());
[1.455s]                                                        ~~~~~^
[1.455s] /Users/brodie/ros2_foxy/ros2-osx/include/rclcpp/logging.hpp:545:35: note: expanded from macro 'RCLCPP_INFO'
[1.455s]         RCLCPP_ALL_BUT_FIRST_ARGS(__VA_ARGS__,"")); \
[1.456s]                                   ^~~~~~~~~~~
[1.456s] /Users/brodie/ros2_foxy/ros2-osx/include/rclcpp/logging.hpp:36:43: note: expanded from macro 'RCLCPP_ALL_BUT_FIRST_ARGS'
[1.456s] #define RCLCPP_ALL_BUT_FIRST_ARGS(N, ...) __VA_ARGS__
[1.456s]                                           ^~~~~~~~~~~
[1.456s] /Users/brodie/ros2_foxy/ros2-osx/include/rcutils/logging_macros.h:503:5: note: expanded from macro 'RCUTILS_LOG_INFO_NAMED'
[1.456s]     __VA_ARGS__)
[1.456s]     ^~~~~~~~~~~
[1.457s] /Users/brodie/ros2_foxy/ros2-osx/include/rcutils/logging_macros.h:72:64: note: expanded from macro 'RCUTILS_LOG_COND_NAMED'
[1.457s]       rcutils_log(&__rcutils_logging_location, severity, name, __VA_ARGS__); \
[1.457s]                                                                ^~~~~~~~~~~
[1.457s] In file included from /Users/brodie/ros2_truckplatoon/src/truck/src/truck.cpp:2:
[1.457s] /Users/brodie/ros2_truckplatoon/src/truck/src/Platoon.hpp:8:10: warning: non-portable path to file '"src/utils/include.hpp"'; specified path differs in case from file name on disk [-Wnonportable-include-path]
[1.457s] #include "src/utils/Include.hpp"
[1.457s]          ^~~~~~~~~~~~~~~~~~~~~~~
[1.457s]          "src/utils/include.hpp"
[1.896s] 1 warning and 5 errors generated.
[1.906s] 1 warning and 5 errors generated.
[1.912s] gmake[2]: *** [CMakeFiles/truck.dir/build.make:108: CMakeFiles/truck.dir/src/src/Leader.cpp.o] Error 1
[1.912s] gmake[2]: *** Waiting for unfinished jobs....
[1.913s] In file included from /Users/brodie/ros2_truckplatoon/src/truck/src/truck.cpp:2:
[1.913s] In file included from /Users/brodie/ros2_truckplatoon/src/truck/src/Platoon.hpp:11:
[1.914s] /Users/brodie/ros2_truckplatoon/src/truck/src/src/DrivingEvent.hpp:9:15: warning: private field '_speed' is not used [-Wunused-private-field]
[1.914s]     speedType _speed;
[1.914s]               ^
[1.914s] /Users/brodie/ros2_truckplatoon/src/truck/src/src/DrivingEvent.hpp:10:23: warning: private field '_stearingAngle' is not used [-Wunused-private-field]
[1.914s]     stearingAngleType _stearingAngle;
[1.914s]                       ^
[1.914s] /Users/brodie/ros2_truckplatoon/src/truck/src/src/DrivingEvent.hpp:11:18: warning: private field '_distance' is not used [-Wunused-private-field]
[1.915s]     distanceType _distance;
[1.915s]                  ^
[1.915s] 5 warnings and 5 errors generated.
[1.920s] In file included from /Users/brodie/ros2_truckplatoon/src/truck/src/src/Truck.cpp:1:
[1.920s] In file included from /Users/brodie/ros2_truckplatoon/src/truck/src/src/Truck.hpp:3:
[1.920s] In file included from /Users/brodie/ros2_truckplatoon/src/truck/src/src/utils/PlatoonTypes.hpp:5:
[1.920s] In file included from /Users/brodie/ros2_truckplatoon/src/truck/src/src/utils/Include.hpp:3:
[1.921s] In file included from /Applications/Xcode.app/Contents/Developer/Platforms/MacOSX.platform/Developer/SDKs/MacOSX12.3.sdk/usr/include/c++/v1/iostream:37:
[1.921s] In file included from /Applications/Xcode.app/Contents/Developer/Platforms/MacOSX.platform/Developer/SDKs/MacOSX12.3.sdk/usr/include/c++/v1/ios:214:
[1.921s] In file included from /Applications/Xcode.app/Contents/Developer/Platforms/MacOSX.platform/Developer/SDKs/MacOSX12.3.sdk/usr/include/c++/v1/__locale:15:
[1.921s] In file included from /Applications/Xcode.app/Contents/Developer/Platforms/MacOSX.platform/Developer/SDKs/MacOSX12.3.sdk/usr/include/c++/v1/string:522:
[1.921s] In file included from /Applications/Xcode.app/Contents/Developer/Platforms/MacOSX.platform/Developer/SDKs/MacOSX12.3.sdk/usr/include/c++/v1/algorithm:653:
[1.921s] In file included from /Applications/Xcode.app/Contents/Developer/Platforms/MacOSX.platform/Developer/SDKs/MacOSX12.3.sdk/usr/include/c++/v1/functional:500:
[1.921s] In file included from /Applications/Xcode.app/Contents/Developer/Platforms/MacOSX.platform/Developer/SDKs/MacOSX12.3.sdk/usr/include/c++/v1/__functional/function.h:20:
[1.922s] /Applications/Xcode.app/Contents/Developer/Platforms/MacOSX.platform/Developer/SDKs/MacOSX12.3.sdk/usr/include/c++/v1/__memory/shared_ptr.h:298:37: error: no matching constructor for initialization of 'Subscriber'
[1.922s]         ::new ((void*)__get_elem()) _Tp(_VSTD::forward<_Args>(__args)...);
[1.922s]                                     ^   ~~~~~~~~~~~~~~~~~~~~~~~~~~~~~
[1.922s] /Applications/Xcode.app/Contents/Developer/Platforms/MacOSX.platform/Developer/SDKs/MacOSX12.3.sdk/usr/include/c++/v1/__memory/shared_ptr.h:1106:55: note: in instantiation of function template specialization 'std::__shared_ptr_emplace<Subscriber, std::allocator<Subscriber>>::__shared_ptr_emplace<std::string>' requested here
[1.922s]     ::new ((void*)_VSTD::addressof(*__guard.__get())) _ControlBlock(__a, _VSTD::forward<_Args>(__args)...);
[1.922s]                                                       ^
[1.922s] /Applications/Xcode.app/Contents/Developer/Platforms/MacOSX.platform/Developer/SDKs/MacOSX12.3.sdk/usr/include/c++/v1/__memory/shared_ptr.h:1115:19: note: in instantiation of function template specialization 'std::allocate_shared<Subscriber, std::allocator<Subscriber>, std::string, void>' requested here
[1.922s]     return _VSTD::allocate_shared<_Tp>(allocator<_Tp>(), _VSTD::forward<_Args>(__args)...);
[1.923s]                   ^
[1.923s] /Users/brodie/ros2_truckplatoon/src/truck/src/src/Truck.cpp:26:31: note: in instantiation of function template specialization 'std::make_shared<Subscriber, std::string, void>' requested here
[1.923s]     this ->_subscriber = std::make_shared<Subscriber>("Truck_" + std::to_string(_id));
[1.923s]                               ^
[1.923s] /Users/brodie/ros2_truckplatoon/src/truck/src/src/Subscriber.hpp:19:7: note: candidate constructor (the implicit copy constructor) not viable: no known conversion from 'std::string' to 'const Subscriber' for 1st argument
[1.923s] class Subscriber : public rclcpp::Node
[1.923s]       ^
[1.923s] /Users/brodie/ros2_truckplatoon/src/truck/src/src/Subscriber.hpp:19:7: note: candidate constructor (the implicit default constructor) not viable: requires 0 arguments, but 1 was provided
[1.926s] gmake[2]: *** [CMakeFiles/truck.dir/build.make:121: CMakeFiles/truck.dir/src/src/Communication.cpp.o] Error 1
[1.930s] gmake[2]: *** [CMakeFiles/truck.dir/build.make:82: CMakeFiles/truck.dir/src/truck.cpp.o] Error 1
[1.944s] 1 warning and 6 errors generated.
[1.958s] gmake[2]: *** [CMakeFiles/truck.dir/build.make:95: CMakeFiles/truck.dir/src/src/Truck.cpp.o] Error 1
[1.959s] gmake[1]: *** [CMakeFiles/Makefile2:97: CMakeFiles/truck.dir/all] Error 2
[1.959s] gmake: *** [Makefile:160: all] Error 2
[1.961s] Invoked command in '/Users/brodie/ros2_truckplatoon/build/truck' returned '2': CMAKE_PREFIX_PATH=${CMAKE_PREFIX_PATH}:/Users/brodie/my_workspace/install/my_package SHLVL=2 _=/usr/bin/env /usr/local/bin/cmake --build /Users/brodie/ros2_truckplatoon/build/truck -- -j8 -l8
