[0.055s] Invoking command in '/Users/brodie/ros2_truckplatoon/build/truck': CMAKE_PREFIX_PATH=${CMAKE_PREFIX_PATH}:/Users/brodie/my_workspace/install/my_package SHLVL=2 _=/usr/bin/env /usr/local/bin/cmake --build /Users/brodie/ros2_truckplatoon/build/truck -- -j8 -l8
[0.171s] Scanning dependencies of target truck
[0.205s] [ 16%] Building CXX object CMakeFiles/truck.dir/src/src/Truck.cpp.o
[0.206s] [ 33%] Building CXX object CMakeFiles/truck.dir/src/truck.cpp.o
[0.207s] [ 50%] Building CXX object CMakeFiles/truck.dir/src/src/Leader.cpp.o
[0.209s] [ 66%] Building CXX object CMakeFiles/truck.dir/src/src/Communication.cpp.o
[0.888s] In file included from /Users/brodie/ros2_truckplatoon/src/truck/src/src/Truck.cpp:1:
[0.888s] /Users/brodie/ros2_truckplatoon/src/truck/src/src/Truck.hpp:4:10: warning: non-portable path to file '"utils/include.hpp"'; specified path differs in case from file name on disk [-Wnonportable-include-path]
[0.888s] #include "utils/Include.hpp"
[0.888s]          ^~~~~~~~~~~~~~~~~~~
[0.889s]          "utils/include.hpp"
[0.889s] In file included from /Users/brodie/ros2_truckplatoon/src/truck/src/src/Leader.cpp:1:
[0.889s] In file included from /Users/brodie/ros2_truckplatoon/src/truck/src/src/Leader.hpp:4:
[0.890s] /Users/brodie/ros2_truckplatoon/src/truck/src/src/Truck.hpp:4:10: warning: non-portable path to file '"utils/include.hpp"'; specified path differs in case from file name on disk [-Wnonportable-include-path]
[0.890s] #include "utils/Include.hpp"
[0.890s]          ^~~~~~~~~~~~~~~~~~~
[0.890s]          "utils/include.hpp"
[0.891s] In file included from /Users/brodie/ros2_truckplatoon/src/truck/src/src/Communication.cpp:1:
[0.891s] In file included from /Users/brodie/ros2_truckplatoon/src/truck/src/src/Communication.hpp:3:
[0.891s] /Users/brodie/ros2_truckplatoon/src/truck/src/src/Truck.hpp:4:10: warning: non-portable path to file '"utils/include.hpp"'; specified path differs in case from file name on disk [-Wnonportable-include-path]
[0.891s] #include "utils/Include.hpp"
[0.891s]          ^~~~~~~~~~~~~~~~~~~
[0.892s]          "utils/include.hpp"
[0.899s] In file included from /Users/brodie/ros2_truckplatoon/src/truck/src/truck.cpp:2:
[0.899s] In file included from /Users/brodie/ros2_truckplatoon/src/truck/src/Platoon.hpp:4:
[0.900s] In file included from /Users/brodie/ros2_truckplatoon/src/truck/src/src/Leader.hpp:4:
[0.900s] /Users/brodie/ros2_truckplatoon/src/truck/src/src/Truck.hpp:4:10: warning: non-portable path to file '"utils/include.hpp"'; specified path differs in case from file name on disk [-Wnonportable-include-path]
[0.900s] #include "utils/Include.hpp"
[0.900s]          ^~~~~~~~~~~~~~~~~~~
[0.900s]          "utils/include.hpp"
[1.667s] In file included from /Users/brodie/ros2_truckplatoon/src/truck/src/src/Truck.cpp:1:
[1.667s] In file included from /Users/brodie/ros2_truckplatoon/src/truck/src/src/Truck.hpp:6:
[1.667s] /Users/brodie/ros2_truckplatoon/src/truck/src/src/NodePublisher.hpp:42:17: error: invalid use of 'this' outside of a non-static member function
[1.667s]     RCLCPP_INFO(this->get_logger(), "Publishing: '%d'", message.sender_position);    // CHANGE
[1.667s]                 ^
[1.667s] /Users/brodie/ros2_truckplatoon/src/truck/src/src/NodePublisher.hpp:42:17: error: invalid use of 'this' outside of a non-static member function
[1.667s] /Users/brodie/ros2_truckplatoon/src/truck/src/src/NodePublisher.hpp:42:17: error: invalid use of 'this' outside of a non-static member function
[1.668s] /Users/brodie/ros2_truckplatoon/src/truck/src/src/NodePublisher.hpp:43:5: error: invalid use of member 'publishers_' in static member function
[1.668s]     publishers_[TopicName]->publish(message);
[1.668s]     ^~~~~~~~~~~
[1.668s] In file included from /Users/brodie/ros2_truckplatoon/src/truck/src/src/Communication.cpp:1:
[1.668s] In file included from /Users/brodie/ros2_truckplatoon/src/truck/src/src/Communication.hpp:3:
[1.668s] In file included from /Users/brodie/ros2_truckplatoon/src/truck/src/src/Truck.hpp:6:
[1.668s] /Users/brodie/ros2_truckplatoon/src/truck/src/src/NodePublisher.hpp:42:17: error: invalid use of 'this' outside of a non-static member function
[1.669s]     RCLCPP_INFO(this->get_logger(), "Publishing: '%d'", message.sender_position);    // CHANGE
[1.669s]                 ^
[1.669s] /Users/brodie/ros2_truckplatoon/src/truck/src/src/NodePublisher.hpp:42:17: error: invalid use of 'this' outside of a non-static member function
[1.669s] /Users/brodie/ros2_truckplatoon/src/truck/src/src/NodePublisher.hpp:42:17: error: invalid use of 'this' outside of a non-static member function
[1.669s] /Users/brodie/ros2_truckplatoon/src/truck/src/src/NodePublisher.hpp:43:5: error: invalid use of member 'publishers_' in static member function
[1.669s]     publishers_[TopicName]->publish(message);
[1.670s]     ^~~~~~~~~~~
[1.670s] In file included from /Users/brodie/ros2_truckplatoon/src/truck/src/truck.cpp:2:
[1.670s] In file included from /Users/brodie/ros2_truckplatoon/src/truck/src/Platoon.hpp:4:
[1.670s] In file included from /Users/brodie/ros2_truckplatoon/src/truck/src/src/Leader.hpp:4:
[1.670s] In file included from /Users/brodie/ros2_truckplatoon/src/truck/src/src/Truck.hpp:6:
[1.671s] /Users/brodie/ros2_truckplatoon/src/truck/src/src/NodePublisher.hpp:42:17: error: invalid use of 'this' outside of a non-static member function
[1.671s]     RCLCPP_INFO(this->get_logger(), "Publishing: '%d'", message.sender_position);    // CHANGE
[1.671s]                 ^
[1.671s] /Users/brodie/ros2_truckplatoon/src/truck/src/src/NodePublisher.hpp:42:17: error: invalid use of 'this' outside of a non-static member function
[1.671s] /Users/brodie/ros2_truckplatoon/src/truck/src/src/NodePublisher.hpp:42:17: error: invalid use of 'this' outside of a non-static member function
[1.671s] /Users/brodie/ros2_truckplatoon/src/truck/src/src/NodePublisher.hpp:43:5: error: invalid use of member 'publishers_' in static member function
[1.671s]     publishers_[TopicName]->publish(message);
[1.672s]     ^~~~~~~~~~~
[1.672s] In file included from /Users/brodie/ros2_truckplatoon/src/truck/src/truck.cpp:2:
[1.672s] /Users/brodie/ros2_truckplatoon/src/truck/src/Platoon.hpp:8:10: warning: non-portable path to file '"src/utils/include.hpp"'; specified path differs in case from file name on disk [-Wnonportable-include-path]
[1.672s] #include "src/utils/Include.hpp"
[1.672s]          ^~~~~~~~~~~~~~~~~~~~~~~
[1.672s]          "src/utils/include.hpp"
[1.683s] In file included from /Users/brodie/ros2_truckplatoon/src/truck/src/src/Leader.cpp:1:
[1.684s] In file included from /Users/brodie/ros2_truckplatoon/src/truck/src/src/Leader.hpp:4:
[1.684s] In file included from /Users/brodie/ros2_truckplatoon/src/truck/src/src/Truck.hpp:6:
[1.684s] /Users/brodie/ros2_truckplatoon/src/truck/src/src/NodePublisher.hpp:42:17: error: invalid use of 'this' outside of a non-static member function
[1.684s]     RCLCPP_INFO(this->get_logger(), "Publishing: '%d'", message.sender_position);    // CHANGE
[1.684s]                 ^
[1.684s] /Users/brodie/ros2_truckplatoon/src/truck/src/src/NodePublisher.hpp:42:17: error: invalid use of 'this' outside of a non-static member function
[1.685s] /Users/brodie/ros2_truckplatoon/src/truck/src/src/NodePublisher.hpp:42:17: error: invalid use of 'this' outside of a non-static member function
[1.685s] /Users/brodie/ros2_truckplatoon/src/truck/src/src/NodePublisher.hpp:43:5: error: invalid use of member 'publishers_' in static member function
[1.685s]     publishers_[TopicName]->publish(message);
[1.685s]     ^~~~~~~~~~~
[2.120s] 1 warning and 4 errors generated.
[2.127s] In file included from /Users/brodie/ros2_truckplatoon/src/truck/src/truck.cpp:2:
[2.128s] In file included from /Users/brodie/ros2_truckplatoon/src/truck/src/Platoon.hpp:11:
[2.128s] /Users/brodie/ros2_truckplatoon/src/truck/src/src/DrivingEvent.hpp:9:15: warning: private field '_speed' is not used [-Wunused-private-field]
[2.128s]     speedType _speed;
[2.128s]               ^
[2.128s] /Users/brodie/ros2_truckplatoon/src/truck/src/src/DrivingEvent.hpp:10:23: warning: private field '_stearingAngle' is not used [-Wunused-private-field]
[2.129s]     stearingAngleType _stearingAngle;
[2.129s]                       ^
[2.129s] /Users/brodie/ros2_truckplatoon/src/truck/src/src/DrivingEvent.hpp:11:18: warning: private field '_distance' is not used [-Wunused-private-field]
[2.129s]     distanceType _distance;
[2.129s]                  ^
[2.129s] 5 warnings and 4 errors generated.
[2.134s] gmake[2]: *** [CMakeFiles/truck.dir/build.make:121: CMakeFiles/truck.dir/src/src/Communication.cpp.o] Error 1
[2.134s] gmake[2]: *** Waiting for unfinished jobs....
[2.143s] gmake[2]: *** [CMakeFiles/truck.dir/build.make:82: CMakeFiles/truck.dir/src/truck.cpp.o] Error 1
[2.143s] 1 warning and 4 errors generated.
[2.155s] gmake[2]: *** [CMakeFiles/truck.dir/build.make:108: CMakeFiles/truck.dir/src/src/Leader.cpp.o] Error 1
[2.164s] 1 warning and 4 errors generated.
[2.176s] gmake[2]: *** [CMakeFiles/truck.dir/build.make:95: CMakeFiles/truck.dir/src/src/Truck.cpp.o] Error 1
[2.177s] gmake[1]: *** [CMakeFiles/Makefile2:97: CMakeFiles/truck.dir/all] Error 2
[2.177s] gmake: *** [Makefile:160: all] Error 2
[2.179s] Invoked command in '/Users/brodie/ros2_truckplatoon/build/truck' returned '2': CMAKE_PREFIX_PATH=${CMAKE_PREFIX_PATH}:/Users/brodie/my_workspace/install/my_package SHLVL=2 _=/usr/bin/env /usr/local/bin/cmake --build /Users/brodie/ros2_truckplatoon/build/truck -- -j8 -l8
