[0.050s] Invoking command in '/Users/brodie/ros2_truckplatoon/build/truck': CMAKE_PREFIX_PATH=${CMAKE_PREFIX_PATH}:/Users/brodie/my_workspace/install/my_package SHLVL=2 _=/usr/bin/env /usr/local/bin/cmake --build /Users/brodie/ros2_truckplatoon/build/truck -- -j8 -l8
[0.138s] Scanning dependencies of target truck
[0.158s] [ 50%] Building CXX object CMakeFiles/truck.dir/src/src/Communication.cpp.o
[0.159s] [ 50%] Building CXX object CMakeFiles/truck.dir/src/truck.cpp.o
[0.159s] [ 50%] Building CXX object CMakeFiles/truck.dir/src/src/Leader.cpp.o
[0.159s] [ 66%] Building CXX object CMakeFiles/truck.dir/src/src/Truck.cpp.o
[0.623s] In file included from /Users/brodie/ros2_truckplatoon/src/truck/src/src/Truck.cpp:1:
[0.624s] /Users/brodie/ros2_truckplatoon/src/truck/src/src/Truck.hpp:4:10: warning: non-portable path to file '"utils/include.hpp"'; specified path differs in case from file name on disk [-Wnonportable-include-path]
[0.624s] #include "utils/Include.hpp"
[0.624s]          ^~~~~~~~~~~~~~~~~~~
[0.624s]          "utils/include.hpp"
[0.625s] In file included from /Users/brodie/ros2_truckplatoon/src/truck/src/src/Communication.cpp:1:
[0.625s] In file included from /Users/brodie/ros2_truckplatoon/src/truck/src/src/Communication.hpp:3:
[0.625s] /Users/brodie/ros2_truckplatoon/src/truck/src/src/Truck.hpp:4:10: warning: non-portable path to file '"utils/include.hpp"'; specified path differs in case from file name on disk [-Wnonportable-include-path]
[0.625s] #include "utils/Include.hpp"
[0.625s]          ^~~~~~~~~~~~~~~~~~~
[0.625s]          "utils/include.hpp"
[0.627s] In file included from /Users/brodie/ros2_truckplatoon/src/truck/src/truck.cpp:2:
[0.627s] In file included from /Users/brodie/ros2_truckplatoon/src/truck/src/Platoon.hpp:4:
[0.628s] In file included from /Users/brodie/ros2_truckplatoon/src/truck/src/src/Leader.hpp:4:
[0.628s] /Users/brodie/ros2_truckplatoon/src/truck/src/src/Truck.hpp:4:10: warning: non-portable path to file '"utils/include.hpp"'; specified path differs in case from file name on disk [-Wnonportable-include-path]
[0.628s] #include "utils/Include.hpp"
[0.628s]          ^~~~~~~~~~~~~~~~~~~
[0.628s]          "utils/include.hpp"
[0.633s] In file included from /Users/brodie/ros2_truckplatoon/src/truck/src/src/Leader.cpp:1:
[0.634s] In file included from /Users/brodie/ros2_truckplatoon/src/truck/src/src/Leader.hpp:4:
[0.634s] /Users/brodie/ros2_truckplatoon/src/truck/src/src/Truck.hpp:4:10: warning: non-portable path to file '"utils/include.hpp"'; specified path differs in case from file name on disk [-Wnonportable-include-path]
[0.634s] #include "utils/Include.hpp"
[0.634s]          ^~~~~~~~~~~~~~~~~~~
[0.634s]          "utils/include.hpp"
[1.251s] In file included from /Users/brodie/ros2_truckplatoon/src/truck/src/src/Truck.cpp:1:
[1.251s] In file included from /Users/brodie/ros2_truckplatoon/src/truck/src/src/Truck.hpp:6:
[1.251s] /Users/brodie/ros2_truckplatoon/src/truck/src/src/Publisher.hpp:26:20: error: use of undeclared identifier 'TopicName2'; did you mean 'TopicName'?
[1.251s]     500ms, [this, &TopicName2]() -> void { this->callback(TopicName); });
[1.251s]                    ^~~~~~~~~~
[1.252s]                    TopicName
[1.252s] /Users/brodie/ros2_truckplatoon/src/truck/src/src/Publisher.hpp:23:15: note: 'TopicName' declared here
[1.252s]   std::string TopicName = "Platoon";
[1.252s]               ^
[1.253s] In file included from /Users/brodie/ros2_truckplatoon/src/truck/src/src/Communication.cpp:1:
[1.253s] In file included from /Users/brodie/ros2_truckplatoon/src/truck/src/src/Communication.hpp:3:
[1.253s] In file included from /Users/brodie/ros2_truckplatoon/src/truck/src/src/Truck.hpp:6:
[1.253s] /Users/brodie/ros2_truckplatoon/src/truck/src/src/Publisher.hpp:26:20: error: use of undeclared identifier 'TopicName2'; did you mean 'TopicName'?
[1.253s]     500ms, [this, &TopicName2]() -> void { this->callback(TopicName); });
[1.253s]                    ^~~~~~~~~~
[1.253s]                    TopicName
[1.253s] /Users/brodie/ros2_truckplatoon/src/truck/src/src/Publisher.hpp:23:15: note: 'TopicName' declared here
[1.254s]   std::string TopicName = "Platoon";
[1.254s]               ^
[1.259s] In file included from /Users/brodie/ros2_truckplatoon/src/truck/src/truck.cpp:2:
[1.259s] In file included from /Users/brodie/ros2_truckplatoon/src/truck/src/Platoon.hpp:4:
[1.259s] In file included from /Users/brodie/ros2_truckplatoon/src/truck/src/src/Leader.hpp:4:
[1.259s] In file included from /Users/brodie/ros2_truckplatoon/src/truck/src/src/Truck.hpp:6:
[1.259s] /Users/brodie/ros2_truckplatoon/src/truck/src/src/Publisher.hpp:26:20: error: use of undeclared identifier 'TopicName2'; did you mean 'TopicName'?
[1.259s]     500ms, [this, &TopicName2]() -> void { this->callback(TopicName); });
[1.260s]                    ^~~~~~~~~~
[1.260s]                    TopicName
[1.260s] /Users/brodie/ros2_truckplatoon/src/truck/src/src/Publisher.hpp:23:15: note: 'TopicName' declared here
[1.260s]   std::string TopicName = "Platoon";
[1.260s]               ^
[1.263s] In file included from /Users/brodie/ros2_truckplatoon/src/truck/src/src/Leader.cpp:1:
[1.263s] In file included from /Users/brodie/ros2_truckplatoon/src/truck/src/src/Leader.hpp:4:
[1.263s] In file included from /Users/brodie/ros2_truckplatoon/src/truck/src/src/Truck.hpp:6:
[1.263s] /Users/brodie/ros2_truckplatoon/src/truck/src/src/Publisher.hpp:26:20: error: use of undeclared identifier 'TopicName2'; did you mean 'TopicName'?
[1.263s]     500ms, [this, &TopicName2]() -> void { this->callback(TopicName); });
[1.263s]                    ^~~~~~~~~~
[1.264s]                    TopicName
[1.264s] /Users/brodie/ros2_truckplatoon/src/truck/src/src/Publisher.hpp:23:15: note: 'TopicName' declared here
[1.264s]   std::string TopicName = "Platoon";
[1.264s]               ^
[1.275s] In file included from /Users/brodie/ros2_truckplatoon/src/truck/src/src/Communication.cpp:1:
[1.275s] In file included from /Users/brodie/ros2_truckplatoon/src/truck/src/src/Communication.hpp:3:
[1.275s] In file included from /Users/brodie/ros2_truckplatoon/src/truck/src/src/Truck.hpp:7:
[1.275s] /Users/brodie/ros2_truckplatoon/src/truck/src/src/Subscriber.hpp:37:64: warning: unused parameter 'msg' [-Wunused-parameter]
[1.276s]     void topic_callback(const message::msg::Message::SharedPtr msg) const
[1.276s]                                                                ^
[1.277s] In file included from /Users/brodie/ros2_truckplatoon/src/truck/src/src/Truck.cpp:1:
[1.278s] In file included from /Users/brodie/ros2_truckplatoon/src/truck/src/src/Truck.hpp:7:
[1.278s] /Users/brodie/ros2_truckplatoon/src/truck/src/src/Subscriber.hpp:37:64: warning: unused parameter 'msg' [-Wunused-parameter]
[1.278s]     void topic_callback(const message::msg::Message::SharedPtr msg) const
[1.278s]                                                                ^
[1.281s] In file included from /Users/brodie/ros2_truckplatoon/src/truck/src/truck.cpp:2:
[1.281s] In file included from /Users/brodie/ros2_truckplatoon/src/truck/src/Platoon.hpp:4:
[1.281s] In file included from /Users/brodie/ros2_truckplatoon/src/truck/src/src/Leader.hpp:4:
[1.281s] In file included from /Users/brodie/ros2_truckplatoon/src/truck/src/src/Truck.hpp:7:
[1.281s] /Users/brodie/ros2_truckplatoon/src/truck/src/src/Subscriber.hpp:37:64: warning: unused parameter 'msg' [-Wunused-parameter]
[1.281s]     void topic_callback(const message::msg::Message::SharedPtr msg) const
[1.282s]                                                                ^
[1.283s] In file included from /Users/brodie/ros2_truckplatoon/src/truck/src/truck.cpp:2:
[1.283s] /Users/brodie/ros2_truckplatoon/src/truck/src/Platoon.hpp:8:10: warning: non-portable path to file '"src/utils/include.hpp"'; specified path differs in case from file name on disk [-Wnonportable-include-path]
[1.283s] #include "src/utils/Include.hpp"
[1.283s]          ^~~~~~~~~~~~~~~~~~~~~~~
[1.283s]          "src/utils/include.hpp"
[1.289s] In file included from /Users/brodie/ros2_truckplatoon/src/truck/src/src/Leader.cpp:1:
[1.289s] In file included from /Users/brodie/ros2_truckplatoon/src/truck/src/src/Leader.hpp:4:
[1.289s] In file included from /Users/brodie/ros2_truckplatoon/src/truck/src/src/Truck.hpp:7:
[1.289s] /Users/brodie/ros2_truckplatoon/src/truck/src/src/Subscriber.hpp:37:64: warning: unused parameter 'msg' [-Wunused-parameter]
[1.290s]     void topic_callback(const message::msg::Message::SharedPtr msg) const
[1.290s]                                                                ^
[2.085s] 2 warnings and 1 error generated.
[2.093s] In file included from /Users/brodie/ros2_truckplatoon/src/truck/src/truck.cpp:2:
[2.093s] In file included from /Users/brodie/ros2_truckplatoon/src/truck/src/Platoon.hpp:11:
[2.094s] /Users/brodie/ros2_truckplatoon/src/truck/src/src/DrivingEvent.hpp:9:15: warning: private field '_speed' is not used [-Wunused-private-field]
[2.094s]     speedType _speed;
[2.094s]               ^
[2.094s] /Users/brodie/ros2_truckplatoon/src/truck/src/src/DrivingEvent.hpp:10:23: warning: private field '_stearingAngle' is not used [-Wunused-private-field]
[2.094s]     stearingAngleType _stearingAngle;
[2.094s]                       ^
[2.094s] /Users/brodie/ros2_truckplatoon/src/truck/src/src/DrivingEvent.hpp:11:18: warning: private field '_distance' is not used [-Wunused-private-field]
[2.094s]     distanceType _distance;
[2.094s]                  ^
[2.094s] 2 warnings and 1 error generated.
[2.094s] 6 warnings and 1 error generated.
[2.103s] gmake[2]: *** [CMakeFiles/truck.dir/build.make:121: CMakeFiles/truck.dir/src/src/Communication.cpp.o] Error 1
[2.103s] gmake[2]: *** Waiting for unfinished jobs....
[2.112s] gmake[2]: *** [CMakeFiles/truck.dir/build.make:108: CMakeFiles/truck.dir/src/src/Leader.cpp.o] Error 1
[2.112s] gmake[2]: *** [CMakeFiles/truck.dir/build.make:82: CMakeFiles/truck.dir/src/truck.cpp.o] Error 1
[2.137s] 2 warnings and 1 error generated.
[2.150s] gmake[2]: *** [CMakeFiles/truck.dir/build.make:95: CMakeFiles/truck.dir/src/src/Truck.cpp.o] Error 1
[2.151s] gmake[1]: *** [CMakeFiles/Makefile2:97: CMakeFiles/truck.dir/all] Error 2
[2.151s] gmake: *** [Makefile:160: all] Error 2
[2.153s] Invoked command in '/Users/brodie/ros2_truckplatoon/build/truck' returned '2': CMAKE_PREFIX_PATH=${CMAKE_PREFIX_PATH}:/Users/brodie/my_workspace/install/my_package SHLVL=2 _=/usr/bin/env /usr/local/bin/cmake --build /Users/brodie/ros2_truckplatoon/build/truck -- -j8 -l8
