Scanning dependencies of target truck
[ 16%] Building CXX object CMakeFiles/truck.dir/src/truck.cpp.o
[ 33%] Building CXX object CMakeFiles/truck.dir/src/src/Truck.cpp.o
[ 50%] Building CXX object CMakeFiles/truck.dir/src/src/Leader.cpp.o
[ 66%] Building CXX object CMakeFiles/truck.dir/src/src/Communication.cpp.o
In file included from /Users/brodie/ros2_truckplatoon/src/truck/src/src/Communication.cpp:1:
In file included from /Users/brodie/ros2_truckplatoon/src/truck/src/src/Communication.hpp:3:
/Users/brodie/ros2_truckplatoon/src/truck/src/src/Truck.hpp:4:10: warning: non-portable path to file '"utils/include.hpp"'; specified path differs in case from file name on disk [-Wnonportable-include-path]
#include "utils/Include.hpp"
         ^~~~~~~~~~~~~~~~~~~
         "utils/include.hpp"
In file included from /Users/brodie/ros2_truckplatoon/src/truck/src/src/Truck.cpp:1:
/Users/brodie/ros2_truckplatoon/src/truck/src/src/Truck.hpp:4:10: warning: non-portable path to file '"utils/include.hpp"'; specified path differs in case from file name on disk [-Wnonportable-include-path]
#include "utils/Include.hpp"
         ^~~~~~~~~~~~~~~~~~~
         "utils/include.hpp"
In file included from /Users/brodie/ros2_truckplatoon/src/truck/src/src/Leader.cpp:1:
In file included from /Users/brodie/ros2_truckplatoon/src/truck/src/src/Leader.hpp:4:
/Users/brodie/ros2_truckplatoon/src/truck/src/src/Truck.hpp:4:10: warning: non-portable path to file '"utils/include.hpp"'; specified path differs in case from file name on disk [-Wnonportable-include-path]
#include "utils/Include.hpp"
         ^~~~~~~~~~~~~~~~~~~
         "utils/include.hpp"
In file included from /Users/brodie/ros2_truckplatoon/src/truck/src/truck.cpp:2:
In file included from /Users/brodie/ros2_truckplatoon/src/truck/src/Platoon.hpp:4:
In file included from /Users/brodie/ros2_truckplatoon/src/truck/src/src/Leader.hpp:4:
/Users/brodie/ros2_truckplatoon/src/truck/src/src/Truck.hpp:4:10: warning: non-portable path to file '"utils/include.hpp"'; specified path differs in case from file name on disk [-Wnonportable-include-path]
#include "utils/Include.hpp"
         ^~~~~~~~~~~~~~~~~~~
         "utils/include.hpp"
In file included from /Users/brodie/ros2_truckplatoon/src/truck/src/src/Truck.cpp:1:
In file included from /Users/brodie/ros2_truckplatoon/src/truck/src/src/Truck.hpp:7:
/Users/brodie/ros2_truckplatoon/src/truck/src/src/Subscriber.hpp:52:29: error: no viable overloaded '='
      if(!_running)_running = true;
                   ~~~~~~~~ ^ ~~~~
/Applications/Xcode.app/Contents/Developer/Platforms/MacOSX.platform/Developer/SDKs/MacOSX12.3.sdk/usr/include/c++/v1/atomic:1834:9: note: candidate function not viable: 'this' argument has type 'const std::atomic_bool' (aka 'const atomic<bool>'), but method is not marked const
    _Tp operator=(_Tp __d) volatile _NOEXCEPT
        ^
/Applications/Xcode.app/Contents/Developer/Platforms/MacOSX.platform/Developer/SDKs/MacOSX12.3.sdk/usr/include/c++/v1/atomic:1837:9: note: candidate function not viable: 'this' argument has type 'const std::atomic_bool' (aka 'const atomic<bool>'), but method is not marked const
    _Tp operator=(_Tp __d) _NOEXCEPT
        ^
/Applications/Xcode.app/Contents/Developer/Platforms/MacOSX.platform/Developer/SDKs/MacOSX12.3.sdk/usr/include/c++/v1/atomic:1840:13: note: candidate function not viable: 'this' argument has type 'const std::atomic_bool' (aka 'const atomic<bool>'), but method is not marked const
    atomic& operator=(const atomic&) = delete;
            ^
/Applications/Xcode.app/Contents/Developer/Platforms/MacOSX.platform/Developer/SDKs/MacOSX12.3.sdk/usr/include/c++/v1/atomic:1841:13: note: candidate function not viable: 'this' argument has type 'const std::atomic_bool' (aka 'const atomic<bool>'), but method is not marked const
In file included from /Users/brodie/ros2_truckplatoon/src/truck/src/src/Leader.cpp:1:
In file included from /Users/brodie/ros2_truckplatoon/src/truck/src/src/Leader.hpp:4:
In file included from /Users/brodie/ros2_truckplatoon/src/truck/src/src/Truck.hpp:7:
    atomic& operator=(const atomic&) volatile = delete;/Users/brodie/ros2_truckplatoon/src/truck/src/src/Subscriber.hpp
:            ^52
:29: error: no viable overloaded '='
      if(!_running)_running = true;
                   ~~~~~~~~ ^ ~~~~
In file included from /Users/brodie/ros2_truckplatoon/src/truck/src/src/Truck.cpp:1:
In file included from /Users/brodie/ros2_truckplatoon/src/truck/src/src/Truck.hpp:7:
/Users/brodie/ros2_truckplatoon/src/truck/src/src/Subscriber.hpp:49:64:/Applications/Xcode.app/Contents/Developer/Platforms/MacOSX.platform/Developer/SDKs/MacOSX12.3.sdk/usr/include/c++/v1/atomic :warning: 1834unused parameter 'msg' [-Wunused-parameter]:
9: note: candidate function not viable: 'this' argument has type 'const std::atomic_bool' (aka 'const atomic<bool>'), but method is not marked const
    _Tp operator=(_Tp __d) volatile _NOEXCEPT
    void topic_callback(const message::msg::Message::SharedPtr msg) const        ^

                                                               ^
/Applications/Xcode.app/Contents/Developer/Platforms/MacOSX.platform/Developer/SDKs/MacOSX12.3.sdk/usr/include/c++/v1/atomic:1837:9: note: candidate function not viable: 'this' argument has type 'const std::atomic_bool' (aka 'const atomic<bool>'), but method is not marked const
    _Tp operator=(_Tp __d) _NOEXCEPT
        ^
/Applications/Xcode.app/Contents/Developer/Platforms/MacOSX.platform/Developer/SDKs/MacOSX12.3.sdk/usr/include/c++/v1/atomic:1840:13: note: candidate function not viable: 'this' argument has type 'const std::atomic_bool' (aka 'const atomic<bool>'), but method is not marked const
    atomic& operator=(const atomic&) = delete;
            ^
/Applications/Xcode.app/Contents/Developer/Platforms/MacOSX.platform/Developer/SDKs/MacOSX12.3.sdk/usr/include/c++/v1/atomic:1841:13: note: candidate function not viable: 'this' argument has type 'const std::atomic_bool' (aka 'const atomic<bool>'), but method is not marked const
    atomic& operator=(const atomic&) volatile = delete;
            ^
In file included from /Users/brodie/ros2_truckplatoon/src/truck/src/src/Leader.cpp:1:
In file included from /Users/brodie/ros2_truckplatoon/src/truck/src/src/Leader.hpp:4:
In file included from /Users/brodie/ros2_truckplatoon/src/truck/src/src/Truck.hpp:7:
/Users/brodie/ros2_truckplatoon/src/truck/src/src/Subscriber.hpp:49:64: warning: unused parameter 'msg' [-Wunused-parameter]
    void topic_callback(const message::msg::Message::SharedPtr msg) const
                                                               ^
In file included from /Users/brodie/ros2_truckplatoon/src/truck/src/src/Communication.cpp:1:
In file included from /Users/brodie/ros2_truckplatoon/src/truck/src/src/Communication.hpp:3:
In file included from /Users/brodie/ros2_truckplatoon/src/truck/src/src/Truck.hpp:7:
/Users/brodie/ros2_truckplatoon/src/truck/src/src/Subscriber.hpp:52:29: error: no viable overloaded '='
      if(!_running)_running = true;
                   ~~~~~~~~ ^ ~~~~
/Applications/Xcode.app/Contents/Developer/Platforms/MacOSX.platform/Developer/SDKs/MacOSX12.3.sdk/usr/include/c++/v1/atomic:1834:9: note: candidate function not viable: 'this' argument has type 'const std::atomic_bool' (aka 'const atomic<bool>'), but method is not marked const
    _Tp operator=(_Tp __d) volatile _NOEXCEPT
        ^
/Applications/Xcode.app/Contents/Developer/Platforms/MacOSX.platform/Developer/SDKs/MacOSX12.3.sdk/usr/include/c++/v1/atomic:1837:9: note: candidate function not viable: 'this' argument has type 'const std::atomic_bool' (aka 'const atomic<bool>'), but method is not marked const
    _Tp operator=(_Tp __d) _NOEXCEPT
        ^
/Applications/Xcode.app/Contents/Developer/Platforms/MacOSX.platform/Developer/SDKs/MacOSX12.3.sdk/usr/include/c++/v1/atomic:1840:13: note: candidate function not viable: 'this' argument has type 'const std::atomic_bool' (aka 'const atomic<bool>'), but method is not marked const
    atomic& operator=(const atomic&) = delete;
            ^
/Applications/Xcode.app/Contents/Developer/Platforms/MacOSX.platform/Developer/SDKs/MacOSX12.3.sdk/usr/include/c++/v1/atomic:1841:13: note: candidate function not viable: 'this' argument has type 'const std::atomic_bool' (aka 'const atomic<bool>'), but method is not marked const
    atomic& operator=(const atomic&) volatile = delete;
            ^
In file included from /Users/brodie/ros2_truckplatoon/src/truck/src/src/Communication.cpp:1:
In file included from /Users/brodie/ros2_truckplatoon/src/truck/src/src/Communication.hpp:3:
In file included from /Users/brodie/ros2_truckplatoon/src/truck/src/src/Truck.hpp:7:
/Users/brodie/ros2_truckplatoon/src/truck/src/src/Subscriber.hpp:49:64: warning: unused parameter 'msg' [-Wunused-parameter]
    void topic_callback(const message::msg::Message::SharedPtr msg) const
                                                               ^
In file included from /Users/brodie/ros2_truckplatoon/src/truck/src/truck.cpp:2:
In file included from /Users/brodie/ros2_truckplatoon/src/truck/src/Platoon.hpp:4:
In file included from /Users/brodie/ros2_truckplatoon/src/truck/src/src/Leader.hpp:4:
In file included from /Users/brodie/ros2_truckplatoon/src/truck/src/src/Truck.hpp:7:
/Users/brodie/ros2_truckplatoon/src/truck/src/src/Subscriber.hpp:52:29: error: no viable overloaded '='
      if(!_running)_running = true;
                   ~~~~~~~~ ^ ~~~~
/Applications/Xcode.app/Contents/Developer/Platforms/MacOSX.platform/Developer/SDKs/MacOSX12.3.sdk/usr/include/c++/v1/atomic:1834:9: note: candidate function not viable: 'this' argument has type 'const std::atomic_bool' (aka 'const atomic<bool>'), but method is not marked const
    _Tp operator=(_Tp __d) volatile _NOEXCEPT
        ^
/Applications/Xcode.app/Contents/Developer/Platforms/MacOSX.platform/Developer/SDKs/MacOSX12.3.sdk/usr/include/c++/v1/atomic:1837:9: note: candidate function not viable: 'this' argument has type 'const std::atomic_bool' (aka 'const atomic<bool>'), but method is not marked const
    _Tp operator=(_Tp __d) _NOEXCEPT
        ^
/Applications/Xcode.app/Contents/Developer/Platforms/MacOSX.platform/Developer/SDKs/MacOSX12.3.sdk/usr/include/c++/v1/atomic:1840:13: note: candidate function not viable: 'this' argument has type 'const std::atomic_bool' (aka 'const atomic<bool>'), but method is not marked const
    atomic& operator=(const atomic&) = delete;
            ^
/Applications/Xcode.app/Contents/Developer/Platforms/MacOSX.platform/Developer/SDKs/MacOSX12.3.sdk/usr/include/c++/v1/atomic:1841:13: note: candidate function not viable: 'this' argument has type 'const std::atomic_bool' (aka 'const atomic<bool>'), but method is not marked const
    atomic& operator=(const atomic&) volatile = delete;
            ^
In file included from /Users/brodie/ros2_truckplatoon/src/truck/src/truck.cpp:2:
In file included from /Users/brodie/ros2_truckplatoon/src/truck/src/Platoon.hpp:4:
In file included from /Users/brodie/ros2_truckplatoon/src/truck/src/src/Leader.hpp:4:
In file included from /Users/brodie/ros2_truckplatoon/src/truck/src/src/Truck.hpp:7:
/Users/brodie/ros2_truckplatoon/src/truck/src/src/Subscriber.hpp:49:64: warning: unused parameter 'msg' [-Wunused-parameter]
    void topic_callback(const message::msg::Message::SharedPtr msg) const
                                                               ^
In file included from /Users/brodie/ros2_truckplatoon/src/truck/src/truck.cpp:2:
/Users/brodie/ros2_truckplatoon/src/truck/src/Platoon.hpp:8:10: warning: non-portable path to file '"src/utils/include.hpp"'; specified path differs in case from file name on disk [-Wnonportable-include-path]
#include "src/utils/Include.hpp"
         ^~~~~~~~~~~~~~~~~~~~~~~
         "src/utils/include.hpp"
/Users/brodie/ros2_truckplatoon/src/truck/src/truck.cpp:3:14: warning: unused parameter 'argc' [-Wunused-parameter]
int main(int argc, char ** argv)
             ^
/Users/brodie/ros2_truckplatoon/src/truck/src/truck.cpp:3:28: warning: unused parameter 'argv' [-Wunused-parameter]
int main(int argc, char ** argv)
                           ^
2 warnings and 1 error generated.
2 warnings and 1 error generated.
gmake[2]: *** [CMakeFiles/truck.dir/build.make:108: CMakeFiles/truck.dir/src/src/Leader.cpp.o] Error 1
gmake[2]: *** Waiting for unfinished jobs....
gmake[2]: *** [CMakeFiles/truck.dir/build.make:121: CMakeFiles/truck.dir/src/src/Communication.cpp.o] Error 1
In file included from /Users/brodie/ros2_truckplatoon/src/truck/src/truck.cpp:2:
In file included from /Users/brodie/ros2_truckplatoon/src/truck/src/Platoon.hpp:11:
/Users/brodie/ros2_truckplatoon/src/truck/src/src/DrivingEvent.hpp:9:15: warning: private field '_speed' is not used [-Wunused-private-field]
    speedType _speed;
              ^
/Users/brodie/ros2_truckplatoon/src/truck/src/src/DrivingEvent.hpp:10:23: warning: private field '_stearingAngle' is not used [-Wunused-private-field]
    stearingAngleType _stearingAngle;
                      ^
/Users/brodie/ros2_truckplatoon/src/truck/src/src/DrivingEvent.hpp:11:18: warning: private field '_distance' is not used [-Wunused-private-field]
    distanceType _distance;
                 ^
8 warnings and 1 error generated.
gmake[2]: *** [CMakeFiles/truck.dir/build.make:82: CMakeFiles/truck.dir/src/truck.cpp.o] Error 1
2 warnings and 1 error generated.
gmake[2]: *** [CMakeFiles/truck.dir/build.make:95: CMakeFiles/truck.dir/src/src/Truck.cpp.o] Error 1
gmake[1]: *** [CMakeFiles/Makefile2:97: CMakeFiles/truck.dir/all] Error 2
gmake: *** [Makefile:160: all] Error 2
