[0.061s] Invoking command in '/Users/brodie/ros2_truckplatoon/build/truck': CMAKE_PREFIX_PATH=${CMAKE_PREFIX_PATH}:/Users/brodie/my_workspace/install/my_package SHLVL=2 _=/usr/bin/env /usr/local/bin/cmake --build /Users/brodie/ros2_truckplatoon/build/truck -- -j8 -l8
[0.174s] Scanning dependencies of target truck
[0.201s] [ 16%] Building CXX object CMakeFiles/truck.dir/src/truck.cpp.o
[0.204s] [ 66%] Building CXX object CMakeFiles/truck.dir/src/src/Truck.cpp.o
[0.204s] [ 66%] Building CXX object CMakeFiles/truck.dir/src/src/Communication.cpp.o
[0.204s] [ 66%] Building CXX object CMakeFiles/truck.dir/src/src/Leader.cpp.o
[0.858s] In file included from /Users/brodie/ros2_truckplatoon/src/truck/src/truck.cpp:2:
[0.858s] In file included from /Users/brodie/ros2_truckplatoon/src/truck/src/Platoon.hpp:4:
[0.858s] In file included from /Users/brodie/ros2_truckplatoon/src/truck/src/src/Leader.hpp:4:
[0.858s] /Users/brodie/ros2_truckplatoon/src/truck/src/src/Truck.hpp:4:10: warning: non-portable path to file '"utils/include.hpp"'; specified path differs in case from file name on disk [-Wnonportable-include-path]
[0.859s] #include "utils/Include.hpp"
[0.859s]          ^~~~~~~~~~~~~~~~~~~
[0.859s]          "utils/include.hpp"
[0.862s] In file included from /Users/brodie/ros2_truckplatoon/src/truck/src/src/Leader.cpp:1:
[0.862s] In file included from /Users/brodie/ros2_truckplatoon/src/truck/src/src/Leader.hpp:4:
[0.863s] /Users/brodie/ros2_truckplatoon/src/truck/src/src/Truck.hpp:4:10: warning: non-portable path to file '"utils/include.hpp"'; specified path differs in case from file name on disk [-Wnonportable-include-path]
[0.863s] #include "utils/Include.hpp"
[0.863s]          ^~~~~~~~~~~~~~~~~~~
[0.863s]          "utils/include.hpp"
[0.868s] In file included from /Users/brodie/ros2_truckplatoon/src/truck/src/src/Truck.cpp:1:
[0.868s] /Users/brodie/ros2_truckplatoon/src/truck/src/src/Truck.hpp:4:10: warning: non-portable path to file '"utils/include.hpp"'; specified path differs in case from file name on disk [-Wnonportable-include-path]
[0.868s] #include "utils/Include.hpp"
[0.868s]          ^~~~~~~~~~~~~~~~~~~
[0.868s]          "utils/include.hpp"
[0.874s] In file included from /Users/brodie/ros2_truckplatoon/src/truck/src/src/Communication.cpp:1:
[0.874s] In file included from /Users/brodie/ros2_truckplatoon/src/truck/src/src/Communication.hpp:3:
[0.874s] /Users/brodie/ros2_truckplatoon/src/truck/src/src/Truck.hpp:4:10: warning: non-portable path to file '"utils/include.hpp"'; specified path differs in case from file name on disk [-Wnonportable-include-path]
[0.875s] #include "utils/Include.hpp"
[0.875s]          ^~~~~~~~~~~~~~~~~~~
[0.875s]          "utils/include.hpp"
[1.631s] In file included from /Users/brodie/ros2_truckplatoon/src/truck/src/truck.cpp:2:
[1.631s] In file included from /Users/brodie/ros2_truckplatoon/src/truck/src/Platoon.hpp:4:
[1.631s] In file included from /Users/brodie/ros2_truckplatoon/src/truck/src/src/Leader.hpp:4:
[1.632s] In file included from /Users/brodie/ros2_truckplatoon/src/truck/src/src/Truck.hpp:6:
[1.632s] /Users/brodie/ros2_truckplatoon/src/truck/src/src/NodePublisher.hpp:27:18: error: no matching member function for call to 'create_wall_timer'
[1.632s]   timer_ = this->create_wall_timer(
[1.632s]            ~~~~~~^~~~~~~~~~~~~~~~~
[1.632s] /Users/brodie/ros2_foxy/ros2-osx/include/rclcpp/node_impl.hpp:109:7: note: candidate template ignored: requirement 'rclcpp::function_traits::same_arguments<std::__bind<void (Publisher::*)(const std::string &), Publisher *, std::string &>, std::function<void ()>>::value || rclcpp::function_traits::same_arguments<std::__bind<void (Publisher::*)(const std::string &), Publisher *, std::string &>, std::function<void (rclcpp::TimerBase &)>>::value' was not satisfied [with DurationRepT = long long, DurationT = std::ratio<1, 1000>, CallbackT = std::__bind<void (Publisher::*)(const std::string &), Publisher *, std::string &>]
[1.632s] Node::create_wall_timer(
[1.633s]       ^
[1.633s] In file included from /Users/brodie/ros2_truckplatoon/src/truck/src/truck.cpp:2:
[1.633s] /Users/brodie/ros2_truckplatoon/src/truck/src/Platoon.hpp:8:10: warning: non-portable path to file '"src/utils/include.hpp"'; specified path differs in case from file name on disk [-Wnonportable-include-path]
[1.633s] #include "src/utils/Include.hpp"
[1.634s]          ^~~~~~~~~~~~~~~~~~~~~~~
[1.634s]          "src/utils/include.hpp"
[1.642s] In file included from /Users/brodie/ros2_truckplatoon/src/truck/src/src/Leader.cpp:1:
[1.642s] In file included from /Users/brodie/ros2_truckplatoon/src/truck/src/src/Leader.hpp:4:
[1.642s] In file included from /Users/brodie/ros2_truckplatoon/src/truck/src/src/Truck.hpp:6:
[1.643s] /Users/brodie/ros2_truckplatoon/src/truck/src/src/NodePublisher.hpp:27:18: error: no matching member function for call to 'create_wall_timer'
[1.643s]   timer_ = this->create_wall_timer(
[1.643s]            ~~~~~~^~~~~~~~~~~~~~~~~
[1.643s] /Users/brodie/ros2_foxy/ros2-osx/include/rclcpp/node_impl.hpp:109:7: note: candidate template ignored: requirement 'rclcpp::function_traits::same_arguments<std::__bind<void (Publisher::*)(const std::string &), Publisher *, std::string &>, std::function<void ()>>::value || rclcpp::function_traits::same_arguments<std::__bind<void (Publisher::*)(const std::string &), Publisher *, std::string &>, std::function<void (rclcpp::TimerBase &)>>::value' was not satisfied [with DurationRepT = long long, DurationT = std::ratio<1, 1000>, CallbackT = std::__bind<void (Publisher::*)(const std::string &), Publisher *, std::string &>]
[1.643s] Node::create_wall_timer(
[1.644s]       ^
[1.644s] In file included from /Users/brodie/ros2_truckplatoon/src/truck/src/src/Communication.cpp:1:
[1.644s] In file included from /Users/brodie/ros2_truckplatoon/src/truck/src/src/Communication.hpp:3:
[1.644s] In file included from /Users/brodie/ros2_truckplatoon/src/truck/src/src/Truck.hpp:6:
[1.644s] /Users/brodie/ros2_truckplatoon/src/truck/src/src/NodePublisher.hpp:27:18: error: no matching member function for call to 'create_wall_timer'
[1.644s]   timer_ = this->create_wall_timer(
[1.645s]            ~~~~~~^~~~~~~~~~~~~~~~~
[1.645s] /Users/brodie/ros2_foxy/ros2-osx/include/rclcpp/node_impl.hpp:109:7: note: candidate template ignored: requirement 'rclcpp::function_traits::same_arguments<std::__bind<void (Publisher::*)(const std::string &), Publisher *, std::string &>, std::function<void ()>>::value || rclcpp::function_traits::same_arguments<std::__bind<void (Publisher::*)(const std::string &), Publisher *, std::string &>, std::function<void (rclcpp::TimerBase &)>>::value' was not satisfied [with DurationRepT = long long, DurationT = std::ratio<1, 1000>, CallbackT = std::__bind<void (Publisher::*)(const std::string &), Publisher *, std::string &>]
[1.645s] Node::create_wall_timer(
[1.645s]       ^
[1.647s] In file included from /Users/brodie/ros2_truckplatoon/src/truck/src/src/Truck.cpp:1:
[1.647s] In file included from /Users/brodie/ros2_truckplatoon/src/truck/src/src/Truck.hpp:6:
[1.648s] /Users/brodie/ros2_truckplatoon/src/truck/src/src/NodePublisher.hpp:27:18: error: no matching member function for call to 'create_wall_timer'
[1.648s]   timer_ = this->create_wall_timer(
[1.648s]            ~~~~~~^~~~~~~~~~~~~~~~~
[1.648s] /Users/brodie/ros2_foxy/ros2-osx/include/rclcpp/node_impl.hpp:109:7: note: candidate template ignored: requirement 'rclcpp::function_traits::same_arguments<std::__bind<void (Publisher::*)(const std::string &), Publisher *, std::string &>, std::function<void ()>>::value || rclcpp::function_traits::same_arguments<std::__bind<void (Publisher::*)(const std::string &), Publisher *, std::string &>, std::function<void (rclcpp::TimerBase &)>>::value' was not satisfied [with DurationRepT = long long, DurationT = std::ratio<1, 1000>, CallbackT = std::__bind<void (Publisher::*)(const std::string &), Publisher *, std::string &>]
[1.648s] Node::create_wall_timer(
[1.648s]       ^
[2.078s] In file included from /Users/brodie/ros2_truckplatoon/src/truck/src/truck.cpp:2:
[2.079s] In file included from /Users/brodie/ros2_truckplatoon/src/truck/src/Platoon.hpp:11:
[2.079s] /Users/brodie/ros2_truckplatoon/src/truck/src/src/DrivingEvent.hpp:9:15: warning: private field '_speed' is not used [-Wunused-private-field]
[2.079s]     speedType _speed;
[2.079s]               ^
[2.079s] /Users/brodie/ros2_truckplatoon/src/truck/src/src/DrivingEvent.hpp:10:23: warning: private field '_stearingAngle' is not used [-Wunused-private-field]
[2.079s]     stearingAngleType _stearingAngle;
[2.080s]                       ^
[2.080s] /Users/brodie/ros2_truckplatoon/src/truck/src/src/DrivingEvent.hpp:11:18: warning: private field '_distance' is not used [-Wunused-private-field]
[2.080s]     distanceType _distance;
[2.080s]                  ^
[2.080s] 5 warnings and 1 error generated.
[2.091s] gmake[2]: *** [CMakeFiles/truck.dir/build.make:82: CMakeFiles/truck.dir/src/truck.cpp.o] Error 1
[2.091s] gmake[2]: *** Waiting for unfinished jobs....
[2.096s] 1 warning and 1 error generated.
[2.099s] 1 warning and 1 error generated.
[2.112s] gmake[2]: *** [CMakeFiles/truck.dir/build.make:108: CMakeFiles/truck.dir/src/src/Leader.cpp.o] Error 1
[2.114s] gmake[2]: *** [CMakeFiles/truck.dir/build.make:121: CMakeFiles/truck.dir/src/src/Communication.cpp.o] Error 1
[2.141s] 1 warning and 1 error generated.
[2.152s] gmake[2]: *** [CMakeFiles/truck.dir/build.make:95: CMakeFiles/truck.dir/src/src/Truck.cpp.o] Error 1
[2.152s] gmake[1]: *** [CMakeFiles/Makefile2:97: CMakeFiles/truck.dir/all] Error 2
[2.153s] gmake: *** [Makefile:160: all] Error 2
[2.154s] Invoked command in '/Users/brodie/ros2_truckplatoon/build/truck' returned '2': CMAKE_PREFIX_PATH=${CMAKE_PREFIX_PATH}:/Users/brodie/my_workspace/install/my_package SHLVL=2 _=/usr/bin/env /usr/local/bin/cmake --build /Users/brodie/ros2_truckplatoon/build/truck -- -j8 -l8
