[0.051s] Invoking command in '/Users/brodie/ros2_truckplatoon/build/truck': CMAKE_PREFIX_PATH=${CMAKE_PREFIX_PATH}:/Users/brodie/my_workspace/install/my_package SHLVL=2 _=/usr/bin/env /usr/local/bin/cmake --build /Users/brodie/ros2_truckplatoon/build/truck -- -j8 -l8
[0.142s] Scanning dependencies of target truck
[0.165s] [ 50%] Building CXX object CMakeFiles/truck.dir/src/src/Leader.cpp.o
[0.165s] [ 50%] Building CXX object CMakeFiles/truck.dir/src/truck.cpp.o
[0.165s] [ 50%] Building CXX object CMakeFiles/truck.dir/src/src/Truck.cpp.o
[0.165s] [ 66%] Building CXX object CMakeFiles/truck.dir/src/src/Communication.cpp.o
[0.647s] In file included from /Users/brodie/ros2_truckplatoon/src/truck/src/truck.cpp:2:
[0.647s] In file included from /Users/brodie/ros2_truckplatoon/src/truck/src/Platoon.hpp:4:
[0.647s] In file included from /Users/brodie/ros2_truckplatoon/src/truck/src/src/Leader.hpp:4:
[0.648s] /Users/brodie/ros2_truckplatoon/src/truck/src/src/Truck.hpp:4:10: warning: non-portable path to file '"utils/include.hpp"'; specified path differs in case from file name on disk [-Wnonportable-include-path]
[0.648s] #include "utils/Include.hpp"
[0.648s]          ^~~~~~~~~~~~~~~~~~~
[0.648s]          "utils/include.hpp"
[0.648s] In file included from /Users/brodie/ros2_truckplatoon/src/truck/src/src/Leader.cpp:1:
[0.648s] In file included from /Users/brodie/ros2_truckplatoon/src/truck/src/src/Leader.hpp:4:
[0.649s] /Users/brodie/ros2_truckplatoon/src/truck/src/src/Truck.hpp:4:10: warning: non-portable path to file '"utils/include.hpp"'; specified path differs in case from file name on disk [-Wnonportable-include-path]
[0.649s] #include "utils/Include.hpp"
[0.649s]          ^~~~~~~~~~~~~~~~~~~
[0.649s]          "utils/include.hpp"
[0.649s] In file included from /Users/brodie/ros2_truckplatoon/src/truck/src/src/Communication.cpp:1:
[0.649s] In file included from /Users/brodie/ros2_truckplatoon/src/truck/src/src/Communication.hpp:3:
[0.649s] /Users/brodie/ros2_truckplatoon/src/truck/src/src/Truck.hpp:4:10: warning: non-portable path to file '"utils/include.hpp"'; specified path differs in case from file name on disk [-Wnonportable-include-path]
[0.650s] #include "utils/Include.hpp"
[0.650s]          ^~~~~~~~~~~~~~~~~~~
[0.650s]          "utils/include.hpp"
[0.651s] In file included from /Users/brodie/ros2_truckplatoon/src/truck/src/src/Truck.cpp:1:
[0.651s] /Users/brodie/ros2_truckplatoon/src/truck/src/src/Truck.hpp:4:10: warning: non-portable path to file '"utils/include.hpp"'; specified path differs in case from file name on disk [-Wnonportable-include-path]
[0.652s] #include "utils/Include.hpp"
[0.652s]          ^~~~~~~~~~~~~~~~~~~
[0.652s]          "utils/include.hpp"
[1.303s] In file included from /Users/brodie/ros2_truckplatoon/src/truck/src/truck.cpp:2:
[1.303s] In file included from /Users/brodie/ros2_truckplatoon/src/truck/src/Platoon.hpp:4:
[1.303s] In file included from /Users/brodie/ros2_truckplatoon/src/truck/src/src/Leader.hpp:4:
[1.303s] In file included from /Users/brodie/ros2_truckplatoon/src/truck/src/src/Truck.hpp:7:
[1.304s] /Users/brodie/ros2_truckplatoon/src/truck/src/src/Subscriber.hpp:31:69: error: use of undeclared identifier '_1'; did you mean 'std::placeholders::_1'?
[1.304s]         TopicName, 10, std::bind(&Subscriber::topic_callback, this, _1));
[1.304s]                                                                     ^~
[1.304s]                                                                     std::placeholders::_1
[1.304s] /Applications/Xcode.app/Contents/Developer/Platforms/MacOSX.platform/Developer/SDKs/MacOSX12.3.sdk/usr/include/c++/v1/__functional/bind.h:61:46: note: 'std::placeholders::_1' declared here
[1.305s] /* _LIBCPP_INLINE_VAR */ constexpr __ph<1>   _1{};
[1.305s]                                              ^
[1.305s] In file included from /Users/brodie/ros2_truckplatoon/src/truck/src/truck.cpp:2:
[1.305s] In file included from /Users/brodie/ros2_truckplatoon/src/truck/src/Platoon.hpp:4:
[1.305s] In file included from /Users/brodie/ros2_truckplatoon/src/truck/src/src/Leader.hpp:4:
[1.305s] In file included from /Users/brodie/ros2_truckplatoon/src/truck/src/src/Truck.hpp:7:
[1.306s] /Users/brodie/ros2_truckplatoon/src/truck/src/src/Subscriber.hpp:34:64: warning: unused parameter 'msg' [-Wunused-parameter]
[1.306s]     void topic_callback(const message::msg::Message::SharedPtr msg) const
[1.306s]                                                                ^
[1.306s] In file included from /Users/brodie/ros2_truckplatoon/src/truck/src/src/Communication.cpp:1:
[1.307s] In file included from /Users/brodie/ros2_truckplatoon/src/truck/src/src/Communication.hpp:3:
[1.307s] In file included from /Users/brodie/ros2_truckplatoon/src/truck/src/src/Truck.hpp:7:
[1.307s] /Users/brodie/ros2_truckplatoon/src/truck/src/src/Subscriber.hpp:31:69: error: use of undeclared identifier '_1'; did you mean 'std::placeholders::_1'?
[1.307s]         TopicName, 10, std::bind(&Subscriber::topic_callback, this, _1));
[1.308s]                                                                     ^~
[1.308s]                                                                     std::placeholders::_1
[1.308s] /Applications/Xcode.app/Contents/Developer/Platforms/MacOSX.platform/Developer/SDKs/MacOSX12.3.sdk/usr/include/c++/v1/__functional/bind.h:61:46: note: 'std::placeholders::_1' declared here
[1.308s] /* _LIBCPP_INLINE_VAR */ constexpr __ph<1>   _1{};
[1.308s]                                              ^
[1.309s] In file included from /Users/brodie/ros2_truckplatoon/src/truck/src/truck.cpp:2:
[1.309s] /Users/brodie/ros2_truckplatoon/src/truck/src/Platoon.hpp:8:10: warning: non-portable path to file '"src/utils/include.hpp"'; specified path differs in case from file name on disk [-Wnonportable-include-path]
[1.309s] #include "src/utils/Include.hpp"
[1.309s]          ^~~~~~~~~~~~~~~~~~~~~~~
[1.309s]          "src/utils/include.hpp"
[1.309s] In file included from /Users/brodie/ros2_truckplatoon/src/truck/src/src/Communication.cpp:1:
[1.310s] In file included from /Users/brodie/ros2_truckplatoon/src/truck/src/src/Communication.hpp:3:
[1.310s] In file included from /Users/brodie/ros2_truckplatoon/src/truck/src/src/Truck.hpp:7:
[1.310s] /Users/brodie/ros2_truckplatoon/src/truck/src/src/Subscriber.hpp:34:64: warning: unused parameter 'msg' [-Wunused-parameter]
[1.310s]     void topic_callback(const message::msg::Message::SharedPtr msg) const
[1.310s]                                                                ^
[1.314s] In file included from /Users/brodie/ros2_truckplatoon/src/truck/src/src/Leader.cpp:1:
[1.315s] In file included from /Users/brodie/ros2_truckplatoon/src/truck/src/src/Leader.hpp:4:
[1.315s] In file included from /Users/brodie/ros2_truckplatoon/src/truck/src/src/Truck.hpp:7:
[1.315s] /Users/brodie/ros2_truckplatoon/src/truck/src/src/Subscriber.hpp:31:69: error: use of undeclared identifier '_1'; did you mean 'std::placeholders::_1'?
[1.315s]         TopicName, 10, std::bind(&Subscriber::topic_callback, this, _1));
[1.316s]                                                                     ^~
[1.316s]                                                                     std::placeholders::_1
[1.316s] /Applications/Xcode.app/Contents/Developer/Platforms/MacOSX.platform/Developer/SDKs/MacOSX12.3.sdk/usr/include/c++/v1/__functional/bind.h:61:46: note: 'std::placeholders::_1' declared here
[1.316s] /* _LIBCPP_INLINE_VAR */ constexpr __ph<1>   _1{};
[1.316s]                                              ^
[1.316s] In file included from /Users/brodie/ros2_truckplatoon/src/truck/src/src/Leader.cpp:1:
[1.317s] In file included from /Users/brodie/ros2_truckplatoon/src/truck/src/src/Leader.hpp:4:
[1.317s] In file included from /Users/brodie/ros2_truckplatoon/src/truck/src/src/Truck.hpp:7:
[1.317s] /Users/brodie/ros2_truckplatoon/src/truck/src/src/Subscriber.hpp:34:64: warning: unused parameter 'msg' [-Wunused-parameter]
[1.317s]     void topic_callback(const message::msg::Message::SharedPtr msg) const
[1.317s]                                                                ^
[1.319s] In file included from /Users/brodie/ros2_truckplatoon/src/truck/src/src/Truck.cpp:1:
[1.319s] In file included from /Users/brodie/ros2_truckplatoon/src/truck/src/src/Truck.hpp:7:
[1.319s] /Users/brodie/ros2_truckplatoon/src/truck/src/src/Subscriber.hpp:31:69: error: use of undeclared identifier '_1'; did you mean 'std::placeholders::_1'?
[1.319s]         TopicName, 10, std::bind(&Subscriber::topic_callback, this, _1));
[1.319s]                                                                     ^~
[1.320s]                                                                     std::placeholders::_1
[1.320s] /Applications/Xcode.app/Contents/Developer/Platforms/MacOSX.platform/Developer/SDKs/MacOSX12.3.sdk/usr/include/c++/v1/__functional/bind.h:61:46: note: 'std::placeholders::_1' declared here
[1.320s] /* _LIBCPP_INLINE_VAR */ constexpr __ph<1>   _1{};
[1.320s]                                              ^
[1.320s] In file included from /Users/brodie/ros2_truckplatoon/src/truck/src/src/Truck.cpp:1:
[1.321s] In file included from /Users/brodie/ros2_truckplatoon/src/truck/src/src/Truck.hpp:7:
[1.321s] /Users/brodie/ros2_truckplatoon/src/truck/src/src/Subscriber.hpp:34:64: warning: unused parameter 'msg' [-Wunused-parameter]
[1.321s]     void topic_callback(const message::msg::Message::SharedPtr msg) const
[1.321s]                                                                ^
[2.126s] In file included from /Users/brodie/ros2_truckplatoon/src/truck/src/truck.cpp:2:
[2.126s] In file included from /Users/brodie/ros2_truckplatoon/src/truck/src/Platoon.hpp:11:
[2.126s] /Users/brodie/ros2_truckplatoon/src/truck/src/src/DrivingEvent.hpp:9:15: warning: private field '_speed' is not used [-Wunused-private-field]
[2.126s]     speedType _speed;
[2.126s]               ^
[2.127s] /Users/brodie/ros2_truckplatoon/src/truck/src/src/DrivingEvent.hpp:10:23: warning: private field '_stearingAngle' is not used [-Wunused-private-field]
[2.127s]     stearingAngleType _stearingAngle;
[2.127s]                       ^
[2.127s] /Users/brodie/ros2_truckplatoon/src/truck/src/src/DrivingEvent.hpp:11:18: warning: private field '_distance' is not used [-Wunused-private-field]
[2.127s]     distanceType _distance;
[2.127s]                  ^
[2.127s] 6 warnings and 1 error generated.
[2.128s] 2 warnings and 1 error generated.
[2.145s] 2 warnings and 1 error generated.
[2.148s] gmake[2]: *** [CMakeFiles/truck.dir/build.make:82: CMakeFiles/truck.dir/src/truck.cpp.o] Error 1
[2.148s] gmake[2]: *** Waiting for unfinished jobs....
[2.148s] gmake[2]: *** [CMakeFiles/truck.dir/build.make:121: CMakeFiles/truck.dir/src/src/Communication.cpp.o] Error 1
[2.161s] gmake[2]: *** [CMakeFiles/truck.dir/build.make:108: CMakeFiles/truck.dir/src/src/Leader.cpp.o] Error 1
[2.215s] 2 warnings and 1 error generated.
[2.229s] gmake[2]: *** [CMakeFiles/truck.dir/build.make:95: CMakeFiles/truck.dir/src/src/Truck.cpp.o] Error 1
[2.229s] gmake[1]: *** [CMakeFiles/Makefile2:97: CMakeFiles/truck.dir/all] Error 2
[2.229s] gmake: *** [Makefile:160: all] Error 2
[2.231s] Invoked command in '/Users/brodie/ros2_truckplatoon/build/truck' returned '2': CMAKE_PREFIX_PATH=${CMAKE_PREFIX_PATH}:/Users/brodie/my_workspace/install/my_package SHLVL=2 _=/usr/bin/env /usr/local/bin/cmake --build /Users/brodie/ros2_truckplatoon/build/truck -- -j8 -l8
