[0.000000] (-) TimerEvent: {}
[0.000405] (Messages) JobQueued: {'identifier': 'Messages', 'dependencies': OrderedDict()}
[0.000477] (truck) JobQueued: {'identifier': 'truck', 'dependencies': OrderedDict()}
[0.003302] (Messages) JobStarted: {'identifier': 'Messages'}
[0.104579] (truck) JobStarted: {'identifier': 'truck'}
[0.104877] (-) TimerEvent: {}
[0.177986] (Messages) JobProgress: {'identifier': 'Messages', 'progress': 'cmake'}
[0.179101] (Messages) Command: {'cmd': ['/usr/local/bin/cmake', '/Users/brodie/ros2_truckplatoon/src/Messages', '-DCMAKE_INSTALL_PREFIX=/Users/brodie/ros2_truckplatoon/install/Messages'], 'cwd': '/Users/brodie/ros2_truckplatoon/build/Messages', 'env': OrderedDict([('TERM_PROGRAM', 'Apple_Terminal'), ('SHELL', '/bin/zsh'), ('TERM', 'xterm-256color'), ('TMPDIR', '/var/folders/b6/t14lv28n5xqdhgq7zcrqwfkm0000gn/T/'), ('TERM_PROGRAM_VERSION', '445'), ('ROS_PYTHON_VERSION', '3'), ('ROS_VERSION', '2'), ('COLCON_PREFIX_PATH', '/Users/brodie/ros2_truckplatoon/install:/Users/brodie/my_workspace/install:/Users/brodie/ros2_foxy/ros2-osx'), ('TERM_SESSION_ID', '68464B11-5BA9-4066-9F09-461F903B1524'), ('AMENT_PREFIX_PATH', '/Users/brodie/ros2_truckplatoon/install/truck:/Users/brodie/my_workspace/install/tutorial_interfaces:/Users/brodie/my_workspace/install/cpp_srvcli:/Users/brodie/my_workspace/install/cpp_pubsub:/Users/brodie/my_workspace/install/my_package:/Users/brodie/ros2_foxy/ros2-osx'), ('USER', 'brodie'), ('SSH_AUTH_SOCK', '/private/tmp/com.apple.launchd.4a9jOPzOQR/Listeners'), ('__CF_USER_TEXT_ENCODING', '0x1F5:0x0:0x4'), ('PATH', '/Users/brodie/ros2_foxy/ros2-osx/bin:/Library/Frameworks/Python.framework/Versions/3.9/bin:/Library/Frameworks/Python.framework/Versions/2.7/bin:/usr/local/bin:/usr/bin:/bin:/usr/sbin:/sbin:/Library/TeX/texbin:/usr/local/share/dotnet:/opt/X11/bin:~/.dotnet/tools:/Library/Apple/usr/bin:/Library/Frameworks/Mono.framework/Versions/Current/Commands:/usr/local/CrossPack-AVR/bin:/Applications/Postgres.app/Contents/Versions/latest/bin:/Applications/Xamarin Workbooks.app/Contents/SharedSupport/path-bin'), ('__CFBundleIdentifier', 'com.apple.Terminal'), ('PWD', '/Users/brodie/ros2_truckplatoon/build/Messages'), ('COLCON', '1'), ('LANG', 'it_IT.UTF-8'), ('XPC_FLAGS', '0x0'), ('XPC_SERVICE_NAME', '0'), ('OPENSSL_ROOT_DIR', '/usr/local/Cellar/openssl@3'), ('SHLVL', '2'), ('HOME', '/Users/brodie'), ('ROS_DISTRO', 'foxy'), ('PYTHONPATH', '/Users/brodie/my_workspace/install/tutorial_interfaces/lib/python3.9/site-packages:/Users/brodie/my_workspace/install/my_package/lib/python3.9/site-packages:/Users/brodie/ros2_foxy/ros2-osx/lib/python3.8/site-packages'), ('LOGNAME', 'brodie'), ('PKG_CONFIG_PATH', '/Users/brodie/ros2_foxy/ros2-osx/lib/pkgconfig'), ('CMAKE_PREFIX_PATH', '/Users/brodie/ros2_truckplatoon/install/truck:/Users/brodie/my_workspace/install/tutorial_interfaces:/Users/brodie/my_workspace/install/cpp_srvcli:/Users/brodie/my_workspace/install/cpp_pubsub:/Users/brodie/ros2_foxy/ros2-osx:/Users/brodie/my_workspace/install/my_package'), ('DISPLAY', '/private/tmp/com.apple.launchd.fnO1XjjJMH/org.xquartz:0'), ('ROS_LOCALHOST_ONLY', '0'), ('_', '/usr/bin/env')]), 'shell': False}
[0.188867] (truck) JobProgress: {'identifier': 'truck', 'progress': 'cmake'}
[0.191475] (truck) JobProgress: {'identifier': 'truck', 'progress': 'build'}
[0.195239] (truck) Command: {'cmd': ['/usr/local/bin/cmake', '--build', '/Users/brodie/ros2_truckplatoon/build/truck', '--', '-j8', '-l8'], 'cwd': '/Users/brodie/ros2_truckplatoon/build/truck', 'env': OrderedDict([('TERM_PROGRAM', 'Apple_Terminal'), ('SHELL', '/bin/zsh'), ('TERM', 'xterm-256color'), ('TMPDIR', '/var/folders/b6/t14lv28n5xqdhgq7zcrqwfkm0000gn/T/'), ('TERM_PROGRAM_VERSION', '445'), ('ROS_PYTHON_VERSION', '3'), ('ROS_VERSION', '2'), ('COLCON_PREFIX_PATH', '/Users/brodie/ros2_truckplatoon/install:/Users/brodie/my_workspace/install:/Users/brodie/ros2_foxy/ros2-osx'), ('TERM_SESSION_ID', '68464B11-5BA9-4066-9F09-461F903B1524'), ('AMENT_PREFIX_PATH', '/Users/brodie/ros2_truckplatoon/install/truck:/Users/brodie/my_workspace/install/tutorial_interfaces:/Users/brodie/my_workspace/install/cpp_srvcli:/Users/brodie/my_workspace/install/cpp_pubsub:/Users/brodie/my_workspace/install/my_package:/Users/brodie/ros2_foxy/ros2-osx'), ('USER', 'brodie'), ('SSH_AUTH_SOCK', '/private/tmp/com.apple.launchd.4a9jOPzOQR/Listeners'), ('__CF_USER_TEXT_ENCODING', '0x1F5:0x0:0x4'), ('PATH', '/Users/brodie/ros2_foxy/ros2-osx/bin:/Library/Frameworks/Python.framework/Versions/3.9/bin:/Library/Frameworks/Python.framework/Versions/2.7/bin:/usr/local/bin:/usr/bin:/bin:/usr/sbin:/sbin:/Library/TeX/texbin:/usr/local/share/dotnet:/opt/X11/bin:~/.dotnet/tools:/Library/Apple/usr/bin:/Library/Frameworks/Mono.framework/Versions/Current/Commands:/usr/local/CrossPack-AVR/bin:/Applications/Postgres.app/Contents/Versions/latest/bin:/Applications/Xamarin Workbooks.app/Contents/SharedSupport/path-bin'), ('__CFBundleIdentifier', 'com.apple.Terminal'), ('PWD', '/Users/brodie/ros2_truckplatoon/build/truck'), ('COLCON', '1'), ('LANG', 'it_IT.UTF-8'), ('XPC_FLAGS', '0x0'), ('XPC_SERVICE_NAME', '0'), ('OPENSSL_ROOT_DIR', '/usr/local/Cellar/openssl@3'), ('SHLVL', '2'), ('HOME', '/Users/brodie'), ('ROS_DISTRO', 'foxy'), ('PYTHONPATH', '/Users/brodie/my_workspace/install/tutorial_interfaces/lib/python3.9/site-packages:/Users/brodie/my_workspace/install/my_package/lib/python3.9/site-packages:/Users/brodie/ros2_foxy/ros2-osx/lib/python3.8/site-packages'), ('LOGNAME', 'brodie'), ('PKG_CONFIG_PATH', '/Users/brodie/ros2_foxy/ros2-osx/lib/pkgconfig'), ('CMAKE_PREFIX_PATH', '/Users/brodie/ros2_truckplatoon/install/truck:/Users/brodie/my_workspace/install/tutorial_interfaces:/Users/brodie/my_workspace/install/cpp_srvcli:/Users/brodie/my_workspace/install/cpp_pubsub:/Users/brodie/ros2_foxy/ros2-osx:/Users/brodie/my_workspace/install/my_package'), ('DISPLAY', '/private/tmp/com.apple.launchd.fnO1XjjJMH/org.xquartz:0'), ('ROS_LOCALHOST_ONLY', '0'), ('_', '/usr/bin/env')]), 'shell': False}
[0.205284] (-) TimerEvent: {}
[0.286299] (truck) StdoutLine: {'line': b'-- Found ament_cmake: 0.9.9 (/Users/brodie/ros2_foxy/ros2-osx/share/ament_cmake/cmake)\n'}
[0.305565] (-) TimerEvent: {}
[0.361068] (truck) StdoutLine: {'line': b'-- Using PYTHON_EXECUTABLE: /Library/Frameworks/Python.framework/Versions/3.9/bin/python3\n'}
[0.407441] (-) TimerEvent: {}
[0.506339] (Messages) StdoutLine: {'line': b'-- The C compiler identification is AppleClang 14.0.0.14000029\n'}
[0.507624] (-) TimerEvent: {}
[0.612430] (-) TimerEvent: {}
[0.687852] (Messages) StdoutLine: {'line': b'-- The CXX compiler identification is AppleClang 14.0.0.14000029\n'}
[0.712653] (-) TimerEvent: {}
[0.714021] (Messages) StdoutLine: {'line': b'-- Detecting C compiler ABI info\n'}
[0.817721] (-) TimerEvent: {}
[0.918127] (-) TimerEvent: {}
[1.013216] (Messages) StdoutLine: {'line': b'-- Detecting C compiler ABI info - done\n'}
[1.015484] (truck) StdoutLine: {'line': b'-- Found ament_lint_auto: 0.9.6 (/Users/brodie/ros2_foxy/ros2-osx/share/ament_lint_auto/cmake)\n'}
[1.018762] (-) TimerEvent: {}
[1.024389] (Messages) StdoutLine: {'line': b'-- Check for working C compiler: /Applications/Xcode.app/Contents/Developer/Toolchains/XcodeDefault.xctoolchain/usr/bin/cc - skipped\n'}
[1.025251] (Messages) StdoutLine: {'line': b'-- Detecting C compile features\n'}
[1.026588] (Messages) StdoutLine: {'line': b'-- Detecting C compile features - done\n'}
[1.033999] (Messages) StdoutLine: {'line': b'-- Detecting CXX compiler ABI info\n'}
[1.120706] (-) TimerEvent: {}
[1.187647] (truck) StdoutLine: {'line': b"-- Added test 'copyright' to check source files copyright and LICENSE\n"}
[1.193844] (truck) StdoutLine: {'line': b"-- Added test 'cppcheck' to perform static code analysis on C / C++ code\n"}
[1.194699] (truck) StdoutLine: {'line': b'-- Configured cppcheck include dirs: $<BUILD_INTERFACE:/Users/brodie/ros2_truckplatoon/src/truck/include>\n'}
[1.195199] (truck) StdoutLine: {'line': b'-- Configured cppcheck exclude dirs and/or files: \n'}
[1.200882] (truck) StdoutLine: {'line': b"-- Added test 'cpplint' to check C / C++ code against the Google style\n"}
[1.201324] (truck) StdoutLine: {'line': b'-- Configured cpplint exclude dirs and/or files: \n'}
[1.205001] (truck) StdoutLine: {'line': b"-- Added test 'lint_cmake' to check CMake code style\n"}
[1.212517] (truck) StdoutLine: {'line': b"-- Added test 'uncrustify' to check C / C++ code style\n"}
[1.212923] (truck) StdoutLine: {'line': b'-- Configured uncrustify additional arguments: \n'}
[1.214325] (truck) StdoutLine: {'line': b"-- Added test 'xmllint' to check XML markup files\n"}
[1.219392] (truck) StdoutLine: {'line': b'-- Configuring done\n'}
[1.220984] (-) TimerEvent: {}
[1.256501] (truck) StdoutLine: {'line': b'-- Generating done\n'}
[1.264085] (truck) StdoutLine: {'line': b'-- Build files have been written to: /Users/brodie/ros2_truckplatoon/build/truck\n'}
[1.294263] (Messages) StdoutLine: {'line': b'-- Detecting CXX compiler ABI info - done\n'}
[1.307030] (Messages) StdoutLine: {'line': b'-- Check for working CXX compiler: /Applications/Xcode.app/Contents/Developer/Toolchains/XcodeDefault.xctoolchain/usr/bin/c++ - skipped\n'}
[1.307521] (Messages) StdoutLine: {'line': b'-- Detecting CXX compile features\n'}
[1.308355] (Messages) StdoutLine: {'line': b'-- Detecting CXX compile features - done\n'}
[1.318341] (truck) StdoutLine: {'line': b'Scanning dependencies of target truck\n'}
[1.321227] (-) TimerEvent: {}
[1.336054] (Messages) StdoutLine: {'line': b'-- Found ament_cmake: 0.9.9 (/Users/brodie/ros2_foxy/ros2-osx/share/ament_cmake/cmake)\n'}
[1.343633] (truck) StdoutLine: {'line': b'[ 16%] Building CXX object CMakeFiles/truck.dir/src/src/Truck.cpp.o\n'}
[1.344285] (truck) StdoutLine: {'line': b'[ 33%] Building CXX object CMakeFiles/truck.dir/src/truck.cpp.o\n'}
[1.345131] (truck) StdoutLine: {'line': b'[ 66%] Building CXX object CMakeFiles/truck.dir/src/src/Leader.cpp.o\n'}
[1.345539] (truck) StdoutLine: {'line': b'[ 66%] Building CXX object CMakeFiles/truck.dir/src/src/Communication.cpp.o\n'}
[1.424956] (-) TimerEvent: {}
[1.525508] (-) TimerEvent: {}
[1.531355] (Messages) StdoutLine: {'line': b'-- Found PythonInterp: /Library/Frameworks/Python.framework/Versions/3.9/bin/python3 (found suitable version "3.9.4", minimum required is "3") \n'}
[1.531854] (Messages) StdoutLine: {'line': b'-- Using PYTHON_EXECUTABLE: /Library/Frameworks/Python.framework/Versions/3.9/bin/python3\n'}
[1.629492] (-) TimerEvent: {}
[1.731560] (-) TimerEvent: {}
[1.832061] (-) TimerEvent: {}
[1.936178] (-) TimerEvent: {}
[2.041549] (-) TimerEvent: {}
[2.146989] (-) TimerEvent: {}
[2.248194] (-) TimerEvent: {}
[2.348796] (-) TimerEvent: {}
[2.364236] (truck) StderrLine: {'line': b'In file included from /Users/brodie/ros2_truckplatoon/src/truck/src/truck.cpp:2:\n'}
[2.364853] (truck) StderrLine: {'line': b'In file included from /Users/brodie/ros2_truckplatoon/src/truck/src/Platoon.hpp:4:\n'}
[2.365152] (truck) StderrLine: {'line': b'In file included from /Users/brodie/ros2_truckplatoon/src/truck/src/src/Leader.hpp:4:\n'}
[2.365424] (truck) StderrLine: {'line': b'/Users/brodie/ros2_truckplatoon/src/truck/src/src/Truck.hpp:4:10: warning: non-portable path to file \'"utils/include.hpp"\'; specified path differs in case from file name on disk [-Wnonportable-include-path]\n'}
[2.365686] (truck) StderrLine: {'line': b'#include "utils/Include.hpp"\n'}
[2.365942] (truck) StderrLine: {'line': b'         ^~~~~~~~~~~~~~~~~~~\n'}
[2.366189] (truck) StderrLine: {'line': b'         "utils/include.hpp"\n'}
[2.366426] (truck) StderrLine: {'line': b"/Users/brodie/ros2_truckplatoon/src/truck/src/src/Truck.hpp:9:10: fatal error: 'ros/master.h' file not found\n"}
[2.366707] (truck) StderrLine: {'line': b'#include <ros/master.h>\n'}
[2.366965] (truck) StderrLine: {'line': b'         ^~~~~~~~~~~~~~\n'}
[2.370329] (truck) StderrLine: {'line': b'1 warning and 1 error generated.\n'}
[2.373369] (truck) StderrLine: {'line': b'In file included from /Users/brodie/ros2_truckplatoon/src/truck/src/src/Communication.cpp:1:\n'}
[2.373974] (truck) StderrLine: {'line': b'In file included from /Users/brodie/ros2_truckplatoon/src/truck/src/src/Communication.hpp:3:\n'}
[2.374271] (truck) StderrLine: {'line': b'/Users/brodie/ros2_truckplatoon/src/truck/src/src/Truck.hpp:4:10: warning: non-portable path to file \'"utils/include.hpp"\'; specified path differs in case from file name on disk [-Wnonportable-include-path]\n'}
[2.374562] (truck) StderrLine: {'line': b'#include "utils/Include.hpp"\n'}
[2.374822] (truck) StderrLine: {'line': b'         ^~~~~~~~~~~~~~~~~~~\n'}
[2.375162] (truck) StderrLine: {'line': b'         "utils/include.hpp"\n'}
[2.375602] (truck) StderrLine: {'line': b"/Users/brodie/ros2_truckplatoon/src/truck/src/src/Truck.hpp:9:10: fatal error: 'ros/master.h' file not found\n"}
[2.375841] (truck) StderrLine: {'line': b'#include <ros/master.h>\n'}
[2.376074] (truck) StderrLine: {'line': b'         ^~~~~~~~~~~~~~\n'}
[2.376371] (truck) StderrLine: {'line': b'1 warning and 1 error generated.\n'}
[2.381752] (truck) StderrLine: {'line': b'gmake[2]: *** [CMakeFiles/truck.dir/build.make:82: CMakeFiles/truck.dir/src/truck.cpp.o] Error 1\n'}
[2.382151] (truck) StderrLine: {'line': b'gmake[2]: *** Waiting for unfinished jobs....\n'}
[2.386752] (truck) StderrLine: {'line': b'gmake[2]: *** [CMakeFiles/truck.dir/build.make:121: CMakeFiles/truck.dir/src/src/Communication.cpp.o] Error 1\n'}
[2.397856] (truck) StderrLine: {'line': b'In file included from /Users/brodie/ros2_truckplatoon/src/truck/src/src/Leader.cpp:1:\n'}
[2.398504] (truck) StderrLine: {'line': b'In file included from /Users/brodie/ros2_truckplatoon/src/truck/src/src/Leader.hpp:4:\n'}
[2.398812] (truck) StderrLine: {'line': b'/Users/brodie/ros2_truckplatoon/src/truck/src/src/Truck.hpp:4:10: warning: non-portable path to file \'"utils/include.hpp"\'; specified path differs in case from file name on disk [-Wnonportable-include-path]\n'}
[2.399079] (truck) StderrLine: {'line': b'#include "utils/Include.hpp"\n'}
[2.399372] (truck) StderrLine: {'line': b'         ^~~~~~~~~~~~~~~~~~~\n'}
[2.400279] (truck) StderrLine: {'line': b'         "utils/include.hpp"\n'}
[2.400545] (truck) StderrLine: {'line': b"/Users/brodie/ros2_truckplatoon/src/truck/src/src/Truck.hpp:9:10: fatal error: 'ros/master.h' file not found\n"}
[2.400774] (truck) StderrLine: {'line': b'#include <ros/master.h>\n'}
[2.400990] (truck) StderrLine: {'line': b'         ^~~~~~~~~~~~~~\n'}
[2.401202] (truck) StderrLine: {'line': b'In file included from /Users/brodie/ros2_truckplatoon/src/truck/src/src/Truck.cpp:1:\n'}
[2.401417] (truck) StderrLine: {'line': b'/Users/brodie/ros2_truckplatoon/src/truck/src/src/Truck.hpp:4:10: warning: non-portable path to file \'"utils/include.hpp"\'; specified path differs in case from file name on disk [-Wnonportable-include-path]\n'}
[2.401626] (truck) StderrLine: {'line': b'#include "utils/Include.hpp"\n'}
[2.401837] (truck) StderrLine: {'line': b'         ^~~~~~~~~~~~~~~~~~~\n'}
[2.402040] (truck) StderrLine: {'line': b'         "utils/include.hpp"\n'}
[2.402252] (truck) StderrLine: {'line': b'1 warning and 1 error generated.\n'}
[2.402464] (truck) StderrLine: {'line': b"/Users/brodie/ros2_truckplatoon/src/truck/src/src/Truck.hpp:9:10: fatal error: 'ros/master.h' file not found\n"}
[2.402730] (truck) StderrLine: {'line': b'#include <ros/master.h>\n'}
[2.402934] (truck) StderrLine: {'line': b'         ^~~~~~~~~~~~~~\n'}
[2.408926] (truck) StderrLine: {'line': b'1 warning and 1 error generated.\n'}
[2.409787] (truck) StderrLine: {'line': b'gmake[2]: *** [CMakeFiles/truck.dir/build.make:108: CMakeFiles/truck.dir/src/src/Leader.cpp.o] Error 1\n'}
[2.416098] (truck) StderrLine: {'line': b'gmake[2]: *** [CMakeFiles/truck.dir/build.make:95: CMakeFiles/truck.dir/src/src/Truck.cpp.o] Error 1\n'}
[2.416815] (truck) StderrLine: {'line': b'gmake[1]: *** [CMakeFiles/Makefile2:97: CMakeFiles/truck.dir/all] Error 2\n'}
[2.417263] (truck) StderrLine: {'line': b'gmake: *** [Makefile:160: all] Error 2\n'}
[2.419110] (truck) CommandEnded: {'returncode': 2}
[2.454029] (-) TimerEvent: {}
[2.555622] (-) TimerEvent: {}
[2.651695] (truck) JobEnded: {'identifier': 'truck', 'rc': 2}
[2.653603] (Messages) StdoutLine: {'line': b'-- Found ament_lint_auto: 0.9.6 (/Users/brodie/ros2_foxy/ros2-osx/share/ament_lint_auto/cmake)\n'}
[2.656150] (-) TimerEvent: {}
[2.729535] (Messages) StderrLine: {'line': b'WARNING: Package name "Messages" does not follow the naming conventions. It should start with a lower case letter and only contain lower case letters, digits, underscores, and dashes.\n'}
[2.756636] (-) TimerEvent: {}
[2.860764] (-) TimerEvent: {}
[2.939642] (Messages) StdoutLine: {'line': b"-- Added test 'copyright' to check source files copyright and LICENSE\n"}
[2.945259] (Messages) StdoutLine: {'line': b"-- Added test 'lint_cmake' to check CMake code style\n"}
[2.948771] (Messages) StdoutLine: {'line': b"-- Added test 'xmllint' to check XML markup files\n"}
[2.953157] (Messages) StdoutLine: {'line': b'-- Configuring done\n'}
[2.962663] (-) TimerEvent: {}
[2.970220] (Messages) StdoutLine: {'line': b'-- Generating done\n'}
[2.976044] (Messages) StdoutLine: {'line': b'-- Build files have been written to: /Users/brodie/ros2_truckplatoon/build/Messages\n'}
[2.981839] (Messages) JobEnded: {'identifier': 'Messages', 'rc': 'SIGINT'}
[2.983500] (-) EventReactorShutdown: {}
