Scanning dependencies of target truck
[ 16%] Building CXX object CMakeFiles/truck.dir/src/truck.cpp.o
[ 33%] Building CXX object CMakeFiles/truck.dir/src/src/Truck.cpp.o
[ 50%] Building CXX object CMakeFiles/truck.dir/src/src/Leader.cpp.o
[ 66%] Building CXX object CMakeFiles/truck.dir/src/src/Communication.cpp.o
In file included from /Users/brodie/ros2_truckplatoon/src/truck/src/src/Truck.cpp:1:
/Users/brodie/ros2_truckplatoon/src/truck/src/src/Truck.hpp:4:10: warning: non-portable path to file '"utils/include.hpp"'; specified path differs in case from file name on disk [-Wnonportable-include-path]
#include "utils/Include.hpp"
         ^~~~~~~~~~~~~~~~~~~
         "utils/include.hpp"
In file included from /Users/brodie/ros2_truckplatoon/src/truck/src/truck.cpp:2:
In file included from /Users/brodie/ros2_truckplatoon/src/truck/src/Platoon.hpp:4:
In file included from /Users/brodie/ros2_truckplatoon/src/truck/src/src/Leader.hpp:4:
/Users/brodie/ros2_truckplatoon/src/truck/src/src/Truck.hpp:4:10: warning: non-portable path to file '"utils/include.hpp"'; specified path differs in case from file name on disk [-Wnonportable-include-path]
#include "utils/Include.hpp"
         ^~~~~~~~~~~~~~~~~~~
         "utils/include.hpp"
In file included from /Users/brodie/ros2_truckplatoon/src/truck/src/src/Communication.cpp:1:
In file included from /Users/brodie/ros2_truckplatoon/src/truck/src/src/Communication.hpp:3:
/Users/brodie/ros2_truckplatoon/src/truck/src/src/Truck.hpp:4:10: warning: non-portable path to file '"utils/include.hpp"'; specified path differs in case from file name on disk [-Wnonportable-include-path]
#include "utils/Include.hpp"
         ^~~~~~~~~~~~~~~~~~~
         "utils/include.hpp"
In file included from /Users/brodie/ros2_truckplatoon/src/truck/src/src/Leader.cpp:1:
In file included from /Users/brodie/ros2_truckplatoon/src/truck/src/src/Leader.hpp:4:
/Users/brodie/ros2_truckplatoon/src/truck/src/src/Truck.hpp:4:10: warning: non-portable path to file '"utils/include.hpp"'; specified path differs in case from file name on disk [-Wnonportable-include-path]
#include "utils/Include.hpp"
         ^~~~~~~~~~~~~~~~~~~
         "utils/include.hpp"
In file included from /Users/brodie/ros2_truckplatoon/src/truck/src/truck.cpp:2:
In file included from /Users/brodie/ros2_truckplatoon/src/truck/src/Platoon.hpp:4:
In file included from /Users/brodie/ros2_truckplatoon/src/truck/src/src/Leader.hpp:4:
In file included from /Users/brodie/ros2_truckplatoon/src/truck/src/src/Truck.hpp:6:
/Users/brodie/ros2_truckplatoon/src/truck/src/src/NodePublisher.hpp:28:44: error: use of undeclared identifier 'callback'
      500ms, [this, TopicName]() -> void { callback(); });
                                           ^
/Users/brodie/ros2_truckplatoon/src/truck/src/src/NodePublisher.hpp:28:15: warning: lambda capture 'this' is not used [-Wunused-lambda-capture]
      500ms, [this, TopicName]() -> void { callback(); });
              ^~~~~
In file included from /Users/brodie/ros2_truckplatoon/src/truck/src/src/Truck.cpp:1:
In file included from /Users/brodie/ros2_truckplatoon/src/truck/src/src/Truck.hpp:6:
/Users/brodie/ros2_truckplatoon/src/truck/src/src/NodePublisher.hpp:28:44: error: use of undeclared identifier 'callback'
      500ms, [this, TopicName]() -> void { callback(); });
                                           ^
/Users/brodie/ros2_truckplatoon/src/truck/src/src/NodePublisher.hpp:28:15: warning: lambda capture 'this' is not used [-Wunused-lambda-capture]
      500ms, [this, TopicName]() -> void { callback(); });
              ^~~~~
In file included from /Users/brodie/ros2_truckplatoon/src/truck/src/src/Communication.cpp:1:
In file included from /Users/brodie/ros2_truckplatoon/src/truck/src/src/Communication.hpp:3:
In file included from /Users/brodie/ros2_truckplatoon/src/truck/src/src/Truck.hpp:6:
/Users/brodie/ros2_truckplatoon/src/truck/src/src/NodePublisher.hpp:28:44: error: use of undeclared identifier 'callback'
      500ms, [this, TopicName]() -> void { callback(); });
                                           ^
/Users/brodie/ros2_truckplatoon/src/truck/src/src/NodePublisher.hpp:28:15: warning: lambda capture 'this' is not used [-Wunused-lambda-capture]
      500ms, [this, TopicName]() -> void { callback(); });
              ^~~~~
/Users/brodie/ros2_truckplatoon/src/truck/src/src/NodePublisher.hpp:43:17: error: use of undeclared identifier 'TopicName'
    publishers_[TopicName]->publish(message);
                ^
/Users/brodie/ros2_truckplatoon/src/truck/src/src/NodePublisher.hpp:67:17: error: invalid use of 'this' outside of a non-static member function
    RCLCPP_INFO(this->get_logger(), "Publishing: '%d'", message.sender_position);    // CHANGE
                ^
/Users/brodie/ros2_truckplatoon/src/truck/src/src/NodePublisher.hpp:67:17: error: invalid use of 'this' outside of a non-static member function
/Users/brodie/ros2_truckplatoon/src/truck/src/src/NodePublisher.hpp:67:17: error: invalid use of 'this' outside of a non-static member function
In file included from /Users/brodie/ros2_truckplatoon/src/truck/src/src/Leader.cpp:1:
In file included from /Users/brodie/ros2_truckplatoon/src/truck/src/src/Leader.hpp:4:
In file included from /Users/brodie/ros2_truckplatoon/src/truck/src/src/Truck.hpp:6:
/Users/brodie/ros2_truckplatoon/src/truck/src/src/NodePublisher.hpp:28:44: error: use of undeclared identifier 'callback'
      500ms, [this, TopicName]() -> void { callback(); });
                                           ^
/Users/brodie/ros2_truckplatoon/src/truck/src/src/NodePublisher.hpp:28:15: warning: lambda capture 'this' is not used [-Wunused-lambda-capture]
      500ms, [this, TopicName]() -> void { callback(); });
              ^~~~~
/Users/brodie/ros2_truckplatoon/src/truck/src/src/NodePublisher.hpp:43:17: error: use of undeclared identifier 'TopicName'
    publishers_[TopicName]->publish(message);
                ^
/Users/brodie/ros2_truckplatoon/src/truck/src/src/NodePublisher.hpp:67:17: error: invalid use of 'this' outside of a non-static member function
    RCLCPP_INFO(this->get_logger(), "Publishing: '%d'", message.sender_position);    // CHANGE
                ^
/Users/brodie/ros2_truckplatoon/src/truck/src/src/NodePublisher.hpp:67:17: error: invalid use of 'this' outside of a non-static member function
/Users/brodie/ros2_truckplatoon/src/truck/src/src/NodePublisher.hpp:67:17: error: invalid use of 'this' outside of a non-static member function
/Users/brodie/ros2_truckplatoon/src/truck/src/src/NodePublisher.hpp:43:17: error: use of undeclared identifier 'TopicName'
    publishers_[TopicName]->publish(message);
                ^
/Users/brodie/ros2_truckplatoon/src/truck/src/src/NodePublisher.hpp:67:17: error: invalid use of 'this' outside of a non-static member function
    RCLCPP_INFO(this->get_logger(), "Publishing: '%d'", message.sender_position);    // CHANGE
                ^
/Users/brodie/ros2_truckplatoon/src/truck/src/src/NodePublisher.hpp:67:17: error: invalid use of 'this' outside of a non-static member function
/Users/brodie/ros2_truckplatoon/src/truck/src/src/NodePublisher.hpp:67:17: error: invalid use of 'this' outside of a non-static member function
/Users/brodie/ros2_truckplatoon/src/truck/src/src/NodePublisher.hpp:68:5: error: unknown type name 'publishers_'; did you mean 'Publisher'?
    publishers_[TopicName]->publish(message);
    ^~~~~~~~~~~
    Publisher
/Users/brodie/ros2_truckplatoon/src/truck/src/src/NodePublisher.hpp:14:7: note: 'Publisher' declared here
class Publisher : public rclcpp::Node
      ^
/Users/brodie/ros2_truckplatoon/src/truck/src/src/NodePublisher.hpp:68:16: warning: decomposition declarations are a C++17 extension [-Wc++17-extensions]
    publishers_[TopicName]->publish(message);
               ^~~~~~~~~~~
/Users/brodie/ros2_truckplatoon/src/truck/src/src/NodePublisher.hpp:68:16: error: decomposition declaration cannot be declared with type 'Publisher'; declared type must be 'auto' or reference to 'auto'
/Users/brodie/ros2_truckplatoon/src/truck/src/src/NodePublisher.hpp:68:16: error: decomposition declaration '[TopicName]' requires an initializer
/Users/brodie/ros2_truckplatoon/src/truck/src/src/NodePublisher.hpp:68:27: error: expected ';' at end of declaration
    publishers_[TopicName]->publish(message);
                          ^
                          ;
/Users/brodie/ros2_truckplatoon/src/truck/src/src/NodePublisher.hpp:68:5: error: unknown type name 'publishers_'; did you mean 'Publisher'?
    publishers_[TopicName]->publish(message);
    ^~~~~~~~~~~
    Publisher
/Users/brodie/ros2_truckplatoon/src/truck/src/src/NodePublisher.hpp:14:7: note: 'Publisher' declared here
class Publisher : public rclcpp::Node
      ^
/Users/brodie/ros2_truckplatoon/src/truck/src/src/NodePublisher.hpp:68:16: warning: decomposition declarations are a C++17 extension [-Wc++17-extensions]
    publishers_[TopicName]->publish(message);
               ^~~~~~~~~~~
/Users/brodie/ros2_truckplatoon/src/truck/src/src/NodePublisher.hpp:68:16: error: decomposition declaration cannot be declared with type 'Publisher'; declared type must be 'auto' or reference to 'auto'
/Users/brodie/ros2_truckplatoon/src/truck/src/src/NodePublisher.hpp:68:16: error: decomposition declaration '[TopicName]' requires an initializer
/Users/brodie/ros2_truckplatoon/src/truck/src/src/NodePublisher.hpp:68:27: error: expected ';' at end of declaration
    publishers_[TopicName]->publish(message);
                          ^
                          ;
In file included from /Users/brodie/ros2_truckplatoon/src/truck/src/truck.cpp:2:
/Users/brodie/ros2_truckplatoon/src/truck/src/Platoon.hpp:8:10: warning: non-portable path to file '"src/utils/include.hpp"'; specified path differs in case from file name on disk [-Wnonportable-include-path]
#include "src/utils/Include.hpp"
         ^~~~~~~~~~~~~~~~~~~~~~~
         "src/utils/include.hpp"
/Users/brodie/ros2_truckplatoon/src/truck/src/src/NodePublisher.hpp:43:17: error: use of undeclared identifier 'TopicName'
    publishers_[TopicName]->publish(message);
                ^
/Users/brodie/ros2_truckplatoon/src/truck/src/src/NodePublisher.hpp:67:17: error: invalid use of 'this' outside of a non-static member function
    RCLCPP_INFO(this->get_logger(), "Publishing: '%d'", message.sender_position);    // CHANGE
                ^
/Users/brodie/ros2_truckplatoon/src/truck/src/src/NodePublisher.hpp:67:17: error: invalid use of 'this' outside of a non-static member function
/Users/brodie/ros2_truckplatoon/src/truck/src/src/NodePublisher.hpp:67:17: error: invalid use of 'this' outside of a non-static member function
/Users/brodie/ros2_truckplatoon/src/truck/src/src/NodePublisher.hpp:68:5: error: unknown type name 'publishers_'; did you mean 'Publisher'?
    publishers_[TopicName]->publish(message);
    ^~~~~~~~~~~
    Publisher
/Users/brodie/ros2_truckplatoon/src/truck/src/src/NodePublisher.hpp:14:7: note: 'Publisher' declared here
class Publisher : public rclcpp::Node
      ^
/Users/brodie/ros2_truckplatoon/src/truck/src/src/NodePublisher.hpp:68:16: warning: decomposition declarations are a C++17 extension [-Wc++17-extensions]
    publishers_[TopicName]->publish(message);
               ^~~~~~~~~~~
/Users/brodie/ros2_truckplatoon/src/truck/src/src/NodePublisher.hpp:68:16: error: decomposition declaration cannot be declared with type 'Publisher'; declared type must be 'auto' or reference to 'auto'
/Users/brodie/ros2_truckplatoon/src/truck/src/src/NodePublisher.hpp:68:16: error: decomposition declaration '[TopicName]' requires an initializer
/Users/brodie/ros2_truckplatoon/src/truck/src/src/NodePublisher.hpp:68:27: error: expected ';' at end of declaration
    publishers_[TopicName]->publish(message);
                          ^
                          ;
/Users/brodie/ros2_truckplatoon/src/truck/src/src/NodePublisher.hpp:68:5: error: unknown type name 'publishers_'; did you mean 'Publisher'?
    publishers_[TopicName]->publish(message);
    ^~~~~~~~~~~
    Publisher
/Users/brodie/ros2_truckplatoon/src/truck/src/src/NodePublisher.hpp:14:7: note: 'Publisher' declared here
class Publisher : public rclcpp::Node
      ^
/Users/brodie/ros2_truckplatoon/src/truck/src/src/NodePublisher.hpp:68:16: warning: decomposition declarations are a C++17 extension [-Wc++17-extensions]
    publishers_[TopicName]->publish(message);
               ^~~~~~~~~~~
/Users/brodie/ros2_truckplatoon/src/truck/src/src/NodePublisher.hpp:68:16: error: decomposition declaration cannot be declared with type 'Publisher'; declared type must be 'auto' or reference to 'auto'
/Users/brodie/ros2_truckplatoon/src/truck/src/src/NodePublisher.hpp:68:16: error: decomposition declaration '[TopicName]' requires an initializer
/Users/brodie/ros2_truckplatoon/src/truck/src/src/NodePublisher.hpp:68:27: error: expected ';' at end of declaration
    publishers_[TopicName]->publish(message);
                          ^
                          ;
In file included from /Users/brodie/ros2_truckplatoon/src/truck/src/truck.cpp:2:
In file included from /Users/brodie/ros2_truckplatoon/src/truck/src/Platoon.hpp:11:
/Users/brodie/ros2_truckplatoon/src/truck/src/src/DrivingEvent.hpp:9:15: warning: private field '_speed' is not used [-Wunused-private-field]
    speedType _speed;
              ^
/Users/brodie/ros2_truckplatoon/src/truck/src/src/DrivingEvent.hpp:10:23: warning: private field '_stearingAngle' is not used [-Wunused-private-field]
    stearingAngleType _stearingAngle;
                      ^
/Users/brodie/ros2_truckplatoon/src/truck/src/src/DrivingEvent.hpp:11:18: warning: private field '_distance' is not used [-Wunused-private-field]
    distanceType _distance;
                 ^
7 warnings and 9 errors generated.
gmake[2]: *** [CMakeFiles/truck.dir/build.make:82: CMakeFiles/truck.dir/src/truck.cpp.o] Error 1
gmake[2]: *** Waiting for unfinished jobs....
3 warnings and 9 errors generated.
3 warnings and 9 errors generated.
gmake[2]: *** [CMakeFiles/truck.dir/build.make:121: CMakeFiles/truck.dir/src/src/Communication.cpp.o] Error 1
gmake[2]: *** [CMakeFiles/truck.dir/build.make:108: CMakeFiles/truck.dir/src/src/Leader.cpp.o] Error 1
3 warnings and 9 errors generated.
gmake[2]: *** [CMakeFiles/truck.dir/build.make:95: CMakeFiles/truck.dir/src/src/Truck.cpp.o] Error 1
gmake[1]: *** [CMakeFiles/Makefile2:97: CMakeFiles/truck.dir/all] Error 2
gmake: *** [Makefile:160: all] Error 2
