[0.052s] Invoking command in '/Users/brodie/ros2_truckplatoon/build/truck': CMAKE_PREFIX_PATH=${CMAKE_PREFIX_PATH}:/Users/brodie/my_workspace/install/my_package SHLVL=2 _=/usr/bin/env /usr/local/bin/cmake --build /Users/brodie/ros2_truckplatoon/build/truck -- -j8 -l8
[0.126s] Scanning dependencies of target truck
[0.145s] [ 33%] Building CXX object CMakeFiles/truck.dir/src/src/Leader.cpp.o
[0.145s] [ 33%] Building CXX object CMakeFiles/truck.dir/src/src/Truck.cpp.o
[0.145s] [ 50%] Building CXX object CMakeFiles/truck.dir/src/truck.cpp.o
[0.146s] [ 66%] Building CXX object CMakeFiles/truck.dir/src/src/Communication.cpp.o
[0.630s] In file included from /Users/brodie/ros2_truckplatoon/src/truck/src/truck.cpp:2:
[0.630s] In file included from /Users/brodie/ros2_truckplatoon/src/truck/src/Platoon.hpp:4:
[0.630s] In file included from /Users/brodie/ros2_truckplatoon/src/truck/src/src/Leader.hpp:4:
[0.631s] /Users/brodie/ros2_truckplatoon/src/truck/src/src/Truck.hpp:4:10: warning: non-portable path to file '"utils/include.hpp"'; specified path differs in case from file name on disk [-Wnonportable-include-path]
[0.631s] #include "utils/Include.hpp"
[0.631s]          ^~~~~~~~~~~~~~~~~~~
[0.632s]          "utils/include.hpp"
[0.632s] /Users/brodie/ros2_truckplatoon/src/truck/src/src/Truck.hpp:6:10: fatal error: 'NodePublisher.hpp' file not found
[0.632s] #include "NodePublisher.hpp"
[0.632s]          ^~~~~~~~~~~~~~~~~~~
[0.632s] In file included from /Users/brodie/ros2_truckplatoon/src/truck/src/src/Truck.cpp:1:
[0.633s] /Users/brodie/ros2_truckplatoon/src/truck/src/src/Truck.hpp:4:10: warning: non-portable path to file '"utils/include.hpp"'; specified path differs in case from file name on disk [-Wnonportable-include-path]
[0.633s] #include "utils/Include.hpp"
[0.633s]          ^~~~~~~~~~~~~~~~~~~
[0.633s]          "utils/include.hpp"
[0.633s] /Users/brodie/ros2_truckplatoon/src/truck/src/src/Truck.hpp:6:10: fatal error: 'NodePublisher.hpp' file not found
[0.634s] #include "NodePublisher.hpp"
[0.634s]          ^~~~~~~~~~~~~~~~~~~
[0.634s] In file included from /Users/brodie/ros2_truckplatoon/src/truck/src/src/Leader.cpp:1:
[0.634s] In file included from /Users/brodie/ros2_truckplatoon/src/truck/src/src/Leader.hpp:4:
[0.634s] /Users/brodie/ros2_truckplatoon/src/truck/src/src/Truck.hpp:4:10: warning: non-portable path to file '"utils/include.hpp"'; specified path differs in case from file name on disk [-Wnonportable-include-path]
[0.635s] #include "utils/Include.hpp"
[0.635s]          ^~~~~~~~~~~~~~~~~~~
[0.635s]          "utils/include.hpp"
[0.635s] /Users/brodie/ros2_truckplatoon/src/truck/src/src/Truck.hpp:6:10: fatal error: 'NodePublisher.hpp' file not found
[0.635s] #include "NodePublisher.hpp"
[0.636s]          ^~~~~~~~~~~~~~~~~~~
[0.636s] 1 warning and 1 error generated.
[0.636s] 1 warning and 1 error generated.
[0.636s] In file included from /Users/brodie/ros2_truckplatoon/src/truck/src/src/Communication.cpp:1:
[0.636s] In file included from /Users/brodie/ros2_truckplatoon/src/truck/src/src/Communication.hpp:3:
[0.636s] /Users/brodie/ros2_truckplatoon/src/truck/src/src/Truck.hpp:4:10: warning: non-portable path to file '"utils/include.hpp"'; specified path differs in case from file name on disk [-Wnonportable-include-path]
[0.636s] #include "utils/Include.hpp"
[0.637s]          ^~~~~~~~~~~~~~~~~~~
[0.637s]          "utils/include.hpp"
[0.637s] /Users/brodie/ros2_truckplatoon/src/truck/src/src/Truck.hpp:6:10: fatal error: 'NodePublisher.hpp' file not found
[0.637s] #include "NodePublisher.hpp"
[0.637s]          ^~~~~~~~~~~~~~~~~~~
[0.637s] 1 warning and 1 error generated.
[0.637s] 1 warning and 1 error generated.
[0.640s] gmake[2]: *** [CMakeFiles/truck.dir/build.make:108: CMakeFiles/truck.dir/src/src/Leader.cpp.o] Error 1
[0.640s] gmake[2]: *** Waiting for unfinished jobs....
[0.640s] gmake[2]: *** [CMakeFiles/truck.dir/build.make:82: CMakeFiles/truck.dir/src/truck.cpp.o] Error 1
[0.641s] gmake[2]: *** [CMakeFiles/truck.dir/build.make:121: CMakeFiles/truck.dir/src/src/Communication.cpp.o] Error 1
[0.642s] gmake[2]: *** [CMakeFiles/truck.dir/build.make:95: CMakeFiles/truck.dir/src/src/Truck.cpp.o] Error 1
[0.643s] gmake[1]: *** [CMakeFiles/Makefile2:97: CMakeFiles/truck.dir/all] Error 2
[0.643s] gmake: *** [Makefile:160: all] Error 2
[0.645s] Invoked command in '/Users/brodie/ros2_truckplatoon/build/truck' returned '2': CMAKE_PREFIX_PATH=${CMAKE_PREFIX_PATH}:/Users/brodie/my_workspace/install/my_package SHLVL=2 _=/usr/bin/env /usr/local/bin/cmake --build /Users/brodie/ros2_truckplatoon/build/truck -- -j8 -l8
