[0.051s] Invoking command in '/Users/brodie/ros2_truckplatoon/build/truck': CMAKE_PREFIX_PATH=${CMAKE_PREFIX_PATH}:/Users/brodie/my_workspace/install/my_package SHLVL=2 _=/usr/bin/env /usr/local/bin/cmake --build /Users/brodie/ros2_truckplatoon/build/truck -- -j8 -l8
[0.137s] Scanning dependencies of target truck
[0.157s] [ 16%] Building CXX object CMakeFiles/truck.dir/src/src/Truck.cpp.o
[0.157s] [ 33%] Building CXX object CMakeFiles/truck.dir/src/src/Communication.cpp.o
[0.157s] [ 50%] Building CXX object CMakeFiles/truck.dir/src/truck.cpp.o
[0.157s] [ 66%] Building CXX object CMakeFiles/truck.dir/src/src/Leader.cpp.o
[0.646s] In file included from /Users/brodie/ros2_truckplatoon/src/truck/src/src/Communication.cpp:1:
[0.646s] In file included from /Users/brodie/ros2_truckplatoon/src/truck/src/src/Communication.hpp:3:
[0.646s] /Users/brodie/ros2_truckplatoon/src/truck/src/src/Truck.hpp:4:10: warning: non-portable path to file '"utils/include.hpp"'; specified path differs in case from file name on disk [-Wnonportable-include-path]
[0.646s] #include "utils/Include.hpp"
[0.646s]          ^~~~~~~~~~~~~~~~~~~
[0.646s]          "utils/include.hpp"
[0.647s] In file included from /Users/brodie/ros2_truckplatoon/src/truck/src/src/Truck.cpp:1:
[0.647s] /Users/brodie/ros2_truckplatoon/src/truck/src/src/Truck.hpp:4:10: warning: non-portable path to file '"utils/include.hpp"'; specified path differs in case from file name on disk [-Wnonportable-include-path]
[0.647s] #include "utils/Include.hpp"
[0.647s]          ^~~~~~~~~~~~~~~~~~~
[0.647s]          "utils/include.hpp"
[0.648s] In file included from /Users/brodie/ros2_truckplatoon/src/truck/src/src/Leader.cpp:1:
[0.648s] In file included from /Users/brodie/ros2_truckplatoon/src/truck/src/src/Leader.hpp:4:
[0.649s] /Users/brodie/ros2_truckplatoon/src/truck/src/src/Truck.hpp:4:10: warning: non-portable path to file '"utils/include.hpp"'; specified path differs in case from file name on disk [-Wnonportable-include-path]
[0.649s] #include "utils/Include.hpp"
[0.649s]          ^~~~~~~~~~~~~~~~~~~
[0.649s]          "utils/include.hpp"
[0.653s] In file included from /Users/brodie/ros2_truckplatoon/src/truck/src/truck.cpp:2:
[0.653s] In file included from /Users/brodie/ros2_truckplatoon/src/truck/src/Platoon.hpp:4:
[0.653s] In file included from /Users/brodie/ros2_truckplatoon/src/truck/src/src/Leader.hpp:4:
[0.653s] /Users/brodie/ros2_truckplatoon/src/truck/src/src/Truck.hpp:4:10: warning: non-portable path to file '"utils/include.hpp"'; specified path differs in case from file name on disk [-Wnonportable-include-path]
[0.653s] #include "utils/Include.hpp"
[0.653s]          ^~~~~~~~~~~~~~~~~~~
[0.654s]          "utils/include.hpp"
[1.282s] In file included from /Users/brodie/ros2_truckplatoon/src/truck/src/src/Leader.cpp:1:
[1.282s] In file included from /Users/brodie/ros2_truckplatoon/src/truck/src/src/Leader.hpp:4:
[1.282s] In file included from /Users/brodie/ros2_truckplatoon/src/truck/src/src/Truck.hpp:3:
[1.282s] In file included from /Users/brodie/ros2_truckplatoon/src/truck/src/src/utils/PlatoonTypes.hpp:5:
[1.283s] In file included from /Users/brodie/ros2_truckplatoon/src/truck/src/src/utils/Include.hpp:3:
[1.283s] In file included from /Applications/Xcode.app/Contents/Developer/Platforms/MacOSX.platform/Developer/SDKs/MacOSX12.3.sdk/usr/include/c++/v1/iostream:37:
[1.283s] In file included from /Applications/Xcode.app/Contents/Developer/Platforms/MacOSX.platform/Developer/SDKs/MacOSX12.3.sdk/usr/include/c++/v1/ios:214:
[1.283s] In file included from /Applications/Xcode.app/Contents/Developer/Platforms/MacOSX.platform/Developer/SDKs/MacOSX12.3.sdk/usr/include/c++/v1/__locale:15:
[1.283s] In file included from /Applications/Xcode.app/Contents/Developer/Platforms/MacOSX.platform/Developer/SDKs/MacOSX12.3.sdk/usr/include/c++/v1/string:520:
[1.283s] In file included from /Applications/Xcode.app/Contents/Developer/Platforms/MacOSX.platform/Developer/SDKs/MacOSX12.3.sdk/usr/include/c++/v1/__functional_base:26:
[1.284s] In file included from /Applications/Xcode.app/Contents/Developer/Platforms/MacOSX.platform/Developer/SDKs/MacOSX12.3.sdk/usr/include/c++/v1/utility:212:
[1.284s] /Applications/Xcode.app/Contents/Developer/Platforms/MacOSX.platform/Developer/SDKs/MacOSX12.3.sdk/usr/include/c++/v1/__tuple:283:5: error: static_assert failed due to requirement '0UL < sizeof...(_Types)' "tuple_element index out of range"
[1.284s]     static_assert(_Ip < sizeof...(_Types), "tuple_element index out of range");
[1.285s]     ^             ~~~~~~~~~~~~~~~~~~~~~~~
[1.285s] /Applications/Xcode.app/Contents/Developer/Platforms/MacOSX.platform/Developer/SDKs/MacOSX12.3.sdk/usr/include/c++/v1/__tuple:457:43: note: in instantiation of template class 'std::tuple_element<0, std::__tuple_types<>>' requested here
[1.285s]     typedef _LIBCPP_NODEBUG_TYPE typename tuple_element<_Ip, __tuple_types<_Tp...> >::type type;
[1.286s]                                           ^
[1.286s] /Users/brodie/ros2_foxy/ros2-osx/include/rclcpp/function_traits.hpp:71:3: note: in instantiation of template class 'std::tuple_element<0, std::tuple<>>' requested here
[1.286s]   using argument_type = typename std::tuple_element<N, arguments>::type;
[1.286s]   ^
[1.286s] /Users/brodie/ros2_foxy/ros2-osx/include/rclcpp/subscription_traits.hpp:98:76: note: in instantiation of template type alias 'argument_type' requested here
[1.286s]     typename rclcpp::function_traits::function_traits<CallbackT>::template argument_type<0>>
[1.286s]                                                                            ^
[1.286s] /Users/brodie/ros2_foxy/ros2-osx/include/rclcpp/node.hpp:205:43: note: in instantiation of template class 'rclcpp::subscription_traits::has_message_type<std::__bind<void (Subscriber::*)() const, Subscriber *>, std::allocator<void>, void, void, void, void>' requested here
[1.286s]     typename rclcpp::subscription_traits::has_message_type<CallbackT>::type,
[1.286s]                                           ^
[1.286s] /Users/brodie/ros2_foxy/ros2-osx/include/rclcpp/node_impl.hpp:91:7: note: in instantiation of default argument for 'create_subscription<message::msg::Message_<std::allocator<void>>, std::__bind<void (Subscriber::*)() const, Subscriber *>, std::allocator<void>>' required here
[1.287s] Node::create_subscription(
[1.287s]       ^~~~~~~~~~~~~~~~~~~~
[1.287s] /Users/brodie/ros2_truckplatoon/src/truck/src/src/Subscriber.hpp:30:31: note: while substituting deduced template arguments into function template 'create_subscription' [with MessageT = message::msg::Message_<std::allocator<void>>, CallbackT = std::__bind<void (Subscriber::*)() const, Subscriber *>, AllocatorT = (no value), CallbackMessageT = (no value), SubscriptionT = (no value), MessageMemoryStrategyT = (no value)]
[1.287s]         subscription_ = this->create_subscription<message::msg::Message>(
[1.288s]                               ^
[1.288s] /Users/brodie/ros2_truckplatoon/src/truck/src/src/Subscriber.hpp:30:31: error: no matching member function for call to 'create_subscription'
[1.288s]         subscription_ = this->create_subscription<message::msg::Message>(
[1.288s]                         ~~~~~~^~~~~~~~~~~~~~~~~~~~~~~~~~~~~~~~~~~~~~~~~~
[1.288s] /Users/brodie/ros2_foxy/ros2-osx/include/rclcpp/node_impl.hpp:91:7: note: candidate template ignored: substitution failure [with MessageT = message::msg::Message_<std::allocator<void>>, CallbackT = std::__bind<void (Subscriber::*)() const, Subscriber *>, AllocatorT = std::allocator<void>]
[1.288s] Node::create_subscription(
[1.289s]       ^
[1.289s] In file included from /Users/brodie/ros2_truckplatoon/src/truck/src/src/Truck.cpp:1:
[1.289s] In file included from /Users/brodie/ros2_truckplatoon/src/truck/src/src/Truck.hpp:In file included from /Users/brodie/ros2_truckplatoon/src/truck/src/truck.cpp:32:
[1.289s] In file included from /Users/brodie/ros2_truckplatoon/src/truck/src/Platoon.hpp:4:
[1.289s] In file included from /Users/brodie/ros2_truckplatoon/src/truck/src/src/Leader.hpp:4:
[1.289s] :
[1.289s] In file included from /Users/brodie/ros2_truckplatoon/src/truck/src/src/utils/PlatoonTypes.hppIn file included from :/Users/brodie/ros2_truckplatoon/src/truck/src/src/Truck.hpp:3:
[1.290s] In file included from /Users/brodie/ros2_truckplatoon/src/truck/src/src/utils/PlatoonTypes.hpp:5:
[1.290s] In file included from 5/Users/brodie/ros2_truckplatoon/src/truck/src/src/utils/Include.hpp:3:
[1.290s] In file included from /Applications/Xcode.app/Contents/Developer/Platforms/MacOSX.platform/Developer/SDKs/MacOSX12.3.sdk/usr/include/c++/v1/iostream:37:
[1.290s] :
[1.290s] In file included from /Applications/Xcode.app/Contents/Developer/Platforms/MacOSX.platform/Developer/SDKs/MacOSX12.3.sdk/usr/include/c++/v1/ios:214In file included from /Users/brodie/ros2_truckplatoon/src/truck/src/src/utils/Include.hpp:3:
[1.290s] In file included from :
[1.291s] In file included from /Applications/Xcode.app/Contents/Developer/Platforms/MacOSX.platform/Developer/SDKs/MacOSX12.3.sdk/usr/include/c++/v1/__locale:15/Applications/Xcode.app/Contents/Developer/Platforms/MacOSX.platform/Developer/SDKs/MacOSX12.3.sdk/usr/include/c++/v1/iostream:37:
[1.291s] In file included from /Applications/Xcode.app/Contents/Developer/Platforms/MacOSX.platform/Developer/SDKs/MacOSX12.3.sdk/usr/include/c++/v1/ios:214:
[1.291s] :
[1.291s] In file included from /Applications/Xcode.app/Contents/Developer/Platforms/MacOSX.platform/Developer/SDKs/MacOSX12.3.sdk/usr/include/c++/v1/__locale:15:
[1.291s] In file included from /Applications/Xcode.app/Contents/Developer/Platforms/MacOSX.platform/Developer/SDKs/MacOSX12.3.sdk/usr/include/c++/v1/stringIn file included from :/Applications/Xcode.app/Contents/Developer/Platforms/MacOSX.platform/Developer/SDKs/MacOSX12.3.sdk/usr/include/c++/v1/string520::
[1.291s] 520In file included from :
[1.291s] /Applications/Xcode.app/Contents/Developer/Platforms/MacOSX.platform/Developer/SDKs/MacOSX12.3.sdk/usr/include/c++/v1/__functional_baseIn file included from :/Applications/Xcode.app/Contents/Developer/Platforms/MacOSX.platform/Developer/SDKs/MacOSX12.3.sdk/usr/include/c++/v1/__functional_base:2626:
[1.291s] In file included from /Applications/Xcode.app/Contents/Developer/Platforms/MacOSX.platform/Developer/SDKs/MacOSX12.3.sdk/usr/include/c++/v1/utility:212:
[1.291s] /Applications/Xcode.app/Contents/Developer/Platforms/MacOSX.platform/Developer/SDKs/MacOSX12.3.sdk/usr/include/c++/v1/__tuple:
[1.292s] :283:5: error: In file included from static_assert failed due to requirement '0UL < sizeof...(_Types)' "tuple_element index out of range"
[1.292s] /Applications/Xcode.app/Contents/Developer/Platforms/MacOSX.platform/Developer/SDKs/MacOSX12.3.sdk/usr/include/c++/v1/utility:212:
[1.292s] /Applications/Xcode.app/Contents/Developer/Platforms/MacOSX.platform/Developer/SDKs/MacOSX12.3.sdk/usr/include/c++/v1/__tuple:283:5: error: static_assert failed due to requirement '0UL < sizeof...(_Types)' "tuple_element index out of range"    static_assert(_Ip < sizeof...(_Types), "tuple_element index out of range");
[1.292s] 
[1.292s]     ^             ~~~~~~~~~~~~~~~~~~~~~~~
[1.292s] /Applications/Xcode.app/Contents/Developer/Platforms/MacOSX.platform/Developer/SDKs/MacOSX12.3.sdk/usr/include/c++/v1/__tuple:457:43: note: in instantiation of template class 'std::tuple_element<0, std::__tuple_types<>>' requested here
[1.292s]     static_assert(_Ip < sizeof...(_Types), "tuple_element index out of range");
[1.292s]     ^             ~~~~~~~~~~~~~~~~~~~~~~~
[1.293s]     typedef _LIBCPP_NODEBUG_TYPE typename tuple_element<_Ip, __tuple_types<_Tp...> >::type type;
[1.293s]                                           ^
[1.293s] /Applications/Xcode.app/Contents/Developer/Platforms/MacOSX.platform/Developer/SDKs/MacOSX12.3.sdk/usr/include/c++/v1/__tuple:/Users/brodie/ros2_foxy/ros2-osx/include/rclcpp/function_traits.hpp457::7143::3 :note:  in instantiation of template class 'std::tuple_element<0, std::__tuple_types<>>' requested herenote: in instantiation of template class 'std::tuple_element<0, std::tuple<>>' requested here
[1.293s] 
[1.293s]   using argument_type = typename std::tuple_element<N, arguments>::type;
[1.293s]   ^
[1.293s] /Users/brodie/ros2_foxy/ros2-osx/include/rclcpp/subscription_traits.hpp:98:76: note: in instantiation of template type alias 'argument_type' requested here
[1.293s]     typedef _LIBCPP_NODEBUG_TYPE typename tuple_element<_Ip, __tuple_types<_Tp...> >::type type;
[1.293s]                                           ^
[1.293s]     typename rclcpp::function_traits::function_traits<CallbackT>::template argument_type<0>>
[1.294s]                                                                            ^
[1.294s] /Users/brodie/ros2_foxy/ros2-osx/include/rclcpp/function_traits.hpp:71:3: note: in instantiation of template class 'std::tuple_element<0, std::tuple<>>' requested here
[1.294s]   using argument_type = typename std::tuple_element<N, arguments>::type;
[1.294s]   ^
[1.294s] /Users/brodie/ros2_foxy/ros2-osx/include/rclcpp/node.hpp:205:43: note: in instantiation of template class 'rclcpp::subscription_traits::has_message_type<std::__bind<void (Subscriber::*)() const, Subscriber *>, std::allocator<void>, void, void, void, void>' requested here/Users/brodie/ros2_foxy/ros2-osx/include/rclcpp/subscription_traits.hpp
[1.294s] :98:76: note: in instantiation of template type alias 'argument_type' requested here
[1.294s]     typename rclcpp::subscription_traits::has_message_type<CallbackT>::type,
[1.294s]                                           ^
[1.294s]     typename rclcpp::function_traits::function_traits<CallbackT>::template argument_type<0>>
[1.294s]                                                                            ^
[1.294s] /Users/brodie/ros2_foxy/ros2-osx/include/rclcpp/node_impl.hpp:91:7: note: in instantiation of default argument for 'create_subscription<message::msg::Message_<std::allocator<void>>, std::__bind<void (Subscriber::*)() const, Subscriber *>, std::allocator<void>>' required here
[1.295s] Node::create_subscription(
[1.295s]       ^~~~~~~~~~~~~~~~~~~~
[1.295s] /Users/brodie/ros2_truckplatoon/src/truck/src/src/Subscriber.hpp:30:31: note: while substituting deduced template arguments into function template 'create_subscription' [with MessageT = message::msg::Message_<std::allocator<void>>, CallbackT = std::__bind<void (Subscriber::*)() const, Subscriber *>, AllocatorT = (no value), CallbackMessageT = (no value), SubscriptionT = (no value), MessageMemoryStrategyT = (no value)]
[1.295s]         subscription_ = this->create_subscription<message::msg::Message>(
[1.295s]                               ^
[1.295s] /Users/brodie/ros2_foxy/ros2-osx/include/rclcpp/node.hpp:205:43: note: in instantiation of template class 'rclcpp::subscription_traits::has_message_type<std::__bind<void (Subscriber::*)() const, Subscriber *>, std::allocator<void>, void, void, void, void>' requested here
[1.295s] /Users/brodie/ros2_truckplatoon/src/truck/src/src/Subscriber.hpp:30:31: error: no matching member function for call to 'create_subscription'
[1.295s]     typename rclcpp::subscription_traits::has_message_type<CallbackT>::type,
[1.295s]                                           ^
[1.295s]         subscription_ = this->create_subscription<message::msg::Message>(
[1.295s]                         ~~~~~~^~~~~~~~~~~~~~~~~~~~~~~~~~~~~~~~~~~~~~~~~~
[1.295s] /Users/brodie/ros2_foxy/ros2-osx/include/rclcpp/node_impl.hpp:91:7: note: candidate template ignored: substitution failure [with MessageT = message::msg::Message_<std::allocator<void>>, CallbackT = std::__bind<void (Subscriber::*)() const, Subscriber *>, AllocatorT = std::allocator<void>]
[1.296s] /Users/brodie/ros2_foxy/ros2-osx/include/rclcpp/node_impl.hpp:91:7: note: in instantiation of default argument for 'create_subscription<message::msg::Message_<std::allocator<void>>, std::__bind<void (Subscriber::*)() const, Subscriber *>, std::allocator<void>>' required hereNode::create_subscription(
[1.296s] 
[1.296s]       ^
[1.296s] Node::create_subscription(
[1.296s]       ^~~~~~~~~~~~~~~~~~~~
[1.296s] /Users/brodie/ros2_truckplatoon/src/truck/src/src/Subscriber.hpp:30:31: note: while substituting deduced template arguments into function template 'create_subscription' [with MessageT = message::msg::Message_<std::allocator<void>>, CallbackT = std::__bind<void (Subscriber::*)() const, Subscriber *>, AllocatorT = (no value), CallbackMessageT = (no value), SubscriptionT = (no value), MessageMemoryStrategyT = (no value)]
[1.296s]         subscription_ = this->create_subscription<message::msg::Message>(
[1.296s]                               ^
[1.296s] /Users/brodie/ros2_truckplatoon/src/truck/src/src/Subscriber.hpp:30:31: error: no matching member function for call to 'create_subscription'
[1.296s]         subscription_ = this->create_subscription<message::msg::Message>(
[1.296s]                         ~~~~~~^~~~~~~~~~~~~~~~~~~~~~~~~~~~~~~~~~~~~~~~~~
[1.296s] /Users/brodie/ros2_foxy/ros2-osx/include/rclcpp/node_impl.hpp:91:7: note: candidate template ignored: substitution failure [with MessageT = message::msg::Message_<std::allocator<void>>, CallbackT = std::__bind<void (Subscriber::*)() const, Subscriber *>, AllocatorT = std::allocator<void>]
[1.297s] Node::create_subscription(
[1.297s]       ^
[1.297s] In file included from /Users/brodie/ros2_truckplatoon/src/truck/src/src/Communication.cpp:1:
[1.297s] In file included from /Users/brodie/ros2_truckplatoon/src/truck/src/src/Communication.hpp:2:
[1.297s] In file included from /Users/brodie/ros2_truckplatoon/src/truck/src/src/Event.hpp:4:
[1.297s] In file included from /Users/brodie/ros2_truckplatoon/src/truck/src/src/utils/PlatoonTypes.hpp:5:
[1.297s] In file included from /Users/brodie/ros2_truckplatoon/src/truck/src/src/utils/Include.hpp:3:
[1.297s] In file included from /Applications/Xcode.app/Contents/Developer/Platforms/MacOSX.platform/Developer/SDKs/MacOSX12.3.sdk/usr/include/c++/v1/iostream:37:
[1.297s] In file included from /Applications/Xcode.app/Contents/Developer/Platforms/MacOSX.platform/Developer/SDKs/MacOSX12.3.sdk/usr/include/c++/v1/ios:214:
[1.297s] In file included from /Applications/Xcode.app/Contents/Developer/Platforms/MacOSX.platform/Developer/SDKs/MacOSX12.3.sdk/usr/include/c++/v1/__locale:15:
[1.297s] In file included from /Applications/Xcode.app/Contents/Developer/Platforms/MacOSX.platform/Developer/SDKs/MacOSX12.3.sdk/usr/include/c++/v1/string:520:
[1.297s] In file included from /Applications/Xcode.app/Contents/Developer/Platforms/MacOSX.platform/Developer/SDKs/MacOSX12.3.sdk/usr/include/c++/v1/__functional_base:26:
[1.298s] In file included from /Applications/Xcode.app/Contents/Developer/Platforms/MacOSX.platform/Developer/SDKs/MacOSX12.3.sdk/usr/include/c++/v1/utility:212:
[1.298s] /Applications/Xcode.app/Contents/Developer/Platforms/MacOSX.platform/Developer/SDKs/MacOSX12.3.sdk/usr/include/c++/v1/__tuple:283:5: error: static_assert failed due to requirement '0UL < sizeof...(_Types)' "tuple_element index out of range"
[1.298s]     static_assert(_Ip < sizeof...(_Types), "tuple_element index out of range");
[1.298s]     ^             ~~~~~~~~~~~~~~~~~~~~~~~
[1.298s] /Applications/Xcode.app/Contents/Developer/Platforms/MacOSX.platform/Developer/SDKs/MacOSX12.3.sdk/usr/include/c++/v1/__tuple:457:43: note: in instantiation of template class 'std::tuple_element<0, std::__tuple_types<>>' requested here
[1.298s]     typedef _LIBCPP_NODEBUG_TYPE typename tuple_element<_Ip, __tuple_types<_Tp...> >::type type;
[1.298s]                                           ^
[1.298s] /Users/brodie/ros2_foxy/ros2-osx/include/rclcpp/function_traits.hpp:71:3: note: in instantiation of template class 'std::tuple_element<0, std::tuple<>>' requested here
[1.298s]   using argument_type = typename std::tuple_element<N, arguments>::type;
[1.298s]   ^
[1.298s] /Users/brodie/ros2_foxy/ros2-osx/include/rclcpp/subscription_traits.hpp:98:76: note: in instantiation of template type alias 'argument_type' requested here
[1.298s]     typename rclcpp::function_traits::function_traits<CallbackT>::template argument_type<0>>
[1.299s]                                                                            ^
[1.299s] /Users/brodie/ros2_foxy/ros2-osx/include/rclcpp/node.hpp:205:43: note: in instantiation of template class 'rclcpp::subscription_traits::has_message_type<std::__bind<void (Subscriber::*)() const, Subscriber *>, std::allocator<void>, void, void, void, void>' requested here
[1.299s]     typename rclcpp::subscription_traits::has_message_type<CallbackT>::type,
[1.299s]                                           ^
[1.299s] /Users/brodie/ros2_foxy/ros2-osx/include/rclcpp/node_impl.hpp:91:7: note: in instantiation of default argument for 'create_subscription<message::msg::Message_<std::allocator<void>>, std::__bind<void (Subscriber::*)() const, Subscriber *>, std::allocator<void>>' required here
[1.299s] Node::create_subscription(
[1.299s]       ^~~~~~~~~~~~~~~~~~~~
[1.299s] /Users/brodie/ros2_truckplatoon/src/truck/src/src/Subscriber.hpp:30:31: note: while substituting deduced template arguments into function template 'create_subscription' [with MessageT = message::msg::Message_<std::allocator<void>>, CallbackT = std::__bind<void (Subscriber::*)() const, Subscriber *>, AllocatorT = (no value), CallbackMessageT = (no value), SubscriptionT = (no value), MessageMemoryStrategyT = (no value)]
[1.299s]         subscription_ = this->create_subscription<message::msg::Message>(
[1.299s]                               ^
[1.299s] /Users/brodie/ros2_truckplatoon/src/truck/src/src/Subscriber.hpp:30:31: error: no matching member function for call to 'create_subscription'
[1.299s]         subscription_ = this->create_subscription<message::msg::Message>(
[1.300s]                         ~~~~~~^~~~~~~~~~~~~~~~~~~~~~~~~~~~~~~~~~~~~~~~~~
[1.300s] /Users/brodie/ros2_foxy/ros2-osx/include/rclcpp/node_impl.hpp:91:7: note: candidate template ignored: substitution failure [with MessageT = message::msg::Message_<std::allocator<void>>, CallbackT = std::__bind<void (Subscriber::*)() const, Subscriber *>, AllocatorT = std::allocator<void>]
[1.300s] Node::create_subscription(
[1.300s]       ^
[1.300s] In file included from /Users/brodie/ros2_truckplatoon/src/truck/src/truck.cpp:2:
[1.300s] /Users/brodie/ros2_truckplatoon/src/truck/src/Platoon.hpp:8:10: warning: non-portable path to file '"src/utils/include.hpp"'; specified path differs in case from file name on disk [-Wnonportable-include-path]
[1.300s] #include "src/utils/Include.hpp"
[1.300s]          ^~~~~~~~~~~~~~~~~~~~~~~
[1.300s]          "src/utils/include.hpp"
[1.726s] 1 warning and 2 errors generated.
[1.727s] In file included from /Users/brodie/ros2_truckplatoon/src/truck/src/truck.cpp:2:
[1.727s] In file included from /Users/brodie/ros2_truckplatoon/src/truck/src/Platoon.hpp:11:
[1.727s] /Users/brodie/ros2_truckplatoon/src/truck/src/src/DrivingEvent.hpp:9:15: warning: private field '_speed' is not used [-Wunused-private-field]
[1.727s]     speedType _speed;
[1.727s]               ^
[1.727s] /Users/brodie/ros2_truckplatoon/src/truck/src/src/DrivingEvent.hpp:10:23: warning: private field '_stearingAngle' is not used [-Wunused-private-field]
[1.728s]     stearingAngleType _stearingAngle;
[1.728s]                       ^
[1.728s] /Users/brodie/ros2_truckplatoon/src/truck/src/src/DrivingEvent.hpp:11:18: warning: private field '_distance' is not used [-Wunused-private-field]
[1.728s]     distanceType _distance;
[1.728s]                  ^
[1.728s] 5 warnings and 2 errors generated.
[1.728s] 1 warning and 2 errors generated.
[1.748s] gmake[2]: *** [CMakeFiles/truck.dir/build.make:82: CMakeFiles/truck.dir/src/truck.cpp.o] Error 1
[1.748s] gmake[2]: *** Waiting for unfinished jobs....
[1.748s] gmake[2]: *** [CMakeFiles/truck.dir/build.make:108: CMakeFiles/truck.dir/src/src/Leader.cpp.o] Error 1
[1.748s] gmake[2]: *** [CMakeFiles/truck.dir/build.make:121: CMakeFiles/truck.dir/src/src/Communication.cpp.o] Error 1
[1.775s] 1 warning and 2 errors generated.
[1.790s] gmake[2]: *** [CMakeFiles/truck.dir/build.make:95: CMakeFiles/truck.dir/src/src/Truck.cpp.o] Error 1
[1.791s] gmake[1]: *** [CMakeFiles/Makefile2:97: CMakeFiles/truck.dir/all] Error 2
[1.791s] gmake: *** [Makefile:160: all] Error 2
[1.792s] Invoked command in '/Users/brodie/ros2_truckplatoon/build/truck' returned '2': CMAKE_PREFIX_PATH=${CMAKE_PREFIX_PATH}:/Users/brodie/my_workspace/install/my_package SHLVL=2 _=/usr/bin/env /usr/local/bin/cmake --build /Users/brodie/ros2_truckplatoon/build/truck -- -j8 -l8
